INFO: Applying HLS Y2K22 patch v1.2 for IP revision
INFO: [HLS 200-10] Running '/opt/Xilinx/Vitis_HLS/2021.2/bin/unwrapped/lnx64.o/vitis_hls'
INFO: [HLS 200-10] For user 'g110064521' on host 'ic22' (Linux_x86_64 version 3.10.0-1160.45.1.el7.x86_64) on Fri May 27 22:02:31 CST 2022
INFO: [HLS 200-10] On os "CentOS Linux release 7.9.2009 (Core)"
INFO: [HLS 200-10] In directory '/users/course/2022S/HLS17000000/g110064521/HLS_Final_KBEST/CHANNEL_KBEST_ver2'
Sourcing Tcl script '/users/course/2022S/HLS17000000/g110064521/HLS_Final_KBEST/CHANNEL_KBEST_ver2/MIMO/solution1/csynth.tcl'
INFO: [HLS 200-1510] Running: open_project MIMO 
INFO: [HLS 200-10] Opening project '/users/course/2022S/HLS17000000/g110064521/HLS_Final_KBEST/CHANNEL_KBEST_ver2/MIMO'.
INFO: [HLS 200-1510] Running: set_top TOP 
INFO: [HLS 200-1510] Running: add_files src/AWGN.cpp 
INFO: [HLS 200-10] Adding design file 'src/AWGN.cpp' to the project
INFO: [HLS 200-1510] Running: add_files src/DeModulation.cpp 
INFO: [HLS 200-10] Adding design file 'src/DeModulation.cpp' to the project
INFO: [HLS 200-1510] Running: add_files src/Modulation.cpp 
INFO: [HLS 200-10] Adding design file 'src/Modulation.cpp' to the project
INFO: [HLS 200-1510] Running: add_files src/QRD.cpp 
INFO: [HLS 200-10] Adding design file 'src/QRD.cpp' to the project
INFO: [HLS 200-1510] Running: add_files src/QRD.h 
INFO: [HLS 200-10] Adding design file 'src/QRD.h' to the project
INFO: [HLS 200-1510] Running: add_files src/Rayleigh.cpp 
INFO: [HLS 200-10] Adding design file 'src/Rayleigh.cpp' to the project
INFO: [HLS 200-1510] Running: add_files src/aes.cpp 
INFO: [HLS 200-10] Adding design file 'src/aes.cpp' to the project
INFO: [HLS 200-1510] Running: add_files src/aes.h 
INFO: [HLS 200-10] Adding design file 'src/aes.h' to the project
INFO: [HLS 200-1510] Running: add_files src/ap_int.h 
INFO: [HLS 200-10] Adding design file 'src/ap_int.h' to the project
INFO: [HLS 200-1510] Running: add_files src/dc.h 
INFO: [HLS 200-10] Adding design file 'src/dc.h' to the project
INFO: [HLS 200-1510] Running: add_files src/normal_rng.cpp 
INFO: [HLS 200-10] Adding design file 'src/normal_rng.cpp' to the project
INFO: [HLS 200-1510] Running: add_files src/normal_rng.hpp 
INFO: [HLS 200-10] Adding design file 'src/normal_rng.hpp' to the project
INFO: [HLS 200-1510] Running: add_files src/rng.hpp 
INFO: [HLS 200-10] Adding design file 'src/rng.hpp' to the project
INFO: [HLS 200-1510] Running: add_files src/utils.hpp 
INFO: [HLS 200-10] Adding design file 'src/utils.hpp' to the project
INFO: [HLS 200-1510] Running: add_files -tb src/TESTBENCH.cpp -cflags -Wno-unknown-pragmas -csimflags -Wno-unknown-pragmas 
INFO: [HLS 200-10] Adding test bench file 'src/TESTBENCH.cpp' to the project
INFO: [HLS 200-1510] Running: open_solution solution1 -flow_target vivado 
INFO: [HLS 200-10] Opening solution '/users/course/2022S/HLS17000000/g110064521/HLS_Final_KBEST/CHANNEL_KBEST_ver2/MIMO/solution1'.
INFO: [SYN 201-201] Setting up clock 'default' with a period of 30ns.
INFO: [HLS 200-1611] Setting target device to 'xczu9eg-ffvb1156-2-e'
INFO: [HLS 200-1505] Using flow_target 'vivado'
Resolution: For help on HLS 200-1505 see www.xilinx.com/cgi-bin/docs/rdoc?v=2021.2;t=hls+guidance;d=200-1505.html
INFO: [HLS 200-1510] Running: set_part xczu9eg-ffvb1156-2-e 
INFO: [HLS 200-1510] Running: create_clock -period 30 -name default 
INFO: [HLS 200-1510] Running: set_directive_top -name TOP TOP 
INFO: [HLS 200-1510] Running: csynth_design 
INFO: [HLS 200-111] Finished File checks and directory preparation: CPU user time: 0.01 seconds. CPU system time: 0 seconds. Elapsed time: 0.01 seconds; current allocated memory: 1.173 GB.
INFO: [HLS 200-10] Analyzing design file 'src/normal_rng.cpp' ... 
WARNING: [HLS 207-5523] 'Resource pragma' is deprecated, use 'bind_op/bind_storage pragma' instead (src/utils.hpp:72:9)
WARNING: [HLS 207-5523] 'Resource pragma' is deprecated, use 'bind_op/bind_storage pragma' instead (src/utils.hpp:83:9)
WARNING: [HLS 207-5523] 'Resource pragma' is deprecated, use 'bind_op/bind_storage pragma' instead (src/utils.hpp:94:9)
WARNING: [HLS 207-5523] 'Resource pragma' is deprecated, use 'bind_op/bind_storage pragma' instead (src/utils.hpp:105:9)
WARNING: [HLS 207-5523] 'Resource pragma' is deprecated, use 'bind_op/bind_storage pragma' instead (src/rng.hpp:106:9)
WARNING: [HLS 207-5523] 'Resource pragma' is deprecated, use 'bind_op/bind_storage pragma' instead (src/rng.hpp:123:9)
WARNING: [HLS 207-5523] 'Resource pragma' is deprecated, use 'bind_op/bind_storage pragma' instead (src/rng.hpp:134:9)
WARNING: [HLS 207-5523] 'Resource pragma' is deprecated, use 'bind_op/bind_storage pragma' instead (src/rng.hpp:141:9)
WARNING: [HLS 207-5523] 'Resource pragma' is deprecated, use 'bind_op/bind_storage pragma' instead (src/rng.hpp:148:9)
WARNING: [HLS 207-5523] 'Resource pragma' is deprecated, use 'bind_op/bind_storage pragma' instead (src/rng.hpp:155:9)
WARNING: [HLS 207-5523] 'Resource pragma' is deprecated, use 'bind_op/bind_storage pragma' instead (src/rng.hpp:183:9)
WARNING: [HLS 207-5523] 'Resource pragma' is deprecated, use 'bind_op/bind_storage pragma' instead (src/rng.hpp:189:9)
WARNING: [HLS 207-5523] 'Resource pragma' is deprecated, use 'bind_op/bind_storage pragma' instead (src/rng.hpp:203:9)
WARNING: [HLS 207-5523] 'Resource pragma' is deprecated, use 'bind_op/bind_storage pragma' instead (src/rng.hpp:228:9)
WARNING: [HLS 207-5523] 'Resource pragma' is deprecated, use 'bind_op/bind_storage pragma' instead (src/rng.hpp:360:9)
WARNING: [HLS 207-5523] 'Resource pragma' is deprecated, use 'bind_op/bind_storage pragma' instead (src/rng.hpp:363:9)
WARNING: [HLS 207-5523] 'Resource pragma' is deprecated, use 'bind_op/bind_storage pragma' instead (src/rng.hpp:366:9)
WARNING: [HLS 207-5523] 'Resource pragma' is deprecated, use 'bind_op/bind_storage pragma' instead (src/rng.hpp:370:9)
WARNING: [HLS 207-5523] 'Resource pragma' is deprecated, use 'bind_op/bind_storage pragma' instead (src/rng.hpp:373:9)
WARNING: [HLS 207-5523] 'Resource pragma' is deprecated, use 'bind_op/bind_storage pragma' instead (src/rng.hpp:379:9)
WARNING: [HLS 207-5523] 'Resource pragma' is deprecated, use 'bind_op/bind_storage pragma' instead (src/rng.hpp:448:9)
WARNING: [HLS 207-5523] 'Resource pragma' is deprecated, use 'bind_op/bind_storage pragma' instead (src/rng.hpp:452:9)
WARNING: [HLS 207-5523] 'Resource pragma' is deprecated, use 'bind_op/bind_storage pragma' instead (src/rng.hpp:454:9)
WARNING: [HLS 207-5523] 'Resource pragma' is deprecated, use 'bind_op/bind_storage pragma' instead (src/rng.hpp:471:9)
WARNING: [HLS 207-5523] 'Resource pragma' is deprecated, use 'bind_op/bind_storage pragma' instead (src/rng.hpp:473:9)
WARNING: [HLS 207-5523] 'Resource pragma' is deprecated, use 'bind_op/bind_storage pragma' instead (src/rng.hpp:489:9)
WARNING: [HLS 207-5523] 'Resource pragma' is deprecated, use 'bind_op/bind_storage pragma' instead (src/rng.hpp:491:9)
WARNING: [HLS 207-5523] 'Resource pragma' is deprecated, use 'bind_op/bind_storage pragma' instead (src/rng.hpp:493:9)
WARNING: [HLS 207-5523] 'Resource pragma' is deprecated, use 'bind_op/bind_storage pragma' instead (src/rng.hpp:495:9)
WARNING: [HLS 207-5523] 'Resource pragma' is deprecated, use 'bind_op/bind_storage pragma' instead (src/rng.hpp:497:9)
WARNING: [HLS 207-5523] 'Resource pragma' is deprecated, use 'bind_op/bind_storage pragma' instead (src/rng.hpp:499:9)
WARNING: [HLS 207-5523] 'Resource pragma' is deprecated, use 'bind_op/bind_storage pragma' instead (src/rng.hpp:501:9)
WARNING: [HLS 207-5523] 'Resource pragma' is deprecated, use 'bind_op/bind_storage pragma' instead (src/rng.hpp:503:9)
WARNING: [HLS 207-5523] 'Resource pragma' is deprecated, use 'bind_op/bind_storage pragma' instead (src/rng.hpp:505:9)
WARNING: [HLS 207-5523] 'Resource pragma' is deprecated, use 'bind_op/bind_storage pragma' instead (src/rng.hpp:507:9)
WARNING: [HLS 207-5523] 'Resource pragma' is deprecated, use 'bind_op/bind_storage pragma' instead (src/rng.hpp:510:9)
WARNING: [HLS 207-5523] 'Resource pragma' is deprecated, use 'bind_op/bind_storage pragma' instead (src/rng.hpp:516:9)
WARNING: [HLS 207-5523] 'Resource pragma' is deprecated, use 'bind_op/bind_storage pragma' instead (src/rng.hpp:518:9)
WARNING: [HLS 207-5523] 'Resource pragma' is deprecated, use 'bind_op/bind_storage pragma' instead (src/rng.hpp:520:9)
WARNING: [HLS 207-5523] 'Resource pragma' is deprecated, use 'bind_op/bind_storage pragma' instead (src/rng.hpp:522:9)
WARNING: [HLS 207-5523] 'Resource pragma' is deprecated, use 'bind_op/bind_storage pragma' instead (src/rng.hpp:524:9)
WARNING: [HLS 207-5523] 'Resource pragma' is deprecated, use 'bind_op/bind_storage pragma' instead (src/rng.hpp:526:9)
WARNING: [HLS 207-5523] 'Resource pragma' is deprecated, use 'bind_op/bind_storage pragma' instead (src/rng.hpp:529:9)
WARNING: [HLS 207-5523] 'Resource pragma' is deprecated, use 'bind_op/bind_storage pragma' instead (src/rng.hpp:531:9)
WARNING: [HLS 207-5523] 'Resource pragma' is deprecated, use 'bind_op/bind_storage pragma' instead (src/rng.hpp:534:9)
WARNING: [HLS 207-5523] 'Resource pragma' is deprecated, use 'bind_op/bind_storage pragma' instead (src/rng.hpp:536:9)
WARNING: [HLS 207-5523] 'Resource pragma' is deprecated, use 'bind_op/bind_storage pragma' instead (src/rng.hpp:956:9)
WARNING: [HLS 207-5523] 'Resource pragma' is deprecated, use 'bind_op/bind_storage pragma' instead (src/rng.hpp:957:9)
WARNING: [HLS 207-5523] 'Resource pragma' is deprecated, use 'bind_op/bind_storage pragma' instead (src/rng.hpp:967:9)
WARNING: [HLS 207-5523] 'Resource pragma' is deprecated, use 'bind_op/bind_storage pragma' instead (src/rng.hpp:968:9)
WARNING: [HLS 207-5287] unused parameter 'seed' (src/rng.hpp:1070:31)
WARNING: [HLS 207-5287] unused parameter 'seed' (src/rng.hpp:1079:41)
WARNING: [HLS 207-5287] unused parameter 'data' (src/rng.hpp:1086:34)
WARNING: [HLS 207-5287] unused parameter 'uniformR' (src/rng.hpp:1100:22)
WARNING: [HLS 207-5287] unused parameter 'uniformR' (src/rng.hpp:1110:22)
WARNING: [HLS 207-5287] unused parameter 'gaussianR' (src/rng.hpp:1110:39)
WARNING: [HLS 207-5287] unused parameter 'gaussR' (src/rng.hpp:1118:25)
WARNING: [HLS 207-5287] unused parameter 'gaussL' (src/rng.hpp:1118:40)
WARNING: [HLS 207-5287] unused parameter 'seed' (src/rng.hpp:1401:30)
WARNING: [HLS 207-5287] unused parameter 'seed' (src/rng.hpp:1410:41)
WARNING: [HLS 207-5287] unused parameter 'data' (src/rng.hpp:1417:34)
WARNING: [HLS 207-5287] unused parameter 'A' (src/rng.hpp:1426:34)
WARNING: [HLS 207-5287] unused parameter 'B' (src/rng.hpp:1426:49)
WARNING: [HLS 207-5287] unused parameter 'C' (src/rng.hpp:1426:64)
WARNING: [HLS 207-5287] unused parameter 'uniformR' (src/rng.hpp:1441:22)
WARNING: [HLS 207-5287] unused parameter 'uniformR' (src/rng.hpp:1450:22)
WARNING: [HLS 207-5287] unused parameter 'gaussianR' (src/rng.hpp:1450:39)
INFO: [HLS 200-10] Analyzing design file 'src/aes.cpp' ... 
WARNING: [HLS 207-5543] The 'enable_flush' option of the 'HLS pipeline' directive or pragma is deprecated, use style=flp instead (src/aes.cpp:523:34)
INFO: [HLS 200-10] Analyzing design file 'src/Rayleigh.cpp' ... 
WARNING: [HLS 207-5523] 'Resource pragma' is deprecated, use 'bind_op/bind_storage pragma' instead (src/utils.hpp:72:9)
WARNING: [HLS 207-5523] 'Resource pragma' is deprecated, use 'bind_op/bind_storage pragma' instead (src/utils.hpp:83:9)
WARNING: [HLS 207-5523] 'Resource pragma' is deprecated, use 'bind_op/bind_storage pragma' instead (src/utils.hpp:94:9)
WARNING: [HLS 207-5523] 'Resource pragma' is deprecated, use 'bind_op/bind_storage pragma' instead (src/utils.hpp:105:9)
WARNING: [HLS 207-5523] 'Resource pragma' is deprecated, use 'bind_op/bind_storage pragma' instead (src/rng.hpp:106:9)
WARNING: [HLS 207-5523] 'Resource pragma' is deprecated, use 'bind_op/bind_storage pragma' instead (src/rng.hpp:123:9)
WARNING: [HLS 207-5523] 'Resource pragma' is deprecated, use 'bind_op/bind_storage pragma' instead (src/rng.hpp:134:9)
WARNING: [HLS 207-5523] 'Resource pragma' is deprecated, use 'bind_op/bind_storage pragma' instead (src/rng.hpp:141:9)
WARNING: [HLS 207-5523] 'Resource pragma' is deprecated, use 'bind_op/bind_storage pragma' instead (src/rng.hpp:148:9)
WARNING: [HLS 207-5523] 'Resource pragma' is deprecated, use 'bind_op/bind_storage pragma' instead (src/rng.hpp:155:9)
WARNING: [HLS 207-5523] 'Resource pragma' is deprecated, use 'bind_op/bind_storage pragma' instead (src/rng.hpp:183:9)
WARNING: [HLS 207-5523] 'Resource pragma' is deprecated, use 'bind_op/bind_storage pragma' instead (src/rng.hpp:189:9)
WARNING: [HLS 207-5523] 'Resource pragma' is deprecated, use 'bind_op/bind_storage pragma' instead (src/rng.hpp:203:9)
WARNING: [HLS 207-5523] 'Resource pragma' is deprecated, use 'bind_op/bind_storage pragma' instead (src/rng.hpp:228:9)
WARNING: [HLS 207-5523] 'Resource pragma' is deprecated, use 'bind_op/bind_storage pragma' instead (src/rng.hpp:360:9)
WARNING: [HLS 207-5523] 'Resource pragma' is deprecated, use 'bind_op/bind_storage pragma' instead (src/rng.hpp:363:9)
WARNING: [HLS 207-5523] 'Resource pragma' is deprecated, use 'bind_op/bind_storage pragma' instead (src/rng.hpp:366:9)
WARNING: [HLS 207-5523] 'Resource pragma' is deprecated, use 'bind_op/bind_storage pragma' instead (src/rng.hpp:370:9)
WARNING: [HLS 207-5523] 'Resource pragma' is deprecated, use 'bind_op/bind_storage pragma' instead (src/rng.hpp:373:9)
WARNING: [HLS 207-5523] 'Resource pragma' is deprecated, use 'bind_op/bind_storage pragma' instead (src/rng.hpp:379:9)
WARNING: [HLS 207-5523] 'Resource pragma' is deprecated, use 'bind_op/bind_storage pragma' instead (src/rng.hpp:448:9)
WARNING: [HLS 207-5523] 'Resource pragma' is deprecated, use 'bind_op/bind_storage pragma' instead (src/rng.hpp:452:9)
WARNING: [HLS 207-5523] 'Resource pragma' is deprecated, use 'bind_op/bind_storage pragma' instead (src/rng.hpp:454:9)
WARNING: [HLS 207-5523] 'Resource pragma' is deprecated, use 'bind_op/bind_storage pragma' instead (src/rng.hpp:471:9)
WARNING: [HLS 207-5523] 'Resource pragma' is deprecated, use 'bind_op/bind_storage pragma' instead (src/rng.hpp:473:9)
WARNING: [HLS 207-5523] 'Resource pragma' is deprecated, use 'bind_op/bind_storage pragma' instead (src/rng.hpp:489:9)
WARNING: [HLS 207-5523] 'Resource pragma' is deprecated, use 'bind_op/bind_storage pragma' instead (src/rng.hpp:491:9)
WARNING: [HLS 207-5523] 'Resource pragma' is deprecated, use 'bind_op/bind_storage pragma' instead (src/rng.hpp:493:9)
WARNING: [HLS 207-5523] 'Resource pragma' is deprecated, use 'bind_op/bind_storage pragma' instead (src/rng.hpp:495:9)
WARNING: [HLS 207-5523] 'Resource pragma' is deprecated, use 'bind_op/bind_storage pragma' instead (src/rng.hpp:497:9)
WARNING: [HLS 207-5523] 'Resource pragma' is deprecated, use 'bind_op/bind_storage pragma' instead (src/rng.hpp:499:9)
WARNING: [HLS 207-5523] 'Resource pragma' is deprecated, use 'bind_op/bind_storage pragma' instead (src/rng.hpp:501:9)
WARNING: [HLS 207-5523] 'Resource pragma' is deprecated, use 'bind_op/bind_storage pragma' instead (src/rng.hpp:503:9)
WARNING: [HLS 207-5523] 'Resource pragma' is deprecated, use 'bind_op/bind_storage pragma' instead (src/rng.hpp:505:9)
WARNING: [HLS 207-5523] 'Resource pragma' is deprecated, use 'bind_op/bind_storage pragma' instead (src/rng.hpp:507:9)
WARNING: [HLS 207-5523] 'Resource pragma' is deprecated, use 'bind_op/bind_storage pragma' instead (src/rng.hpp:510:9)
WARNING: [HLS 207-5523] 'Resource pragma' is deprecated, use 'bind_op/bind_storage pragma' instead (src/rng.hpp:516:9)
WARNING: [HLS 207-5523] 'Resource pragma' is deprecated, use 'bind_op/bind_storage pragma' instead (src/rng.hpp:518:9)
WARNING: [HLS 207-5523] 'Resource pragma' is deprecated, use 'bind_op/bind_storage pragma' instead (src/rng.hpp:520:9)
WARNING: [HLS 207-5523] 'Resource pragma' is deprecated, use 'bind_op/bind_storage pragma' instead (src/rng.hpp:522:9)
WARNING: [HLS 207-5523] 'Resource pragma' is deprecated, use 'bind_op/bind_storage pragma' instead (src/rng.hpp:524:9)
WARNING: [HLS 207-5523] 'Resource pragma' is deprecated, use 'bind_op/bind_storage pragma' instead (src/rng.hpp:526:9)
WARNING: [HLS 207-5523] 'Resource pragma' is deprecated, use 'bind_op/bind_storage pragma' instead (src/rng.hpp:529:9)
WARNING: [HLS 207-5523] 'Resource pragma' is deprecated, use 'bind_op/bind_storage pragma' instead (src/rng.hpp:531:9)
WARNING: [HLS 207-5523] 'Resource pragma' is deprecated, use 'bind_op/bind_storage pragma' instead (src/rng.hpp:534:9)
WARNING: [HLS 207-5523] 'Resource pragma' is deprecated, use 'bind_op/bind_storage pragma' instead (src/rng.hpp:536:9)
WARNING: [HLS 207-5523] 'Resource pragma' is deprecated, use 'bind_op/bind_storage pragma' instead (src/rng.hpp:956:9)
WARNING: [HLS 207-5523] 'Resource pragma' is deprecated, use 'bind_op/bind_storage pragma' instead (src/rng.hpp:957:9)
WARNING: [HLS 207-5523] 'Resource pragma' is deprecated, use 'bind_op/bind_storage pragma' instead (src/rng.hpp:967:9)
WARNING: [HLS 207-5523] 'Resource pragma' is deprecated, use 'bind_op/bind_storage pragma' instead (src/rng.hpp:968:9)
WARNING: [HLS 207-5287] unused parameter 'seed' (src/rng.hpp:1070:31)
WARNING: [HLS 207-5287] unused parameter 'seed' (src/rng.hpp:1079:41)
WARNING: [HLS 207-5287] unused parameter 'data' (src/rng.hpp:1086:34)
WARNING: [HLS 207-5287] unused parameter 'uniformR' (src/rng.hpp:1100:22)
WARNING: [HLS 207-5287] unused parameter 'uniformR' (src/rng.hpp:1110:22)
WARNING: [HLS 207-5287] unused parameter 'gaussianR' (src/rng.hpp:1110:39)
WARNING: [HLS 207-5287] unused parameter 'gaussR' (src/rng.hpp:1118:25)
WARNING: [HLS 207-5287] unused parameter 'gaussL' (src/rng.hpp:1118:40)
WARNING: [HLS 207-5287] unused parameter 'seed' (src/rng.hpp:1401:30)
WARNING: [HLS 207-5287] unused parameter 'seed' (src/rng.hpp:1410:41)
WARNING: [HLS 207-5287] unused parameter 'data' (src/rng.hpp:1417:34)
WARNING: [HLS 207-5287] unused parameter 'A' (src/rng.hpp:1426:34)
WARNING: [HLS 207-5287] unused parameter 'B' (src/rng.hpp:1426:49)
WARNING: [HLS 207-5287] unused parameter 'C' (src/rng.hpp:1426:64)
WARNING: [HLS 207-5287] unused parameter 'uniformR' (src/rng.hpp:1441:22)
WARNING: [HLS 207-5287] unused parameter 'uniformR' (src/rng.hpp:1450:22)
WARNING: [HLS 207-5287] unused parameter 'gaussianR' (src/rng.hpp:1450:39)
INFO: [HLS 200-10] Analyzing design file 'src/QRD.cpp' ... 
INFO: [HLS 200-10] Analyzing design file 'src/Modulation.cpp' ... 
INFO: [HLS 200-10] Analyzing design file 'src/DeModulation.cpp' ... 
INFO: [HLS 200-10] Analyzing design file 'src/AWGN.cpp' ... 
WARNING: [HLS 207-5523] 'Resource pragma' is deprecated, use 'bind_op/bind_storage pragma' instead (src/utils.hpp:72:9)
WARNING: [HLS 207-5523] 'Resource pragma' is deprecated, use 'bind_op/bind_storage pragma' instead (src/utils.hpp:83:9)
WARNING: [HLS 207-5523] 'Resource pragma' is deprecated, use 'bind_op/bind_storage pragma' instead (src/utils.hpp:94:9)
WARNING: [HLS 207-5523] 'Resource pragma' is deprecated, use 'bind_op/bind_storage pragma' instead (src/utils.hpp:105:9)
WARNING: [HLS 207-5523] 'Resource pragma' is deprecated, use 'bind_op/bind_storage pragma' instead (src/rng.hpp:106:9)
WARNING: [HLS 207-5523] 'Resource pragma' is deprecated, use 'bind_op/bind_storage pragma' instead (src/rng.hpp:123:9)
WARNING: [HLS 207-5523] 'Resource pragma' is deprecated, use 'bind_op/bind_storage pragma' instead (src/rng.hpp:134:9)
WARNING: [HLS 207-5523] 'Resource pragma' is deprecated, use 'bind_op/bind_storage pragma' instead (src/rng.hpp:141:9)
WARNING: [HLS 207-5523] 'Resource pragma' is deprecated, use 'bind_op/bind_storage pragma' instead (src/rng.hpp:148:9)
WARNING: [HLS 207-5523] 'Resource pragma' is deprecated, use 'bind_op/bind_storage pragma' instead (src/rng.hpp:155:9)
WARNING: [HLS 207-5523] 'Resource pragma' is deprecated, use 'bind_op/bind_storage pragma' instead (src/rng.hpp:183:9)
WARNING: [HLS 207-5523] 'Resource pragma' is deprecated, use 'bind_op/bind_storage pragma' instead (src/rng.hpp:189:9)
WARNING: [HLS 207-5523] 'Resource pragma' is deprecated, use 'bind_op/bind_storage pragma' instead (src/rng.hpp:203:9)
WARNING: [HLS 207-5523] 'Resource pragma' is deprecated, use 'bind_op/bind_storage pragma' instead (src/rng.hpp:228:9)
WARNING: [HLS 207-5523] 'Resource pragma' is deprecated, use 'bind_op/bind_storage pragma' instead (src/rng.hpp:360:9)
WARNING: [HLS 207-5523] 'Resource pragma' is deprecated, use 'bind_op/bind_storage pragma' instead (src/rng.hpp:363:9)
WARNING: [HLS 207-5523] 'Resource pragma' is deprecated, use 'bind_op/bind_storage pragma' instead (src/rng.hpp:366:9)
WARNING: [HLS 207-5523] 'Resource pragma' is deprecated, use 'bind_op/bind_storage pragma' instead (src/rng.hpp:370:9)
WARNING: [HLS 207-5523] 'Resource pragma' is deprecated, use 'bind_op/bind_storage pragma' instead (src/rng.hpp:373:9)
WARNING: [HLS 207-5523] 'Resource pragma' is deprecated, use 'bind_op/bind_storage pragma' instead (src/rng.hpp:379:9)
WARNING: [HLS 207-5523] 'Resource pragma' is deprecated, use 'bind_op/bind_storage pragma' instead (src/rng.hpp:448:9)
WARNING: [HLS 207-5523] 'Resource pragma' is deprecated, use 'bind_op/bind_storage pragma' instead (src/rng.hpp:452:9)
WARNING: [HLS 207-5523] 'Resource pragma' is deprecated, use 'bind_op/bind_storage pragma' instead (src/rng.hpp:454:9)
WARNING: [HLS 207-5523] 'Resource pragma' is deprecated, use 'bind_op/bind_storage pragma' instead (src/rng.hpp:471:9)
WARNING: [HLS 207-5523] 'Resource pragma' is deprecated, use 'bind_op/bind_storage pragma' instead (src/rng.hpp:473:9)
WARNING: [HLS 207-5523] 'Resource pragma' is deprecated, use 'bind_op/bind_storage pragma' instead (src/rng.hpp:489:9)
WARNING: [HLS 207-5523] 'Resource pragma' is deprecated, use 'bind_op/bind_storage pragma' instead (src/rng.hpp:491:9)
WARNING: [HLS 207-5523] 'Resource pragma' is deprecated, use 'bind_op/bind_storage pragma' instead (src/rng.hpp:493:9)
WARNING: [HLS 207-5523] 'Resource pragma' is deprecated, use 'bind_op/bind_storage pragma' instead (src/rng.hpp:495:9)
WARNING: [HLS 207-5523] 'Resource pragma' is deprecated, use 'bind_op/bind_storage pragma' instead (src/rng.hpp:497:9)
WARNING: [HLS 207-5523] 'Resource pragma' is deprecated, use 'bind_op/bind_storage pragma' instead (src/rng.hpp:499:9)
WARNING: [HLS 207-5523] 'Resource pragma' is deprecated, use 'bind_op/bind_storage pragma' instead (src/rng.hpp:501:9)
WARNING: [HLS 207-5523] 'Resource pragma' is deprecated, use 'bind_op/bind_storage pragma' instead (src/rng.hpp:503:9)
WARNING: [HLS 207-5523] 'Resource pragma' is deprecated, use 'bind_op/bind_storage pragma' instead (src/rng.hpp:505:9)
WARNING: [HLS 207-5523] 'Resource pragma' is deprecated, use 'bind_op/bind_storage pragma' instead (src/rng.hpp:507:9)
WARNING: [HLS 207-5523] 'Resource pragma' is deprecated, use 'bind_op/bind_storage pragma' instead (src/rng.hpp:510:9)
WARNING: [HLS 207-5523] 'Resource pragma' is deprecated, use 'bind_op/bind_storage pragma' instead (src/rng.hpp:516:9)
WARNING: [HLS 207-5523] 'Resource pragma' is deprecated, use 'bind_op/bind_storage pragma' instead (src/rng.hpp:518:9)
WARNING: [HLS 207-5523] 'Resource pragma' is deprecated, use 'bind_op/bind_storage pragma' instead (src/rng.hpp:520:9)
WARNING: [HLS 207-5523] 'Resource pragma' is deprecated, use 'bind_op/bind_storage pragma' instead (src/rng.hpp:522:9)
WARNING: [HLS 207-5523] 'Resource pragma' is deprecated, use 'bind_op/bind_storage pragma' instead (src/rng.hpp:524:9)
WARNING: [HLS 207-5523] 'Resource pragma' is deprecated, use 'bind_op/bind_storage pragma' instead (src/rng.hpp:526:9)
WARNING: [HLS 207-5523] 'Resource pragma' is deprecated, use 'bind_op/bind_storage pragma' instead (src/rng.hpp:529:9)
WARNING: [HLS 207-5523] 'Resource pragma' is deprecated, use 'bind_op/bind_storage pragma' instead (src/rng.hpp:531:9)
WARNING: [HLS 207-5523] 'Resource pragma' is deprecated, use 'bind_op/bind_storage pragma' instead (src/rng.hpp:534:9)
WARNING: [HLS 207-5523] 'Resource pragma' is deprecated, use 'bind_op/bind_storage pragma' instead (src/rng.hpp:536:9)
WARNING: [HLS 207-5523] 'Resource pragma' is deprecated, use 'bind_op/bind_storage pragma' instead (src/rng.hpp:956:9)
WARNING: [HLS 207-5523] 'Resource pragma' is deprecated, use 'bind_op/bind_storage pragma' instead (src/rng.hpp:957:9)
WARNING: [HLS 207-5523] 'Resource pragma' is deprecated, use 'bind_op/bind_storage pragma' instead (src/rng.hpp:967:9)
WARNING: [HLS 207-5523] 'Resource pragma' is deprecated, use 'bind_op/bind_storage pragma' instead (src/rng.hpp:968:9)
WARNING: [HLS 207-5287] unused parameter 'seed' (src/rng.hpp:1070:31)
WARNING: [HLS 207-5287] unused parameter 'seed' (src/rng.hpp:1079:41)
WARNING: [HLS 207-5287] unused parameter 'data' (src/rng.hpp:1086:34)
WARNING: [HLS 207-5287] unused parameter 'uniformR' (src/rng.hpp:1100:22)
WARNING: [HLS 207-5287] unused parameter 'uniformR' (src/rng.hpp:1110:22)
WARNING: [HLS 207-5287] unused parameter 'gaussianR' (src/rng.hpp:1110:39)
WARNING: [HLS 207-5287] unused parameter 'gaussR' (src/rng.hpp:1118:25)
WARNING: [HLS 207-5287] unused parameter 'gaussL' (src/rng.hpp:1118:40)
WARNING: [HLS 207-5287] unused parameter 'seed' (src/rng.hpp:1401:30)
WARNING: [HLS 207-5287] unused parameter 'seed' (src/rng.hpp:1410:41)
WARNING: [HLS 207-5287] unused parameter 'data' (src/rng.hpp:1417:34)
WARNING: [HLS 207-5287] unused parameter 'A' (src/rng.hpp:1426:34)
WARNING: [HLS 207-5287] unused parameter 'B' (src/rng.hpp:1426:49)
WARNING: [HLS 207-5287] unused parameter 'C' (src/rng.hpp:1426:64)
WARNING: [HLS 207-5287] unused parameter 'uniformR' (src/rng.hpp:1441:22)
WARNING: [HLS 207-5287] unused parameter 'uniformR' (src/rng.hpp:1450:22)
WARNING: [HLS 207-5287] unused parameter 'gaussianR' (src/rng.hpp:1450:39)
INFO: [HLS 200-111] Finished Source Code Analysis and Preprocessing: CPU user time: 104.25 seconds. CPU system time: 6.28 seconds. Elapsed time: 112.37 seconds; current allocated memory: 328.164 MB.
INFO: [HLS 200-777] Using interface defaults for 'Vivado' flow target.
INFO: [HLS 214-284] Auto array partition mode is set into default.
INFO: [HLS 214-131] Inlining function 'log_reduce::log(double)' into 'hls::log(double)' (/wrk/ci/prod/2021.2/rdi_builds/continuous/2021_10_19_3367213/src/shared/hls/clib/hlsmath/src/c++/logdouble.cpp:9:9)
INFO: [HLS 214-131] Inlining function 'hls::sqrt(double)' into 'double xf::fintech::inverseCumulativeNormalAcklam<double>(double)' (src/rng.hpp:457:13)
INFO: [HLS 214-131] Inlining function 'hls::log(double)' into 'double xf::fintech::inverseCumulativeNormalAcklam<double>(double)' (src/rng.hpp:453:7)
INFO: [HLS 214-131] Inlining function 'xf::fintech::MT19937::next()' into 'xf::fintech::MT19937IcnRng<double>::next()' (src/rng.hpp:1160:34)
INFO: [HLS 214-131] Inlining function 'xf::fintech::MT19937IcnRng<double>::next()' into 'Rayleigh' (src/Rayleigh.cpp:30:38)
INFO: [HLS 214-131] Inlining function 'xf::fintech::MT19937IcnRng<double>::next()' into 'Rayleigh' (src/Rayleigh.cpp:31:38)
INFO: [HLS 214-131] Inlining function 'xf::fintech::MT19937IcnRng<double>::next()' into 'AWGN' (src/AWGN.cpp:19:27)
INFO: [HLS 214-210] Disaggregating variable 'output' (src/aes.cpp:535:24)
INFO: [HLS 214-210] Disaggregating variable 'input' (src/aes.cpp:535:17)
INFO: [HLS 214-291] Loop 'VITIS_LOOP_578_4' is marked as complete unroll implied by the pipeline pragma (src/aes.cpp:578:20)
INFO: [HLS 214-291] Loop 'VITIS_LOOP_579_5' is marked as complete unroll implied by the pipeline pragma (src/aes.cpp:579:21)
INFO: [HLS 214-291] Loop 'VITIS_LOOP_553_3' is marked as complete unroll implied by the pipeline pragma (src/aes.cpp:553:20)
INFO: [HLS 214-291] Loop 'VITIS_LOOP_541_1' is marked as complete unroll implied by the pipeline pragma (src/aes.cpp:541:20)
INFO: [HLS 214-291] Loop 'VITIS_LOOP_543_2' is marked as complete unroll implied by the pipeline pragma (src/aes.cpp:543:21)
INFO: [HLS 214-291] Loop 'deAes_return_label24' is marked as complete unroll implied by the pipeline pragma (src/aes.cpp:454:23)
INFO: [HLS 214-291] Loop 'deAes_return_label22' is marked as complete unroll implied by the pipeline pragma (src/aes.cpp:461:24)
INFO: [HLS 214-291] Loop 'addRoundTowArray_label2' is marked as complete unroll implied by the pipeline pragma (src/aes.cpp:425:26)
INFO: [HLS 214-291] Loop 'addRoundTowArray_label20' is marked as complete unroll implied by the pipeline pragma (src/aes.cpp:426:28)
INFO: [HLS 214-291] Loop 'getArrayFrom4W_label21' is marked as complete unroll implied by the pipeline pragma (src/aes.cpp:439:25)
INFO: [HLS 214-291] Loop 'deMixColumns_label6' is marked as complete unroll implied by the pipeline pragma (src/aes.cpp:412:2)
INFO: [HLS 214-291] Loop 'deMixColumns_label3' is marked as complete unroll implied by the pipeline pragma (src/aes.cpp:414:23)
INFO: [HLS 214-291] Loop 'deMixColumns_label5' is marked as complete unroll implied by the pipeline pragma (src/aes.cpp:407:22)
INFO: [HLS 214-291] Loop 'deMixColumns_label18' is marked as complete unroll implied by the pipeline pragma (src/aes.cpp:408:24)
INFO: [HLS 214-291] Loop 'deShiftRows_label17' is marked as complete unroll implied by the pipeline pragma (src/aes.cpp:391:22)
INFO: [HLS 214-291] Loop 'deShiftRows_label16' is marked as complete unroll implied by the pipeline pragma (src/aes.cpp:381:22)
INFO: [HLS 214-291] Loop 'rightLoop4int_label15' is marked as complete unroll implied by the pipeline pragma (src/aes.cpp:370:24)
INFO: [HLS 214-291] Loop 'rightLoop4int_label14' is marked as complete unroll implied by the pipeline pragma (src/aes.cpp:365:24)
INFO: [HLS 214-291] Loop 'deSubBytes_label1' is marked as complete unroll implied by the pipeline pragma (src/aes.cpp:356:20)
INFO: [HLS 214-291] Loop 'deSubBytes_label13' is marked as complete unroll implied by the pipeline pragma (src/aes.cpp:357:22)
INFO: [HLS 214-291] Loop 'aes_return_label23' is marked as complete unroll implied by the pipeline pragma (src/aes.cpp:318:21)
INFO: [HLS 214-291] Loop 'aes_return_label12' is marked as complete unroll implied by the pipeline pragma (src/aes.cpp:323:22)
INFO: [HLS 214-291] Loop 'convertArrayToStr_label2' is marked as complete unroll implied by the pipeline pragma (src/aes.cpp:305:27)
INFO: [HLS 214-291] Loop 'convertArrayToStr_label11' is marked as complete unroll implied by the pipeline pragma (src/aes.cpp:306:29)
INFO: [HLS 214-291] Loop 'mixColumns_label3' is marked as complete unroll implied by the pipeline pragma (src/aes.cpp:296:20)
INFO: [HLS 214-291] Loop 'mixColumns_label10' is marked as complete unroll implied by the pipeline pragma (src/aes.cpp:297:22)
INFO: [HLS 214-291] Loop 'mixColumns_label4' is marked as complete unroll implied by the pipeline pragma (src/aes.cpp:292:20)
INFO: [HLS 214-291] Loop 'mixColumns_label9' is marked as complete unroll implied by the pipeline pragma (src/aes.cpp:293:21)
INFO: [HLS 214-291] Loop 'shiftRows_label8' is marked as complete unroll implied by the pipeline pragma (src/aes.cpp:209:19)
INFO: [HLS 214-291] Loop 'shiftRows_label1' is marked as complete unroll implied by the pipeline pragma (src/aes.cpp:199:19)
INFO: [HLS 214-291] Loop 'subBytes_label0' is marked as complete unroll implied by the pipeline pragma (src/aes.cpp:190:18)
INFO: [HLS 214-291] Loop 'subBytes_label7' is marked as complete unroll implied by the pipeline pragma (src/aes.cpp:191:19)
INFO: [HLS 214-291] Loop 'addRoundKey_label0' is marked as complete unroll implied by the pipeline pragma (src/aes.cpp:177:21)
INFO: [HLS 214-291] Loop 'addRoundKey_label6' is marked as complete unroll implied by the pipeline pragma (src/aes.cpp:181:22)
INFO: [HLS 214-291] Loop 'convertToIntArray_label0' is marked as complete unroll implied by the pipeline pragma (src/aes.cpp:71:27)
INFO: [HLS 214-291] Loop 'convertToIntArray_label1' is marked as complete unroll implied by the pipeline pragma (src/aes.cpp:72:28)
INFO: [HLS 214-291] Loop 'extendKey_label0' is marked as complete unroll implied by the pipeline pragma (src/aes.cpp:162:2)
INFO: [HLS 214-291] Loop 'extendKey_label5' is marked as complete unroll implied by the pipeline pragma (src/aes.cpp:158:19)
INFO: [HLS 214-291] Loop 'T_label4' is marked as complete unroll implied by the pipeline pragma (src/aes.cpp:144:11)
INFO: [HLS 214-291] Loop 'leftLoop4int_label2' is marked as complete unroll implied by the pipeline pragma (src/aes.cpp:113:22)
INFO: [HLS 214-291] Loop 'leftLoop4int_label3' is marked as complete unroll implied by the pipeline pragma (src/aes.cpp:109:22)
INFO: [HLS 214-186] Unrolling loop 'VITIS_LOOP_579_5' (src/aes.cpp:579:21) in function 'AES_En_De' completely with a factor of 16 (src/aes.cpp:519:0)
INFO: [HLS 214-186] Unrolling loop 'VITIS_LOOP_553_3' (src/aes.cpp:553:20) in function 'AES_En_De' completely with a factor of 16 (src/aes.cpp:519:0)
WARNING: [HLS 214-189] Pipeline directive for loop 'VITIS_LOOP_553_3' (src/aes.cpp:553:20) in function 'AES_En_De' has been removed because the loop is unrolled completely (src/aes.cpp:519:0)
INFO: [HLS 214-186] Unrolling loop 'VITIS_LOOP_543_2' (src/aes.cpp:543:21) in function 'AES_En_De' completely with a factor of 16 (src/aes.cpp:519:0)
INFO: [HLS 214-186] Unrolling loop 'deAes_return_label22' (src/aes.cpp:461:24) in function 'deAes_return' completely with a factor of 9 (src/aes.cpp:449:0)
INFO: [HLS 214-186] Unrolling loop 'addRoundTowArray_label2' (src/aes.cpp:425:26) in function 'addRoundTowArray' completely with a factor of 4 (src/aes.cpp:423:0)
INFO: [HLS 214-186] Unrolling loop 'addRoundTowArray_label20' (src/aes.cpp:426:28) in function 'addRoundTowArray' completely with a factor of 4 (src/aes.cpp:423:0)
INFO: [HLS 214-186] Unrolling loop 'getArrayFrom4W_label21' (src/aes.cpp:439:25) in function 'getArrayFrom4W' completely with a factor of 4 (src/aes.cpp:430:0)
INFO: [HLS 214-186] Unrolling loop 'deMixColumns_label6' (src/aes.cpp:412:2) in function 'deMixColumns' completely with a factor of 4 (src/aes.cpp:404:0)
INFO: [HLS 214-186] Unrolling loop 'deMixColumns_label3' (src/aes.cpp:414:23) in function 'deMixColumns' completely with a factor of 4 (src/aes.cpp:404:0)
INFO: [HLS 214-186] Unrolling loop 'deMixColumns_label5' (src/aes.cpp:407:22) in function 'deMixColumns' completely with a factor of 4 (src/aes.cpp:404:0)
INFO: [HLS 214-186] Unrolling loop 'deMixColumns_label18' (src/aes.cpp:408:24) in function 'deMixColumns' completely with a factor of 4 (src/aes.cpp:404:0)
INFO: [HLS 214-186] Unrolling loop 'deShiftRows_label17' (src/aes.cpp:391:22) in function 'deShiftRows' completely with a factor of 4 (src/aes.cpp:378:0)
INFO: [HLS 214-186] Unrolling loop 'deShiftRows_label16' (src/aes.cpp:381:22) in function 'deShiftRows' completely with a factor of 4 (src/aes.cpp:378:0)
INFO: [HLS 214-186] Unrolling loop 'rightLoop4int_label15' (src/aes.cpp:370:24) in function 'rightLoop4int' completely with a factor of 4 (src/aes.cpp:361:0)
INFO: [HLS 214-186] Unrolling loop 'rightLoop4int_label14' (src/aes.cpp:365:24) in function 'rightLoop4int' completely with a factor of 4 (src/aes.cpp:361:0)
INFO: [HLS 214-186] Unrolling loop 'deSubBytes_label1' (src/aes.cpp:356:20) in function 'deSubBytes' completely with a factor of 4 (src/aes.cpp:354:0)
INFO: [HLS 214-186] Unrolling loop 'deSubBytes_label13' (src/aes.cpp:357:22) in function 'deSubBytes' completely with a factor of 4 (src/aes.cpp:354:0)
INFO: [HLS 214-186] Unrolling loop 'aes_return_label12' (src/aes.cpp:323:22) in function 'aes_return' completely with a factor of 9 (src/aes.cpp:311:0)
INFO: [HLS 214-186] Unrolling loop 'convertArrayToStr_label2' (src/aes.cpp:305:27) in function 'convertArrayToStr' completely with a factor of 4 (src/aes.cpp:303:0)
INFO: [HLS 214-186] Unrolling loop 'convertArrayToStr_label11' (src/aes.cpp:306:29) in function 'convertArrayToStr' completely with a factor of 4 (src/aes.cpp:303:0)
INFO: [HLS 214-186] Unrolling loop 'mixColumns_label3' (src/aes.cpp:296:20) in function 'mixColumns' completely with a factor of 4 (src/aes.cpp:288:0)
INFO: [HLS 214-186] Unrolling loop 'mixColumns_label10' (src/aes.cpp:297:22) in function 'mixColumns' completely with a factor of 4 (src/aes.cpp:288:0)
INFO: [HLS 214-186] Unrolling loop 'mixColumns_label4' (src/aes.cpp:292:20) in function 'mixColumns' completely with a factor of 4 (src/aes.cpp:288:0)
INFO: [HLS 214-186] Unrolling loop 'mixColumns_label9' (src/aes.cpp:293:21) in function 'mixColumns' completely with a factor of 4 (src/aes.cpp:288:0)
INFO: [HLS 214-186] Unrolling loop 'shiftRows_label8' (src/aes.cpp:209:19) in function 'shiftRows' completely with a factor of 4 (src/aes.cpp:196:0)
INFO: [HLS 214-186] Unrolling loop 'shiftRows_label1' (src/aes.cpp:199:19) in function 'shiftRows' completely with a factor of 4 (src/aes.cpp:196:0)
INFO: [HLS 214-186] Unrolling loop 'subBytes_label0' (src/aes.cpp:190:18) in function 'subBytes' completely with a factor of 4 (src/aes.cpp:188:0)
INFO: [HLS 214-186] Unrolling loop 'subBytes_label7' (src/aes.cpp:191:19) in function 'subBytes' completely with a factor of 4 (src/aes.cpp:188:0)
INFO: [HLS 214-186] Unrolling loop 'addRoundKey_label0' (src/aes.cpp:177:21) in function 'addRoundKey' completely with a factor of 4 (src/aes.cpp:174:0)
INFO: [HLS 214-186] Unrolling loop 'addRoundKey_label6' (src/aes.cpp:181:22) in function 'addRoundKey' completely with a factor of 4 (src/aes.cpp:174:0)
INFO: [HLS 214-186] Unrolling loop 'convertToIntArray_label0' (src/aes.cpp:71:27) in function 'convertToIntArray' completely with a factor of 4 (src/aes.cpp:68:0)
INFO: [HLS 214-186] Unrolling loop 'convertToIntArray_label1' (src/aes.cpp:72:28) in function 'convertToIntArray' completely with a factor of 4 (src/aes.cpp:68:0)
INFO: [HLS 214-186] Unrolling loop 'extendKey_label0' (src/aes.cpp:162:2) in function 'extendKey' completely with a factor of 40 (src/aes.cpp:156:0)
INFO: [HLS 214-186] Unrolling loop 'extendKey_label5' (src/aes.cpp:158:19) in function 'extendKey' completely with a factor of 4 (src/aes.cpp:156:0)
INFO: [HLS 214-186] Unrolling loop 'T_label4' (src/aes.cpp:144:11) in function 'T' completely with a factor of 4 (src/aes.cpp:136:0)
INFO: [HLS 214-186] Unrolling loop 'leftLoop4int_label2' (src/aes.cpp:113:22) in function 'leftLoop4int' completely with a factor of 4 (src/aes.cpp:105:0)
INFO: [HLS 214-186] Unrolling loop 'leftLoop4int_label3' (src/aes.cpp:109:22) in function 'leftLoop4int' completely with a factor of 4 (src/aes.cpp:105:0)
INFO: [HLS 214-178] Inlining function 'getIntFromChar(char)' into 'getWordFromStr(char*)' (src/aes.cpp:80:0)
INFO: [HLS 214-178] Inlining function 'splitIntToArray(int, int*)' into 'T(int, int)' (src/aes.cpp:136:0)
INFO: [HLS 214-178] Inlining function 'leftLoop4int(int*, int)' into 'T(int, int)' (src/aes.cpp:136:0)
INFO: [HLS 214-178] Inlining function 'getNumFromSBox(char)' into 'T(int, int)' (src/aes.cpp:136:0)
INFO: [HLS 214-178] Inlining function 'mergeArrayToInt(int*)' into 'T(int, int)' (src/aes.cpp:136:0)
INFO: [HLS 214-178] Inlining function 'getWordFromStr(char*)' into 'extendKey(char*)' (src/aes.cpp:156:0)
INFO: [HLS 214-178] Inlining function 'getIntFromChar(char)' into 'convertToIntArray(char*, int (*) [4])' (src/aes.cpp:68:0)
INFO: [HLS 214-178] Inlining function 'splitIntToArray(int, int*)' into 'addRoundKey(int (*) [4], int)' (src/aes.cpp:174:0)
INFO: [HLS 214-178] Inlining function 'getNumFromSBox(char)' into 'subBytes(int (*) [4])' (src/aes.cpp:188:0)
INFO: [HLS 214-178] Inlining function 'GFMul2(int)' into 'GFMul3(int)' (src/aes.cpp:234:0)
INFO: [HLS 214-178] Inlining function 'GFMul2(int)' into 'GFMul4(int)' (src/aes.cpp:238:0)
INFO: [HLS 214-178] Inlining function 'GFMul4(int)' into 'GFMul8(int)' (src/aes.cpp:242:0)
INFO: [HLS 214-178] Inlining function 'GFMul2(int)' into 'GFMul8(int)' (src/aes.cpp:242:0)
INFO: [HLS 214-178] Inlining function 'GFMul8(int)' into 'GFMul9(int)' (src/aes.cpp:246:0)
INFO: [HLS 214-178] Inlining function 'GFMul9(int)' into 'GFMul11(int)' (src/aes.cpp:250:0)
INFO: [HLS 214-178] Inlining function 'GFMul2(int)' into 'GFMul11(int)' (src/aes.cpp:250:0)
INFO: [HLS 214-178] Inlining function 'GFMul8(int)' into 'GFMul12(int)' (src/aes.cpp:254:0)
INFO: [HLS 214-178] Inlining function 'GFMul4(int)' into 'GFMul12(int)' (src/aes.cpp:254:0)
INFO: [HLS 214-178] Inlining function 'GFMul12(int)' into 'GFMul13(int)' (src/aes.cpp:258:0)
INFO: [HLS 214-178] Inlining function 'GFMul12(int)' into 'GFMul14(int)' (src/aes.cpp:262:0)
INFO: [HLS 214-178] Inlining function 'GFMul2(int)' into 'GFMul14(int)' (src/aes.cpp:262:0)
INFO: [HLS 214-178] Inlining function 'GFMul2(int)' into 'GFMul(int, int)' (src/aes.cpp:267:0)
INFO: [HLS 214-178] Inlining function 'GFMul3(int)' into 'GFMul(int, int)' (src/aes.cpp:267:0)
INFO: [HLS 214-178] Inlining function 'GFMul9(int)' into 'GFMul(int, int)' (src/aes.cpp:267:0)
INFO: [HLS 214-178] Inlining function 'GFMul11(int)' into 'GFMul(int, int)' (src/aes.cpp:267:0)
INFO: [HLS 214-178] Inlining function 'GFMul13(int)' into 'GFMul(int, int)' (src/aes.cpp:267:0)
INFO: [HLS 214-178] Inlining function 'GFMul14(int)' into 'GFMul(int, int)' (src/aes.cpp:267:0)
INFO: [HLS 214-178] Inlining function 'convertToIntArray(char*, int (*) [4])' into 'aes_return(char*, int)' (src/aes.cpp:311:0)
INFO: [HLS 214-178] Inlining function 'convertArrayToStr(int (*) [4], char*)' into 'aes_return(char*, int)' (src/aes.cpp:311:0)
INFO: [HLS 214-178] Inlining function 'getNumFromS1Box(char)' into 'deSubBytes(int (*) [4])' (src/aes.cpp:354:0)
INFO: [HLS 214-178] Inlining function 'splitIntToArray(int, int*)' into 'getArrayFrom4W(int, int (*) [4])' (src/aes.cpp:430:0)
INFO: [HLS 214-178] Inlining function 'convertToIntArray(char*, int (*) [4])' into 'deAes_return(char*, int)' (src/aes.cpp:449:0)
INFO: [HLS 214-178] Inlining function 'convertArrayToStr(int (*) [4], char*)' into 'deAes_return(char*, int)' (src/aes.cpp:449:0)
INFO: [HLS 214-178] Inlining function 'extendKey(char*)' into 'AES_En_De(my_stream_type*, my_stream_type*, int*, char*)' (src/aes.cpp:519:0)
INFO: [HLS 214-178] Inlining function 'xf::fintech::MT19937IcnRng<double>::seedInitialization(ap_uint<32>)' into 'Rayleigh' (src/Rayleigh.cpp:16:0)
INFO: [HLS 214-178] Inlining function 'xf::fintech::MT19937IcnRng<double>::seedInitialization(ap_uint<32>)' into 'AWGN' (src/AWGN.cpp:10:0)
INFO: [HLS 214-178] Inlining function 'matrix_mult(ap_fixed<16, 8, (ap_q_mode)5, (ap_o_mode)3, 0> (*) [8], ap_fixed<16, 8, (ap_q_mode)5, (ap_o_mode)3, 0>*, ap_fixed<16, 8, (ap_q_mode)5, (ap_o_mode)3, 0>*)' into 'TOP(ap_fixed<16, 8, (ap_q_mode)5, (ap_o_mode)3, 0>*, ap_fixed<16, 8, (ap_q_mode)5, (ap_o_mode)3, 0>*, ap_fixed<16, 8, (ap_q_mode)5, (ap_o_mode)3, 0>*, ap_fixed<16, 8, (ap_q_mode)5, (ap_o_mode)3, 0> (*) [8], char*)' (src/QRD.cpp:446:0)
INFO: [HLS 214-178] Inlining function 'DeModulation(ap_fixed<16, 8, (ap_q_mode)5, (ap_o_mode)3, 0>*, ap_uint<8>*)' into 'TOP(ap_fixed<16, 8, (ap_q_mode)5, (ap_o_mode)3, 0>*, ap_fixed<16, 8, (ap_q_mode)5, (ap_o_mode)3, 0>*, ap_fixed<16, 8, (ap_q_mode)5, (ap_o_mode)3, 0>*, ap_fixed<16, 8, (ap_q_mode)5, (ap_o_mode)3, 0> (*) [8], char*)' (src/QRD.cpp:446:0)
ERROR: [HLS 214-136] in function 'TOP(ap_fixed<16, 8, (ap_q_mode)5, (ap_o_mode)3, 0>*, ap_fixed<16, 8, (ap_q_mode)5, (ap_o_mode)3, 0>*, ap_fixed<16, 8, (ap_q_mode)5, (ap_o_mode)3, 0>*, ap_fixed<16, 8, (ap_q_mode)5, (ap_o_mode)3, 0> (*) [8], char*)': Function prototype does not match the calling site (src/QRD.cpp:492:3)
ERROR: [HLS 214-135] Syn check fail!
ERROR: [HLS 200-1715] Encountered problem during source synthesis
INFO: [HLS 200-111] Finished Command csynth_design CPU user time: 110.91 seconds. CPU system time: 6.77 seconds. Elapsed time: 120.73 seconds; current allocated memory: -873.109 MB.
Pre-synthesis failed.
    while executing
"source /users/course/2022S/HLS17000000/g110064521/HLS_Final_KBEST/CHANNEL_KBEST_ver2/MIMO/solution1/csynth.tcl"
    invoked from within
"hls::main /users/course/2022S/HLS17000000/g110064521/HLS_Final_KBEST/CHANNEL_KBEST_ver2/MIMO/solution1/csynth.tcl"
    ("uplevel" body line 1)
    invoked from within
"uplevel 1 hls::main {*}$newargs"
    (procedure "hls_proc" line 16)
    invoked from within
"hls_proc [info nameofexecutable] $argv"
INFO: [HLS 200-112] Total CPU user time: 113.91 seconds. Total CPU system time: 7.46 seconds. Total elapsed time: 123.04 seconds; peak allocated memory: 1.173 GB.
