INFO: [SIM 2] *************** CSIM start ***************
INFO: [SIM 4] CSIM will launch GCC as the compiler.
   Compiling ../../../../src/TESTBENCH.cpp in debug mode
   Compiling ../../../../src/normal_rng.cpp in debug mode
   Compiling ../../../../src/aes.cpp in debug mode
   Compiling ../../../../src/Rayleigh.cpp in debug mode
   Compiling ../../../../src/QRD.cpp in debug mode
   Compiling ../../../../src/Modulation.cpp in debug mode
   Compiling ../../../../src/AWGN.cpp in debug mode
   Generating csim.exe
  0.871094  -0.046875   1.382812  -0.437500   0.496094   0.390625   1.347656   0.746094 
  0.042969   0.871094   0.433594   1.382812  -0.394531   0.496094  -0.750000   1.347656 
 -0.238281  -0.339844   0.433594   1.121094   0.117188   0.390625  -1.500000   1.062500 
  0.335938  -0.238281  -1.125000   0.433594  -0.394531   0.117188  -1.066406  -1.500000 
 -0.441406  -0.703125   0.804688  -0.460938  -0.812500  -1.031250   2.019531   0.214844 
  0.699219  -0.441406   0.457031   0.804688   1.027344  -0.812500  -0.218750   2.019531 
 -0.593750   0.746094   1.742188  -0.351562  -0.496094   0.273438  -0.539062  -0.386719 
 -0.750000  -0.593750   0.347656   1.742188  -0.277344  -0.496094   0.382812  -0.539062 

ORIGIN SIGNAL is : 
-0.714844
0.703125
-0.714844
-0.714844
-0.714844
-0.714844
0.703125
-0.714844

SIGNAL after KBEST: 
-1.000000
1.000000
-1.000000
-1.000000
-1.000000
-1.000000
1.000000
-1.000000
INFO: [SIM 1] CSim done with 0 errors.
INFO: [SIM 3] *************** CSIM finish ***************
