#-----------------------------------------------------------
# xsim v2021.2 (64-bit)
# SW Build 3367213 on Tue Oct 19 02:48:09 MDT 2021
# IP Build 3369179 on Thu Oct 21 08:25:16 MDT 2021
# Start of session at: Thu May 26 00:02:27 2022
# Process ID: 5264
# Current directory: D:/NTHU/HLS/FINAL/CHANNEL_KBEST/MIMO/solution1/sim/verilog
# Command line: xsim.exe -mode tcl -source {xsim.dir/TOP/xsim_script.tcl}
# Log file: D:/NTHU/HLS/FINAL/CHANNEL_KBEST/MIMO/solution1/sim/verilog/xsim.log
# Journal file: D:/NTHU/HLS/FINAL/CHANNEL_KBEST/MIMO/solution1/sim/verilog\xsim.jou
# Running On: Cliff, OS: Windows, CPU Frequency: 2112 MHz, CPU Physical cores: 12, Host memory: 34088 MB
#-----------------------------------------------------------
source xsim.dir/TOP/xsim_script.tcl
# xsim {TOP} -view {{TOP_dataflow_ana.wcfg}} -tclbatch {TOP.tcl} -protoinst {TOP.protoinst}
INFO: [Wavedata 42-565] Reading protoinst file TOP.protoinst
INFO: [Wavedata 42-564]   Found protocol instance at /apatb_TOP_top/AESL_inst_TOP//AESL_inst_TOP_activity
INFO: [Wavedata 42-564]   Found protocol instance at /apatb_TOP_top/AESL_inst_TOP/grp_AWGN_fu_319/grp_AWGN_fu_319_activity
INFO: [Wavedata 42-564]   Found protocol instance at /apatb_TOP_top/AESL_inst_TOP/grp_AWGN_fu_319/grp_seedInitialization_fu_432/grp_seedInitialization_Pipeline_SEED_INIT_LOOP_fu_94/grp_seedInitialization_Pipeline_SEED_INIT_LOOP_fu_94_activity
INFO: [Wavedata 42-564]   Found protocol instance at /apatb_TOP_top/AESL_inst_TOP/grp_AWGN_fu_319/grp_seedInitialization_fu_432/grp_seedInitialization_fu_432_activity
INFO: [Wavedata 42-564]   Found protocol instance at /apatb_TOP_top/AESL_inst_TOP/grp_KBEST_fu_461/grp_KBEST_Pipeline_1_fu_903/grp_KBEST_Pipeline_1_fu_903_activity
INFO: [Wavedata 42-564]   Found protocol instance at /apatb_TOP_top/AESL_inst_TOP/grp_KBEST_fu_461/grp_KBEST_Pipeline_VITIS_LOOP_347_1_fu_939/grp_KBEST_Pipeline_VITIS_LOOP_347_1_fu_939_activity
INFO: [Wavedata 42-564]   Found protocol instance at /apatb_TOP_top/AESL_inst_TOP/grp_KBEST_fu_461/grp_KBEST_Pipeline_VITIS_LOOP_364_3_fu_947/grp_KBEST_Pipeline_VITIS_LOOP_364_3_fu_947_activity
INFO: [Wavedata 42-564]   Found protocol instance at /apatb_TOP_top/AESL_inst_TOP/grp_KBEST_fu_461/grp_KBEST_Pipeline_VITIS_LOOP_373_5_fu_1016/grp_KBEST_Pipeline_VITIS_LOOP_373_5_fu_1016_activity
INFO: [Wavedata 42-564]   Found protocol instance at /apatb_TOP_top/AESL_inst_TOP/grp_KBEST_fu_461/grp_KBEST_Pipeline_VITIS_LOOP_391_6_VITIS_LOOP_392_7_fu_1058/grp_KBEST_Pipeline_VITIS_LOOP_391_6_VITIS_LOOP_392_7_fu_1058_activity
INFO: [Wavedata 42-564]   Found protocol instance at /apatb_TOP_top/AESL_inst_TOP/grp_KBEST_fu_461/grp_KBEST_Pipeline_VITIS_LOOP_410_9_fu_1136/grp_KBEST_Pipeline_VITIS_LOOP_410_9_fu_1136_activity
INFO: [Wavedata 42-564]   Found protocol instance at /apatb_TOP_top/AESL_inst_TOP/grp_KBEST_fu_461/grp_KBEST_Pipeline_VITIS_LOOP_420_10_fu_1009/grp_KBEST_Pipeline_VITIS_LOOP_420_10_fu_1009_activity
INFO: [Wavedata 42-564]   Found protocol instance at /apatb_TOP_top/AESL_inst_TOP/grp_KBEST_fu_461/grp_KBEST_fu_461_activity
INFO: [Wavedata 42-564]   Found protocol instance at /apatb_TOP_top/AESL_inst_TOP/grp_QRD_fu_389/grp_CORDIC_R_fu_3308/grp_CORDIC_R_Pipeline_VITIS_LOOP_32_2_fu_157/grp_CORDIC_R_Pipeline_VITIS_LOOP_32_2_fu_157_activity
INFO: [Wavedata 42-564]   Found protocol instance at /apatb_TOP_top/AESL_inst_TOP/grp_QRD_fu_389/grp_CORDIC_R_fu_3308/grp_CORDIC_R_fu_3308_activity
INFO: [Wavedata 42-564]   Found protocol instance at /apatb_TOP_top/AESL_inst_TOP/grp_QRD_fu_389/grp_CORDIC_R_fu_3326/grp_CORDIC_R_Pipeline_VITIS_LOOP_32_2_fu_157/grp_CORDIC_R_Pipeline_VITIS_LOOP_32_2_fu_157_activity
INFO: [Wavedata 42-564]   Found protocol instance at /apatb_TOP_top/AESL_inst_TOP/grp_QRD_fu_389/grp_CORDIC_R_fu_3326/grp_CORDIC_R_fu_3326_activity
INFO: [Wavedata 42-564]   Found protocol instance at /apatb_TOP_top/AESL_inst_TOP/grp_QRD_fu_389/grp_CORDIC_R_fu_3335/grp_CORDIC_R_Pipeline_VITIS_LOOP_32_2_fu_157/grp_CORDIC_R_Pipeline_VITIS_LOOP_32_2_fu_157_activity
INFO: [Wavedata 42-564]   Found protocol instance at /apatb_TOP_top/AESL_inst_TOP/grp_QRD_fu_389/grp_CORDIC_R_fu_3335/grp_CORDIC_R_fu_3335_activity
INFO: [Wavedata 42-564]   Found protocol instance at /apatb_TOP_top/AESL_inst_TOP/grp_QRD_fu_389/grp_CORDIC_R_fu_3344/grp_CORDIC_R_Pipeline_VITIS_LOOP_32_2_fu_157/grp_CORDIC_R_Pipeline_VITIS_LOOP_32_2_fu_157_activity
INFO: [Wavedata 42-564]   Found protocol instance at /apatb_TOP_top/AESL_inst_TOP/grp_QRD_fu_389/grp_CORDIC_R_fu_3344/grp_CORDIC_R_fu_3344_activity
INFO: [Wavedata 42-564]   Found protocol instance at /apatb_TOP_top/AESL_inst_TOP/grp_QRD_fu_389/grp_CORDIC_R_fu_3353/grp_CORDIC_R_Pipeline_VITIS_LOOP_32_2_fu_157/grp_CORDIC_R_Pipeline_VITIS_LOOP_32_2_fu_157_activity
INFO: [Wavedata 42-564]   Found protocol instance at /apatb_TOP_top/AESL_inst_TOP/grp_QRD_fu_389/grp_CORDIC_R_fu_3353/grp_CORDIC_R_fu_3353_activity
INFO: [Wavedata 42-564]   Found protocol instance at /apatb_TOP_top/AESL_inst_TOP/grp_QRD_fu_389/grp_CORDIC_R_fu_3362/grp_CORDIC_R_Pipeline_VITIS_LOOP_32_2_fu_157/grp_CORDIC_R_Pipeline_VITIS_LOOP_32_2_fu_157_activity
INFO: [Wavedata 42-564]   Found protocol instance at /apatb_TOP_top/AESL_inst_TOP/grp_QRD_fu_389/grp_CORDIC_R_fu_3362/grp_CORDIC_R_fu_3362_activity
INFO: [Wavedata 42-564]   Found protocol instance at /apatb_TOP_top/AESL_inst_TOP/grp_QRD_fu_389/grp_CORDIC_V_fu_3293/grp_CORDIC_V_Pipeline_VITIS_LOOP_94_2_fu_173/grp_CORDIC_V_Pipeline_VITIS_LOOP_94_2_fu_173_activity
INFO: [Wavedata 42-564]   Found protocol instance at /apatb_TOP_top/AESL_inst_TOP/grp_QRD_fu_389/grp_CORDIC_V_fu_3293/grp_CORDIC_V_fu_3293_activity
INFO: [Wavedata 42-564]   Found protocol instance at /apatb_TOP_top/AESL_inst_TOP/grp_QRD_fu_389/grp_QRD_Pipeline_LOOP_01_fu_3374/grp_QRD_Pipeline_LOOP_01_fu_3374_activity
INFO: [Wavedata 42-564]   Found protocol instance at /apatb_TOP_top/AESL_inst_TOP/grp_QRD_fu_389/grp_QRD_Pipeline_LOOP_02_VITIS_LOOP_251_6_fu_3469/grp_QRD_Pipeline_LOOP_02_VITIS_LOOP_251_6_fu_3469_activity
INFO: [Wavedata 42-564]   Found protocol instance at /apatb_TOP_top/AESL_inst_TOP/grp_QRD_fu_389/grp_QRD_Pipeline_VITIS_LOOP_268_8_fu_3539/grp_QRD_Pipeline_VITIS_LOOP_268_8_fu_3539_activity
INFO: [Wavedata 42-564]   Found protocol instance at /apatb_TOP_top/AESL_inst_TOP/grp_QRD_fu_389/grp_QRD_Pipeline_VITIS_LOOP_316_9_VITIS_LOOP_317_10_fu_3674/grp_QRD_Pipeline_VITIS_LOOP_316_9_VITIS_LOOP_317_10_fu_3674_activity
INFO: [Wavedata 42-564]   Found protocol instance at /apatb_TOP_top/AESL_inst_TOP/grp_QRD_fu_389/grp_QRD_fu_389_activity
INFO: [Wavedata 42-564]   Found protocol instance at /apatb_TOP_top/AESL_inst_TOP/grp_Rayleigh_fu_311/grp_Rayleigh_Pipeline_VITIS_LOOP_28_1_VITIS_LOOP_29_2_fu_54/grp_Rayleigh_Pipeline_VITIS_LOOP_28_1_VITIS_LOOP_29_2_fu_54_activity
INFO: [Wavedata 42-564]   Found protocol instance at /apatb_TOP_top/AESL_inst_TOP/grp_Rayleigh_fu_311/grp_Rayleigh_Pipeline_VITIS_LOOP_39_3_VITIS_LOOP_40_4_fu_66/grp_Rayleigh_Pipeline_VITIS_LOOP_39_3_VITIS_LOOP_40_4_fu_66_activity
INFO: [Wavedata 42-564]   Found protocol instance at /apatb_TOP_top/AESL_inst_TOP/grp_Rayleigh_fu_311/grp_Rayleigh_Pipeline_VITIS_LOOP_67_6_fu_74/grp_Rayleigh_Pipeline_VITIS_LOOP_67_6_fu_74_activity
INFO: [Wavedata 42-564]   Found protocol instance at /apatb_TOP_top/AESL_inst_TOP/grp_Rayleigh_fu_311/grp_Rayleigh_fu_311_activity
INFO: [Wavedata 42-564]   Found protocol instance at /apatb_TOP_top/AESL_inst_TOP/grp_Rayleigh_fu_311/grp_seedInitialization_fu_40/grp_seedInitialization_Pipeline_SEED_INIT_LOOP_fu_94/grp_seedInitialization_Pipeline_SEED_INIT_LOOP_fu_94_activity
INFO: [Wavedata 42-564]   Found protocol instance at /apatb_TOP_top/AESL_inst_TOP/grp_Rayleigh_fu_311/grp_seedInitialization_fu_40/grp_seedInitialization_fu_40_activity
INFO: [Wavedata 42-564]   Found protocol instance at /apatb_TOP_top/AESL_inst_TOP/grp_TOP_Pipeline_VITIS_LOOP_433_1_fu_445/grp_TOP_Pipeline_VITIS_LOOP_433_1_fu_445_activity
INFO: [Wavedata 42-564]   Found protocol instance at /apatb_TOP_top/AESL_inst_TOP/grp_TOP_Pipeline_VITIS_LOOP_461_1_fu_303/grp_TOP_Pipeline_VITIS_LOOP_461_1_fu_303_activity
INFO: [Wavedata 42-564]   Found protocol instance at /apatb_TOP_top/AESL_inst_TOP/grp_TOP_Pipeline_VITIS_LOOP_482_2_VITIS_LOOP_483_3_fu_325/grp_TOP_Pipeline_VITIS_LOOP_482_2_VITIS_LOOP_483_3_fu_325_activity
INFO: [Wavedata 42-564]   Found protocol instance at /apatb_TOP_top/AESL_inst_TOP/grp_TOP_Pipeline_VITIS_LOOP_488_4_fu_346/grp_TOP_Pipeline_VITIS_LOOP_488_4_fu_346_activity
INFO: [Wavedata 42-564]   Found protocol instance at /apatb_TOP_top/AESL_inst_TOP/grp_TOP_Pipeline_VITIS_LOOP_492_5_VITIS_LOOP_493_6_fu_352/grp_TOP_Pipeline_VITIS_LOOP_492_5_VITIS_LOOP_493_6_fu_352_activity
Time resolution is 1 ps
open_wave_config TOP_dataflow_ana.wcfg
source TOP.tcl
## log_wave -r /
WARNING: [Simtcl 6-197] One or more HDL objects could not be logged because of object type or size limitations.  To see details please rerun the command with -verbose (-v).
## set designtopgroup [add_wave_group "Design Top Signals"]
## set cinoutgroup [add_wave_group "C InOuts" -into $designtopgroup]
## set return_group [add_wave_group return(memory) -into $cinoutgroup]
## add_wave /apatb_TOP_top/AESL_inst_TOP/Y_7_q1 -into $return_group -radix hex
## add_wave /apatb_TOP_top/AESL_inst_TOP/Y_7_ce1 -into $return_group -color #ffff00 -radix hex
## add_wave /apatb_TOP_top/AESL_inst_TOP/Y_7_address1 -into $return_group -radix hex
## add_wave /apatb_TOP_top/AESL_inst_TOP/Y_7_q0 -into $return_group -radix hex
## add_wave /apatb_TOP_top/AESL_inst_TOP/Y_7_d0 -into $return_group -radix hex
## add_wave /apatb_TOP_top/AESL_inst_TOP/Y_7_we0 -into $return_group -color #ffff00 -radix hex
## add_wave /apatb_TOP_top/AESL_inst_TOP/Y_7_ce0 -into $return_group -color #ffff00 -radix hex
## add_wave /apatb_TOP_top/AESL_inst_TOP/Y_7_address0 -into $return_group -radix hex
## add_wave /apatb_TOP_top/AESL_inst_TOP/Y_6_q1 -into $return_group -radix hex
## add_wave /apatb_TOP_top/AESL_inst_TOP/Y_6_ce1 -into $return_group -color #ffff00 -radix hex
## add_wave /apatb_TOP_top/AESL_inst_TOP/Y_6_address1 -into $return_group -radix hex
## add_wave /apatb_TOP_top/AESL_inst_TOP/Y_6_q0 -into $return_group -radix hex
## add_wave /apatb_TOP_top/AESL_inst_TOP/Y_6_d0 -into $return_group -radix hex
## add_wave /apatb_TOP_top/AESL_inst_TOP/Y_6_we0 -into $return_group -color #ffff00 -radix hex
## add_wave /apatb_TOP_top/AESL_inst_TOP/Y_6_ce0 -into $return_group -color #ffff00 -radix hex
## add_wave /apatb_TOP_top/AESL_inst_TOP/Y_6_address0 -into $return_group -radix hex
## add_wave /apatb_TOP_top/AESL_inst_TOP/Y_5_q1 -into $return_group -radix hex
## add_wave /apatb_TOP_top/AESL_inst_TOP/Y_5_ce1 -into $return_group -color #ffff00 -radix hex
## add_wave /apatb_TOP_top/AESL_inst_TOP/Y_5_address1 -into $return_group -radix hex
## add_wave /apatb_TOP_top/AESL_inst_TOP/Y_5_q0 -into $return_group -radix hex
## add_wave /apatb_TOP_top/AESL_inst_TOP/Y_5_d0 -into $return_group -radix hex
## add_wave /apatb_TOP_top/AESL_inst_TOP/Y_5_we0 -into $return_group -color #ffff00 -radix hex
## add_wave /apatb_TOP_top/AESL_inst_TOP/Y_5_ce0 -into $return_group -color #ffff00 -radix hex
## add_wave /apatb_TOP_top/AESL_inst_TOP/Y_5_address0 -into $return_group -radix hex
## add_wave /apatb_TOP_top/AESL_inst_TOP/Y_4_q1 -into $return_group -radix hex
## add_wave /apatb_TOP_top/AESL_inst_TOP/Y_4_ce1 -into $return_group -color #ffff00 -radix hex
## add_wave /apatb_TOP_top/AESL_inst_TOP/Y_4_address1 -into $return_group -radix hex
## add_wave /apatb_TOP_top/AESL_inst_TOP/Y_4_q0 -into $return_group -radix hex
## add_wave /apatb_TOP_top/AESL_inst_TOP/Y_4_d0 -into $return_group -radix hex
## add_wave /apatb_TOP_top/AESL_inst_TOP/Y_4_we0 -into $return_group -color #ffff00 -radix hex
## add_wave /apatb_TOP_top/AESL_inst_TOP/Y_4_ce0 -into $return_group -color #ffff00 -radix hex
## add_wave /apatb_TOP_top/AESL_inst_TOP/Y_4_address0 -into $return_group -radix hex
## add_wave /apatb_TOP_top/AESL_inst_TOP/Y_3_q1 -into $return_group -radix hex
## add_wave /apatb_TOP_top/AESL_inst_TOP/Y_3_ce1 -into $return_group -color #ffff00 -radix hex
## add_wave /apatb_TOP_top/AESL_inst_TOP/Y_3_address1 -into $return_group -radix hex
## add_wave /apatb_TOP_top/AESL_inst_TOP/Y_3_q0 -into $return_group -radix hex
## add_wave /apatb_TOP_top/AESL_inst_TOP/Y_3_d0 -into $return_group -radix hex
## add_wave /apatb_TOP_top/AESL_inst_TOP/Y_3_we0 -into $return_group -color #ffff00 -radix hex
## add_wave /apatb_TOP_top/AESL_inst_TOP/Y_3_ce0 -into $return_group -color #ffff00 -radix hex
## add_wave /apatb_TOP_top/AESL_inst_TOP/Y_3_address0 -into $return_group -radix hex
## add_wave /apatb_TOP_top/AESL_inst_TOP/Y_2_q1 -into $return_group -radix hex
## add_wave /apatb_TOP_top/AESL_inst_TOP/Y_2_ce1 -into $return_group -color #ffff00 -radix hex
## add_wave /apatb_TOP_top/AESL_inst_TOP/Y_2_address1 -into $return_group -radix hex
## add_wave /apatb_TOP_top/AESL_inst_TOP/Y_2_q0 -into $return_group -radix hex
## add_wave /apatb_TOP_top/AESL_inst_TOP/Y_2_d0 -into $return_group -radix hex
## add_wave /apatb_TOP_top/AESL_inst_TOP/Y_2_we0 -into $return_group -color #ffff00 -radix hex
## add_wave /apatb_TOP_top/AESL_inst_TOP/Y_2_ce0 -into $return_group -color #ffff00 -radix hex
## add_wave /apatb_TOP_top/AESL_inst_TOP/Y_2_address0 -into $return_group -radix hex
## add_wave /apatb_TOP_top/AESL_inst_TOP/Y_1_q1 -into $return_group -radix hex
## add_wave /apatb_TOP_top/AESL_inst_TOP/Y_1_ce1 -into $return_group -color #ffff00 -radix hex
## add_wave /apatb_TOP_top/AESL_inst_TOP/Y_1_address1 -into $return_group -radix hex
## add_wave /apatb_TOP_top/AESL_inst_TOP/Y_1_q0 -into $return_group -radix hex
## add_wave /apatb_TOP_top/AESL_inst_TOP/Y_1_d0 -into $return_group -radix hex
## add_wave /apatb_TOP_top/AESL_inst_TOP/Y_1_we0 -into $return_group -color #ffff00 -radix hex
## add_wave /apatb_TOP_top/AESL_inst_TOP/Y_1_ce0 -into $return_group -color #ffff00 -radix hex
## add_wave /apatb_TOP_top/AESL_inst_TOP/Y_1_address0 -into $return_group -radix hex
## add_wave /apatb_TOP_top/AESL_inst_TOP/Y_0_q1 -into $return_group -radix hex
## add_wave /apatb_TOP_top/AESL_inst_TOP/Y_0_ce1 -into $return_group -color #ffff00 -radix hex
## add_wave /apatb_TOP_top/AESL_inst_TOP/Y_0_address1 -into $return_group -radix hex
## add_wave /apatb_TOP_top/AESL_inst_TOP/Y_0_q0 -into $return_group -radix hex
## add_wave /apatb_TOP_top/AESL_inst_TOP/Y_0_d0 -into $return_group -radix hex
## add_wave /apatb_TOP_top/AESL_inst_TOP/Y_0_we0 -into $return_group -color #ffff00 -radix hex
## add_wave /apatb_TOP_top/AESL_inst_TOP/Y_0_ce0 -into $return_group -color #ffff00 -radix hex
## add_wave /apatb_TOP_top/AESL_inst_TOP/Y_0_address0 -into $return_group -radix hex
## set coutputgroup [add_wave_group "C Outputs" -into $designtopgroup]
## set return_group [add_wave_group return(axi_slave) -into $coutputgroup]
## add_wave /apatb_TOP_top/AESL_inst_TOP/out_r_d0 -into $return_group -radix hex
## add_wave /apatb_TOP_top/AESL_inst_TOP/out_r_we0 -into $return_group -color #ffff00 -radix hex
## add_wave /apatb_TOP_top/AESL_inst_TOP/out_r_ce0 -into $return_group -color #ffff00 -radix hex
## add_wave /apatb_TOP_top/AESL_inst_TOP/out_r_address0 -into $return_group -radix hex
## add_wave /apatb_TOP_top/AESL_inst_TOP/xxi_d0 -into $return_group -radix hex
## add_wave /apatb_TOP_top/AESL_inst_TOP/xxi_we0 -into $return_group -color #ffff00 -radix hex
## add_wave /apatb_TOP_top/AESL_inst_TOP/xxi_ce0 -into $return_group -color #ffff00 -radix hex
## add_wave /apatb_TOP_top/AESL_inst_TOP/xxi_address0 -into $return_group -radix hex
## add_wave /apatb_TOP_top/AESL_inst_TOP/xxr_d0 -into $return_group -radix hex
## add_wave /apatb_TOP_top/AESL_inst_TOP/xxr_we0 -into $return_group -color #ffff00 -radix hex
## add_wave /apatb_TOP_top/AESL_inst_TOP/xxr_ce0 -into $return_group -color #ffff00 -radix hex
## add_wave /apatb_TOP_top/AESL_inst_TOP/xxr_address0 -into $return_group -radix hex
## add_wave /apatb_TOP_top/AESL_inst_TOP/ap_local_deadlock -into $return_group -radix hex
## add_wave /apatb_TOP_top/AESL_inst_TOP/ap_local_block -into $return_group -radix hex
## set blocksiggroup [add_wave_group "Block-level IO Handshake" -into $designtopgroup]
## add_wave /apatb_TOP_top/AESL_inst_TOP/ap_start -into $blocksiggroup
## add_wave /apatb_TOP_top/AESL_inst_TOP/ap_done -into $blocksiggroup
## add_wave /apatb_TOP_top/AESL_inst_TOP/ap_idle -into $blocksiggroup
## add_wave /apatb_TOP_top/AESL_inst_TOP/ap_ready -into $blocksiggroup
## set resetgroup [add_wave_group "Reset" -into $designtopgroup]
## add_wave /apatb_TOP_top/AESL_inst_TOP/ap_rst -into $resetgroup
## set clockgroup [add_wave_group "Clock" -into $designtopgroup]
## add_wave /apatb_TOP_top/AESL_inst_TOP/ap_clk -into $clockgroup
## set testbenchgroup [add_wave_group "Test Bench Signals"]
## set tbinternalsiggroup [add_wave_group "Internal Signals" -into $testbenchgroup]
## set tb_simstatus_group [add_wave_group "Simulation Status" -into $tbinternalsiggroup]
## set tb_portdepth_group [add_wave_group "Port Depth" -into $tbinternalsiggroup]
## add_wave /apatb_TOP_top/AUTOTB_TRANSACTION_NUM -into $tb_simstatus_group -radix hex
## add_wave /apatb_TOP_top/ready_cnt -into $tb_simstatus_group -radix hex
## add_wave /apatb_TOP_top/done_cnt -into $tb_simstatus_group -radix hex
## add_wave /apatb_TOP_top/LENGTH_xxr -into $tb_portdepth_group -radix hex
## add_wave /apatb_TOP_top/LENGTH_xxi -into $tb_portdepth_group -radix hex
## add_wave /apatb_TOP_top/LENGTH_out_r -into $tb_portdepth_group -radix hex
## add_wave /apatb_TOP_top/LENGTH_Y_0 -into $tb_portdepth_group -radix hex
## add_wave /apatb_TOP_top/LENGTH_Y_1 -into $tb_portdepth_group -radix hex
## add_wave /apatb_TOP_top/LENGTH_Y_2 -into $tb_portdepth_group -radix hex
## add_wave /apatb_TOP_top/LENGTH_Y_3 -into $tb_portdepth_group -radix hex
## add_wave /apatb_TOP_top/LENGTH_Y_4 -into $tb_portdepth_group -radix hex
## add_wave /apatb_TOP_top/LENGTH_Y_5 -into $tb_portdepth_group -radix hex
## add_wave /apatb_TOP_top/LENGTH_Y_6 -into $tb_portdepth_group -radix hex
## add_wave /apatb_TOP_top/LENGTH_Y_7 -into $tb_portdepth_group -radix hex
## set tbcinoutgroup [add_wave_group "C InOuts" -into $testbenchgroup]
## set tb_return_group [add_wave_group return(memory) -into $tbcinoutgroup]
## add_wave /apatb_TOP_top/Y_7_q1 -into $tb_return_group -radix hex
## add_wave /apatb_TOP_top/Y_7_ce1 -into $tb_return_group -color #ffff00 -radix hex
## add_wave /apatb_TOP_top/Y_7_address1 -into $tb_return_group -radix hex
## add_wave /apatb_TOP_top/Y_7_q0 -into $tb_return_group -radix hex
## add_wave /apatb_TOP_top/Y_7_d0 -into $tb_return_group -radix hex
## add_wave /apatb_TOP_top/Y_7_we0 -into $tb_return_group -color #ffff00 -radix hex
## add_wave /apatb_TOP_top/Y_7_ce0 -into $tb_return_group -color #ffff00 -radix hex
## add_wave /apatb_TOP_top/Y_7_address0 -into $tb_return_group -radix hex
## add_wave /apatb_TOP_top/Y_6_q1 -into $tb_return_group -radix hex
## add_wave /apatb_TOP_top/Y_6_ce1 -into $tb_return_group -color #ffff00 -radix hex
## add_wave /apatb_TOP_top/Y_6_address1 -into $tb_return_group -radix hex
## add_wave /apatb_TOP_top/Y_6_q0 -into $tb_return_group -radix hex
## add_wave /apatb_TOP_top/Y_6_d0 -into $tb_return_group -radix hex
## add_wave /apatb_TOP_top/Y_6_we0 -into $tb_return_group -color #ffff00 -radix hex
## add_wave /apatb_TOP_top/Y_6_ce0 -into $tb_return_group -color #ffff00 -radix hex
## add_wave /apatb_TOP_top/Y_6_address0 -into $tb_return_group -radix hex
## add_wave /apatb_TOP_top/Y_5_q1 -into $tb_return_group -radix hex
## add_wave /apatb_TOP_top/Y_5_ce1 -into $tb_return_group -color #ffff00 -radix hex
## add_wave /apatb_TOP_top/Y_5_address1 -into $tb_return_group -radix hex
## add_wave /apatb_TOP_top/Y_5_q0 -into $tb_return_group -radix hex
## add_wave /apatb_TOP_top/Y_5_d0 -into $tb_return_group -radix hex
## add_wave /apatb_TOP_top/Y_5_we0 -into $tb_return_group -color #ffff00 -radix hex
## add_wave /apatb_TOP_top/Y_5_ce0 -into $tb_return_group -color #ffff00 -radix hex
## add_wave /apatb_TOP_top/Y_5_address0 -into $tb_return_group -radix hex
## add_wave /apatb_TOP_top/Y_4_q1 -into $tb_return_group -radix hex
## add_wave /apatb_TOP_top/Y_4_ce1 -into $tb_return_group -color #ffff00 -radix hex
## add_wave /apatb_TOP_top/Y_4_address1 -into $tb_return_group -radix hex
## add_wave /apatb_TOP_top/Y_4_q0 -into $tb_return_group -radix hex
## add_wave /apatb_TOP_top/Y_4_d0 -into $tb_return_group -radix hex
## add_wave /apatb_TOP_top/Y_4_we0 -into $tb_return_group -color #ffff00 -radix hex
## add_wave /apatb_TOP_top/Y_4_ce0 -into $tb_return_group -color #ffff00 -radix hex
## add_wave /apatb_TOP_top/Y_4_address0 -into $tb_return_group -radix hex
## add_wave /apatb_TOP_top/Y_3_q1 -into $tb_return_group -radix hex
## add_wave /apatb_TOP_top/Y_3_ce1 -into $tb_return_group -color #ffff00 -radix hex
## add_wave /apatb_TOP_top/Y_3_address1 -into $tb_return_group -radix hex
## add_wave /apatb_TOP_top/Y_3_q0 -into $tb_return_group -radix hex
## add_wave /apatb_TOP_top/Y_3_d0 -into $tb_return_group -radix hex
## add_wave /apatb_TOP_top/Y_3_we0 -into $tb_return_group -color #ffff00 -radix hex
## add_wave /apatb_TOP_top/Y_3_ce0 -into $tb_return_group -color #ffff00 -radix hex
## add_wave /apatb_TOP_top/Y_3_address0 -into $tb_return_group -radix hex
## add_wave /apatb_TOP_top/Y_2_q1 -into $tb_return_group -radix hex
## add_wave /apatb_TOP_top/Y_2_ce1 -into $tb_return_group -color #ffff00 -radix hex
## add_wave /apatb_TOP_top/Y_2_address1 -into $tb_return_group -radix hex
## add_wave /apatb_TOP_top/Y_2_q0 -into $tb_return_group -radix hex
## add_wave /apatb_TOP_top/Y_2_d0 -into $tb_return_group -radix hex
## add_wave /apatb_TOP_top/Y_2_we0 -into $tb_return_group -color #ffff00 -radix hex
## add_wave /apatb_TOP_top/Y_2_ce0 -into $tb_return_group -color #ffff00 -radix hex
## add_wave /apatb_TOP_top/Y_2_address0 -into $tb_return_group -radix hex
## add_wave /apatb_TOP_top/Y_1_q1 -into $tb_return_group -radix hex
## add_wave /apatb_TOP_top/Y_1_ce1 -into $tb_return_group -color #ffff00 -radix hex
## add_wave /apatb_TOP_top/Y_1_address1 -into $tb_return_group -radix hex
## add_wave /apatb_TOP_top/Y_1_q0 -into $tb_return_group -radix hex
## add_wave /apatb_TOP_top/Y_1_d0 -into $tb_return_group -radix hex
## add_wave /apatb_TOP_top/Y_1_we0 -into $tb_return_group -color #ffff00 -radix hex
## add_wave /apatb_TOP_top/Y_1_ce0 -into $tb_return_group -color #ffff00 -radix hex
## add_wave /apatb_TOP_top/Y_1_address0 -into $tb_return_group -radix hex
## add_wave /apatb_TOP_top/Y_0_q1 -into $tb_return_group -radix hex
## add_wave /apatb_TOP_top/Y_0_ce1 -into $tb_return_group -color #ffff00 -radix hex
## add_wave /apatb_TOP_top/Y_0_address1 -into $tb_return_group -radix hex
## add_wave /apatb_TOP_top/Y_0_q0 -into $tb_return_group -radix hex
## add_wave /apatb_TOP_top/Y_0_d0 -into $tb_return_group -radix hex
## add_wave /apatb_TOP_top/Y_0_we0 -into $tb_return_group -color #ffff00 -radix hex
## add_wave /apatb_TOP_top/Y_0_ce0 -into $tb_return_group -color #ffff00 -radix hex
## add_wave /apatb_TOP_top/Y_0_address0 -into $tb_return_group -radix hex
## set tbcoutputgroup [add_wave_group "C Outputs" -into $testbenchgroup]
## set tb_return_group [add_wave_group return(axi_slave) -into $tbcoutputgroup]
## add_wave /apatb_TOP_top/out_r_d0 -into $tb_return_group -radix hex
## add_wave /apatb_TOP_top/out_r_we0 -into $tb_return_group -color #ffff00 -radix hex
## add_wave /apatb_TOP_top/out_r_ce0 -into $tb_return_group -color #ffff00 -radix hex
## add_wave /apatb_TOP_top/out_r_address0 -into $tb_return_group -radix hex
## add_wave /apatb_TOP_top/xxi_d0 -into $tb_return_group -radix hex
## add_wave /apatb_TOP_top/xxi_we0 -into $tb_return_group -color #ffff00 -radix hex
## add_wave /apatb_TOP_top/xxi_ce0 -into $tb_return_group -color #ffff00 -radix hex
## add_wave /apatb_TOP_top/xxi_address0 -into $tb_return_group -radix hex
## add_wave /apatb_TOP_top/xxr_d0 -into $tb_return_group -radix hex
## add_wave /apatb_TOP_top/xxr_we0 -into $tb_return_group -color #ffff00 -radix hex
## add_wave /apatb_TOP_top/xxr_ce0 -into $tb_return_group -color #ffff00 -radix hex
## add_wave /apatb_TOP_top/xxr_address0 -into $tb_return_group -radix hex
## add_wave /apatb_TOP_top/ap_local_deadlock -into $tb_return_group -radix hex
## add_wave /apatb_TOP_top/ap_local_block -into $tb_return_group -radix hex
## save_wave_config TOP.wcfg
## run all
////////////////////////////////////////////////////////////////////////////////////
// Inter-Transaction Progress: Completed Transaction / Total Transaction
// Intra-Transaction Progress: Measured Latency / Latency Estimation * 100%
//
// RTL Simulation : "Inter-Transaction Progress" ["Intra-Transaction Progress"] @ "Simulation Time"
////////////////////////////////////////////////////////////////////////////////////
// RTL Simulation : 0 / 1 [0.00%] @ "165000"
Warning: OPMODE Input Warning : The OPMODE 001XXXX with CARRYINSEL  000 to DSP48E1 instance is invalid.
Time: 22995 ns  Iteration: 27  Process: /apatb_TOP_top/AESL_inst_TOP/dadd_64ns_64ns_64_2_full_dsp_1_U1103/TOP_dadd_64ns_64ns_64_2_full_dsp_1_ip_u/inst/i_synth/addsub_op/ADDSUB/logic_speed/OP/ALIGN_BLK/FRAC_ADDSUB/dsp_add/FRAC_ADDSUB/i_no_versal_es1_workaround/dsp48e1_add/DSP48E1_ADD/i_no_versal_es1_workaround/DSP/prcs_opmode_drc  File: D:/Xilinx/Vivado/2021.2/data/vhdl/src/unisims/primitive/DSP48E1.vhd
Warning: OPMODE Input Warning : The OPMODE 001XXXX with CARRYINSEL  000 to DSP48E1 instance is invalid.
Time: 23055 ns  Iteration: 25  Process: /apatb_TOP_top/AESL_inst_TOP/dadd_64ns_64ns_64_2_full_dsp_1_U1103/TOP_dadd_64ns_64ns_64_2_full_dsp_1_ip_u/inst/i_synth/addsub_op/ADDSUB/logic_speed/OP/ALIGN_BLK/FRAC_ADDSUB/dsp_add/FRAC_ADDSUB/i_no_versal_es1_workaround/dsp48e1_add/DSP48E1_ADD/i_no_versal_es1_workaround/DSP/prcs_opmode_drc  File: D:/Xilinx/Vivado/2021.2/data/vhdl/src/unisims/primitive/DSP48E1.vhd
Warning: OPMODE Input Warning : The OPMODE 001XXXX with CARRYINSEL  000 to DSP48E1 instance is invalid.
Time: 23115 ns  Iteration: 25  Process: /apatb_TOP_top/AESL_inst_TOP/grp_Rayleigh_fu_311/grp_Rayleigh_Pipeline_VITIS_LOOP_67_6_fu_74/dadd_64ns_64ns_64_2_full_dsp_1_U62/TOP_dadd_64ns_64ns_64_2_full_dsp_1_ip_u/inst/i_synth/addsub_op/ADDSUB/logic_speed/OP/ALIGN_BLK/FRAC_ADDSUB/dsp_add/FRAC_ADDSUB/i_no_versal_es1_workaround/dsp48e1_add/DSP48E1_ADD/i_no_versal_es1_workaround/DSP/prcs_opmode_drc  File: D:/Xilinx/Vivado/2021.2/data/vhdl/src/unisims/primitive/DSP48E1.vhd
Warning: OPMODE Input Warning : The OPMODE 001XXXX with CARRYINSEL  000 to DSP48E1 instance is invalid.
Time: 23115 ns  Iteration: 27  Process: /apatb_TOP_top/AESL_inst_TOP/dadd_64ns_64ns_64_2_full_dsp_1_U1103/TOP_dadd_64ns_64ns_64_2_full_dsp_1_ip_u/inst/i_synth/addsub_op/ADDSUB/logic_speed/OP/ALIGN_BLK/FRAC_ADDSUB/dsp_add/FRAC_ADDSUB/i_no_versal_es1_workaround/dsp48e1_add/DSP48E1_ADD/i_no_versal_es1_workaround/DSP/prcs_opmode_drc  File: D:/Xilinx/Vivado/2021.2/data/vhdl/src/unisims/primitive/DSP48E1.vhd
Warning: OPMODE Input Warning : The OPMODE 001XXXX with CARRYINSEL  000 to DSP48E1 instance is invalid.
Time: 23175 ns  Iteration: 25  Process: /apatb_TOP_top/AESL_inst_TOP/grp_Rayleigh_fu_311/grp_Rayleigh_Pipeline_VITIS_LOOP_67_6_fu_74/dadd_64ns_64ns_64_2_full_dsp_1_U62/TOP_dadd_64ns_64ns_64_2_full_dsp_1_ip_u/inst/i_synth/addsub_op/ADDSUB/logic_speed/OP/ALIGN_BLK/FRAC_ADDSUB/dsp_add/FRAC_ADDSUB/i_no_versal_es1_workaround/dsp48e1_add/DSP48E1_ADD/i_no_versal_es1_workaround/DSP/prcs_opmode_drc  File: D:/Xilinx/Vivado/2021.2/data/vhdl/src/unisims/primitive/DSP48E1.vhd
Warning: OPMODE Input Warning : The OPMODE 001XXXX with CARRYINSEL  000 to DSP48E1 instance is invalid.
Time: 23175 ns  Iteration: 25  Process: /apatb_TOP_top/AESL_inst_TOP/dadd_64ns_64ns_64_2_full_dsp_1_U1103/TOP_dadd_64ns_64ns_64_2_full_dsp_1_ip_u/inst/i_synth/addsub_op/ADDSUB/logic_speed/OP/ALIGN_BLK/FRAC_ADDSUB/dsp_add/FRAC_ADDSUB/i_no_versal_es1_workaround/dsp48e1_add/DSP48E1_ADD/i_no_versal_es1_workaround/DSP/prcs_opmode_drc  File: D:/Xilinx/Vivado/2021.2/data/vhdl/src/unisims/primitive/DSP48E1.vhd
Warning: OPMODE Input Warning : The OPMODE 001XXXX with CARRYINSEL  000 to DSP48E1 instance is invalid.
Time: 23235 ns  Iteration: 25  Process: /apatb_TOP_top/AESL_inst_TOP/grp_Rayleigh_fu_311/grp_Rayleigh_Pipeline_VITIS_LOOP_67_6_fu_74/dadd_64ns_64ns_64_2_full_dsp_1_U62/TOP_dadd_64ns_64ns_64_2_full_dsp_1_ip_u/inst/i_synth/addsub_op/ADDSUB/logic_speed/OP/ALIGN_BLK/FRAC_ADDSUB/dsp_add/FRAC_ADDSUB/i_no_versal_es1_workaround/dsp48e1_add/DSP48E1_ADD/i_no_versal_es1_workaround/DSP/prcs_opmode_drc  File: D:/Xilinx/Vivado/2021.2/data/vhdl/src/unisims/primitive/DSP48E1.vhd
Warning: OPMODE Input Warning : The OPMODE 001XXXX with CARRYINSEL  000 to DSP48E1 instance is invalid.
Time: 23295 ns  Iteration: 25  Process: /apatb_TOP_top/AESL_inst_TOP/grp_Rayleigh_fu_311/grp_Rayleigh_Pipeline_VITIS_LOOP_67_6_fu_74/dadd_64ns_64ns_64_2_full_dsp_1_U62/TOP_dadd_64ns_64ns_64_2_full_dsp_1_ip_u/inst/i_synth/addsub_op/ADDSUB/logic_speed/OP/ALIGN_BLK/FRAC_ADDSUB/dsp_add/FRAC_ADDSUB/i_no_versal_es1_workaround/dsp48e1_add/DSP48E1_ADD/i_no_versal_es1_workaround/DSP/prcs_opmode_drc  File: D:/Xilinx/Vivado/2021.2/data/vhdl/src/unisims/primitive/DSP48E1.vhd
Warning: OPMODE Input Warning : The OPMODE 001XXXX with CARRYINSEL  000 to DSP48E1 instance is invalid.
Time: 23925 ns  Iteration: 25  Process: /apatb_TOP_top/AESL_inst_TOP/dadd_64ns_64ns_64_2_full_dsp_1_U1103/TOP_dadd_64ns_64ns_64_2_full_dsp_1_ip_u/inst/i_synth/addsub_op/ADDSUB/logic_speed/OP/ALIGN_BLK/FRAC_ADDSUB/dsp_add/FRAC_ADDSUB/i_no_versal_es1_workaround/dsp48e1_add/DSP48E1_ADD/i_no_versal_es1_workaround/DSP/prcs_opmode_drc  File: D:/Xilinx/Vivado/2021.2/data/vhdl/src/unisims/primitive/DSP48E1.vhd
Warning: OPMODE Input Warning : The OPMODE 011XX11 with CARRYINSEL  000 to DSP48E1 instance is invalid.
Time: 23925001 ps  Iteration: 13  Process: /apatb_TOP_top/AESL_inst_TOP/grp_Rayleigh_fu_311/grp_Rayleigh_Pipeline_VITIS_LOOP_67_6_fu_74/dmul_64ns_64ns_64_3_max_dsp_1_U63/TOP_dmul_64ns_64ns_64_3_max_dsp_1_ip_u/inst/i_synth/mult/OP/i_non_prim/R_AND_R/logic/R_AND_R/dsp48_e1/dsp48e1_add/DSP48E1_ADD/i_no_versal_es1_workaround/DSP/prcs_opmode_drc  File: D:/Xilinx/Vivado/2021.2/data/vhdl/src/unisims/primitive/DSP48E1.vhd
Warning: OPMODE Input Warning : The OPMODE 011XX11 with CARRYINSEL  000 to DSP48E1 instance is invalid.
Time: 23925001 ps  Iteration: 13  Process: /apatb_TOP_top/AESL_inst_TOP/grp_Rayleigh_fu_311/grp_Rayleigh_Pipeline_VITIS_LOOP_67_6_fu_74/dmul_64ns_64ns_64_3_max_dsp_1_U64/TOP_dmul_64ns_64ns_64_3_max_dsp_1_ip_u/inst/i_synth/mult/OP/i_non_prim/R_AND_R/logic/R_AND_R/dsp48_e1/dsp48e1_add/DSP48E1_ADD/i_no_versal_es1_workaround/DSP/prcs_opmode_drc  File: D:/Xilinx/Vivado/2021.2/data/vhdl/src/unisims/primitive/DSP48E1.vhd
Warning: OPMODE Input Warning : The OPMODE 001XXXX with CARRYINSEL  000 to DSP48E1 instance is invalid.
Time: 23985 ns  Iteration: 19  Process: /apatb_TOP_top/AESL_inst_TOP/dadd_64ns_64ns_64_2_full_dsp_1_U1103/TOP_dadd_64ns_64ns_64_2_full_dsp_1_ip_u/inst/i_synth/addsub_op/ADDSUB/logic_speed/OP/ALIGN_BLK/FRAC_ADDSUB/dsp_add/FRAC_ADDSUB/i_no_versal_es1_workaround/dsp48e1_add/DSP48E1_ADD/i_no_versal_es1_workaround/DSP/prcs_opmode_drc  File: D:/Xilinx/Vivado/2021.2/data/vhdl/src/unisims/primitive/DSP48E1.vhd
Warning: OPMODE Input Warning : The OPMODE 001XXXX with CARRYINSEL  000 to DSP48E1 instance is invalid.
Time: 24045 ns  Iteration: 19  Process: /apatb_TOP_top/AESL_inst_TOP/grp_Rayleigh_fu_311/grp_Rayleigh_Pipeline_VITIS_LOOP_67_6_fu_74/dadd_64ns_64ns_64_2_full_dsp_1_U62/TOP_dadd_64ns_64ns_64_2_full_dsp_1_ip_u/inst/i_synth/addsub_op/ADDSUB/logic_speed/OP/ALIGN_BLK/FRAC_ADDSUB/dsp_add/FRAC_ADDSUB/i_no_versal_es1_workaround/dsp48e1_add/DSP48E1_ADD/i_no_versal_es1_workaround/DSP/prcs_opmode_drc  File: D:/Xilinx/Vivado/2021.2/data/vhdl/src/unisims/primitive/DSP48E1.vhd
Warning: OPMODE Input Warning : The OPMODE 001XXXX with CARRYINSEL  000 to DSP48E1 instance is invalid.
Time: 24045 ns  Iteration: 19  Process: /apatb_TOP_top/AESL_inst_TOP/dadd_64ns_64ns_64_2_full_dsp_1_U1103/TOP_dadd_64ns_64ns_64_2_full_dsp_1_ip_u/inst/i_synth/addsub_op/ADDSUB/logic_speed/OP/ALIGN_BLK/FRAC_ADDSUB/dsp_add/FRAC_ADDSUB/i_no_versal_es1_workaround/dsp48e1_add/DSP48E1_ADD/i_no_versal_es1_workaround/DSP/prcs_opmode_drc  File: D:/Xilinx/Vivado/2021.2/data/vhdl/src/unisims/primitive/DSP48E1.vhd
Warning: OPMODE Input Warning : The OPMODE 001XXXX with CARRYINSEL  000 to DSP48E1 instance is invalid.
Time: 24105 ns  Iteration: 19  Process: /apatb_TOP_top/AESL_inst_TOP/grp_Rayleigh_fu_311/grp_Rayleigh_Pipeline_VITIS_LOOP_67_6_fu_74/dadd_64ns_64ns_64_2_full_dsp_1_U62/TOP_dadd_64ns_64ns_64_2_full_dsp_1_ip_u/inst/i_synth/addsub_op/ADDSUB/logic_speed/OP/ALIGN_BLK/FRAC_ADDSUB/dsp_add/FRAC_ADDSUB/i_no_versal_es1_workaround/dsp48e1_add/DSP48E1_ADD/i_no_versal_es1_workaround/DSP/prcs_opmode_drc  File: D:/Xilinx/Vivado/2021.2/data/vhdl/src/unisims/primitive/DSP48E1.vhd
Warning: OPMODE Input Warning : The OPMODE 001XXXX with CARRYINSEL  000 to DSP48E1 instance is invalid.
Time: 24105 ns  Iteration: 19  Process: /apatb_TOP_top/AESL_inst_TOP/dadd_64ns_64ns_64_2_full_dsp_1_U1103/TOP_dadd_64ns_64ns_64_2_full_dsp_1_ip_u/inst/i_synth/addsub_op/ADDSUB/logic_speed/OP/ALIGN_BLK/FRAC_ADDSUB/dsp_add/FRAC_ADDSUB/i_no_versal_es1_workaround/dsp48e1_add/DSP48E1_ADD/i_no_versal_es1_workaround/DSP/prcs_opmode_drc  File: D:/Xilinx/Vivado/2021.2/data/vhdl/src/unisims/primitive/DSP48E1.vhd
Warning: OPMODE Input Warning : The OPMODE 001XXXX with CARRYINSEL  000 to DSP48E1 instance is invalid.
Time: 24165 ns  Iteration: 19  Process: /apatb_TOP_top/AESL_inst_TOP/grp_Rayleigh_fu_311/grp_Rayleigh_Pipeline_VITIS_LOOP_67_6_fu_74/dadd_64ns_64ns_64_2_full_dsp_1_U62/TOP_dadd_64ns_64ns_64_2_full_dsp_1_ip_u/inst/i_synth/addsub_op/ADDSUB/logic_speed/OP/ALIGN_BLK/FRAC_ADDSUB/dsp_add/FRAC_ADDSUB/i_no_versal_es1_workaround/dsp48e1_add/DSP48E1_ADD/i_no_versal_es1_workaround/DSP/prcs_opmode_drc  File: D:/Xilinx/Vivado/2021.2/data/vhdl/src/unisims/primitive/DSP48E1.vhd
Warning: OPMODE Input Warning : The OPMODE 001XXXX with CARRYINSEL  000 to DSP48E1 instance is invalid.
Time: 24165 ns  Iteration: 19  Process: /apatb_TOP_top/AESL_inst_TOP/dadd_64ns_64ns_64_2_full_dsp_1_U1103/TOP_dadd_64ns_64ns_64_2_full_dsp_1_ip_u/inst/i_synth/addsub_op/ADDSUB/logic_speed/OP/ALIGN_BLK/FRAC_ADDSUB/dsp_add/FRAC_ADDSUB/i_no_versal_es1_workaround/dsp48e1_add/DSP48E1_ADD/i_no_versal_es1_workaround/DSP/prcs_opmode_drc  File: D:/Xilinx/Vivado/2021.2/data/vhdl/src/unisims/primitive/DSP48E1.vhd
Warning: OPMODE Input Warning : The OPMODE 001XXXX with CARRYINSEL  000 to DSP48E1 instance is invalid.
Time: 24225 ns  Iteration: 19  Process: /apatb_TOP_top/AESL_inst_TOP/grp_Rayleigh_fu_311/grp_Rayleigh_Pipeline_VITIS_LOOP_67_6_fu_74/dadd_64ns_64ns_64_2_full_dsp_1_U62/TOP_dadd_64ns_64ns_64_2_full_dsp_1_ip_u/inst/i_synth/addsub_op/ADDSUB/logic_speed/OP/ALIGN_BLK/FRAC_ADDSUB/dsp_add/FRAC_ADDSUB/i_no_versal_es1_workaround/dsp48e1_add/DSP48E1_ADD/i_no_versal_es1_workaround/DSP/prcs_opmode_drc  File: D:/Xilinx/Vivado/2021.2/data/vhdl/src/unisims/primitive/DSP48E1.vhd
Warning: OPMODE Input Warning : The OPMODE 001XXXX with CARRYINSEL  000 to DSP48E1 instance is invalid.
Time: 24285 ns  Iteration: 19  Process: /apatb_TOP_top/AESL_inst_TOP/grp_Rayleigh_fu_311/grp_Rayleigh_Pipeline_VITIS_LOOP_67_6_fu_74/dadd_64ns_64ns_64_2_full_dsp_1_U62/TOP_dadd_64ns_64ns_64_2_full_dsp_1_ip_u/inst/i_synth/addsub_op/ADDSUB/logic_speed/OP/ALIGN_BLK/FRAC_ADDSUB/dsp_add/FRAC_ADDSUB/i_no_versal_es1_workaround/dsp48e1_add/DSP48E1_ADD/i_no_versal_es1_workaround/DSP/prcs_opmode_drc  File: D:/Xilinx/Vivado/2021.2/data/vhdl/src/unisims/primitive/DSP48E1.vhd
Warning: OPMODE Input Warning : The OPMODE 001XXXX with CARRYINSEL  000 to DSP48E1 instance is invalid.
Time: 45225 ns  Iteration: 19  Process: /apatb_TOP_top/AESL_inst_TOP/dadd_64ns_64ns_64_2_full_dsp_1_U1103/TOP_dadd_64ns_64ns_64_2_full_dsp_1_ip_u/inst/i_synth/addsub_op/ADDSUB/logic_speed/OP/ALIGN_BLK/FRAC_ADDSUB/dsp_add/FRAC_ADDSUB/i_no_versal_es1_workaround/dsp48e1_add/DSP48E1_ADD/i_no_versal_es1_workaround/DSP/prcs_opmode_drc  File: D:/Xilinx/Vivado/2021.2/data/vhdl/src/unisims/primitive/DSP48E1.vhd
// RTL Simulation : 1 / 1 [100.00%] @ "239835000"
////////////////////////////////////////////////////////////////////////////////////
$finish called at time : 240015 ns : File "D:/NTHU/HLS/FINAL/CHANNEL_KBEST/MIMO/solution1/sim/verilog/TOP.autotb.v" Line 864
run: Time (s): cpu = 00:00:05 ; elapsed = 00:00:08 . Memory (MB): peak = 1197.004 ; gain = 0.000
## quit
INFO: [Common 17-206] Exiting xsim at Thu May 26 00:02:41 2022...
