

================================================================
== Vitis HLS Report for 'CORDIC_V'
================================================================
* Date:           Wed May 25 23:55:47 2022

* Version:        2021.2 (Build 3367213 on Tue Oct 19 02:48:09 MDT 2021)
* Project:        MIMO
* Solution:       solution1 (Vivado IP Flow Target)
* Product family: zynquplus
* Target device:  xczu9eg-ffvb1156-2-e


================================================================
== Performance Estimates
================================================================
+ Timing: 
    * Summary: 
    +--------+----------+----------+------------+
    |  Clock |  Target  | Estimated| Uncertainty|
    +--------+----------+----------+------------+
    |ap_clk  |  30.00 ns|  8.077 ns|     8.10 ns|
    +--------+----------+----------+------------+

+ Latency: 
    * Summary: 
    +---------+---------+----------+----------+-----+-----+---------+
    |  Latency (cycles) |  Latency (absolute) |  Interval | Pipeline|
    |   min   |   max   |    min   |    max   | min | max |   Type  |
    +---------+---------+----------+----------+-----+-----+---------+
    |       55|      145|  1.650 us|  4.350 us|   55|  145|       no|
    +---------+---------+----------+----------+-----+-----+---------+

    + Detail: 
        * Instance: 
        +----------------------------------------------+-----------------------------------+---------+---------+-----------+----------+-----+-----+---------+
        |                                              |                                   |  Latency (cycles) |  Latency (absolute)  |  Interval | Pipeline|
        |                   Instance                   |               Module              |   min   |   max   |    min    |    max   | min | max |   Type  |
        +----------------------------------------------+-----------------------------------+---------+---------+-----------+----------+-----+-----+---------+
        |grp_CORDIC_V_Pipeline_VITIS_LOOP_94_2_fu_173  |CORDIC_V_Pipeline_VITIS_LOOP_94_2  |        2|       11|  60.000 ns|  0.330 us|    2|   11|       no|
        +----------------------------------------------+-----------------------------------+---------+---------+-----------+----------+-----+-----+---------+

        * Loop: 
        +-------------------+---------+---------+----------+-----------+-----------+------+----------+
        |                   |  Latency (cycles) | Iteration|  Initiation Interval  | Trip |          |
        |     Loop Name     |   min   |   max   |  Latency |  achieved |   target  | Count| Pipelined|
        +-------------------+---------+---------+----------+-----------+-----------+------+----------+
        |- VITIS_LOOP_91_1  |       50|      140|    5 ~ 14|          -|          -|    10|        no|
        +-------------------+---------+---------+----------+-----------+-----------+------+----------+



================================================================
== Utilization Estimates
================================================================
* Summary: 
+-----------------+---------+------+--------+--------+-----+
|       Name      | BRAM_18K|  DSP |   FF   |   LUT  | URAM|
+-----------------+---------+------+--------+--------+-----+
|DSP              |        -|     1|       -|       -|    -|
|Expression       |        -|     -|       0|    2530|    -|
|FIFO             |        -|     -|       -|       -|    -|
|Instance         |        -|     -|      39|      68|    -|
|Memory           |        0|     -|       8|       2|    -|
|Multiplexer      |        -|     -|       -|      97|    -|
|Register         |        -|     -|     209|       -|    -|
+-----------------+---------+------+--------+--------+-----+
|Total            |        0|     1|     256|    2697|    0|
+-----------------+---------+------+--------+--------+-----+
|Available        |     1824|  2520|  548160|  274080|    0|
+-----------------+---------+------+--------+--------+-----+
|Utilization (%)  |        0|    ~0|      ~0|      ~0|    0|
+-----------------+---------+------+--------+--------+-----+

+ Detail: 
    * Instance: 
    +----------------------------------------------+-----------------------------------+---------+----+----+----+-----+
    |                   Instance                   |               Module              | BRAM_18K| DSP| FF | LUT| URAM|
    +----------------------------------------------+-----------------------------------+---------+----+----+----+-----+
    |grp_CORDIC_V_Pipeline_VITIS_LOOP_94_2_fu_173  |CORDIC_V_Pipeline_VITIS_LOOP_94_2  |        0|   0|  39|  68|    0|
    +----------------------------------------------+-----------------------------------+---------+----+----+----+-----+
    |Total                                         |                                   |        0|   0|  39|  68|    0|
    +----------------------------------------------+-----------------------------------+---------+----+----+----+-----+

    * DSP: 
    +-----------------------------+------------------------+-----------+
    |           Instance          |         Module         | Expression|
    +-----------------------------+------------------------+-----------+
    |mul_mul_16s_8ns_25_4_1_U189  |mul_mul_16s_8ns_25_4_1  |    i0 * i1|
    +-----------------------------+------------------------+-----------+

    * Memory: 
    +------------------+-------------------------------------+---------+---+----+-----+------+-----+------+-------------+
    |      Memory      |                Module               | BRAM_18K| FF| LUT| URAM| Words| Bits| Banks| W*Bits*Banks|
    +------------------+-------------------------------------+---------+---+----+-----+------+-----+------+-------------+
    |cordic_phase_V_U  |CORDIC_V_cordic_phase_V_ROM_AUTO_1R  |        0|  8|   2|    0|    11|    8|     1|           88|
    +------------------+-------------------------------------+---------+---+----+-----+------+-----+------+-------------+
    |Total             |                                     |        0|  8|   2|    0|    11|    8|     1|           88|
    +------------------+-------------------------------------+---------+---+----+-----+------+-----+------+-------------+

    * FIFO: 
    N/A

    * Expression: 
    +--------------------------+----------+----+---+-----+------------+------------+
    |       Variable Name      | Operation| DSP| FF| LUT | Bitwidth P0| Bitwidth P1|
    +--------------------------+----------+----+---+-----+------------+------------+
    |add_ln91_fu_327_p2        |         +|   0|  0|   12|           4|           1|
    |add_ln952_fu_884_p2       |         +|   0|  0|   24|          17|           7|
    |add_ln961_2_fu_914_p2     |         +|   0|  0|   39|          32|           7|
    |add_ln961_fu_622_p2       |         +|   0|  0|   39|          32|           7|
    |add_ln968_2_fu_1010_p2    |         +|   0|  0|   17|          11|          11|
    |add_ln968_fu_704_p2       |         +|   0|  0|   17|          11|          11|
    |lsb_index_2_fu_810_p2     |         +|   0|  0|   39|          32|           7|
    |lsb_index_fu_494_p2       |         +|   0|  0|   39|          32|           7|
    |m_13_fu_658_p2            |         +|   0|  0|   71|          64|          64|
    |m_18_fu_964_p2            |         +|   0|  0|   71|          64|          64|
    |x_V_5_fu_403_p2           |         +|   0|  0|   23|          16|          16|
    |y_V_11_fu_398_p2          |         +|   0|  0|   23|          16|          16|
    |z_V_3_fu_369_p2           |         +|   0|  0|   23|          16|          16|
    |sub_ln947_2_fu_800_p2     |         -|   0|  0|   39|           5|          32|
    |sub_ln947_fu_488_p2       |         -|   0|  0|   39|           6|          32|
    |sub_ln950_2_fu_836_p2     |         -|   0|  0|   12|           3|           5|
    |sub_ln950_fu_524_p2       |         -|   0|  0|   13|           5|           6|
    |sub_ln962_2_fu_930_p2     |         -|   0|  0|   39|           6|          32|
    |sub_ln962_fu_598_p2       |         -|   0|  0|   39|           6|          32|
    |sub_ln968_1_fu_1004_p2    |         -|   0|  0|   17|           4|          11|
    |sub_ln968_fu_698_p2       |         -|   0|  0|   17|           5|          11|
    |tmp_V_7_fu_756_p2         |         -|   0|  0|   23|           1|          16|
    |tmp_V_fu_452_p2           |         -|   0|  0|   31|           1|          24|
    |x_V_2_fu_249_p2           |         -|   0|  0|   23|           1|          16|
    |x_V_4_fu_393_p2           |         -|   0|  0|   23|          16|          16|
    |x_V_fu_197_p2             |         -|   0|  0|   23|           1|          16|
    |y_V_12_fu_408_p2          |         -|   0|  0|   23|          16|          16|
    |y_V_9_fu_255_p2           |         -|   0|  0|   23|           1|          16|
    |y_V_fu_203_p2             |         -|   0|  0|   23|           1|          16|
    |z_V_2_fu_363_p2           |         -|   0|  0|   23|          16|          16|
    |and_ln949_fu_878_p2       |       and|   0|  0|    2|           1|           1|
    |and_ln952_4_fu_592_p2     |       and|   0|  0|    2|           1|           1|
    |and_ln952_5_fu_946_p2     |       and|   0|  0|    2|           1|           1|
    |and_ln952_fu_552_p2       |       and|   0|  0|   32|          32|          32|
    |p_Result_241_fu_852_p2    |       and|   0|  0|   17|          17|          17|
    |icmp_ln91_fu_321_p2       |      icmp|   0|  0|    9|           4|           4|
    |icmp_ln938_2_fu_742_p2    |      icmp|   0|  0|   13|          16|           1|
    |icmp_ln938_fu_440_p2      |      icmp|   0|  0|   16|          25|           1|
    |icmp_ln949_2_fu_826_p2    |      icmp|   0|  0|   19|          31|           1|
    |icmp_ln949_fu_510_p2      |      icmp|   0|  0|   19|          31|           1|
    |icmp_ln950_fu_858_p2      |      icmp|   0|  0|   13|          17|           1|
    |icmp_ln952_fu_558_p2      |      icmp|   0|  0|   20|          32|           1|
    |icmp_ln961_2_fu_908_p2    |      icmp|   0|  0|   20|          32|           1|
    |icmp_ln961_fu_586_p2      |      icmp|   0|  0|   20|          32|           1|
    |lshr_ln950_2_fu_846_p2    |      lshr|   0|  0|   49|           2|          17|
    |lshr_ln950_fu_534_p2      |      lshr|   0|  0|   96|           2|          32|
    |lshr_ln961_2_fu_924_p2    |      lshr|   0|  0|  179|          64|          64|
    |lshr_ln961_fu_632_p2      |      lshr|   0|  0|  179|          64|          64|
    |a_fu_898_p2               |        or|   0|  0|    2|           1|           1|
    |or_ln952_3_fu_546_p2      |        or|   0|  0|   32|          32|          32|
    |m_17_fu_952_p3            |    select|   0|  0|   64|           1|          64|
    |m_fu_646_p3               |    select|   0|  0|   64|           1|          64|
    |output_o1_fu_734_p3       |    select|   0|  0|   64|           1|           1|
    |output_o2_fu_1040_p3      |    select|   0|  0|   64|           1|           1|
    |select_ln1548_fu_233_p3   |    select|   0|  0|   10|           1|          10|
    |select_ln946_1_fu_992_p3  |    select|   0|  0|   10|           1|          10|
    |select_ln946_fu_686_p3    |    select|   0|  0|   10|           1|          10|
    |select_ln949_fu_614_p3    |    select|   0|  0|    2|           1|           1|
    |select_ln961_fu_638_p3    |    select|   0|  0|    2|           1|           1|
    |tmp_V_10_fu_762_p3        |    select|   0|  0|   16|           1|          16|
    |tmp_V_9_fu_458_p3         |    select|   0|  0|   24|           1|          24|
    |x_V_1_fu_209_p3           |    select|   0|  0|   16|           1|          16|
    |x_V_3_fu_289_p3           |    select|   0|  0|   16|           1|          16|
    |x_V_6_fu_413_p3           |    select|   0|  0|   16|           1|          16|
    |y_V_10_fu_281_p3          |    select|   0|  0|   16|           1|          16|
    |y_V_13_fu_420_p3          |    select|   0|  0|   16|           1|          16|
    |y_V_8_fu_217_p3           |    select|   0|  0|   16|           1|          16|
    |z_V_1_fu_269_p3           |    select|   0|  0|   11|           1|          12|
    |z_V_4_fu_375_p3           |    select|   0|  0|   16|           1|          16|
    |z_V_fu_261_p3             |    select|   0|  0|   11|           1|          12|
    |shl_ln952_fu_540_p2       |       shl|   0|  0|   96|           1|          32|
    |shl_ln962_2_fu_940_p2     |       shl|   0|  0|  179|          64|          64|
    |shl_ln962_fu_608_p2       |       shl|   0|  0|  179|          64|          64|
    |xor_ln952_2_fu_872_p2     |       xor|   0|  0|    2|           1|           2|
    |xor_ln952_fu_572_p2       |       xor|   0|  0|    2|           1|           2|
    +--------------------------+----------+----+---+-----+------------+------------+
    |Total                     |          |   0|  0| 2530|        1029|        1323|
    +--------------------------+----------+----+---+-----+------------+------------+

    * Multiplexer: 
    +-----------------+----+-----------+-----+-----------+
    |       Name      | LUT| Input Size| Bits| Total Bits|
    +-----------------+----+-----------+-----+-----------+
    |ap_NS_fsm        |  43|          8|    1|          8|
    |ap_return_0      |   9|          2|   64|        128|
    |ap_return_1      |   9|          2|   64|        128|
    |k_fu_136         |   9|          2|    4|          8|
    |p_Val2_s_fu_132  |   9|          2|   16|         32|
    |r_V_16_fu_124    |   9|          2|   16|         32|
    |y_V_4_fu_128     |   9|          2|   16|         32|
    +-----------------+----+-----------+-----+-----------+
    |Total            |  97|         20|  181|        368|
    +-----------------+----+-----------+-----+-----------+

    * Register: 
    +-----------------------------------------------------------+----+----+-----+-----------+
    |                            Name                           | FF | LUT| Bits| Const Bits|
    +-----------------------------------------------------------+----+----+-----+-----------+
    |ap_CS_fsm                                                  |   7|   0|    7|          0|
    |ap_return_0_preg                                           |  64|   0|   64|          0|
    |ap_return_1_preg                                           |  64|   0|   64|          0|
    |grp_CORDIC_V_Pipeline_VITIS_LOOP_94_2_fu_173_ap_start_reg  |   1|   0|    1|          0|
    |k_1_reg_1109                                               |   4|   0|    4|          0|
    |k_fu_136                                                   |   4|   0|    4|          0|
    |p_Val2_s_fu_132                                            |  16|   0|   16|          0|
    |r_V_16_fu_124                                              |  16|   0|   16|          0|
    |r_V_16_load_1_reg_1117                                     |  16|   0|   16|          0|
    |tmp_411_reg_1127                                           |   1|   0|    1|          0|
    |y_V_4_fu_128                                               |  16|   0|   16|          0|
    +-----------------------------------------------------------+----+----+-----+-----------+
    |Total                                                      | 209|   0|  209|          0|
    +-----------------------------------------------------------+----+----+-----+-----------+



================================================================
== Interface
================================================================
* Summary: 
+-------------+-----+-----+------------+--------------+--------------+
|  RTL Ports  | Dir | Bits|  Protocol  | Source Object|    C Type    |
+-------------+-----+-----+------------+--------------+--------------+
|ap_clk       |   in|    1|  ap_ctrl_hs|      CORDIC_V|  return value|
|ap_rst       |   in|    1|  ap_ctrl_hs|      CORDIC_V|  return value|
|ap_start     |   in|    1|  ap_ctrl_hs|      CORDIC_V|  return value|
|ap_done      |  out|    1|  ap_ctrl_hs|      CORDIC_V|  return value|
|ap_idle      |  out|    1|  ap_ctrl_hs|      CORDIC_V|  return value|
|ap_ready     |  out|    1|  ap_ctrl_hs|      CORDIC_V|  return value|
|ap_return_0  |  out|   64|  ap_ctrl_hs|      CORDIC_V|  return value|
|ap_return_1  |  out|   64|  ap_ctrl_hs|      CORDIC_V|  return value|
|x_in         |   in|   16|     ap_none|          x_in|        scalar|
|y_in         |   in|   16|     ap_none|          y_in|        scalar|
+-------------+-----+-----+------------+--------------+--------------+

