

================================================================
== Vitis HLS Report for 'KBEST'
================================================================
* Date:           Wed May 25 23:56:05 2022

* Version:        2021.2 (Build 3367213 on Tue Oct 19 02:48:09 MDT 2021)
* Project:        MIMO
* Solution:       solution1 (Vivado IP Flow Target)
* Product family: zynquplus
* Target device:  xczu9eg-ffvb1156-2-e


================================================================
== Performance Estimates
================================================================
+ Timing: 
    * Summary: 
    +--------+----------+----------+------------+
    |  Clock |  Target  | Estimated| Uncertainty|
    +--------+----------+----------+------------+
    |ap_clk  |  30.00 ns|  4.412 ns|     8.10 ns|
    +--------+----------+----------+------------+

+ Latency: 
    * Summary: 
    +---------+---------+-----------+-----------+-----+-----+---------+
    |  Latency (cycles) |   Latency (absolute)  |  Interval | Pipeline|
    |   min   |   max   |    min    |    max    | min | max |   Type  |
    +---------+---------+-----------+-----------+-----+-----+---------+
    |      487|      839|  14.610 us|  25.170 us|  487|  839|       no|
    +---------+---------+-----------+-----------+-----+-----+---------+

    + Detail: 
        * Instance: 
        +--------------------------------------------------------------+--------------------------------------------------+---------+---------+-----------+----------+-----+-----+---------+
        |                                                              |                                                  |  Latency (cycles) |  Latency (absolute)  |  Interval | Pipeline|
        |                           Instance                           |                      Module                      |   min   |   max   |    min    |    max   | min | max |   Type  |
        +--------------------------------------------------------------+--------------------------------------------------+---------+---------+-----------+----------+-----+-----+---------+
        |grp_KBEST_Pipeline_1_fu_903                                   |KBEST_Pipeline_1                                  |       34|       34|   1.020 us|  1.020 us|   34|   34|       no|
        |grp_KBEST_Pipeline_VITIS_LOOP_347_1_fu_939                    |KBEST_Pipeline_VITIS_LOOP_347_1                   |       13|       13|   0.390 us|  0.390 us|   13|   13|       no|
        |grp_KBEST_Pipeline_VITIS_LOOP_364_3_fu_947                    |KBEST_Pipeline_VITIS_LOOP_364_3                   |        2|        9|  60.000 ns|  0.270 us|    2|    9|       no|
        |grp_KBEST_Pipeline_VITIS_LOOP_420_10_fu_1009                  |KBEST_Pipeline_VITIS_LOOP_420_10                  |       10|       10|   0.300 us|  0.300 us|   10|   10|       no|
        |grp_KBEST_Pipeline_VITIS_LOOP_373_5_fu_1016                   |KBEST_Pipeline_VITIS_LOOP_373_5                   |        3|       10|  90.000 ns|  0.300 us|    3|   10|       no|
        |grp_KBEST_Pipeline_VITIS_LOOP_391_6_VITIS_LOOP_392_7_fu_1058  |KBEST_Pipeline_VITIS_LOOP_391_6_VITIS_LOOP_392_7  |        8|        8|   0.240 us|  0.240 us|    8|    8|       no|
        |grp_KBEST_Pipeline_VITIS_LOOP_410_9_fu_1136                   |KBEST_Pipeline_VITIS_LOOP_410_9                   |       10|       10|   0.300 us|  0.300 us|   10|   10|       no|
        +--------------------------------------------------------------+--------------------------------------------------+---------+---------+-----------+----------+-----+-----+---------+

        * Loop: 
        +---------------------+---------+---------+----------+-----------+-----------+------+----------+
        |                     |  Latency (cycles) | Iteration|  Initiation Interval  | Trip |          |
        |      Loop Name      |   min   |   max   |  Latency |  achieved |   target  | Count| Pipelined|
        +---------------------+---------+---------+----------+-----------+-----------+------+----------+
        |- VITIS_LOOP_352_2   |      440|      792|   55 ~ 99|          -|          -|     8|        no|
        | + VITIS_LOOP_371_4  |       36|       64|    9 ~ 16|          -|          -|     4|        no|
        +---------------------+---------+---------+----------+-----------+-----------+------+----------+



================================================================
== Utilization Estimates
================================================================
* Summary: 
+-----------------+---------+------+--------+--------+-----+
|       Name      | BRAM_18K|  DSP |   FF   |   LUT  | URAM|
+-----------------+---------+------+--------+--------+-----+
|DSP              |        -|     1|       -|       -|    -|
|Expression       |        -|     -|       0|    2586|    -|
|FIFO             |        -|     -|       -|       -|    -|
|Instance         |        -|     1|    2127|    5457|    -|
|Memory           |        0|     -|      96|      10|    0|
|Multiplexer      |        -|     -|       -|     910|    -|
|Register         |        -|     -|    3198|       -|    -|
+-----------------+---------+------+--------+--------+-----+
|Total            |        0|     2|    5421|    8963|    0|
+-----------------+---------+------+--------+--------+-----+
|Available        |     1824|  2520|  548160|  274080|    0|
+-----------------+---------+------+--------+--------+-----+
|Utilization (%)  |        0|    ~0|      ~0|       3|    0|
+-----------------+---------+------+--------+--------+-----+

+ Detail: 
    * Instance: 
    +--------------------------------------------------------------+--------------------------------------------------+---------+----+-----+------+-----+
    |                           Instance                           |                      Module                      | BRAM_18K| DSP|  FF |  LUT | URAM|
    +--------------------------------------------------------------+--------------------------------------------------+---------+----+-----+------+-----+
    |grp_KBEST_Pipeline_1_fu_903                                   |KBEST_Pipeline_1                                  |        0|   0|    8|    50|    0|
    |grp_KBEST_Pipeline_VITIS_LOOP_347_1_fu_939                    |KBEST_Pipeline_VITIS_LOOP_347_1                   |        0|   1|   81|    91|    0|
    |grp_KBEST_Pipeline_VITIS_LOOP_364_3_fu_947                    |KBEST_Pipeline_VITIS_LOOP_364_3                   |        0|   0|  969|   395|    0|
    |grp_KBEST_Pipeline_VITIS_LOOP_373_5_fu_1016                   |KBEST_Pipeline_VITIS_LOOP_373_5                   |        0|   0|   85|   434|    0|
    |grp_KBEST_Pipeline_VITIS_LOOP_391_6_VITIS_LOOP_392_7_fu_1058  |KBEST_Pipeline_VITIS_LOOP_391_6_VITIS_LOOP_392_7  |        0|   0|  968|  4284|    0|
    |grp_KBEST_Pipeline_VITIS_LOOP_410_9_fu_1136                   |KBEST_Pipeline_VITIS_LOOP_410_9                   |        0|   0|    6|   139|    0|
    |grp_KBEST_Pipeline_VITIS_LOOP_420_10_fu_1009                  |KBEST_Pipeline_VITIS_LOOP_420_10                  |        0|   0|   10|    64|    0|
    +--------------------------------------------------------------+--------------------------------------------------+---------+----+-----+------+-----+
    |Total                                                         |                                                  |        0|   1| 2127|  5457|    0|
    +--------------------------------------------------------------+--------------------------------------------------+---------+----+-----+------+-----+

    * DSP: 
    +--------------------------------+--------------------------+-----------------------+
    |            Instance            |          Module          |       Expression      |
    +--------------------------------+--------------------------+-----------------------+
    |am_submul_16s_16s_24_4_1_U1067  |am_submul_16s_16s_24_4_1  |  (i0 - i1) * (i0 - i1)|
    +--------------------------------+--------------------------+-----------------------+

    * Memory: 
    +-----------------+-----------------------------------+---------+----+----+-----+------+-----+------+-------------+
    |      Memory     |               Module              | BRAM_18K| FF | LUT| URAM| Words| Bits| Banks| W*Bits*Banks|
    +-----------------+-----------------------------------+---------+----+----+-----+------+-----+------+-------------+
    |survival_path_U  |KBEST_survival_path_RAM_AUTO_1R1W  |        0|  64|   8|    0|    16|   32|     1|          512|
    |yy_V_U           |KBEST_yy_V_RAM_AUTO_1R1W           |        0|  32|   2|    0|     8|   16|     1|          128|
    +-----------------+-----------------------------------+---------+----+----+-----+------+-----+------+-------------+
    |Total            |                                   |        0|  96|  10|    0|    24|   48|     2|          640|
    +-----------------+-----------------------------------+---------+----+----+-----+------+-----+------+-------------+

    * FIFO: 
    N/A

    * Expression: 
    +---------------------------------+----------+----+---+----+------------+------------+
    |          Variable Name          | Operation| DSP| FF| LUT| Bitwidth P0| Bitwidth P1|
    +---------------------------------+----------+----+---+----+------------+------------+
    |PED_V_0_fu_2176_p2               |         +|   0|  0|  23|          16|          16|
    |add_ln352_fu_2276_p2             |         +|   0|  0|  12|           4|           2|
    |add_ln371_fu_2104_p2             |         +|   0|  0|  10|           3|           1|
    |icmp_ln358_1_fu_1300_p2          |      icmp|   0|  0|   8|           3|           3|
    |icmp_ln358_2_fu_1306_p2          |      icmp|   0|  0|   9|           3|           4|
    |icmp_ln358_3_fu_1312_p2          |      icmp|   0|  0|   8|           3|           2|
    |icmp_ln358_4_fu_1318_p2          |      icmp|   0|  0|   8|           3|           2|
    |icmp_ln358_5_fu_1324_p2          |      icmp|   0|  0|   8|           3|           1|
    |icmp_ln358_6_fu_1330_p2          |      icmp|   0|  0|   8|           3|           1|
    |icmp_ln358_fu_1294_p2            |      icmp|   0|  0|   8|           3|           3|
    |icmp_ln371_fu_2098_p2            |      icmp|   0|  0|   9|           3|           4|
    |icmp_ln382_fu_2120_p2            |      icmp|   0|  0|   8|           2|           1|
    |icmp_ln390_fu_2126_p2            |      icmp|   0|  0|   9|           4|           3|
    |ap_block_state2_on_subcall_done  |        or|   0|  0|   2|           1|           1|
    |or_ln358_1_fu_1342_p2            |        or|   0|  0|   2|           1|           1|
    |or_ln358_2_fu_1348_p2            |        or|   0|  0|   2|           1|           1|
    |or_ln358_3_fu_1362_p2            |        or|   0|  0|   2|           1|           1|
    |or_ln358_fu_1336_p2              |        or|   0|  0|   2|           1|           1|
    |select_ln358_10_fu_1443_p3       |    select|   0|  0|  32|           1|          32|
    |select_ln358_11_fu_1452_p3       |    select|   0|  0|  32|           1|           1|
    |select_ln358_12_fu_1460_p3       |    select|   0|  0|  32|           1|          32|
    |select_ln358_13_fu_1469_p3       |    select|   0|  0|  32|           1|           1|
    |select_ln358_14_fu_1478_p3       |    select|   0|  0|  32|           1|          32|
    |select_ln358_15_fu_1486_p3       |    select|   0|  0|  32|           1|          32|
    |select_ln358_16_fu_1494_p3       |    select|   0|  0|  32|           1|          32|
    |select_ln358_17_fu_1949_p3       |    select|   0|  0|  32|           1|           1|
    |select_ln358_18_fu_1956_p3       |    select|   0|  0|  32|           1|          32|
    |select_ln358_19_fu_1503_p3       |    select|   0|  0|  32|           1|           1|
    |select_ln358_1_fu_1368_p3        |    select|   0|  0|  32|           1|          32|
    |select_ln358_20_fu_1511_p3       |    select|   0|  0|  32|           1|          32|
    |select_ln358_21_fu_1519_p3       |    select|   0|  0|  32|           1|          32|
    |select_ln358_22_fu_1528_p3       |    select|   0|  0|  32|           1|          32|
    |select_ln358_23_fu_1536_p3       |    select|   0|  0|  32|           1|          32|
    |select_ln358_24_fu_1544_p3       |    select|   0|  0|  32|           1|          32|
    |select_ln358_25_fu_1553_p3       |    select|   0|  0|  32|           1|           1|
    |select_ln358_26_fu_1561_p3       |    select|   0|  0|  32|           1|          32|
    |select_ln358_27_fu_1570_p3       |    select|   0|  0|  32|           1|          32|
    |select_ln358_28_fu_1578_p3       |    select|   0|  0|  32|           1|          32|
    |select_ln358_29_fu_1586_p3       |    select|   0|  0|  32|           1|          32|
    |select_ln358_2_fu_1376_p3        |    select|   0|  0|  32|           1|          32|
    |select_ln358_30_fu_1595_p3       |    select|   0|  0|  32|           1|           1|
    |select_ln358_31_fu_1603_p3       |    select|   0|  0|  32|           1|          32|
    |select_ln358_32_fu_1612_p3       |    select|   0|  0|  32|           1|           1|
    |select_ln358_33_fu_1621_p3       |    select|   0|  0|  32|           1|          32|
    |select_ln358_34_fu_1629_p3       |    select|   0|  0|  32|           1|          32|
    |select_ln358_35_fu_1637_p3       |    select|   0|  0|  32|           1|          32|
    |select_ln358_36_fu_1963_p3       |    select|   0|  0|  32|           1|           1|
    |select_ln358_37_fu_1970_p3       |    select|   0|  0|  32|           1|          32|
    |select_ln358_38_fu_1977_p3       |    select|   0|  0|  32|           1|           2|
    |select_ln358_39_fu_1984_p3       |    select|   0|  0|  32|           1|          32|
    |select_ln358_3_fu_1385_p3        |    select|   0|  0|  32|           1|          32|
    |select_ln358_40_fu_1646_p3       |    select|   0|  0|  32|           1|          32|
    |select_ln358_41_fu_1654_p3       |    select|   0|  0|  32|           1|          32|
    |select_ln358_42_fu_1662_p3       |    select|   0|  0|  32|           1|          32|
    |select_ln358_43_fu_1671_p3       |    select|   0|  0|  32|           1|           2|
    |select_ln358_44_fu_1680_p3       |    select|   0|  0|  32|           1|           2|
    |select_ln358_45_fu_1688_p3       |    select|   0|  0|  32|           1|          32|
    |select_ln358_46_fu_1697_p3       |    select|   0|  0|  32|           1|          32|
    |select_ln358_47_fu_1705_p3       |    select|   0|  0|  32|           1|          32|
    |select_ln358_48_fu_1713_p3       |    select|   0|  0|  32|           1|          32|
    |select_ln358_49_fu_1722_p3       |    select|   0|  0|  32|           1|           2|
    |select_ln358_4_fu_1393_p3        |    select|   0|  0|  32|           1|          32|
    |select_ln358_50_fu_1730_p3       |    select|   0|  0|  32|           1|          32|
    |select_ln358_51_fu_1739_p3       |    select|   0|  0|  32|           1|          32|
    |select_ln358_52_fu_1747_p3       |    select|   0|  0|  32|           1|          32|
    |select_ln358_53_fu_1755_p3       |    select|   0|  0|  32|           1|          32|
    |select_ln358_54_fu_1764_p3       |    select|   0|  0|  32|           1|           2|
    |select_ln358_55_fu_1772_p3       |    select|   0|  0|  32|           1|          32|
    |select_ln358_56_fu_1780_p3       |    select|   0|  0|  32|           1|          32|
    |select_ln358_57_fu_1991_p3       |    select|   0|  0|  32|           1|           2|
    |select_ln358_58_fu_1998_p3       |    select|   0|  0|  32|           1|          32|
    |select_ln358_59_fu_1789_p3       |    select|   0|  0|  32|           1|          32|
    |select_ln358_5_fu_1401_p3        |    select|   0|  0|  32|           1|          32|
    |select_ln358_60_fu_1797_p3       |    select|   0|  0|  32|           1|          32|
    |select_ln358_61_fu_1805_p3       |    select|   0|  0|  32|           1|          32|
    |select_ln358_62_fu_1814_p3       |    select|   0|  0|  32|           1|           2|
    |select_ln358_63_fu_1823_p3       |    select|   0|  0|  32|           1|           2|
    |select_ln358_64_fu_1831_p3       |    select|   0|  0|  32|           1|          32|
    |select_ln358_65_fu_1840_p3       |    select|   0|  0|  32|           1|          32|
    |select_ln358_66_fu_1848_p3       |    select|   0|  0|  32|           1|          32|
    |select_ln358_67_fu_1856_p3       |    select|   0|  0|  32|           1|          32|
    |select_ln358_68_fu_1865_p3       |    select|   0|  0|  32|           1|           2|
    |select_ln358_69_fu_1873_p3       |    select|   0|  0|  32|           1|          32|
    |select_ln358_6_fu_1410_p3        |    select|   0|  0|  32|           1|           1|
    |select_ln358_70_fu_1882_p3       |    select|   0|  0|  32|           1|          32|
    |select_ln358_71_fu_1890_p3       |    select|   0|  0|  32|           1|          32|
    |select_ln358_72_fu_1898_p3       |    select|   0|  0|  32|           1|          32|
    |select_ln358_73_fu_1907_p3       |    select|   0|  0|  32|           1|           2|
    |select_ln358_74_fu_1915_p3       |    select|   0|  0|  32|           1|          32|
    |select_ln358_75_fu_1923_p3       |    select|   0|  0|  32|           1|          32|
    |select_ln358_7_fu_1418_p3        |    select|   0|  0|  32|           1|          32|
    |select_ln358_8_fu_1427_p3        |    select|   0|  0|  32|           1|          32|
    |select_ln358_9_fu_1435_p3        |    select|   0|  0|  32|           1|          32|
    |select_ln358_fu_1354_p3          |    select|   0|  0|  32|           1|           1|
    |survival_PED_V_2_fu_2169_p3      |    select|   0|  0|  16|           1|          16|
    +---------------------------------+----------+----+---+----+------------+------------+
    |Total                            |          |   0|  0|2586|         135|        1886|
    +---------------------------------+----------+----+---+----+------------+------------+

    * Multiplexer: 
    +------------------------------------+----+-----------+-----+-----------+
    |                Name                | LUT| Input Size| Bits| Total Bits|
    +------------------------------------+----+-----------+-----+-----------+
    |PED_V_0_0_reg_522                   |   9|          2|   16|         32|
    |PED_V_1_0_reg_510                   |   9|          2|   16|         32|
    |PED_V_2_0_reg_498                   |   9|          2|   16|         32|
    |PED_V_3_0_reg_486                   |   9|          2|   16|         32|
    |ap_NS_fsm                           |  81|         17|    1|         17|
    |ap_phi_mux_PED_V_0_1_phi_fu_603_p8  |  14|          3|   16|         48|
    |ap_phi_mux_PED_V_1_1_phi_fu_585_p8  |  14|          3|   16|         48|
    |ap_phi_mux_PED_V_2_1_phi_fu_567_p8  |  14|          3|   16|         48|
    |ap_phi_mux_PED_V_3_1_phi_fu_549_p8  |  14|          3|   16|         48|
    |i_16_reg_534                        |   9|          2|    3|          6|
    |j_fu_98                             |   9|          2|    4|          8|
    |survival_PED_V_1_fu_94              |   9|          2|   16|         32|
    |survival_PED_V_3_reg_627            |   9|          2|   16|         32|
    |survival_PED_V_4_reg_617            |   9|          2|   16|         32|
    |survival_PED_V_fu_90                |   9|          2|   16|         32|
    |survival_path_address0              |  20|          4|    4|         16|
    |survival_path_address1              |  14|          3|    4|         12|
    |survival_path_ce0                   |  20|          4|    1|          4|
    |survival_path_ce1                   |  14|          3|    1|          3|
    |survival_path_we0                   |   9|          2|    1|          2|
    |survival_path_we1                   |   9|          2|    1|          2|
    |x_guess_10_fu_142                   |   9|          2|   32|         64|
    |x_guess_11_fu_146                   |   9|          2|   32|         64|
    |x_guess_12_fu_150                   |   9|          2|   32|         64|
    |x_guess_13_fu_154                   |   9|          2|   32|         64|
    |x_guess_14_fu_158                   |   9|          2|   32|         64|
    |x_guess_15_fu_162                   |   9|          2|   32|         64|
    |x_guess_16_fu_166                   |   9|          2|   32|         64|
    |x_guess_17_fu_170                   |   9|          2|   32|         64|
    |x_guess_18_fu_174                   |   9|          2|   32|         64|
    |x_guess_19_fu_178                   |   9|          2|   32|         64|
    |x_guess_1_fu_106                    |   9|          2|   32|         64|
    |x_guess_20_fu_182                   |   9|          2|   32|         64|
    |x_guess_21_fu_186                   |   9|          2|   32|         64|
    |x_guess_22_fu_190                   |   9|          2|   32|         64|
    |x_guess_23_fu_194                   |   9|          2|   32|         64|
    |x_guess_24_fu_198                   |   9|          2|   32|         64|
    |x_guess_25_fu_202                   |   9|          2|   32|         64|
    |x_guess_26_fu_206                   |   9|          2|   32|         64|
    |x_guess_27_fu_210                   |   9|          2|   32|         64|
    |x_guess_28_fu_214                   |  14|          3|   32|         96|
    |x_guess_29_fu_218                   |  14|          3|   32|         96|
    |x_guess_2_fu_110                    |   9|          2|   32|         64|
    |x_guess_30_fu_222                   |  14|          3|   32|         96|
    |x_guess_31_fu_226                   |  14|          3|   32|         96|
    |x_guess_34_reg_637                  |   9|          2|   32|         64|
    |x_guess_35_reg_647                  |   9|          2|   32|         64|
    |x_guess_36_reg_657                  |   9|          2|   32|         64|
    |x_guess_37_reg_667                  |   9|          2|   32|         64|
    |x_guess_38_reg_677                  |   9|          2|   32|         64|
    |x_guess_39_reg_687                  |   9|          2|   32|         64|
    |x_guess_3_fu_114                    |   9|          2|   32|         64|
    |x_guess_40_reg_697                  |   9|          2|   32|         64|
    |x_guess_41_reg_707                  |   9|          2|   32|         64|
    |x_guess_42_reg_717                  |   9|          2|   32|         64|
    |x_guess_43_reg_727                  |   9|          2|   32|         64|
    |x_guess_44_reg_737                  |   9|          2|   32|         64|
    |x_guess_45_reg_747                  |   9|          2|   32|         64|
    |x_guess_46_reg_757                  |   9|          2|   32|         64|
    |x_guess_47_reg_767                  |   9|          2|   32|         64|
    |x_guess_48_reg_777                  |   9|          2|   32|         64|
    |x_guess_49_reg_786                  |   9|          2|   32|         64|
    |x_guess_4_fu_118                    |   9|          2|   32|         64|
    |x_guess_50_reg_795                  |   9|          2|   32|         64|
    |x_guess_51_reg_804                  |   9|          2|   32|         64|
    |x_guess_52_reg_813                  |   9|          2|   32|         64|
    |x_guess_53_reg_822                  |   9|          2|   32|         64|
    |x_guess_54_reg_831                  |   9|          2|   32|         64|
    |x_guess_55_reg_840                  |   9|          2|   32|         64|
    |x_guess_56_reg_849                  |   9|          2|   32|         64|
    |x_guess_57_reg_858                  |   9|          2|   32|         64|
    |x_guess_58_reg_867                  |   9|          2|   32|         64|
    |x_guess_59_reg_876                  |   9|          2|   32|         64|
    |x_guess_5_fu_122                    |   9|          2|   32|         64|
    |x_guess_60_reg_885                  |   9|          2|   32|         64|
    |x_guess_61_reg_894                  |   9|          2|   32|         64|
    |x_guess_6_fu_126                    |   9|          2|   32|         64|
    |x_guess_7_fu_130                    |   9|          2|   32|         64|
    |x_guess_8_fu_134                    |   9|          2|   32|         64|
    |x_guess_9_fu_138                    |   9|          2|   32|         64|
    |x_guess_fu_102                      |   9|          2|   32|         64|
    |yy_V_address0                       |  14|          3|    3|          9|
    |yy_V_ce0                            |  14|          3|    1|          3|
    |yy_V_we0                            |   9|          2|    1|          2|
    +------------------------------------+----+-----------+-----+-----------+
    |Total                               | 910|        199| 2137|       4500|
    +------------------------------------+----+-----------+-----+-----------+

    * Register: 
    +---------------------------------------------------------------------------+----+----+-----+-----------+
    |                                    Name                                   | FF | LUT| Bits| Const Bits|
    +---------------------------------------------------------------------------+----+----+-----+-----------+
    |PED_V_0_0_reg_522                                                          |  16|   0|   16|          0|
    |PED_V_1_0_reg_510                                                          |  16|   0|   16|          0|
    |PED_V_2_0_reg_498                                                          |  16|   0|   16|          0|
    |PED_V_3_0_reg_486                                                          |  16|   0|   16|          0|
    |add_ln371_reg_3349                                                         |   3|   0|    3|          0|
    |ap_CS_fsm                                                                  |  16|   0|   16|          0|
    |grp_KBEST_Pipeline_1_fu_903_ap_start_reg                                   |   1|   0|    1|          0|
    |grp_KBEST_Pipeline_VITIS_LOOP_347_1_fu_939_ap_start_reg                    |   1|   0|    1|          0|
    |grp_KBEST_Pipeline_VITIS_LOOP_364_3_fu_947_ap_start_reg                    |   1|   0|    1|          0|
    |grp_KBEST_Pipeline_VITIS_LOOP_373_5_fu_1016_ap_start_reg                   |   1|   0|    1|          0|
    |grp_KBEST_Pipeline_VITIS_LOOP_391_6_VITIS_LOOP_392_7_fu_1058_ap_start_reg  |   1|   0|    1|          0|
    |grp_KBEST_Pipeline_VITIS_LOOP_410_9_fu_1136_ap_start_reg                   |   1|   0|    1|          0|
    |grp_KBEST_Pipeline_VITIS_LOOP_420_10_fu_1009_ap_start_reg                  |   1|   0|    1|          0|
    |i_16_reg_534                                                               |   3|   0|    3|          0|
    |icmp_ln358_5_reg_3058                                                      |   1|   0|    1|          0|
    |icmp_ln358_6_reg_3066                                                      |   1|   0|    1|          0|
    |icmp_ln382_reg_3354                                                        |   1|   0|    1|          0|
    |icmp_ln390_reg_3359                                                        |   1|   0|    1|          0|
    |j_fu_98                                                                    |   4|   0|    4|          0|
    |lhs_reg_3336                                                               |  17|   0|   17|          0|
    |select_ln358_10_reg_3089                                                   |  32|   0|   32|          0|
    |select_ln358_12_reg_3094                                                   |  32|   0|   32|          0|
    |select_ln358_13_reg_3099                                                   |  32|   0|   32|          0|
    |select_ln358_16_reg_3104                                                   |  32|   0|   32|          0|
    |select_ln358_18_reg_3224                                                   |  32|   0|   32|          0|
    |select_ln358_21_reg_3109                                                   |  32|   0|   32|          0|
    |select_ln358_24_reg_3114                                                   |  32|   0|   32|          0|
    |select_ln358_26_reg_3119                                                   |  32|   0|   32|          0|
    |select_ln358_29_reg_3124                                                   |  32|   0|   32|          0|
    |select_ln358_2_reg_3074                                                    |  32|   0|   32|          0|
    |select_ln358_31_reg_3129                                                   |  32|   0|   32|          0|
    |select_ln358_32_reg_3134                                                   |  32|   0|   32|          0|
    |select_ln358_35_reg_3139                                                   |  32|   0|   32|          0|
    |select_ln358_37_reg_3231                                                   |  32|   0|   32|          0|
    |select_ln358_39_reg_3238                                                   |  32|   0|   32|          0|
    |select_ln358_42_reg_3144                                                   |  32|   0|   32|          0|
    |select_ln358_43_reg_3149                                                   |  32|   0|   32|          0|
    |select_ln358_45_reg_3154                                                   |  32|   0|   32|          0|
    |select_ln358_48_reg_3159                                                   |  32|   0|   32|          0|
    |select_ln358_50_reg_3164                                                   |  32|   0|   32|          0|
    |select_ln358_53_reg_3169                                                   |  32|   0|   32|          0|
    |select_ln358_56_reg_3174                                                   |  32|   0|   32|          0|
    |select_ln358_58_reg_3245                                                   |  32|   0|   32|          0|
    |select_ln358_5_reg_3079                                                    |  32|   0|   32|          0|
    |select_ln358_61_reg_3179                                                   |  32|   0|   32|          0|
    |select_ln358_62_reg_3184                                                   |  32|   0|   32|          0|
    |select_ln358_64_reg_3189                                                   |  32|   0|   32|          0|
    |select_ln358_67_reg_3194                                                   |  32|   0|   32|          0|
    |select_ln358_69_reg_3199                                                   |  32|   0|   32|          0|
    |select_ln358_72_reg_3204                                                   |  32|   0|   32|          0|
    |select_ln358_75_reg_3209                                                   |  32|   0|   32|          0|
    |select_ln358_7_reg_3084                                                    |  32|   0|   32|          0|
    |survival_PED_V_1_fu_94                                                     |  16|   0|   16|          0|
    |survival_PED_V_3_reg_627                                                   |  16|   0|   16|          0|
    |survival_PED_V_4_reg_617                                                   |  16|   0|   16|          0|
    |survival_PED_V_fu_90                                                       |  16|   0|   16|          0|
    |tmp_cast_reg_3219                                                          |   3|   0|    6|          3|
    |trunc_ln371_reg_3341                                                       |   2|   0|    2|          0|
    |trunc_ln712_reg_3051                                                       |   3|   0|    3|          0|
    |x_guess_10_fu_142                                                          |  32|   0|   32|          0|
    |x_guess_11_fu_146                                                          |  32|   0|   32|          0|
    |x_guess_12_fu_150                                                          |  32|   0|   32|          0|
    |x_guess_13_fu_154                                                          |  32|   0|   32|          0|
    |x_guess_14_fu_158                                                          |  32|   0|   32|          0|
    |x_guess_15_fu_162                                                          |  32|   0|   32|          0|
    |x_guess_16_fu_166                                                          |  32|   0|   32|          0|
    |x_guess_17_fu_170                                                          |  32|   0|   32|          0|
    |x_guess_18_fu_174                                                          |  32|   0|   32|          0|
    |x_guess_19_fu_178                                                          |  32|   0|   32|          0|
    |x_guess_1_fu_106                                                           |  32|   0|   32|          0|
    |x_guess_20_fu_182                                                          |  32|   0|   32|          0|
    |x_guess_21_fu_186                                                          |  32|   0|   32|          0|
    |x_guess_22_fu_190                                                          |  32|   0|   32|          0|
    |x_guess_23_fu_194                                                          |  32|   0|   32|          0|
    |x_guess_24_fu_198                                                          |  32|   0|   32|          0|
    |x_guess_25_fu_202                                                          |  32|   0|   32|          0|
    |x_guess_26_fu_206                                                          |  32|   0|   32|          0|
    |x_guess_27_fu_210                                                          |  32|   0|   32|          0|
    |x_guess_28_fu_214                                                          |  32|   0|   32|          0|
    |x_guess_29_fu_218                                                          |  32|   0|   32|          0|
    |x_guess_2_fu_110                                                           |  32|   0|   32|          0|
    |x_guess_30_fu_222                                                          |  32|   0|   32|          0|
    |x_guess_31_fu_226                                                          |  32|   0|   32|          0|
    |x_guess_32_reg_3458                                                        |  32|   0|   32|          0|
    |x_guess_33_reg_3453                                                        |  32|   0|   32|          0|
    |x_guess_34_reg_637                                                         |  32|   0|   32|          0|
    |x_guess_35_reg_647                                                         |  32|   0|   32|          0|
    |x_guess_36_reg_657                                                         |  32|   0|   32|          0|
    |x_guess_37_reg_667                                                         |  32|   0|   32|          0|
    |x_guess_38_reg_677                                                         |  32|   0|   32|          0|
    |x_guess_39_reg_687                                                         |  32|   0|   32|          0|
    |x_guess_3_fu_114                                                           |  32|   0|   32|          0|
    |x_guess_40_reg_697                                                         |  32|   0|   32|          0|
    |x_guess_41_reg_707                                                         |  32|   0|   32|          0|
    |x_guess_42_reg_717                                                         |  32|   0|   32|          0|
    |x_guess_43_reg_727                                                         |  32|   0|   32|          0|
    |x_guess_44_reg_737                                                         |  32|   0|   32|          0|
    |x_guess_45_reg_747                                                         |  32|   0|   32|          0|
    |x_guess_46_reg_757                                                         |  32|   0|   32|          0|
    |x_guess_47_reg_767                                                         |  32|   0|   32|          0|
    |x_guess_48_reg_777                                                         |  32|   0|   32|          0|
    |x_guess_49_reg_786                                                         |  32|   0|   32|          0|
    |x_guess_4_fu_118                                                           |  32|   0|   32|          0|
    |x_guess_50_reg_795                                                         |  32|   0|   32|          0|
    |x_guess_51_reg_804                                                         |  32|   0|   32|          0|
    |x_guess_52_reg_813                                                         |  32|   0|   32|          0|
    |x_guess_53_reg_822                                                         |  32|   0|   32|          0|
    |x_guess_54_reg_831                                                         |  32|   0|   32|          0|
    |x_guess_55_reg_840                                                         |  32|   0|   32|          0|
    |x_guess_56_reg_849                                                         |  32|   0|   32|          0|
    |x_guess_57_reg_858                                                         |  32|   0|   32|          0|
    |x_guess_58_reg_867                                                         |  32|   0|   32|          0|
    |x_guess_59_reg_876                                                         |  32|   0|   32|          0|
    |x_guess_5_fu_122                                                           |  32|   0|   32|          0|
    |x_guess_60_reg_885                                                         |  32|   0|   32|          0|
    |x_guess_61_reg_894                                                         |  32|   0|   32|          0|
    |x_guess_6_fu_126                                                           |  32|   0|   32|          0|
    |x_guess_7_fu_130                                                           |  32|   0|   32|          0|
    |x_guess_8_fu_134                                                           |  32|   0|   32|          0|
    |x_guess_9_fu_138                                                           |  32|   0|   32|          0|
    |x_guess_fu_102                                                             |  32|   0|   32|          0|
    +---------------------------------------------------------------------------+----+----+-----+-----------+
    |Total                                                                      |3198|   0| 3201|          3|
    +---------------------------------------------------------------------------+----+----+-----+-----------+



================================================================
== Interface
================================================================
* Summary: 
+----------------+-----+-----+------------+--------------+--------------+
|    RTL Ports   | Dir | Bits|  Protocol  | Source Object|    C Type    |
+----------------+-----+-----+------------+--------------+--------------+
|ap_clk          |   in|    1|  ap_ctrl_hs|         KBEST|  return value|
|ap_rst          |   in|    1|  ap_ctrl_hs|         KBEST|  return value|
|ap_start        |   in|    1|  ap_ctrl_hs|         KBEST|  return value|
|ap_done         |  out|    1|  ap_ctrl_hs|         KBEST|  return value|
|ap_idle         |  out|    1|  ap_ctrl_hs|         KBEST|  return value|
|ap_ready        |  out|    1|  ap_ctrl_hs|         KBEST|  return value|
|R_address0      |  out|    6|   ap_memory|             R|         array|
|R_ce0           |  out|    1|   ap_memory|             R|         array|
|R_q0            |   in|   16|   ap_memory|             R|         array|
|y_hat_address0  |  out|    3|   ap_memory|         y_hat|         array|
|y_hat_ce0       |  out|    1|   ap_memory|         y_hat|         array|
|y_hat_q0        |   in|   16|   ap_memory|         y_hat|         array|
|out_r_address0  |  out|    3|   ap_memory|         out_r|         array|
|out_r_ce0       |  out|    1|   ap_memory|         out_r|         array|
|out_r_we0       |  out|    1|   ap_memory|         out_r|         array|
|out_r_d0        |  out|   16|   ap_memory|         out_r|         array|
+----------------+-----+-----+------------+--------------+--------------+

