

================================================================
== Vitis HLS Report for 'KBEST_Pipeline_VITIS_LOOP_373_5'
================================================================
* Date:           Wed May 25 23:56:03 2022

* Version:        2021.2 (Build 3367213 on Tue Oct 19 02:48:09 MDT 2021)
* Project:        MIMO
* Solution:       solution1 (Vivado IP Flow Target)
* Product family: zynquplus
* Target device:  xczu9eg-ffvb1156-2-e


================================================================
== Performance Estimates
================================================================
+ Timing: 
    * Summary: 
    +--------+----------+----------+------------+
    |  Clock |  Target  | Estimated| Uncertainty|
    +--------+----------+----------+------------+
    |ap_clk  |  30.00 ns|  2.874 ns|     8.10 ns|
    +--------+----------+----------+------------+

+ Latency: 
    * Summary: 
    +---------+---------+-----------+----------+-----+-----+---------+
    |  Latency (cycles) |  Latency (absolute)  |  Interval | Pipeline|
    |   min   |   max   |    min    |    max   | min | max |   Type  |
    +---------+---------+-----------+----------+-----+-----+---------+
    |        3|       10|  90.000 ns|  0.300 us|    3|   10|       no|
    +---------+---------+-----------+----------+-----+-----+---------+

    + Detail: 
        * Instance: 
        N/A

        * Loop: 
        +--------------------+---------+---------+----------+-----------+-----------+-------+----------+
        |                    |  Latency (cycles) | Iteration|  Initiation Interval  |  Trip |          |
        |      Loop Name     |   min   |   max   |  Latency |  achieved |   target  | Count | Pipelined|
        +--------------------+---------+---------+----------+-----------+-----------+-------+----------+
        |- VITIS_LOOP_373_5  |        1|        8|         2|          1|          1|  1 ~ 8|       yes|
        +--------------------+---------+---------+----------+-----------+-----------+-------+----------+



================================================================
== Utilization Estimates
================================================================
* Summary: 
+-----------------+---------+------+--------+--------+-----+
|       Name      | BRAM_18K|  DSP |   FF   |   LUT  | URAM|
+-----------------+---------+------+--------+--------+-----+
|DSP              |        -|     -|       -|       -|    -|
|Expression       |        -|     -|       0|     197|    -|
|FIFO             |        -|     -|       -|       -|    -|
|Instance         |        -|     -|       0|     192|    -|
|Memory           |        -|     -|       -|       -|    -|
|Multiplexer      |        -|     -|       -|      45|    -|
|Register         |        -|     -|      85|       -|    -|
+-----------------+---------+------+--------+--------+-----+
|Total            |        0|     0|      85|     434|    0|
+-----------------+---------+------+--------+--------+-----+
|Available        |     1824|  2520|  548160|  274080|    0|
+-----------------+---------+------+--------+--------+-----+
|Utilization (%)  |        0|     0|      ~0|      ~0|    0|
+-----------------+---------+------+--------+--------+-----+

+ Detail: 
    * Instance: 
    +---------------------+----------------+---------+----+---+----+-----+
    |       Instance      |     Module     | BRAM_18K| DSP| FF| LUT| URAM|
    +---------------------+----------------+---------+----+---+----+-----+
    |mux_42_32_1_1_U916   |mux_42_32_1_1   |        0|   0|  0|  20|    0|
    |mux_864_32_1_1_U912  |mux_864_32_1_1  |        0|   0|  0|  43|    0|
    |mux_864_32_1_1_U913  |mux_864_32_1_1  |        0|   0|  0|  43|    0|
    |mux_864_32_1_1_U914  |mux_864_32_1_1  |        0|   0|  0|  43|    0|
    |mux_864_32_1_1_U915  |mux_864_32_1_1  |        0|   0|  0|  43|    0|
    +---------------------+----------------+---------+----+---+----+-----+
    |Total                |                |        0|   0|  0| 192|    0|
    +---------------------+----------------+---------+----+---+----+-----+

    * DSP: 
    N/A

    * Memory: 
    N/A

    * FIFO: 
    N/A

    * Expression: 
    +----------------------+----------+----+---+----+------------+------------+
    |     Variable Name    | Operation| DSP| FF| LUT| Bitwidth P0| Bitwidth P1|
    +----------------------+----------+----+---+----+------------+------------+
    |add_ln373_fu_462_p2   |         +|   0|  0|  71|          64|           1|
    |add_ln712_fu_371_p2   |         +|   0|  0|  13|           6|           6|
    |dist_V_1_fu_476_p2    |         +|   0|  0|  23|          16|          16|
    |dist_V_2_fu_482_p2    |         -|   0|  0|  23|          16|          16|
    |icmp_ln373_fu_381_p2  |      icmp|   0|  0|  29|          64|           4|
    |icmp_ln374_fu_456_p2  |      icmp|   0|  0|  20|          32|           1|
    |dist_V_3_fu_488_p3    |    select|   0|  0|  16|           1|          16|
    |ap_enable_pp0         |       xor|   0|  0|   2|           1|           2|
    +----------------------+----------+----+---+----+------------+------------+
    |Total                 |          |   0|  0| 197|         200|          62|
    +----------------------+----------+----+---+----+------------+------------+

    * Multiplexer: 
    +-------------------------+----+-----------+-----+-----------+
    |           Name          | LUT| Input Size| Bits| Total Bits|
    +-------------------------+----+-----------+-----+-----------+
    |ap_done_int              |   9|          2|    1|          2|
    |ap_enable_reg_pp0_iter1  |   9|          2|    1|          2|
    |ap_enable_reg_pp0_iter2  |   9|          2|    1|          2|
    |dist_V_fu_112            |   9|          2|   16|         32|
    |j_fu_116                 |   9|          2|   64|        128|
    +-------------------------+----+-----------+-----+-----------+
    |Total                    |  45|         10|   83|        166|
    +-------------------------+----+-----------+-----+-----------+

    * Register: 
    +-------------------------+----+----+-----+-----------+
    |           Name          | FF | LUT| Bits| Const Bits|
    +-------------------------+----+----+-----+-----------+
    |ap_CS_fsm                |   1|   0|    1|          0|
    |ap_done_reg              |   1|   0|    1|          0|
    |ap_enable_reg_pp0_iter1  |   1|   0|    1|          0|
    |ap_enable_reg_pp0_iter2  |   1|   0|    1|          0|
    |dist_V_fu_112            |  16|   0|   16|          0|
    |icmp_ln374_reg_697       |   1|   0|    1|          0|
    |j_fu_116                 |  64|   0|   64|          0|
    +-------------------------+----+----+-----+-----------+
    |Total                    |  85|   0|   85|          0|
    +-------------------------+----+----+-----+-----------+



================================================================
== Interface
================================================================
* Summary: 
+-------------------+-----+-----+------------+---------------------------------+--------------+
|     RTL Ports     | Dir | Bits|  Protocol  |          Source Object          |    C Type    |
+-------------------+-----+-----+------------+---------------------------------+--------------+
|ap_clk             |   in|    1|  ap_ctrl_hs|  KBEST_Pipeline_VITIS_LOOP_373_5|  return value|
|ap_rst             |   in|    1|  ap_ctrl_hs|  KBEST_Pipeline_VITIS_LOOP_373_5|  return value|
|ap_start           |   in|    1|  ap_ctrl_hs|  KBEST_Pipeline_VITIS_LOOP_373_5|  return value|
|ap_done            |  out|    1|  ap_ctrl_hs|  KBEST_Pipeline_VITIS_LOOP_373_5|  return value|
|ap_idle            |  out|    1|  ap_ctrl_hs|  KBEST_Pipeline_VITIS_LOOP_373_5|  return value|
|ap_ready           |  out|    1|  ap_ctrl_hs|  KBEST_Pipeline_VITIS_LOOP_373_5|  return value|
|zext_ln352         |   in|    3|     ap_none|                       zext_ln352|        scalar|
|zext_ln712         |   in|    6|     ap_none|                       zext_ln712|        scalar|
|R_address0         |  out|    6|   ap_memory|                                R|         array|
|R_ce0              |  out|    1|   ap_memory|                                R|         array|
|R_q0               |   in|   16|   ap_memory|                                R|         array|
|select_ln358_37    |   in|   32|     ap_none|                  select_ln358_37|        scalar|
|p_reload175        |   in|   32|     ap_none|                      p_reload175|        scalar|
|p_reload176        |   in|   32|     ap_none|                      p_reload176|        scalar|
|p_reload177        |   in|   32|     ap_none|                      p_reload177|        scalar|
|p_reload178        |   in|   32|     ap_none|                      p_reload178|        scalar|
|p_reload179        |   in|   32|     ap_none|                      p_reload179|        scalar|
|p_reload180        |   in|   32|     ap_none|                      p_reload180|        scalar|
|p_reload174        |   in|   32|     ap_none|                      p_reload174|        scalar|
|select_ln358_39    |   in|   32|     ap_none|                  select_ln358_39|        scalar|
|p_reload168        |   in|   32|     ap_none|                      p_reload168|        scalar|
|p_reload169        |   in|   32|     ap_none|                      p_reload169|        scalar|
|p_reload170        |   in|   32|     ap_none|                      p_reload170|        scalar|
|p_reload171        |   in|   32|     ap_none|                      p_reload171|        scalar|
|p_reload172        |   in|   32|     ap_none|                      p_reload172|        scalar|
|p_reload173        |   in|   32|     ap_none|                      p_reload173|        scalar|
|p_reload167        |   in|   32|     ap_none|                      p_reload167|        scalar|
|select_ln358_18    |   in|   32|     ap_none|                  select_ln358_18|        scalar|
|p_reload161        |   in|   32|     ap_none|                      p_reload161|        scalar|
|p_reload162        |   in|   32|     ap_none|                      p_reload162|        scalar|
|p_reload163        |   in|   32|     ap_none|                      p_reload163|        scalar|
|p_reload164        |   in|   32|     ap_none|                      p_reload164|        scalar|
|p_reload165        |   in|   32|     ap_none|                      p_reload165|        scalar|
|p_reload166        |   in|   32|     ap_none|                      p_reload166|        scalar|
|p_reload160        |   in|   32|     ap_none|                      p_reload160|        scalar|
|select_ln358_58    |   in|   32|     ap_none|                  select_ln358_58|        scalar|
|p_reload154        |   in|   32|     ap_none|                      p_reload154|        scalar|
|p_reload155        |   in|   32|     ap_none|                      p_reload155|        scalar|
|p_reload156        |   in|   32|     ap_none|                      p_reload156|        scalar|
|p_reload157        |   in|   32|     ap_none|                      p_reload157|        scalar|
|p_reload158        |   in|   32|     ap_none|                      p_reload158|        scalar|
|p_reload159        |   in|   32|     ap_none|                      p_reload159|        scalar|
|p_reload153        |   in|   32|     ap_none|                      p_reload153|        scalar|
|i_16               |   in|    2|     ap_none|                             i_16|        scalar|
|dist_V_out         |  out|   16|      ap_vld|                       dist_V_out|       pointer|
|dist_V_out_ap_vld  |  out|    1|      ap_vld|                       dist_V_out|       pointer|
+-------------------+-----+-----+------------+---------------------------------+--------------+

