

================================================================
== Vitis HLS Report for 'QRD_Pipeline_VITIS_LOOP_268_8'
================================================================
* Date:           Wed May 25 23:55:49 2022

* Version:        2021.2 (Build 3367213 on Tue Oct 19 02:48:09 MDT 2021)
* Project:        MIMO
* Solution:       solution1 (Vivado IP Flow Target)
* Product family: zynquplus
* Target device:  xczu9eg-ffvb1156-2-e


================================================================
== Performance Estimates
================================================================
+ Timing: 
    * Summary: 
    +--------+----------+----------+------------+
    |  Clock |  Target  | Estimated| Uncertainty|
    +--------+----------+----------+------------+
    |ap_clk  |  30.00 ns|  2.939 ns|     8.10 ns|
    +--------+----------+----------+------------+

+ Latency: 
    * Summary: 
    +---------+---------+----------+----------+-----+-----+---------+
    |  Latency (cycles) |  Latency (absolute) |  Interval | Pipeline|
    |   min   |   max   |    min   |    max   | min | max |   Type  |
    +---------+---------+----------+----------+-----+-----+---------+
    |       29|      218|  0.870 us|  6.540 us|   29|  218|       no|
    +---------+---------+----------+----------+-----+-----+---------+

    + Detail: 
        * Instance: 
        N/A

        * Loop: 
        +--------------------+---------+---------+----------+-----------+-----------+-------+----------+
        |                    |  Latency (cycles) | Iteration|  Initiation Interval  |  Trip |          |
        |      Loop Name     |   min   |   max   |  Latency |  achieved |   target  | Count | Pipelined|
        +--------------------+---------+---------+----------+-----------+-----------+-------+----------+
        |- VITIS_LOOP_268_8  |       27|      216|        28|         27|          1|  1 ~ 8|       yes|
        +--------------------+---------+---------+----------+-----------+-----------+-------+----------+



================================================================
== Utilization Estimates
================================================================
* Summary: 
+-----------------+---------+------+--------+--------+-----+
|       Name      | BRAM_18K|  DSP |   FF   |   LUT  | URAM|
+-----------------+---------+------+--------+--------+-----+
|DSP              |        -|    16|       -|       -|    -|
|Expression       |        -|     -|       0|     102|    -|
|FIFO             |        -|     -|       -|       -|    -|
|Instance         |        -|     -|   23344|   19358|    -|
|Memory           |        -|     -|       -|       -|    -|
|Multiplexer      |        -|     -|       -|    3129|    -|
|Register         |        -|     -|     686|       -|    -|
+-----------------+---------+------+--------+--------+-----+
|Total            |        0|    16|   24030|   22589|    0|
+-----------------+---------+------+--------+--------+-----+
|Available        |     1824|  2520|  548160|  274080|    0|
+-----------------+---------+------+--------+--------+-----+
|Utilization (%)  |        0|    ~0|       4|       8|    0|
+-----------------+---------+------+--------+--------+-----+

+ Detail: 
    * Instance: 
    +----------------------------+-----------------------+---------+----+------+------+-----+
    |          Instance          |         Module        | BRAM_18K| DSP|  FF  |  LUT | URAM|
    +----------------------------+-----------------------+---------+----+------+------+-----+
    |mux_83_16_1_1_U379          |mux_83_16_1_1          |        0|   0|     0|    43|    0|
    |mux_83_16_1_1_U380          |mux_83_16_1_1          |        0|   0|     0|    43|    0|
    |mux_83_16_1_1_U381          |mux_83_16_1_1          |        0|   0|     0|    43|    0|
    |mux_83_16_1_1_U382          |mux_83_16_1_1          |        0|   0|     0|    43|    0|
    |mux_83_16_1_1_U383          |mux_83_16_1_1          |        0|   0|     0|    43|    0|
    |mux_83_16_1_1_U384          |mux_83_16_1_1          |        0|   0|     0|    43|    0|
    |mux_83_16_1_1_U385          |mux_83_16_1_1          |        0|   0|     0|    43|    0|
    |mux_83_16_1_1_U386          |mux_83_16_1_1          |        0|   0|     0|    43|    0|
    |mux_83_16_1_1_U387          |mux_83_16_1_1          |        0|   0|     0|    43|    0|
    |mux_83_16_1_1_U388          |mux_83_16_1_1          |        0|   0|     0|    43|    0|
    |mux_83_16_1_1_U389          |mux_83_16_1_1          |        0|   0|     0|    43|    0|
    |mux_83_16_1_1_U390          |mux_83_16_1_1          |        0|   0|     0|    43|    0|
    |mux_83_16_1_1_U391          |mux_83_16_1_1          |        0|   0|     0|    43|    0|
    |mux_83_16_1_1_U392          |mux_83_16_1_1          |        0|   0|     0|    43|    0|
    |mux_83_16_1_1_U393          |mux_83_16_1_1          |        0|   0|     0|    43|    0|
    |mux_83_16_1_1_U394          |mux_83_16_1_1          |        0|   0|     0|    43|    0|
    |mux_83_16_1_1_U395          |mux_83_16_1_1          |        0|   0|     0|    43|    0|
    |mux_83_16_1_1_U396          |mux_83_16_1_1          |        0|   0|     0|    43|    0|
    |mux_83_16_1_1_U397          |mux_83_16_1_1          |        0|   0|     0|    43|    0|
    |mux_83_16_1_1_U398          |mux_83_16_1_1          |        0|   0|     0|    43|    0|
    |mux_83_16_1_1_U399          |mux_83_16_1_1          |        0|   0|     0|    43|    0|
    |mux_83_16_1_1_U400          |mux_83_16_1_1          |        0|   0|     0|    43|    0|
    |mux_83_16_1_1_U401          |mux_83_16_1_1          |        0|   0|     0|    43|    0|
    |mux_83_16_1_1_U402          |mux_83_16_1_1          |        0|   0|     0|    43|    0|
    |mux_83_16_1_1_U420          |mux_83_16_1_1          |        0|   0|     0|    43|    0|
    |mux_864_16_1_1_U403         |mux_864_16_1_1         |        0|   0|     0|    43|    0|
    |mux_864_16_1_1_U404         |mux_864_16_1_1         |        0|   0|     0|    43|    0|
    |mux_864_16_1_1_U405         |mux_864_16_1_1         |        0|   0|     0|    43|    0|
    |mux_864_16_1_1_U406         |mux_864_16_1_1         |        0|   0|     0|    43|    0|
    |mux_864_16_1_1_U407         |mux_864_16_1_1         |        0|   0|     0|    43|    0|
    |mux_864_16_1_1_U408         |mux_864_16_1_1         |        0|   0|     0|    43|    0|
    |mux_864_16_1_1_U409         |mux_864_16_1_1         |        0|   0|     0|    43|    0|
    |mux_864_16_1_1_U410         |mux_864_16_1_1         |        0|   0|     0|    43|    0|
    |mux_864_16_1_1_U411         |mux_864_16_1_1         |        0|   0|     0|    43|    0|
    |mux_864_16_1_1_U412         |mux_864_16_1_1         |        0|   0|     0|    43|    0|
    |mux_864_16_1_1_U413         |mux_864_16_1_1         |        0|   0|     0|    43|    0|
    |mux_864_16_1_1_U414         |mux_864_16_1_1         |        0|   0|     0|    43|    0|
    |mux_864_16_1_1_U415         |mux_864_16_1_1         |        0|   0|     0|    43|    0|
    |mux_864_16_1_1_U416         |mux_864_16_1_1         |        0|   0|     0|    43|    0|
    |mux_864_16_1_1_U417         |mux_864_16_1_1         |        0|   0|     0|    43|    0|
    |mux_864_16_1_1_U418         |mux_864_16_1_1         |        0|   0|     0|    43|    0|
    |mux_864_16_1_1_U419         |mux_864_16_1_1         |        0|   0|     0|    43|    0|
    |sdiv_24ns_16s_16_28_1_U421  |sdiv_24ns_16s_16_28_1  |        0|   0|  1459|  1097|    0|
    |sdiv_24ns_16s_16_28_1_U422  |sdiv_24ns_16s_16_28_1  |        0|   0|  1459|  1097|    0|
    |sdiv_24ns_16s_16_28_1_U423  |sdiv_24ns_16s_16_28_1  |        0|   0|  1459|  1097|    0|
    |sdiv_24ns_16s_16_28_1_U424  |sdiv_24ns_16s_16_28_1  |        0|   0|  1459|  1097|    0|
    |sdiv_24ns_16s_16_28_1_U425  |sdiv_24ns_16s_16_28_1  |        0|   0|  1459|  1097|    0|
    |sdiv_24ns_16s_16_28_1_U426  |sdiv_24ns_16s_16_28_1  |        0|   0|  1459|  1097|    0|
    |sdiv_24ns_16s_16_28_1_U427  |sdiv_24ns_16s_16_28_1  |        0|   0|  1459|  1097|    0|
    |sdiv_24ns_16s_16_28_1_U428  |sdiv_24ns_16s_16_28_1  |        0|   0|  1459|  1097|    0|
    |sdiv_24ns_16s_16_28_1_U429  |sdiv_24ns_16s_16_28_1  |        0|   0|  1459|  1097|    0|
    |sdiv_24ns_16s_16_28_1_U430  |sdiv_24ns_16s_16_28_1  |        0|   0|  1459|  1097|    0|
    |sdiv_24ns_16s_16_28_1_U431  |sdiv_24ns_16s_16_28_1  |        0|   0|  1459|  1097|    0|
    |sdiv_24ns_16s_16_28_1_U432  |sdiv_24ns_16s_16_28_1  |        0|   0|  1459|  1097|    0|
    |sdiv_24ns_16s_16_28_1_U433  |sdiv_24ns_16s_16_28_1  |        0|   0|  1459|  1097|    0|
    |sdiv_24ns_16s_16_28_1_U434  |sdiv_24ns_16s_16_28_1  |        0|   0|  1459|  1097|    0|
    |sdiv_24ns_16s_16_28_1_U435  |sdiv_24ns_16s_16_28_1  |        0|   0|  1459|  1097|    0|
    |sdiv_24ns_16s_16_28_1_U436  |sdiv_24ns_16s_16_28_1  |        0|   0|  1459|  1097|    0|
    +----------------------------+-----------------------+---------+----+------+------+-----+
    |Total                       |                       |        0|   0| 23344| 19358|    0|
    +----------------------------+-----------------------+---------+----+------+------+-----+

    * DSP: 
    +-------------------------------------+--------------------------------+--------------+
    |               Instance              |             Module             |  Expression  |
    +-------------------------------------+--------------------------------+--------------+
    |mac_mulsub_16s_16s_24ns_24_4_1_U437  |mac_mulsub_16s_16s_24ns_24_4_1  |  i0 - i1 * i2|
    |mac_mulsub_16s_16s_24ns_24_4_1_U438  |mac_mulsub_16s_16s_24ns_24_4_1  |  i0 - i1 * i2|
    |mac_mulsub_16s_16s_24ns_24_4_1_U439  |mac_mulsub_16s_16s_24ns_24_4_1  |  i0 - i1 * i2|
    |mac_mulsub_16s_16s_24ns_24_4_1_U440  |mac_mulsub_16s_16s_24ns_24_4_1  |  i0 - i1 * i2|
    |mac_mulsub_16s_16s_24ns_24_4_1_U441  |mac_mulsub_16s_16s_24ns_24_4_1  |  i0 - i1 * i2|
    |mac_mulsub_16s_16s_24ns_24_4_1_U442  |mac_mulsub_16s_16s_24ns_24_4_1  |  i0 - i1 * i2|
    |mac_mulsub_16s_16s_24ns_24_4_1_U443  |mac_mulsub_16s_16s_24ns_24_4_1  |  i0 - i1 * i2|
    |mac_mulsub_16s_16s_24ns_24_4_1_U444  |mac_mulsub_16s_16s_24ns_24_4_1  |  i0 - i1 * i2|
    |mac_mulsub_16s_16s_24ns_24_4_1_U445  |mac_mulsub_16s_16s_24ns_24_4_1  |  i0 - i1 * i2|
    |mac_mulsub_16s_16s_24ns_24_4_1_U446  |mac_mulsub_16s_16s_24ns_24_4_1  |  i0 - i1 * i2|
    |mac_mulsub_16s_16s_24ns_24_4_1_U447  |mac_mulsub_16s_16s_24ns_24_4_1  |  i0 - i1 * i2|
    |mac_mulsub_16s_16s_24ns_24_4_1_U448  |mac_mulsub_16s_16s_24ns_24_4_1  |  i0 - i1 * i2|
    |mac_mulsub_16s_16s_24ns_24_4_1_U449  |mac_mulsub_16s_16s_24ns_24_4_1  |  i0 - i1 * i2|
    |mac_mulsub_16s_16s_24ns_24_4_1_U450  |mac_mulsub_16s_16s_24ns_24_4_1  |  i0 - i1 * i2|
    |mac_mulsub_16s_16s_24ns_24_4_1_U451  |mac_mulsub_16s_16s_24ns_24_4_1  |  i0 - i1 * i2|
    |mac_mulsub_16s_16s_24ns_24_4_1_U452  |mac_mulsub_16s_16s_24ns_24_4_1  |  i0 - i1 * i2|
    +-------------------------------------+--------------------------------+--------------+

    * Memory: 
    N/A

    * FIFO: 
    N/A

    * Expression: 
    +----------------------+----------+----+---+----+------------+------------+
    |     Variable Name    | Operation| DSP| FF| LUT| Bitwidth P0| Bitwidth P1|
    +----------------------+----------+----+---+----+------------+------------+
    |add_ln268_fu_2021_p2  |         +|   0|  0|  71|          64|           2|
    |icmp_ln269_fu_874_p2  |      icmp|   0|  0|  29|          64|          64|
    |ap_enable_pp0         |       xor|   0|  0|   2|           1|           2|
    +----------------------+----------+----+---+----+------------+------------+
    |Total                 |          |   0|  0| 102|         129|          68|
    +----------------------+----------+----+---+----+------------+------------+

    * Multiplexer: 
    +---------------------------------------------+-----+-----------+-----+-----------+
    |                     Name                    | LUT | Input Size| Bits| Total Bits|
    +---------------------------------------------+-----+-----------+-----+-----------+
    |ap_NS_fsm                                    |  140|         28|    1|         28|
    |ap_done_int                                  |    9|          2|    1|          2|
    |ap_enable_reg_pp0_iter0                      |    9|          2|    1|          2|
    |ap_enable_reg_pp0_iter0_reg                  |    9|          2|    1|          2|
    |ap_enable_reg_pp0_iter1                      |    9|          2|    1|          2|
    |ap_sig_allocacmp_conv_i_i_i1011292_out_load  |    9|          2|   16|         32|
    |ap_sig_allocacmp_conv_i_i_i1011296_out_load  |    9|          2|   16|         32|
    |ap_sig_allocacmp_conv_i_i_i1011300_out_load  |    9|          2|   16|         32|
    |ap_sig_allocacmp_conv_i_i_i1011304_out_load  |    9|          2|   16|         32|
    |ap_sig_allocacmp_conv_i_i_i1011308_out_load  |    9|          2|   16|         32|
    |ap_sig_allocacmp_conv_i_i_i1011312_out_load  |    9|          2|   16|         32|
    |ap_sig_allocacmp_conv_i_i_i1011316_out_load  |    9|          2|   16|         32|
    |ap_sig_allocacmp_conv_i_i_i1011320_out_load  |    9|          2|   16|         32|
    |ap_sig_allocacmp_conv_i_i_i105712_out_load   |    9|          2|   16|         32|
    |ap_sig_allocacmp_conv_i_i_i105716_out_load   |    9|          2|   16|         32|
    |ap_sig_allocacmp_conv_i_i_i105720_out_load   |    9|          2|   16|         32|
    |ap_sig_allocacmp_conv_i_i_i105724_out_load   |    9|          2|   16|         32|
    |ap_sig_allocacmp_conv_i_i_i105728_out_load   |    9|          2|   16|         32|
    |ap_sig_allocacmp_conv_i_i_i105732_out_load   |    9|          2|   16|         32|
    |ap_sig_allocacmp_conv_i_i_i10574_out_load    |    9|          2|   16|         32|
    |ap_sig_allocacmp_conv_i_i_i10578_out_load    |    9|          2|   16|         32|
    |ap_sig_allocacmp_conv_i_i_i369128_out_load   |    9|          2|   16|         32|
    |ap_sig_allocacmp_conv_i_i_i369160_out_load   |    9|          2|   16|         32|
    |ap_sig_allocacmp_conv_i_i_i369192_out_load   |    9|          2|   16|         32|
    |ap_sig_allocacmp_conv_i_i_i369224_out_load   |    9|          2|   16|         32|
    |ap_sig_allocacmp_conv_i_i_i369256_out_load   |    9|          2|   16|         32|
    |ap_sig_allocacmp_conv_i_i_i369288_out_load   |    9|          2|   16|         32|
    |ap_sig_allocacmp_conv_i_i_i36964_out_load    |    9|          2|   16|         32|
    |ap_sig_allocacmp_conv_i_i_i36996_out_load    |    9|          2|   16|         32|
    |ap_sig_allocacmp_conv_i_i_i413124_out_load   |    9|          2|   16|         32|
    |ap_sig_allocacmp_conv_i_i_i413156_out_load   |    9|          2|   16|         32|
    |ap_sig_allocacmp_conv_i_i_i413188_out_load   |    9|          2|   16|         32|
    |ap_sig_allocacmp_conv_i_i_i413220_out_load   |    9|          2|   16|         32|
    |ap_sig_allocacmp_conv_i_i_i413252_out_load   |    9|          2|   16|         32|
    |ap_sig_allocacmp_conv_i_i_i413284_out_load   |    9|          2|   16|         32|
    |ap_sig_allocacmp_conv_i_i_i41360_out_load    |    9|          2|   16|         32|
    |ap_sig_allocacmp_conv_i_i_i41392_out_load    |    9|          2|   16|         32|
    |ap_sig_allocacmp_conv_i_i_i459120_out_load   |    9|          2|   16|         32|
    |ap_sig_allocacmp_conv_i_i_i459152_out_load   |    9|          2|   16|         32|
    |ap_sig_allocacmp_conv_i_i_i459184_out_load   |    9|          2|   16|         32|
    |ap_sig_allocacmp_conv_i_i_i459216_out_load   |    9|          2|   16|         32|
    |ap_sig_allocacmp_conv_i_i_i459248_out_load   |    9|          2|   16|         32|
    |ap_sig_allocacmp_conv_i_i_i459280_out_load   |    9|          2|   16|         32|
    |ap_sig_allocacmp_conv_i_i_i45956_out_load    |    9|          2|   16|         32|
    |ap_sig_allocacmp_conv_i_i_i45988_out_load    |    9|          2|   16|         32|
    |ap_sig_allocacmp_conv_i_i_i505116_out_load   |    9|          2|   16|         32|
    |ap_sig_allocacmp_conv_i_i_i505148_out_load   |    9|          2|   16|         32|
    |ap_sig_allocacmp_conv_i_i_i505180_out_load   |    9|          2|   16|         32|
    |ap_sig_allocacmp_conv_i_i_i505212_out_load   |    9|          2|   16|         32|
    |ap_sig_allocacmp_conv_i_i_i505244_out_load   |    9|          2|   16|         32|
    |ap_sig_allocacmp_conv_i_i_i505276_out_load   |    9|          2|   16|         32|
    |ap_sig_allocacmp_conv_i_i_i50552_out_load    |    9|          2|   16|         32|
    |ap_sig_allocacmp_conv_i_i_i50584_out_load    |    9|          2|   16|         32|
    |ap_sig_allocacmp_conv_i_i_i551112_out_load   |    9|          2|   16|         32|
    |ap_sig_allocacmp_conv_i_i_i551144_out_load   |    9|          2|   16|         32|
    |ap_sig_allocacmp_conv_i_i_i551176_out_load   |    9|          2|   16|         32|
    |ap_sig_allocacmp_conv_i_i_i551208_out_load   |    9|          2|   16|         32|
    |ap_sig_allocacmp_conv_i_i_i551240_out_load   |    9|          2|   16|         32|
    |ap_sig_allocacmp_conv_i_i_i551272_out_load   |    9|          2|   16|         32|
    |ap_sig_allocacmp_conv_i_i_i55148_out_load    |    9|          2|   16|         32|
    |ap_sig_allocacmp_conv_i_i_i55180_out_load    |    9|          2|   16|         32|
    |ap_sig_allocacmp_conv_i_i_i597108_out_load   |    9|          2|   16|         32|
    |ap_sig_allocacmp_conv_i_i_i597140_out_load   |    9|          2|   16|         32|
    |ap_sig_allocacmp_conv_i_i_i597172_out_load   |    9|          2|   16|         32|
    |ap_sig_allocacmp_conv_i_i_i597204_out_load   |    9|          2|   16|         32|
    |ap_sig_allocacmp_conv_i_i_i597236_out_load   |    9|          2|   16|         32|
    |ap_sig_allocacmp_conv_i_i_i597268_out_load   |    9|          2|   16|         32|
    |ap_sig_allocacmp_conv_i_i_i59744_out_load    |    9|          2|   16|         32|
    |ap_sig_allocacmp_conv_i_i_i59776_out_load    |    9|          2|   16|         32|
    |ap_sig_allocacmp_conv_i_i_i643104_out_load   |    9|          2|   16|         32|
    |ap_sig_allocacmp_conv_i_i_i643136_out_load   |    9|          2|   16|         32|
    |ap_sig_allocacmp_conv_i_i_i643168_out_load   |    9|          2|   16|         32|
    |ap_sig_allocacmp_conv_i_i_i643200_out_load   |    9|          2|   16|         32|
    |ap_sig_allocacmp_conv_i_i_i643232_out_load   |    9|          2|   16|         32|
    |ap_sig_allocacmp_conv_i_i_i643264_out_load   |    9|          2|   16|         32|
    |ap_sig_allocacmp_conv_i_i_i64340_out_load    |    9|          2|   16|         32|
    |ap_sig_allocacmp_conv_i_i_i64372_out_load    |    9|          2|   16|         32|
    |ap_sig_allocacmp_conv_i_i_i689100_out_load   |    9|          2|   16|         32|
    |ap_sig_allocacmp_conv_i_i_i689132_out_load   |    9|          2|   16|         32|
    |ap_sig_allocacmp_conv_i_i_i689164_out_load   |    9|          2|   16|         32|
    |ap_sig_allocacmp_conv_i_i_i689196_out_load   |    9|          2|   16|         32|
    |ap_sig_allocacmp_conv_i_i_i689228_out_load   |    9|          2|   16|         32|
    |ap_sig_allocacmp_conv_i_i_i689260_out_load   |    9|          2|   16|         32|
    |ap_sig_allocacmp_conv_i_i_i68936_out_load    |    9|          2|   16|         32|
    |ap_sig_allocacmp_conv_i_i_i68968_out_load    |    9|          2|   16|         32|
    |ap_sig_allocacmp_conv_i_i_i735484_out_load   |    9|          2|   16|         32|
    |ap_sig_allocacmp_conv_i_i_i735488_out_load   |    9|          2|   16|         32|
    |ap_sig_allocacmp_conv_i_i_i735492_out_load   |    9|          2|   16|         32|
    |ap_sig_allocacmp_conv_i_i_i735496_out_load   |    9|          2|   16|         32|
    |ap_sig_allocacmp_conv_i_i_i735500_out_load   |    9|          2|   16|         32|
    |ap_sig_allocacmp_conv_i_i_i735504_out_load   |    9|          2|   16|         32|
    |ap_sig_allocacmp_conv_i_i_i735508_out_load   |    9|          2|   16|         32|
    |ap_sig_allocacmp_conv_i_i_i735512_out_load   |    9|          2|   16|         32|
    |ap_sig_allocacmp_conv_i_i_i781452_out_load   |    9|          2|   16|         32|
    |ap_sig_allocacmp_conv_i_i_i781456_out_load   |    9|          2|   16|         32|
    |ap_sig_allocacmp_conv_i_i_i781460_out_load   |    9|          2|   16|         32|
    |ap_sig_allocacmp_conv_i_i_i781464_out_load   |    9|          2|   16|         32|
    |ap_sig_allocacmp_conv_i_i_i781468_out_load   |    9|          2|   16|         32|
    |ap_sig_allocacmp_conv_i_i_i781472_out_load   |    9|          2|   16|         32|
    |ap_sig_allocacmp_conv_i_i_i781476_out_load   |    9|          2|   16|         32|
    |ap_sig_allocacmp_conv_i_i_i781480_out_load   |    9|          2|   16|         32|
    |ap_sig_allocacmp_conv_i_i_i827420_out_load   |    9|          2|   16|         32|
    |ap_sig_allocacmp_conv_i_i_i827424_out_load   |    9|          2|   16|         32|
    |ap_sig_allocacmp_conv_i_i_i827428_out_load   |    9|          2|   16|         32|
    |ap_sig_allocacmp_conv_i_i_i827432_out_load   |    9|          2|   16|         32|
    |ap_sig_allocacmp_conv_i_i_i827436_out_load   |    9|          2|   16|         32|
    |ap_sig_allocacmp_conv_i_i_i827440_out_load   |    9|          2|   16|         32|
    |ap_sig_allocacmp_conv_i_i_i827444_out_load   |    9|          2|   16|         32|
    |ap_sig_allocacmp_conv_i_i_i827448_out_load   |    9|          2|   16|         32|
    |ap_sig_allocacmp_conv_i_i_i873388_out_load   |    9|          2|   16|         32|
    |ap_sig_allocacmp_conv_i_i_i873392_out_load   |    9|          2|   16|         32|
    |ap_sig_allocacmp_conv_i_i_i873396_out_load   |    9|          2|   16|         32|
    |ap_sig_allocacmp_conv_i_i_i873400_out_load   |    9|          2|   16|         32|
    |ap_sig_allocacmp_conv_i_i_i873404_out_load   |    9|          2|   16|         32|
    |ap_sig_allocacmp_conv_i_i_i873408_out_load   |    9|          2|   16|         32|
    |ap_sig_allocacmp_conv_i_i_i873412_out_load   |    9|          2|   16|         32|
    |ap_sig_allocacmp_conv_i_i_i873416_out_load   |    9|          2|   16|         32|
    |ap_sig_allocacmp_conv_i_i_i919356_out_load   |    9|          2|   16|         32|
    |ap_sig_allocacmp_conv_i_i_i919360_out_load   |    9|          2|   16|         32|
    |ap_sig_allocacmp_conv_i_i_i919364_out_load   |    9|          2|   16|         32|
    |ap_sig_allocacmp_conv_i_i_i919368_out_load   |    9|          2|   16|         32|
    |ap_sig_allocacmp_conv_i_i_i919372_out_load   |    9|          2|   16|         32|
    |ap_sig_allocacmp_conv_i_i_i919376_out_load   |    9|          2|   16|         32|
    |ap_sig_allocacmp_conv_i_i_i919380_out_load   |    9|          2|   16|         32|
    |ap_sig_allocacmp_conv_i_i_i919384_out_load   |    9|          2|   16|         32|
    |ap_sig_allocacmp_conv_i_i_i965324_out_load   |    9|          2|   16|         32|
    |ap_sig_allocacmp_conv_i_i_i965328_out_load   |    9|          2|   16|         32|
    |ap_sig_allocacmp_conv_i_i_i965332_out_load   |    9|          2|   16|         32|
    |ap_sig_allocacmp_conv_i_i_i965336_out_load   |    9|          2|   16|         32|
    |ap_sig_allocacmp_conv_i_i_i965340_out_load   |    9|          2|   16|         32|
    |ap_sig_allocacmp_conv_i_i_i965344_out_load   |    9|          2|   16|         32|
    |ap_sig_allocacmp_conv_i_i_i965348_out_load   |    9|          2|   16|         32|
    |ap_sig_allocacmp_conv_i_i_i965352_out_load   |    9|          2|   16|         32|
    |conv_i_i_i1011292_out_o                      |   14|          3|   16|         48|
    |conv_i_i_i1011296_out_o                      |   14|          3|   16|         48|
    |conv_i_i_i1011300_out_o                      |   14|          3|   16|         48|
    |conv_i_i_i1011304_out_o                      |   14|          3|   16|         48|
    |conv_i_i_i1011308_out_o                      |   14|          3|   16|         48|
    |conv_i_i_i1011312_out_o                      |   14|          3|   16|         48|
    |conv_i_i_i1011316_out_o                      |   14|          3|   16|         48|
    |conv_i_i_i1011320_out_o                      |   14|          3|   16|         48|
    |conv_i_i_i105712_out_o                       |   14|          3|   16|         48|
    |conv_i_i_i105716_out_o                       |   14|          3|   16|         48|
    |conv_i_i_i105720_out_o                       |   14|          3|   16|         48|
    |conv_i_i_i105724_out_o                       |   14|          3|   16|         48|
    |conv_i_i_i105728_out_o                       |   14|          3|   16|         48|
    |conv_i_i_i105732_out_o                       |   14|          3|   16|         48|
    |conv_i_i_i10574_out_o                        |   14|          3|   16|         48|
    |conv_i_i_i10578_out_o                        |   14|          3|   16|         48|
    |conv_i_i_i369128_out_o                       |   14|          3|   16|         48|
    |conv_i_i_i369160_out_o                       |   14|          3|   16|         48|
    |conv_i_i_i369192_out_o                       |   14|          3|   16|         48|
    |conv_i_i_i369224_out_o                       |   14|          3|   16|         48|
    |conv_i_i_i369256_out_o                       |   14|          3|   16|         48|
    |conv_i_i_i369288_out_o                       |   14|          3|   16|         48|
    |conv_i_i_i36964_out_o                        |   14|          3|   16|         48|
    |conv_i_i_i36996_out_o                        |   14|          3|   16|         48|
    |conv_i_i_i413124_out_o                       |   14|          3|   16|         48|
    |conv_i_i_i413156_out_o                       |   14|          3|   16|         48|
    |conv_i_i_i413188_out_o                       |   14|          3|   16|         48|
    |conv_i_i_i413220_out_o                       |   14|          3|   16|         48|
    |conv_i_i_i413252_out_o                       |   14|          3|   16|         48|
    |conv_i_i_i413284_out_o                       |   14|          3|   16|         48|
    |conv_i_i_i41360_out_o                        |   14|          3|   16|         48|
    |conv_i_i_i41392_out_o                        |   14|          3|   16|         48|
    |conv_i_i_i459120_out_o                       |   14|          3|   16|         48|
    |conv_i_i_i459152_out_o                       |   14|          3|   16|         48|
    |conv_i_i_i459184_out_o                       |   14|          3|   16|         48|
    |conv_i_i_i459216_out_o                       |   14|          3|   16|         48|
    |conv_i_i_i459248_out_o                       |   14|          3|   16|         48|
    |conv_i_i_i459280_out_o                       |   14|          3|   16|         48|
    |conv_i_i_i45956_out_o                        |   14|          3|   16|         48|
    |conv_i_i_i45988_out_o                        |   14|          3|   16|         48|
    |conv_i_i_i505116_out_o                       |   14|          3|   16|         48|
    |conv_i_i_i505148_out_o                       |   14|          3|   16|         48|
    |conv_i_i_i505180_out_o                       |   14|          3|   16|         48|
    |conv_i_i_i505212_out_o                       |   14|          3|   16|         48|
    |conv_i_i_i505244_out_o                       |   14|          3|   16|         48|
    |conv_i_i_i505276_out_o                       |   14|          3|   16|         48|
    |conv_i_i_i50552_out_o                        |   14|          3|   16|         48|
    |conv_i_i_i50584_out_o                        |   14|          3|   16|         48|
    |conv_i_i_i551112_out_o                       |   14|          3|   16|         48|
    |conv_i_i_i551144_out_o                       |   14|          3|   16|         48|
    |conv_i_i_i551176_out_o                       |   14|          3|   16|         48|
    |conv_i_i_i551208_out_o                       |   14|          3|   16|         48|
    |conv_i_i_i551240_out_o                       |   14|          3|   16|         48|
    |conv_i_i_i551272_out_o                       |   14|          3|   16|         48|
    |conv_i_i_i55148_out_o                        |   14|          3|   16|         48|
    |conv_i_i_i55180_out_o                        |   14|          3|   16|         48|
    |conv_i_i_i597108_out_o                       |   14|          3|   16|         48|
    |conv_i_i_i597140_out_o                       |   14|          3|   16|         48|
    |conv_i_i_i597172_out_o                       |   14|          3|   16|         48|
    |conv_i_i_i597204_out_o                       |   14|          3|   16|         48|
    |conv_i_i_i597236_out_o                       |   14|          3|   16|         48|
    |conv_i_i_i597268_out_o                       |   14|          3|   16|         48|
    |conv_i_i_i59744_out_o                        |   14|          3|   16|         48|
    |conv_i_i_i59776_out_o                        |   14|          3|   16|         48|
    |conv_i_i_i643104_out_o                       |   14|          3|   16|         48|
    |conv_i_i_i643136_out_o                       |   14|          3|   16|         48|
    |conv_i_i_i643168_out_o                       |   14|          3|   16|         48|
    |conv_i_i_i643200_out_o                       |   14|          3|   16|         48|
    |conv_i_i_i643232_out_o                       |   14|          3|   16|         48|
    |conv_i_i_i643264_out_o                       |   14|          3|   16|         48|
    |conv_i_i_i64340_out_o                        |   14|          3|   16|         48|
    |conv_i_i_i64372_out_o                        |   14|          3|   16|         48|
    |conv_i_i_i689100_out_o                       |   14|          3|   16|         48|
    |conv_i_i_i689132_out_o                       |   14|          3|   16|         48|
    |conv_i_i_i689164_out_o                       |   14|          3|   16|         48|
    |conv_i_i_i689196_out_o                       |   14|          3|   16|         48|
    |conv_i_i_i689228_out_o                       |   14|          3|   16|         48|
    |conv_i_i_i689260_out_o                       |   14|          3|   16|         48|
    |conv_i_i_i68936_out_o                        |   14|          3|   16|         48|
    |conv_i_i_i68968_out_o                        |   14|          3|   16|         48|
    |conv_i_i_i735484_out_o                       |   14|          3|   16|         48|
    |conv_i_i_i735488_out_o                       |   14|          3|   16|         48|
    |conv_i_i_i735492_out_o                       |   14|          3|   16|         48|
    |conv_i_i_i735496_out_o                       |   14|          3|   16|         48|
    |conv_i_i_i735500_out_o                       |   14|          3|   16|         48|
    |conv_i_i_i735504_out_o                       |   14|          3|   16|         48|
    |conv_i_i_i735508_out_o                       |   14|          3|   16|         48|
    |conv_i_i_i735512_out_o                       |   14|          3|   16|         48|
    |conv_i_i_i781452_out_o                       |   14|          3|   16|         48|
    |conv_i_i_i781456_out_o                       |   14|          3|   16|         48|
    |conv_i_i_i781460_out_o                       |   14|          3|   16|         48|
    |conv_i_i_i781464_out_o                       |   14|          3|   16|         48|
    |conv_i_i_i781468_out_o                       |   14|          3|   16|         48|
    |conv_i_i_i781472_out_o                       |   14|          3|   16|         48|
    |conv_i_i_i781476_out_o                       |   14|          3|   16|         48|
    |conv_i_i_i781480_out_o                       |   14|          3|   16|         48|
    |conv_i_i_i827420_out_o                       |   14|          3|   16|         48|
    |conv_i_i_i827424_out_o                       |   14|          3|   16|         48|
    |conv_i_i_i827428_out_o                       |   14|          3|   16|         48|
    |conv_i_i_i827432_out_o                       |   14|          3|   16|         48|
    |conv_i_i_i827436_out_o                       |   14|          3|   16|         48|
    |conv_i_i_i827440_out_o                       |   14|          3|   16|         48|
    |conv_i_i_i827444_out_o                       |   14|          3|   16|         48|
    |conv_i_i_i827448_out_o                       |   14|          3|   16|         48|
    |conv_i_i_i873388_out_o                       |   14|          3|   16|         48|
    |conv_i_i_i873392_out_o                       |   14|          3|   16|         48|
    |conv_i_i_i873396_out_o                       |   14|          3|   16|         48|
    |conv_i_i_i873400_out_o                       |   14|          3|   16|         48|
    |conv_i_i_i873404_out_o                       |   14|          3|   16|         48|
    |conv_i_i_i873408_out_o                       |   14|          3|   16|         48|
    |conv_i_i_i873412_out_o                       |   14|          3|   16|         48|
    |conv_i_i_i873416_out_o                       |   14|          3|   16|         48|
    |conv_i_i_i919356_out_o                       |   14|          3|   16|         48|
    |conv_i_i_i919360_out_o                       |   14|          3|   16|         48|
    |conv_i_i_i919364_out_o                       |   14|          3|   16|         48|
    |conv_i_i_i919368_out_o                       |   14|          3|   16|         48|
    |conv_i_i_i919372_out_o                       |   14|          3|   16|         48|
    |conv_i_i_i919376_out_o                       |   14|          3|   16|         48|
    |conv_i_i_i919380_out_o                       |   14|          3|   16|         48|
    |conv_i_i_i919384_out_o                       |   14|          3|   16|         48|
    |conv_i_i_i965324_out_o                       |   14|          3|   16|         48|
    |conv_i_i_i965328_out_o                       |   14|          3|   16|         48|
    |conv_i_i_i965332_out_o                       |   14|          3|   16|         48|
    |conv_i_i_i965336_out_o                       |   14|          3|   16|         48|
    |conv_i_i_i965340_out_o                       |   14|          3|   16|         48|
    |conv_i_i_i965344_out_o                       |   14|          3|   16|         48|
    |conv_i_i_i965348_out_o                       |   14|          3|   16|         48|
    |conv_i_i_i965352_out_o                       |   14|          3|   16|         48|
    |j_fu_320                                     |    9|          2|   64|        128|
    +---------------------------------------------+-----+-----------+-----+-----------+
    |Total                                        | 3129|        678| 4165|      10404|
    +---------------------------------------------+-----+-----------+-----+-----------+

    * Register: 
    +-----------------------------+----+----+-----+-----------+
    |             Name            | FF | LUT| Bits| Const Bits|
    +-----------------------------+----+----+-----+-----------+
    |ap_CS_fsm                    |  27|   0|   27|          0|
    |ap_done_reg                  |   1|   0|    1|          0|
    |ap_enable_reg_pp0_iter0_reg  |   1|   0|    1|          0|
    |ap_enable_reg_pp0_iter1      |   1|   0|    1|          0|
    |icmp_ln269_reg_4112          |   1|   0|    1|          0|
    |j_2_reg_4103                 |  64|   0|   64|          0|
    |j_fu_320                     |  64|   0|   64|          0|
    |lhs_V_1_reg_4240             |  16|   0|   16|          0|
    |lhs_V_31_reg_4235            |  16|   0|   16|          0|
    |lhs_V_32_reg_4265            |  16|   0|   16|          0|
    |lhs_V_33_reg_4270            |  16|   0|   16|          0|
    |lhs_V_34_reg_4275            |  16|   0|   16|          0|
    |lhs_V_35_reg_4280            |  16|   0|   16|          0|
    |lhs_V_36_reg_4285            |  16|   0|   16|          0|
    |lhs_V_3_reg_4245             |  16|   0|   16|          0|
    |lhs_V_49_reg_4290            |  16|   0|   16|          0|
    |lhs_V_4_reg_4250             |  16|   0|   16|          0|
    |lhs_V_51_reg_4295            |  16|   0|   16|          0|
    |lhs_V_5_reg_4255             |  16|   0|   16|          0|
    |lhs_V_6_reg_4260             |  16|   0|   16|          0|
    |lhs_V_7_reg_4225             |  16|   0|   16|          0|
    |lhs_V_9_reg_4230             |  16|   0|   16|          0|
    |lhs_V_reg_4216               |  16|   0|   16|          0|
    |r_V_10_reg_4161              |  16|   0|   16|          0|
    |r_V_11_reg_4166              |  16|   0|   16|          0|
    |r_V_12_reg_4171              |  16|   0|   16|          0|
    |r_V_13_reg_4176              |  16|   0|   16|          0|
    |r_V_14_reg_4181              |  16|   0|   16|          0|
    |r_V_15_reg_4186              |  16|   0|   16|          0|
    |r_V_1_reg_4116               |  16|   0|   16|          0|
    |r_V_2_reg_4121               |  16|   0|   16|          0|
    |r_V_3_reg_4126               |  16|   0|   16|          0|
    |r_V_4_reg_4131               |  16|   0|   16|          0|
    |r_V_5_reg_4136               |  16|   0|   16|          0|
    |r_V_6_reg_4141               |  16|   0|   16|          0|
    |r_V_7_reg_4146               |  16|   0|   16|          0|
    |r_V_8_reg_4151               |  16|   0|   16|          0|
    |r_V_9_reg_4156               |  16|   0|   16|          0|
    |sext_ln1171_reg_4191         |  24|   0|   24|          0|
    |tmp_reg_4108                 |   1|   0|    1|          0|
    |trunc_ln291_reg_4221         |   3|   0|    3|          0|
    |zext_ln267_cast_reg_4098     |   3|   0|   64|         61|
    +-----------------------------+----+----+-----+-----------+
    |Total                        | 686|   0|  747|         61|
    +-----------------------------+----+----+-----+-----------+



================================================================
== Interface
================================================================
* Summary: 
+--------------------------------+-----+-----+------------+-------------------------------+--------------+
|            RTL Ports           | Dir | Bits|  Protocol  |         Source Object         |    C Type    |
+--------------------------------+-----+-----+------------+-------------------------------+--------------+
|ap_clk                          |   in|    1|  ap_ctrl_hs|  QRD_Pipeline_VITIS_LOOP_268_8|  return value|
|ap_rst                          |   in|    1|  ap_ctrl_hs|  QRD_Pipeline_VITIS_LOOP_268_8|  return value|
|ap_start                        |   in|    1|  ap_ctrl_hs|  QRD_Pipeline_VITIS_LOOP_268_8|  return value|
|ap_done                         |  out|    1|  ap_ctrl_hs|  QRD_Pipeline_VITIS_LOOP_268_8|  return value|
|ap_idle                         |  out|    1|  ap_ctrl_hs|  QRD_Pipeline_VITIS_LOOP_268_8|  return value|
|ap_ready                        |  out|    1|  ap_ctrl_hs|  QRD_Pipeline_VITIS_LOOP_268_8|  return value|
|zext_ln267                      |   in|    3|     ap_none|                     zext_ln267|        scalar|
|i_13                            |   in|    3|     ap_none|                           i_13|        scalar|
|i_13_cast                       |   in|    3|     ap_none|                      i_13_cast|        scalar|
|conv_i_i_i735512_out_i          |   in|   16|     ap_ovld|           conv_i_i_i735512_out|       pointer|
|conv_i_i_i735512_out_o          |  out|   16|     ap_ovld|           conv_i_i_i735512_out|       pointer|
|conv_i_i_i735512_out_o_ap_vld   |  out|    1|     ap_ovld|           conv_i_i_i735512_out|       pointer|
|conv_i_i_i735508_out_i          |   in|   16|     ap_ovld|           conv_i_i_i735508_out|       pointer|
|conv_i_i_i735508_out_o          |  out|   16|     ap_ovld|           conv_i_i_i735508_out|       pointer|
|conv_i_i_i735508_out_o_ap_vld   |  out|    1|     ap_ovld|           conv_i_i_i735508_out|       pointer|
|conv_i_i_i735504_out_i          |   in|   16|     ap_ovld|           conv_i_i_i735504_out|       pointer|
|conv_i_i_i735504_out_o          |  out|   16|     ap_ovld|           conv_i_i_i735504_out|       pointer|
|conv_i_i_i735504_out_o_ap_vld   |  out|    1|     ap_ovld|           conv_i_i_i735504_out|       pointer|
|conv_i_i_i735500_out_i          |   in|   16|     ap_ovld|           conv_i_i_i735500_out|       pointer|
|conv_i_i_i735500_out_o          |  out|   16|     ap_ovld|           conv_i_i_i735500_out|       pointer|
|conv_i_i_i735500_out_o_ap_vld   |  out|    1|     ap_ovld|           conv_i_i_i735500_out|       pointer|
|conv_i_i_i735496_out_i          |   in|   16|     ap_ovld|           conv_i_i_i735496_out|       pointer|
|conv_i_i_i735496_out_o          |  out|   16|     ap_ovld|           conv_i_i_i735496_out|       pointer|
|conv_i_i_i735496_out_o_ap_vld   |  out|    1|     ap_ovld|           conv_i_i_i735496_out|       pointer|
|conv_i_i_i735492_out_i          |   in|   16|     ap_ovld|           conv_i_i_i735492_out|       pointer|
|conv_i_i_i735492_out_o          |  out|   16|     ap_ovld|           conv_i_i_i735492_out|       pointer|
|conv_i_i_i735492_out_o_ap_vld   |  out|    1|     ap_ovld|           conv_i_i_i735492_out|       pointer|
|conv_i_i_i735488_out_i          |   in|   16|     ap_ovld|           conv_i_i_i735488_out|       pointer|
|conv_i_i_i735488_out_o          |  out|   16|     ap_ovld|           conv_i_i_i735488_out|       pointer|
|conv_i_i_i735488_out_o_ap_vld   |  out|    1|     ap_ovld|           conv_i_i_i735488_out|       pointer|
|conv_i_i_i735484_out_i          |   in|   16|     ap_ovld|           conv_i_i_i735484_out|       pointer|
|conv_i_i_i735484_out_o          |  out|   16|     ap_ovld|           conv_i_i_i735484_out|       pointer|
|conv_i_i_i735484_out_o_ap_vld   |  out|    1|     ap_ovld|           conv_i_i_i735484_out|       pointer|
|conv_i_i_i781480_out_i          |   in|   16|     ap_ovld|           conv_i_i_i781480_out|       pointer|
|conv_i_i_i781480_out_o          |  out|   16|     ap_ovld|           conv_i_i_i781480_out|       pointer|
|conv_i_i_i781480_out_o_ap_vld   |  out|    1|     ap_ovld|           conv_i_i_i781480_out|       pointer|
|conv_i_i_i781476_out_i          |   in|   16|     ap_ovld|           conv_i_i_i781476_out|       pointer|
|conv_i_i_i781476_out_o          |  out|   16|     ap_ovld|           conv_i_i_i781476_out|       pointer|
|conv_i_i_i781476_out_o_ap_vld   |  out|    1|     ap_ovld|           conv_i_i_i781476_out|       pointer|
|conv_i_i_i781472_out_i          |   in|   16|     ap_ovld|           conv_i_i_i781472_out|       pointer|
|conv_i_i_i781472_out_o          |  out|   16|     ap_ovld|           conv_i_i_i781472_out|       pointer|
|conv_i_i_i781472_out_o_ap_vld   |  out|    1|     ap_ovld|           conv_i_i_i781472_out|       pointer|
|conv_i_i_i781468_out_i          |   in|   16|     ap_ovld|           conv_i_i_i781468_out|       pointer|
|conv_i_i_i781468_out_o          |  out|   16|     ap_ovld|           conv_i_i_i781468_out|       pointer|
|conv_i_i_i781468_out_o_ap_vld   |  out|    1|     ap_ovld|           conv_i_i_i781468_out|       pointer|
|conv_i_i_i781464_out_i          |   in|   16|     ap_ovld|           conv_i_i_i781464_out|       pointer|
|conv_i_i_i781464_out_o          |  out|   16|     ap_ovld|           conv_i_i_i781464_out|       pointer|
|conv_i_i_i781464_out_o_ap_vld   |  out|    1|     ap_ovld|           conv_i_i_i781464_out|       pointer|
|conv_i_i_i781460_out_i          |   in|   16|     ap_ovld|           conv_i_i_i781460_out|       pointer|
|conv_i_i_i781460_out_o          |  out|   16|     ap_ovld|           conv_i_i_i781460_out|       pointer|
|conv_i_i_i781460_out_o_ap_vld   |  out|    1|     ap_ovld|           conv_i_i_i781460_out|       pointer|
|conv_i_i_i781456_out_i          |   in|   16|     ap_ovld|           conv_i_i_i781456_out|       pointer|
|conv_i_i_i781456_out_o          |  out|   16|     ap_ovld|           conv_i_i_i781456_out|       pointer|
|conv_i_i_i781456_out_o_ap_vld   |  out|    1|     ap_ovld|           conv_i_i_i781456_out|       pointer|
|conv_i_i_i781452_out_i          |   in|   16|     ap_ovld|           conv_i_i_i781452_out|       pointer|
|conv_i_i_i781452_out_o          |  out|   16|     ap_ovld|           conv_i_i_i781452_out|       pointer|
|conv_i_i_i781452_out_o_ap_vld   |  out|    1|     ap_ovld|           conv_i_i_i781452_out|       pointer|
|conv_i_i_i827448_out_i          |   in|   16|     ap_ovld|           conv_i_i_i827448_out|       pointer|
|conv_i_i_i827448_out_o          |  out|   16|     ap_ovld|           conv_i_i_i827448_out|       pointer|
|conv_i_i_i827448_out_o_ap_vld   |  out|    1|     ap_ovld|           conv_i_i_i827448_out|       pointer|
|conv_i_i_i827444_out_i          |   in|   16|     ap_ovld|           conv_i_i_i827444_out|       pointer|
|conv_i_i_i827444_out_o          |  out|   16|     ap_ovld|           conv_i_i_i827444_out|       pointer|
|conv_i_i_i827444_out_o_ap_vld   |  out|    1|     ap_ovld|           conv_i_i_i827444_out|       pointer|
|conv_i_i_i827440_out_i          |   in|   16|     ap_ovld|           conv_i_i_i827440_out|       pointer|
|conv_i_i_i827440_out_o          |  out|   16|     ap_ovld|           conv_i_i_i827440_out|       pointer|
|conv_i_i_i827440_out_o_ap_vld   |  out|    1|     ap_ovld|           conv_i_i_i827440_out|       pointer|
|conv_i_i_i827436_out_i          |   in|   16|     ap_ovld|           conv_i_i_i827436_out|       pointer|
|conv_i_i_i827436_out_o          |  out|   16|     ap_ovld|           conv_i_i_i827436_out|       pointer|
|conv_i_i_i827436_out_o_ap_vld   |  out|    1|     ap_ovld|           conv_i_i_i827436_out|       pointer|
|conv_i_i_i827432_out_i          |   in|   16|     ap_ovld|           conv_i_i_i827432_out|       pointer|
|conv_i_i_i827432_out_o          |  out|   16|     ap_ovld|           conv_i_i_i827432_out|       pointer|
|conv_i_i_i827432_out_o_ap_vld   |  out|    1|     ap_ovld|           conv_i_i_i827432_out|       pointer|
|conv_i_i_i827428_out_i          |   in|   16|     ap_ovld|           conv_i_i_i827428_out|       pointer|
|conv_i_i_i827428_out_o          |  out|   16|     ap_ovld|           conv_i_i_i827428_out|       pointer|
|conv_i_i_i827428_out_o_ap_vld   |  out|    1|     ap_ovld|           conv_i_i_i827428_out|       pointer|
|conv_i_i_i827424_out_i          |   in|   16|     ap_ovld|           conv_i_i_i827424_out|       pointer|
|conv_i_i_i827424_out_o          |  out|   16|     ap_ovld|           conv_i_i_i827424_out|       pointer|
|conv_i_i_i827424_out_o_ap_vld   |  out|    1|     ap_ovld|           conv_i_i_i827424_out|       pointer|
|conv_i_i_i827420_out_i          |   in|   16|     ap_ovld|           conv_i_i_i827420_out|       pointer|
|conv_i_i_i827420_out_o          |  out|   16|     ap_ovld|           conv_i_i_i827420_out|       pointer|
|conv_i_i_i827420_out_o_ap_vld   |  out|    1|     ap_ovld|           conv_i_i_i827420_out|       pointer|
|conv_i_i_i873416_out_i          |   in|   16|     ap_ovld|           conv_i_i_i873416_out|       pointer|
|conv_i_i_i873416_out_o          |  out|   16|     ap_ovld|           conv_i_i_i873416_out|       pointer|
|conv_i_i_i873416_out_o_ap_vld   |  out|    1|     ap_ovld|           conv_i_i_i873416_out|       pointer|
|conv_i_i_i873412_out_i          |   in|   16|     ap_ovld|           conv_i_i_i873412_out|       pointer|
|conv_i_i_i873412_out_o          |  out|   16|     ap_ovld|           conv_i_i_i873412_out|       pointer|
|conv_i_i_i873412_out_o_ap_vld   |  out|    1|     ap_ovld|           conv_i_i_i873412_out|       pointer|
|conv_i_i_i873408_out_i          |   in|   16|     ap_ovld|           conv_i_i_i873408_out|       pointer|
|conv_i_i_i873408_out_o          |  out|   16|     ap_ovld|           conv_i_i_i873408_out|       pointer|
|conv_i_i_i873408_out_o_ap_vld   |  out|    1|     ap_ovld|           conv_i_i_i873408_out|       pointer|
|conv_i_i_i873404_out_i          |   in|   16|     ap_ovld|           conv_i_i_i873404_out|       pointer|
|conv_i_i_i873404_out_o          |  out|   16|     ap_ovld|           conv_i_i_i873404_out|       pointer|
|conv_i_i_i873404_out_o_ap_vld   |  out|    1|     ap_ovld|           conv_i_i_i873404_out|       pointer|
|conv_i_i_i873400_out_i          |   in|   16|     ap_ovld|           conv_i_i_i873400_out|       pointer|
|conv_i_i_i873400_out_o          |  out|   16|     ap_ovld|           conv_i_i_i873400_out|       pointer|
|conv_i_i_i873400_out_o_ap_vld   |  out|    1|     ap_ovld|           conv_i_i_i873400_out|       pointer|
|conv_i_i_i873396_out_i          |   in|   16|     ap_ovld|           conv_i_i_i873396_out|       pointer|
|conv_i_i_i873396_out_o          |  out|   16|     ap_ovld|           conv_i_i_i873396_out|       pointer|
|conv_i_i_i873396_out_o_ap_vld   |  out|    1|     ap_ovld|           conv_i_i_i873396_out|       pointer|
|conv_i_i_i873392_out_i          |   in|   16|     ap_ovld|           conv_i_i_i873392_out|       pointer|
|conv_i_i_i873392_out_o          |  out|   16|     ap_ovld|           conv_i_i_i873392_out|       pointer|
|conv_i_i_i873392_out_o_ap_vld   |  out|    1|     ap_ovld|           conv_i_i_i873392_out|       pointer|
|conv_i_i_i873388_out_i          |   in|   16|     ap_ovld|           conv_i_i_i873388_out|       pointer|
|conv_i_i_i873388_out_o          |  out|   16|     ap_ovld|           conv_i_i_i873388_out|       pointer|
|conv_i_i_i873388_out_o_ap_vld   |  out|    1|     ap_ovld|           conv_i_i_i873388_out|       pointer|
|conv_i_i_i919384_out_i          |   in|   16|     ap_ovld|           conv_i_i_i919384_out|       pointer|
|conv_i_i_i919384_out_o          |  out|   16|     ap_ovld|           conv_i_i_i919384_out|       pointer|
|conv_i_i_i919384_out_o_ap_vld   |  out|    1|     ap_ovld|           conv_i_i_i919384_out|       pointer|
|conv_i_i_i919380_out_i          |   in|   16|     ap_ovld|           conv_i_i_i919380_out|       pointer|
|conv_i_i_i919380_out_o          |  out|   16|     ap_ovld|           conv_i_i_i919380_out|       pointer|
|conv_i_i_i919380_out_o_ap_vld   |  out|    1|     ap_ovld|           conv_i_i_i919380_out|       pointer|
|conv_i_i_i919376_out_i          |   in|   16|     ap_ovld|           conv_i_i_i919376_out|       pointer|
|conv_i_i_i919376_out_o          |  out|   16|     ap_ovld|           conv_i_i_i919376_out|       pointer|
|conv_i_i_i919376_out_o_ap_vld   |  out|    1|     ap_ovld|           conv_i_i_i919376_out|       pointer|
|conv_i_i_i919372_out_i          |   in|   16|     ap_ovld|           conv_i_i_i919372_out|       pointer|
|conv_i_i_i919372_out_o          |  out|   16|     ap_ovld|           conv_i_i_i919372_out|       pointer|
|conv_i_i_i919372_out_o_ap_vld   |  out|    1|     ap_ovld|           conv_i_i_i919372_out|       pointer|
|conv_i_i_i919368_out_i          |   in|   16|     ap_ovld|           conv_i_i_i919368_out|       pointer|
|conv_i_i_i919368_out_o          |  out|   16|     ap_ovld|           conv_i_i_i919368_out|       pointer|
|conv_i_i_i919368_out_o_ap_vld   |  out|    1|     ap_ovld|           conv_i_i_i919368_out|       pointer|
|conv_i_i_i919364_out_i          |   in|   16|     ap_ovld|           conv_i_i_i919364_out|       pointer|
|conv_i_i_i919364_out_o          |  out|   16|     ap_ovld|           conv_i_i_i919364_out|       pointer|
|conv_i_i_i919364_out_o_ap_vld   |  out|    1|     ap_ovld|           conv_i_i_i919364_out|       pointer|
|conv_i_i_i919360_out_i          |   in|   16|     ap_ovld|           conv_i_i_i919360_out|       pointer|
|conv_i_i_i919360_out_o          |  out|   16|     ap_ovld|           conv_i_i_i919360_out|       pointer|
|conv_i_i_i919360_out_o_ap_vld   |  out|    1|     ap_ovld|           conv_i_i_i919360_out|       pointer|
|conv_i_i_i919356_out_i          |   in|   16|     ap_ovld|           conv_i_i_i919356_out|       pointer|
|conv_i_i_i919356_out_o          |  out|   16|     ap_ovld|           conv_i_i_i919356_out|       pointer|
|conv_i_i_i919356_out_o_ap_vld   |  out|    1|     ap_ovld|           conv_i_i_i919356_out|       pointer|
|conv_i_i_i965352_out_i          |   in|   16|     ap_ovld|           conv_i_i_i965352_out|       pointer|
|conv_i_i_i965352_out_o          |  out|   16|     ap_ovld|           conv_i_i_i965352_out|       pointer|
|conv_i_i_i965352_out_o_ap_vld   |  out|    1|     ap_ovld|           conv_i_i_i965352_out|       pointer|
|conv_i_i_i965348_out_i          |   in|   16|     ap_ovld|           conv_i_i_i965348_out|       pointer|
|conv_i_i_i965348_out_o          |  out|   16|     ap_ovld|           conv_i_i_i965348_out|       pointer|
|conv_i_i_i965348_out_o_ap_vld   |  out|    1|     ap_ovld|           conv_i_i_i965348_out|       pointer|
|conv_i_i_i965344_out_i          |   in|   16|     ap_ovld|           conv_i_i_i965344_out|       pointer|
|conv_i_i_i965344_out_o          |  out|   16|     ap_ovld|           conv_i_i_i965344_out|       pointer|
|conv_i_i_i965344_out_o_ap_vld   |  out|    1|     ap_ovld|           conv_i_i_i965344_out|       pointer|
|conv_i_i_i965340_out_i          |   in|   16|     ap_ovld|           conv_i_i_i965340_out|       pointer|
|conv_i_i_i965340_out_o          |  out|   16|     ap_ovld|           conv_i_i_i965340_out|       pointer|
|conv_i_i_i965340_out_o_ap_vld   |  out|    1|     ap_ovld|           conv_i_i_i965340_out|       pointer|
|conv_i_i_i965336_out_i          |   in|   16|     ap_ovld|           conv_i_i_i965336_out|       pointer|
|conv_i_i_i965336_out_o          |  out|   16|     ap_ovld|           conv_i_i_i965336_out|       pointer|
|conv_i_i_i965336_out_o_ap_vld   |  out|    1|     ap_ovld|           conv_i_i_i965336_out|       pointer|
|conv_i_i_i965332_out_i          |   in|   16|     ap_ovld|           conv_i_i_i965332_out|       pointer|
|conv_i_i_i965332_out_o          |  out|   16|     ap_ovld|           conv_i_i_i965332_out|       pointer|
|conv_i_i_i965332_out_o_ap_vld   |  out|    1|     ap_ovld|           conv_i_i_i965332_out|       pointer|
|conv_i_i_i965328_out_i          |   in|   16|     ap_ovld|           conv_i_i_i965328_out|       pointer|
|conv_i_i_i965328_out_o          |  out|   16|     ap_ovld|           conv_i_i_i965328_out|       pointer|
|conv_i_i_i965328_out_o_ap_vld   |  out|    1|     ap_ovld|           conv_i_i_i965328_out|       pointer|
|conv_i_i_i965324_out_i          |   in|   16|     ap_ovld|           conv_i_i_i965324_out|       pointer|
|conv_i_i_i965324_out_o          |  out|   16|     ap_ovld|           conv_i_i_i965324_out|       pointer|
|conv_i_i_i965324_out_o_ap_vld   |  out|    1|     ap_ovld|           conv_i_i_i965324_out|       pointer|
|conv_i_i_i1011320_out_i         |   in|   16|     ap_ovld|          conv_i_i_i1011320_out|       pointer|
|conv_i_i_i1011320_out_o         |  out|   16|     ap_ovld|          conv_i_i_i1011320_out|       pointer|
|conv_i_i_i1011320_out_o_ap_vld  |  out|    1|     ap_ovld|          conv_i_i_i1011320_out|       pointer|
|conv_i_i_i1011316_out_i         |   in|   16|     ap_ovld|          conv_i_i_i1011316_out|       pointer|
|conv_i_i_i1011316_out_o         |  out|   16|     ap_ovld|          conv_i_i_i1011316_out|       pointer|
|conv_i_i_i1011316_out_o_ap_vld  |  out|    1|     ap_ovld|          conv_i_i_i1011316_out|       pointer|
|conv_i_i_i1011312_out_i         |   in|   16|     ap_ovld|          conv_i_i_i1011312_out|       pointer|
|conv_i_i_i1011312_out_o         |  out|   16|     ap_ovld|          conv_i_i_i1011312_out|       pointer|
|conv_i_i_i1011312_out_o_ap_vld  |  out|    1|     ap_ovld|          conv_i_i_i1011312_out|       pointer|
|conv_i_i_i1011308_out_i         |   in|   16|     ap_ovld|          conv_i_i_i1011308_out|       pointer|
|conv_i_i_i1011308_out_o         |  out|   16|     ap_ovld|          conv_i_i_i1011308_out|       pointer|
|conv_i_i_i1011308_out_o_ap_vld  |  out|    1|     ap_ovld|          conv_i_i_i1011308_out|       pointer|
|conv_i_i_i1011304_out_i         |   in|   16|     ap_ovld|          conv_i_i_i1011304_out|       pointer|
|conv_i_i_i1011304_out_o         |  out|   16|     ap_ovld|          conv_i_i_i1011304_out|       pointer|
|conv_i_i_i1011304_out_o_ap_vld  |  out|    1|     ap_ovld|          conv_i_i_i1011304_out|       pointer|
|conv_i_i_i1011300_out_i         |   in|   16|     ap_ovld|          conv_i_i_i1011300_out|       pointer|
|conv_i_i_i1011300_out_o         |  out|   16|     ap_ovld|          conv_i_i_i1011300_out|       pointer|
|conv_i_i_i1011300_out_o_ap_vld  |  out|    1|     ap_ovld|          conv_i_i_i1011300_out|       pointer|
|conv_i_i_i1011296_out_i         |   in|   16|     ap_ovld|          conv_i_i_i1011296_out|       pointer|
|conv_i_i_i1011296_out_o         |  out|   16|     ap_ovld|          conv_i_i_i1011296_out|       pointer|
|conv_i_i_i1011296_out_o_ap_vld  |  out|    1|     ap_ovld|          conv_i_i_i1011296_out|       pointer|
|conv_i_i_i1011292_out_i         |   in|   16|     ap_ovld|          conv_i_i_i1011292_out|       pointer|
|conv_i_i_i1011292_out_o         |  out|   16|     ap_ovld|          conv_i_i_i1011292_out|       pointer|
|conv_i_i_i1011292_out_o_ap_vld  |  out|    1|     ap_ovld|          conv_i_i_i1011292_out|       pointer|
|conv_i_i_i369288_out_i          |   in|   16|     ap_ovld|           conv_i_i_i369288_out|       pointer|
|conv_i_i_i369288_out_o          |  out|   16|     ap_ovld|           conv_i_i_i369288_out|       pointer|
|conv_i_i_i369288_out_o_ap_vld   |  out|    1|     ap_ovld|           conv_i_i_i369288_out|       pointer|
|conv_i_i_i413284_out_i          |   in|   16|     ap_ovld|           conv_i_i_i413284_out|       pointer|
|conv_i_i_i413284_out_o          |  out|   16|     ap_ovld|           conv_i_i_i413284_out|       pointer|
|conv_i_i_i413284_out_o_ap_vld   |  out|    1|     ap_ovld|           conv_i_i_i413284_out|       pointer|
|conv_i_i_i459280_out_i          |   in|   16|     ap_ovld|           conv_i_i_i459280_out|       pointer|
|conv_i_i_i459280_out_o          |  out|   16|     ap_ovld|           conv_i_i_i459280_out|       pointer|
|conv_i_i_i459280_out_o_ap_vld   |  out|    1|     ap_ovld|           conv_i_i_i459280_out|       pointer|
|conv_i_i_i505276_out_i          |   in|   16|     ap_ovld|           conv_i_i_i505276_out|       pointer|
|conv_i_i_i505276_out_o          |  out|   16|     ap_ovld|           conv_i_i_i505276_out|       pointer|
|conv_i_i_i505276_out_o_ap_vld   |  out|    1|     ap_ovld|           conv_i_i_i505276_out|       pointer|
|conv_i_i_i551272_out_i          |   in|   16|     ap_ovld|           conv_i_i_i551272_out|       pointer|
|conv_i_i_i551272_out_o          |  out|   16|     ap_ovld|           conv_i_i_i551272_out|       pointer|
|conv_i_i_i551272_out_o_ap_vld   |  out|    1|     ap_ovld|           conv_i_i_i551272_out|       pointer|
|conv_i_i_i597268_out_i          |   in|   16|     ap_ovld|           conv_i_i_i597268_out|       pointer|
|conv_i_i_i597268_out_o          |  out|   16|     ap_ovld|           conv_i_i_i597268_out|       pointer|
|conv_i_i_i597268_out_o_ap_vld   |  out|    1|     ap_ovld|           conv_i_i_i597268_out|       pointer|
|conv_i_i_i643264_out_i          |   in|   16|     ap_ovld|           conv_i_i_i643264_out|       pointer|
|conv_i_i_i643264_out_o          |  out|   16|     ap_ovld|           conv_i_i_i643264_out|       pointer|
|conv_i_i_i643264_out_o_ap_vld   |  out|    1|     ap_ovld|           conv_i_i_i643264_out|       pointer|
|conv_i_i_i689260_out_i          |   in|   16|     ap_ovld|           conv_i_i_i689260_out|       pointer|
|conv_i_i_i689260_out_o          |  out|   16|     ap_ovld|           conv_i_i_i689260_out|       pointer|
|conv_i_i_i689260_out_o_ap_vld   |  out|    1|     ap_ovld|           conv_i_i_i689260_out|       pointer|
|conv_i_i_i369256_out_i          |   in|   16|     ap_ovld|           conv_i_i_i369256_out|       pointer|
|conv_i_i_i369256_out_o          |  out|   16|     ap_ovld|           conv_i_i_i369256_out|       pointer|
|conv_i_i_i369256_out_o_ap_vld   |  out|    1|     ap_ovld|           conv_i_i_i369256_out|       pointer|
|conv_i_i_i413252_out_i          |   in|   16|     ap_ovld|           conv_i_i_i413252_out|       pointer|
|conv_i_i_i413252_out_o          |  out|   16|     ap_ovld|           conv_i_i_i413252_out|       pointer|
|conv_i_i_i413252_out_o_ap_vld   |  out|    1|     ap_ovld|           conv_i_i_i413252_out|       pointer|
|conv_i_i_i459248_out_i          |   in|   16|     ap_ovld|           conv_i_i_i459248_out|       pointer|
|conv_i_i_i459248_out_o          |  out|   16|     ap_ovld|           conv_i_i_i459248_out|       pointer|
|conv_i_i_i459248_out_o_ap_vld   |  out|    1|     ap_ovld|           conv_i_i_i459248_out|       pointer|
|conv_i_i_i505244_out_i          |   in|   16|     ap_ovld|           conv_i_i_i505244_out|       pointer|
|conv_i_i_i505244_out_o          |  out|   16|     ap_ovld|           conv_i_i_i505244_out|       pointer|
|conv_i_i_i505244_out_o_ap_vld   |  out|    1|     ap_ovld|           conv_i_i_i505244_out|       pointer|
|conv_i_i_i551240_out_i          |   in|   16|     ap_ovld|           conv_i_i_i551240_out|       pointer|
|conv_i_i_i551240_out_o          |  out|   16|     ap_ovld|           conv_i_i_i551240_out|       pointer|
|conv_i_i_i551240_out_o_ap_vld   |  out|    1|     ap_ovld|           conv_i_i_i551240_out|       pointer|
|conv_i_i_i597236_out_i          |   in|   16|     ap_ovld|           conv_i_i_i597236_out|       pointer|
|conv_i_i_i597236_out_o          |  out|   16|     ap_ovld|           conv_i_i_i597236_out|       pointer|
|conv_i_i_i597236_out_o_ap_vld   |  out|    1|     ap_ovld|           conv_i_i_i597236_out|       pointer|
|conv_i_i_i643232_out_i          |   in|   16|     ap_ovld|           conv_i_i_i643232_out|       pointer|
|conv_i_i_i643232_out_o          |  out|   16|     ap_ovld|           conv_i_i_i643232_out|       pointer|
|conv_i_i_i643232_out_o_ap_vld   |  out|    1|     ap_ovld|           conv_i_i_i643232_out|       pointer|
|conv_i_i_i689228_out_i          |   in|   16|     ap_ovld|           conv_i_i_i689228_out|       pointer|
|conv_i_i_i689228_out_o          |  out|   16|     ap_ovld|           conv_i_i_i689228_out|       pointer|
|conv_i_i_i689228_out_o_ap_vld   |  out|    1|     ap_ovld|           conv_i_i_i689228_out|       pointer|
|conv_i_i_i369224_out_i          |   in|   16|     ap_ovld|           conv_i_i_i369224_out|       pointer|
|conv_i_i_i369224_out_o          |  out|   16|     ap_ovld|           conv_i_i_i369224_out|       pointer|
|conv_i_i_i369224_out_o_ap_vld   |  out|    1|     ap_ovld|           conv_i_i_i369224_out|       pointer|
|conv_i_i_i413220_out_i          |   in|   16|     ap_ovld|           conv_i_i_i413220_out|       pointer|
|conv_i_i_i413220_out_o          |  out|   16|     ap_ovld|           conv_i_i_i413220_out|       pointer|
|conv_i_i_i413220_out_o_ap_vld   |  out|    1|     ap_ovld|           conv_i_i_i413220_out|       pointer|
|conv_i_i_i459216_out_i          |   in|   16|     ap_ovld|           conv_i_i_i459216_out|       pointer|
|conv_i_i_i459216_out_o          |  out|   16|     ap_ovld|           conv_i_i_i459216_out|       pointer|
|conv_i_i_i459216_out_o_ap_vld   |  out|    1|     ap_ovld|           conv_i_i_i459216_out|       pointer|
|conv_i_i_i505212_out_i          |   in|   16|     ap_ovld|           conv_i_i_i505212_out|       pointer|
|conv_i_i_i505212_out_o          |  out|   16|     ap_ovld|           conv_i_i_i505212_out|       pointer|
|conv_i_i_i505212_out_o_ap_vld   |  out|    1|     ap_ovld|           conv_i_i_i505212_out|       pointer|
|conv_i_i_i551208_out_i          |   in|   16|     ap_ovld|           conv_i_i_i551208_out|       pointer|
|conv_i_i_i551208_out_o          |  out|   16|     ap_ovld|           conv_i_i_i551208_out|       pointer|
|conv_i_i_i551208_out_o_ap_vld   |  out|    1|     ap_ovld|           conv_i_i_i551208_out|       pointer|
|conv_i_i_i597204_out_i          |   in|   16|     ap_ovld|           conv_i_i_i597204_out|       pointer|
|conv_i_i_i597204_out_o          |  out|   16|     ap_ovld|           conv_i_i_i597204_out|       pointer|
|conv_i_i_i597204_out_o_ap_vld   |  out|    1|     ap_ovld|           conv_i_i_i597204_out|       pointer|
|conv_i_i_i643200_out_i          |   in|   16|     ap_ovld|           conv_i_i_i643200_out|       pointer|
|conv_i_i_i643200_out_o          |  out|   16|     ap_ovld|           conv_i_i_i643200_out|       pointer|
|conv_i_i_i643200_out_o_ap_vld   |  out|    1|     ap_ovld|           conv_i_i_i643200_out|       pointer|
|conv_i_i_i689196_out_i          |   in|   16|     ap_ovld|           conv_i_i_i689196_out|       pointer|
|conv_i_i_i689196_out_o          |  out|   16|     ap_ovld|           conv_i_i_i689196_out|       pointer|
|conv_i_i_i689196_out_o_ap_vld   |  out|    1|     ap_ovld|           conv_i_i_i689196_out|       pointer|
|conv_i_i_i369192_out_i          |   in|   16|     ap_ovld|           conv_i_i_i369192_out|       pointer|
|conv_i_i_i369192_out_o          |  out|   16|     ap_ovld|           conv_i_i_i369192_out|       pointer|
|conv_i_i_i369192_out_o_ap_vld   |  out|    1|     ap_ovld|           conv_i_i_i369192_out|       pointer|
|conv_i_i_i413188_out_i          |   in|   16|     ap_ovld|           conv_i_i_i413188_out|       pointer|
|conv_i_i_i413188_out_o          |  out|   16|     ap_ovld|           conv_i_i_i413188_out|       pointer|
|conv_i_i_i413188_out_o_ap_vld   |  out|    1|     ap_ovld|           conv_i_i_i413188_out|       pointer|
|conv_i_i_i459184_out_i          |   in|   16|     ap_ovld|           conv_i_i_i459184_out|       pointer|
|conv_i_i_i459184_out_o          |  out|   16|     ap_ovld|           conv_i_i_i459184_out|       pointer|
|conv_i_i_i459184_out_o_ap_vld   |  out|    1|     ap_ovld|           conv_i_i_i459184_out|       pointer|
|conv_i_i_i505180_out_i          |   in|   16|     ap_ovld|           conv_i_i_i505180_out|       pointer|
|conv_i_i_i505180_out_o          |  out|   16|     ap_ovld|           conv_i_i_i505180_out|       pointer|
|conv_i_i_i505180_out_o_ap_vld   |  out|    1|     ap_ovld|           conv_i_i_i505180_out|       pointer|
|conv_i_i_i551176_out_i          |   in|   16|     ap_ovld|           conv_i_i_i551176_out|       pointer|
|conv_i_i_i551176_out_o          |  out|   16|     ap_ovld|           conv_i_i_i551176_out|       pointer|
|conv_i_i_i551176_out_o_ap_vld   |  out|    1|     ap_ovld|           conv_i_i_i551176_out|       pointer|
|conv_i_i_i597172_out_i          |   in|   16|     ap_ovld|           conv_i_i_i597172_out|       pointer|
|conv_i_i_i597172_out_o          |  out|   16|     ap_ovld|           conv_i_i_i597172_out|       pointer|
|conv_i_i_i597172_out_o_ap_vld   |  out|    1|     ap_ovld|           conv_i_i_i597172_out|       pointer|
|conv_i_i_i643168_out_i          |   in|   16|     ap_ovld|           conv_i_i_i643168_out|       pointer|
|conv_i_i_i643168_out_o          |  out|   16|     ap_ovld|           conv_i_i_i643168_out|       pointer|
|conv_i_i_i643168_out_o_ap_vld   |  out|    1|     ap_ovld|           conv_i_i_i643168_out|       pointer|
|conv_i_i_i689164_out_i          |   in|   16|     ap_ovld|           conv_i_i_i689164_out|       pointer|
|conv_i_i_i689164_out_o          |  out|   16|     ap_ovld|           conv_i_i_i689164_out|       pointer|
|conv_i_i_i689164_out_o_ap_vld   |  out|    1|     ap_ovld|           conv_i_i_i689164_out|       pointer|
|conv_i_i_i369160_out_i          |   in|   16|     ap_ovld|           conv_i_i_i369160_out|       pointer|
|conv_i_i_i369160_out_o          |  out|   16|     ap_ovld|           conv_i_i_i369160_out|       pointer|
|conv_i_i_i369160_out_o_ap_vld   |  out|    1|     ap_ovld|           conv_i_i_i369160_out|       pointer|
|conv_i_i_i413156_out_i          |   in|   16|     ap_ovld|           conv_i_i_i413156_out|       pointer|
|conv_i_i_i413156_out_o          |  out|   16|     ap_ovld|           conv_i_i_i413156_out|       pointer|
|conv_i_i_i413156_out_o_ap_vld   |  out|    1|     ap_ovld|           conv_i_i_i413156_out|       pointer|
|conv_i_i_i459152_out_i          |   in|   16|     ap_ovld|           conv_i_i_i459152_out|       pointer|
|conv_i_i_i459152_out_o          |  out|   16|     ap_ovld|           conv_i_i_i459152_out|       pointer|
|conv_i_i_i459152_out_o_ap_vld   |  out|    1|     ap_ovld|           conv_i_i_i459152_out|       pointer|
|conv_i_i_i505148_out_i          |   in|   16|     ap_ovld|           conv_i_i_i505148_out|       pointer|
|conv_i_i_i505148_out_o          |  out|   16|     ap_ovld|           conv_i_i_i505148_out|       pointer|
|conv_i_i_i505148_out_o_ap_vld   |  out|    1|     ap_ovld|           conv_i_i_i505148_out|       pointer|
|conv_i_i_i551144_out_i          |   in|   16|     ap_ovld|           conv_i_i_i551144_out|       pointer|
|conv_i_i_i551144_out_o          |  out|   16|     ap_ovld|           conv_i_i_i551144_out|       pointer|
|conv_i_i_i551144_out_o_ap_vld   |  out|    1|     ap_ovld|           conv_i_i_i551144_out|       pointer|
|conv_i_i_i597140_out_i          |   in|   16|     ap_ovld|           conv_i_i_i597140_out|       pointer|
|conv_i_i_i597140_out_o          |  out|   16|     ap_ovld|           conv_i_i_i597140_out|       pointer|
|conv_i_i_i597140_out_o_ap_vld   |  out|    1|     ap_ovld|           conv_i_i_i597140_out|       pointer|
|conv_i_i_i643136_out_i          |   in|   16|     ap_ovld|           conv_i_i_i643136_out|       pointer|
|conv_i_i_i643136_out_o          |  out|   16|     ap_ovld|           conv_i_i_i643136_out|       pointer|
|conv_i_i_i643136_out_o_ap_vld   |  out|    1|     ap_ovld|           conv_i_i_i643136_out|       pointer|
|conv_i_i_i689132_out_i          |   in|   16|     ap_ovld|           conv_i_i_i689132_out|       pointer|
|conv_i_i_i689132_out_o          |  out|   16|     ap_ovld|           conv_i_i_i689132_out|       pointer|
|conv_i_i_i689132_out_o_ap_vld   |  out|    1|     ap_ovld|           conv_i_i_i689132_out|       pointer|
|conv_i_i_i369128_out_i          |   in|   16|     ap_ovld|           conv_i_i_i369128_out|       pointer|
|conv_i_i_i369128_out_o          |  out|   16|     ap_ovld|           conv_i_i_i369128_out|       pointer|
|conv_i_i_i369128_out_o_ap_vld   |  out|    1|     ap_ovld|           conv_i_i_i369128_out|       pointer|
|conv_i_i_i413124_out_i          |   in|   16|     ap_ovld|           conv_i_i_i413124_out|       pointer|
|conv_i_i_i413124_out_o          |  out|   16|     ap_ovld|           conv_i_i_i413124_out|       pointer|
|conv_i_i_i413124_out_o_ap_vld   |  out|    1|     ap_ovld|           conv_i_i_i413124_out|       pointer|
|conv_i_i_i459120_out_i          |   in|   16|     ap_ovld|           conv_i_i_i459120_out|       pointer|
|conv_i_i_i459120_out_o          |  out|   16|     ap_ovld|           conv_i_i_i459120_out|       pointer|
|conv_i_i_i459120_out_o_ap_vld   |  out|    1|     ap_ovld|           conv_i_i_i459120_out|       pointer|
|conv_i_i_i505116_out_i          |   in|   16|     ap_ovld|           conv_i_i_i505116_out|       pointer|
|conv_i_i_i505116_out_o          |  out|   16|     ap_ovld|           conv_i_i_i505116_out|       pointer|
|conv_i_i_i505116_out_o_ap_vld   |  out|    1|     ap_ovld|           conv_i_i_i505116_out|       pointer|
|conv_i_i_i551112_out_i          |   in|   16|     ap_ovld|           conv_i_i_i551112_out|       pointer|
|conv_i_i_i551112_out_o          |  out|   16|     ap_ovld|           conv_i_i_i551112_out|       pointer|
|conv_i_i_i551112_out_o_ap_vld   |  out|    1|     ap_ovld|           conv_i_i_i551112_out|       pointer|
|conv_i_i_i597108_out_i          |   in|   16|     ap_ovld|           conv_i_i_i597108_out|       pointer|
|conv_i_i_i597108_out_o          |  out|   16|     ap_ovld|           conv_i_i_i597108_out|       pointer|
|conv_i_i_i597108_out_o_ap_vld   |  out|    1|     ap_ovld|           conv_i_i_i597108_out|       pointer|
|conv_i_i_i643104_out_i          |   in|   16|     ap_ovld|           conv_i_i_i643104_out|       pointer|
|conv_i_i_i643104_out_o          |  out|   16|     ap_ovld|           conv_i_i_i643104_out|       pointer|
|conv_i_i_i643104_out_o_ap_vld   |  out|    1|     ap_ovld|           conv_i_i_i643104_out|       pointer|
|conv_i_i_i689100_out_i          |   in|   16|     ap_ovld|           conv_i_i_i689100_out|       pointer|
|conv_i_i_i689100_out_o          |  out|   16|     ap_ovld|           conv_i_i_i689100_out|       pointer|
|conv_i_i_i689100_out_o_ap_vld   |  out|    1|     ap_ovld|           conv_i_i_i689100_out|       pointer|
|conv_i_i_i36996_out_i           |   in|   16|     ap_ovld|            conv_i_i_i36996_out|       pointer|
|conv_i_i_i36996_out_o           |  out|   16|     ap_ovld|            conv_i_i_i36996_out|       pointer|
|conv_i_i_i36996_out_o_ap_vld    |  out|    1|     ap_ovld|            conv_i_i_i36996_out|       pointer|
|conv_i_i_i41392_out_i           |   in|   16|     ap_ovld|            conv_i_i_i41392_out|       pointer|
|conv_i_i_i41392_out_o           |  out|   16|     ap_ovld|            conv_i_i_i41392_out|       pointer|
|conv_i_i_i41392_out_o_ap_vld    |  out|    1|     ap_ovld|            conv_i_i_i41392_out|       pointer|
|conv_i_i_i45988_out_i           |   in|   16|     ap_ovld|            conv_i_i_i45988_out|       pointer|
|conv_i_i_i45988_out_o           |  out|   16|     ap_ovld|            conv_i_i_i45988_out|       pointer|
|conv_i_i_i45988_out_o_ap_vld    |  out|    1|     ap_ovld|            conv_i_i_i45988_out|       pointer|
|conv_i_i_i50584_out_i           |   in|   16|     ap_ovld|            conv_i_i_i50584_out|       pointer|
|conv_i_i_i50584_out_o           |  out|   16|     ap_ovld|            conv_i_i_i50584_out|       pointer|
|conv_i_i_i50584_out_o_ap_vld    |  out|    1|     ap_ovld|            conv_i_i_i50584_out|       pointer|
|conv_i_i_i55180_out_i           |   in|   16|     ap_ovld|            conv_i_i_i55180_out|       pointer|
|conv_i_i_i55180_out_o           |  out|   16|     ap_ovld|            conv_i_i_i55180_out|       pointer|
|conv_i_i_i55180_out_o_ap_vld    |  out|    1|     ap_ovld|            conv_i_i_i55180_out|       pointer|
|conv_i_i_i59776_out_i           |   in|   16|     ap_ovld|            conv_i_i_i59776_out|       pointer|
|conv_i_i_i59776_out_o           |  out|   16|     ap_ovld|            conv_i_i_i59776_out|       pointer|
|conv_i_i_i59776_out_o_ap_vld    |  out|    1|     ap_ovld|            conv_i_i_i59776_out|       pointer|
|conv_i_i_i64372_out_i           |   in|   16|     ap_ovld|            conv_i_i_i64372_out|       pointer|
|conv_i_i_i64372_out_o           |  out|   16|     ap_ovld|            conv_i_i_i64372_out|       pointer|
|conv_i_i_i64372_out_o_ap_vld    |  out|    1|     ap_ovld|            conv_i_i_i64372_out|       pointer|
|conv_i_i_i68968_out_i           |   in|   16|     ap_ovld|            conv_i_i_i68968_out|       pointer|
|conv_i_i_i68968_out_o           |  out|   16|     ap_ovld|            conv_i_i_i68968_out|       pointer|
|conv_i_i_i68968_out_o_ap_vld    |  out|    1|     ap_ovld|            conv_i_i_i68968_out|       pointer|
|conv_i_i_i36964_out_i           |   in|   16|     ap_ovld|            conv_i_i_i36964_out|       pointer|
|conv_i_i_i36964_out_o           |  out|   16|     ap_ovld|            conv_i_i_i36964_out|       pointer|
|conv_i_i_i36964_out_o_ap_vld    |  out|    1|     ap_ovld|            conv_i_i_i36964_out|       pointer|
|conv_i_i_i41360_out_i           |   in|   16|     ap_ovld|            conv_i_i_i41360_out|       pointer|
|conv_i_i_i41360_out_o           |  out|   16|     ap_ovld|            conv_i_i_i41360_out|       pointer|
|conv_i_i_i41360_out_o_ap_vld    |  out|    1|     ap_ovld|            conv_i_i_i41360_out|       pointer|
|conv_i_i_i45956_out_i           |   in|   16|     ap_ovld|            conv_i_i_i45956_out|       pointer|
|conv_i_i_i45956_out_o           |  out|   16|     ap_ovld|            conv_i_i_i45956_out|       pointer|
|conv_i_i_i45956_out_o_ap_vld    |  out|    1|     ap_ovld|            conv_i_i_i45956_out|       pointer|
|conv_i_i_i50552_out_i           |   in|   16|     ap_ovld|            conv_i_i_i50552_out|       pointer|
|conv_i_i_i50552_out_o           |  out|   16|     ap_ovld|            conv_i_i_i50552_out|       pointer|
|conv_i_i_i50552_out_o_ap_vld    |  out|    1|     ap_ovld|            conv_i_i_i50552_out|       pointer|
|conv_i_i_i55148_out_i           |   in|   16|     ap_ovld|            conv_i_i_i55148_out|       pointer|
|conv_i_i_i55148_out_o           |  out|   16|     ap_ovld|            conv_i_i_i55148_out|       pointer|
|conv_i_i_i55148_out_o_ap_vld    |  out|    1|     ap_ovld|            conv_i_i_i55148_out|       pointer|
|conv_i_i_i59744_out_i           |   in|   16|     ap_ovld|            conv_i_i_i59744_out|       pointer|
|conv_i_i_i59744_out_o           |  out|   16|     ap_ovld|            conv_i_i_i59744_out|       pointer|
|conv_i_i_i59744_out_o_ap_vld    |  out|    1|     ap_ovld|            conv_i_i_i59744_out|       pointer|
|conv_i_i_i64340_out_i           |   in|   16|     ap_ovld|            conv_i_i_i64340_out|       pointer|
|conv_i_i_i64340_out_o           |  out|   16|     ap_ovld|            conv_i_i_i64340_out|       pointer|
|conv_i_i_i64340_out_o_ap_vld    |  out|    1|     ap_ovld|            conv_i_i_i64340_out|       pointer|
|conv_i_i_i68936_out_i           |   in|   16|     ap_ovld|            conv_i_i_i68936_out|       pointer|
|conv_i_i_i68936_out_o           |  out|   16|     ap_ovld|            conv_i_i_i68936_out|       pointer|
|conv_i_i_i68936_out_o_ap_vld    |  out|    1|     ap_ovld|            conv_i_i_i68936_out|       pointer|
|conv_i_i_i105732_out_i          |   in|   16|     ap_ovld|           conv_i_i_i105732_out|       pointer|
|conv_i_i_i105732_out_o          |  out|   16|     ap_ovld|           conv_i_i_i105732_out|       pointer|
|conv_i_i_i105732_out_o_ap_vld   |  out|    1|     ap_ovld|           conv_i_i_i105732_out|       pointer|
|conv_i_i_i105728_out_i          |   in|   16|     ap_ovld|           conv_i_i_i105728_out|       pointer|
|conv_i_i_i105728_out_o          |  out|   16|     ap_ovld|           conv_i_i_i105728_out|       pointer|
|conv_i_i_i105728_out_o_ap_vld   |  out|    1|     ap_ovld|           conv_i_i_i105728_out|       pointer|
|conv_i_i_i105724_out_i          |   in|   16|     ap_ovld|           conv_i_i_i105724_out|       pointer|
|conv_i_i_i105724_out_o          |  out|   16|     ap_ovld|           conv_i_i_i105724_out|       pointer|
|conv_i_i_i105724_out_o_ap_vld   |  out|    1|     ap_ovld|           conv_i_i_i105724_out|       pointer|
|conv_i_i_i105720_out_i          |   in|   16|     ap_ovld|           conv_i_i_i105720_out|       pointer|
|conv_i_i_i105720_out_o          |  out|   16|     ap_ovld|           conv_i_i_i105720_out|       pointer|
|conv_i_i_i105720_out_o_ap_vld   |  out|    1|     ap_ovld|           conv_i_i_i105720_out|       pointer|
|conv_i_i_i105716_out_i          |   in|   16|     ap_ovld|           conv_i_i_i105716_out|       pointer|
|conv_i_i_i105716_out_o          |  out|   16|     ap_ovld|           conv_i_i_i105716_out|       pointer|
|conv_i_i_i105716_out_o_ap_vld   |  out|    1|     ap_ovld|           conv_i_i_i105716_out|       pointer|
|conv_i_i_i105712_out_i          |   in|   16|     ap_ovld|           conv_i_i_i105712_out|       pointer|
|conv_i_i_i105712_out_o          |  out|   16|     ap_ovld|           conv_i_i_i105712_out|       pointer|
|conv_i_i_i105712_out_o_ap_vld   |  out|    1|     ap_ovld|           conv_i_i_i105712_out|       pointer|
|conv_i_i_i10578_out_i           |   in|   16|     ap_ovld|            conv_i_i_i10578_out|       pointer|
|conv_i_i_i10578_out_o           |  out|   16|     ap_ovld|            conv_i_i_i10578_out|       pointer|
|conv_i_i_i10578_out_o_ap_vld    |  out|    1|     ap_ovld|            conv_i_i_i10578_out|       pointer|
|conv_i_i_i10574_out_i           |   in|   16|     ap_ovld|            conv_i_i_i10574_out|       pointer|
|conv_i_i_i10574_out_o           |  out|   16|     ap_ovld|            conv_i_i_i10574_out|       pointer|
|conv_i_i_i10574_out_o_ap_vld    |  out|    1|     ap_ovld|            conv_i_i_i10574_out|       pointer|
+--------------------------------+-----+-----+------------+-------------------------------+--------------+

