

================================================================
== Vitis HLS Report for 'KBEST_Pipeline_VITIS_LOOP_347_1'
================================================================
* Date:           Wed May 25 23:55:32 2022

* Version:        2021.2 (Build 3367213 on Tue Oct 19 02:48:09 MDT 2021)
* Project:        MIMO
* Solution:       solution1 (Vivado IP Flow Target)
* Product family: zynquplus
* Target device:  xczu9eg-ffvb1156-2-e


================================================================
== Performance Estimates
================================================================
+ Timing: 
    * Summary: 
    +--------+----------+----------+------------+
    |  Clock |  Target  | Estimated| Uncertainty|
    +--------+----------+----------+------------+
    |ap_clk  |  30.00 ns|  1.224 ns|     8.10 ns|
    +--------+----------+----------+------------+

+ Latency: 
    * Summary: 
    +---------+---------+----------+----------+-----+-----+---------+
    |  Latency (cycles) |  Latency (absolute) |  Interval | Pipeline|
    |   min   |   max   |    min   |    max   | min | max |   Type  |
    +---------+---------+----------+----------+-----+-----+---------+
    |       13|       13|  0.390 us|  0.390 us|   13|   13|       no|
    +---------+---------+----------+----------+-----+-----+---------+

    + Detail: 
        * Instance: 
        N/A

        * Loop: 
        +--------------------+---------+---------+----------+-----------+-----------+------+----------+
        |                    |  Latency (cycles) | Iteration|  Initiation Interval  | Trip |          |
        |      Loop Name     |   min   |   max   |  Latency |  achieved |   target  | Count| Pipelined|
        +--------------------+---------+---------+----------+-----------+-----------+------+----------+
        |- VITIS_LOOP_347_1  |       11|       11|         5|          1|          1|     8|       yes|
        +--------------------+---------+---------+----------+-----------+-----------+------+----------+

============================================================
+ Verbose Summary: Synthesis Manager
============================================================
InlineROM: 1
ExposeGlobal: 0
============================================================
+ Verbose Summary: CDFG Model
============================================================
IsTopModel: 0
ResetActiveHigh: 1
IsCombinational: 0
IsDatapathOnly: 0
HasWiredReturn: 1
HasMFsm: 2
HasVarLatency: 1
IsPipeline: 0
IsRtlPipelined: 0
IsInstanceOverlapped: 0
IsDontTouch: 0
HasImplIP: 0
IsGatedGlobalClock: 0

+ Individual pipeline summary: 
  * Pipeline-0: initiation interval (II) = 1, depth = 5


============================================================
+ Verbose Summary: Schedule
============================================================
* Number of FSM states : 5
* Pipeline : 1
  Pipeline-0 : II = 1, D = 5, States = { 1 2 3 4 5 }
* Dataflow Pipeline: 0

* FSM state transitions: 
1 --> 2 
2 --> 3 
3 --> 4 
4 --> 5 
5 --> 

* FSM state operations: 

State 1 <SV = 0> <Delay = 1.22>
ST_1 : Operation 8 [1/1] (0.00ns)   --->   "%i = alloca i32 1"   --->   Operation 8 'alloca' 'i' <Predicate = true> <Delay = 0.00>
ST_1 : Operation 9 [1/1] (0.42ns)   --->   "%store_ln0 = store i4 0, i4 %i"   --->   Operation 9 'store' 'store_ln0' <Predicate = true> <Delay = 0.42>
ST_1 : Operation 10 [1/1] (0.00ns)   --->   "%br_ln0 = br void %_ZN8ap_fixedILi16ELi8EL9ap_q_mode5EL9ap_o_mode3ELi0EEC2Ei.exit356"   --->   Operation 10 'br' 'br_ln0' <Predicate = true> <Delay = 0.00>
ST_1 : Operation 11 [1/1] (0.00ns)   --->   "%i_16 = load i4 %i" [src/QRD.cpp:347]   --->   Operation 11 'load' 'i_16' <Predicate = true> <Delay = 0.00>
ST_1 : Operation 12 [1/1] (0.00ns)   --->   "%specpipeline_ln0 = specpipeline void @_ssdm_op_SpecPipeline, i32 4294967295, i32 0, i32 1, i32 0, void @p_str"   --->   Operation 12 'specpipeline' 'specpipeline_ln0' <Predicate = true> <Delay = 0.00>
ST_1 : Operation 13 [1/1] (0.72ns)   --->   "%icmp_ln347 = icmp_eq  i4 %i_16, i4 8" [src/QRD.cpp:347]   --->   Operation 13 'icmp' 'icmp_ln347' <Predicate = true> <Delay = 0.72> <CoreInst = "Cmp">   --->   Core 9 'Cmp' <Latency = 0> <II = 1> <Delay = 0.72> <FuncUnit> <Opcode : 'icmp'> <InPorts = 2> <OutPorts = 1>
ST_1 : Operation 14 [1/1] (0.00ns)   --->   "%empty = speclooptripcount i32 @_ssdm_op_SpecLoopTripCount, i64 8, i64 8, i64 8"   --->   Operation 14 'speclooptripcount' 'empty' <Predicate = true> <Delay = 0.00>
ST_1 : Operation 15 [1/1] (0.79ns)   --->   "%add_ln347 = add i4 %i_16, i4 1" [src/QRD.cpp:347]   --->   Operation 15 'add' 'add_ln347' <Predicate = true> <Delay = 0.79> <CoreInst = "Adder">   --->   Core 1 'Adder' <Latency = 0> <II = 1> <Delay = 0.79> <FuncUnit> <Opcode : 'add' 'sub'> <InPorts = 2> <OutPorts = 1>
ST_1 : Operation 16 [1/1] (0.00ns)   --->   "%br_ln347 = br i1 %icmp_ln347, void %.split51, void %_ZN8ap_fixedILi16ELi8EL9ap_q_mode5EL9ap_o_mode3ELi0EEC2Ei.exit327.preheader.exitStub" [src/QRD.cpp:347]   --->   Operation 16 'br' 'br_ln347' <Predicate = true> <Delay = 0.00>
ST_1 : Operation 17 [1/1] (0.00ns)   --->   "%i_cast = zext i4 %i_16" [src/QRD.cpp:347]   --->   Operation 17 'zext' 'i_cast' <Predicate = (!icmp_ln347)> <Delay = 0.00>
ST_1 : Operation 18 [1/1] (0.00ns)   --->   "%y_hat_addr = getelementptr i16 %y_hat, i64 0, i64 %i_cast"   --->   Operation 18 'getelementptr' 'y_hat_addr' <Predicate = (!icmp_ln347)> <Delay = 0.00>
ST_1 : Operation 19 [2/2] (0.67ns)   --->   "%r_V = load i3 %y_hat_addr"   --->   Operation 19 'load' 'r_V' <Predicate = (!icmp_ln347)> <Delay = 0.67> <CoreInst = "RAM">   --->   Core 83 'RAM' <Latency = 1> <II = 1> <Delay = 0.67> <Storage> <Opcode : 'load' 'store'> <Ports = 2> <Width = 16> <Depth = 8> <RAM>
ST_1 : Operation 20 [1/1] (0.42ns)   --->   "%store_ln347 = store i4 %add_ln347, i4 %i" [src/QRD.cpp:347]   --->   Operation 20 'store' 'store_ln347' <Predicate = (!icmp_ln347)> <Delay = 0.42>

State 2 <SV = 1> <Delay = 1.21>
ST_2 : Operation 21 [1/2] (0.67ns)   --->   "%r_V = load i3 %y_hat_addr"   --->   Operation 21 'load' 'r_V' <Predicate = true> <Delay = 0.67> <CoreInst = "RAM">   --->   Core 83 'RAM' <Latency = 1> <II = 1> <Delay = 0.67> <Storage> <Opcode : 'load' 'store'> <Ports = 2> <Width = 16> <Depth = 8> <RAM>
ST_2 : Operation 22 [1/1] (0.00ns)   --->   "%sext_ln1168 = sext i16 %r_V"   --->   Operation 22 'sext' 'sext_ln1168' <Predicate = true> <Delay = 0.00>
ST_2 : Operation 23 [4/4] (0.53ns) (root node of the DSP)   --->   "%mul_ln1168 = mul i24 %sext_ln1168, i24 362"   --->   Operation 23 'mul' 'mul_ln1168' <Predicate = true> <Delay = 0.53> <CoreInst = "DSP48">   --->   Core 127 'DSP48' <Latency = 3> <II = 1> <Delay = 0.53> <IPBlock> <Opcode : 'mul' 'add' 'sub' 'select'> <InPorts = 0> <OutPorts = 1> <Sync> <CReg>

State 3 <SV = 2> <Delay = 0.53>
ST_3 : Operation 24 [3/4] (0.53ns) (root node of the DSP)   --->   "%mul_ln1168 = mul i24 %sext_ln1168, i24 362"   --->   Operation 24 'mul' 'mul_ln1168' <Predicate = true> <Delay = 0.53> <CoreInst = "DSP48">   --->   Core 127 'DSP48' <Latency = 3> <II = 1> <Delay = 0.53> <IPBlock> <Opcode : 'mul' 'add' 'sub' 'select'> <InPorts = 0> <OutPorts = 1> <Sync> <CReg>

State 4 <SV = 3> <Delay = 0.53>
ST_4 : Operation 25 [2/4] (0.53ns) (root node of the DSP)   --->   "%mul_ln1168 = mul i24 %sext_ln1168, i24 362"   --->   Operation 25 'mul' 'mul_ln1168' <Predicate = true> <Delay = 0.53> <CoreInst = "DSP48">   --->   Core 127 'DSP48' <Latency = 3> <II = 1> <Delay = 0.53> <IPBlock> <Opcode : 'mul' 'add' 'sub' 'select'> <InPorts = 0> <OutPorts = 1> <Sync> <CReg>
ST_4 : Operation 32 [1/1] (0.00ns)   --->   "%ret_ln0 = ret"   --->   Operation 32 'ret' 'ret_ln0' <Predicate = (icmp_ln347)> <Delay = 0.00>

State 5 <SV = 4> <Delay = 0.67>
ST_5 : Operation 26 [1/1] (0.00ns)   --->   "%specloopname_ln336 = specloopname void @_ssdm_op_SpecLoopName, void @empty_42" [src/QRD.cpp:336]   --->   Operation 26 'specloopname' 'specloopname_ln336' <Predicate = true> <Delay = 0.00>
ST_5 : Operation 27 [1/4] (0.00ns) (root node of the DSP)   --->   "%mul_ln1168 = mul i24 %sext_ln1168, i24 362"   --->   Operation 27 'mul' 'mul_ln1168' <Predicate = true> <Delay = 0.00> <CoreInst = "DSP48">   --->   Core 127 'DSP48' <Latency = 3> <II = 1> <Delay = 0.53> <IPBlock> <Opcode : 'mul' 'add' 'sub' 'select'> <InPorts = 0> <OutPorts = 1> <Sync> <CReg>
ST_5 : Operation 28 [1/1] (0.00ns)   --->   "%trunc_ln = partselect i16 @_ssdm_op_PartSelect.i16.i24.i32.i32, i24 %mul_ln1168, i32 8, i32 23"   --->   Operation 28 'partselect' 'trunc_ln' <Predicate = true> <Delay = 0.00>
ST_5 : Operation 29 [1/1] (0.00ns)   --->   "%yy_V_addr = getelementptr i16 %yy_V, i64 0, i64 %i_cast" [src/QRD.cpp:348]   --->   Operation 29 'getelementptr' 'yy_V_addr' <Predicate = true> <Delay = 0.00>
ST_5 : Operation 30 [1/1] (0.67ns)   --->   "%store_ln348 = store i16 %trunc_ln, i3 %yy_V_addr" [src/QRD.cpp:348]   --->   Operation 30 'store' 'store_ln348' <Predicate = true> <Delay = 0.67> <CoreInst = "RAM">   --->   Core 83 'RAM' <Latency = 1> <II = 1> <Delay = 0.67> <Storage> <Opcode : 'load' 'store'> <Ports = 2> <Width = 16> <Depth = 8> <RAM>
ST_5 : Operation 31 [1/1] (0.00ns)   --->   "%br_ln0 = br void %_ZN8ap_fixedILi16ELi8EL9ap_q_mode5EL9ap_o_mode3ELi0EEC2Ei.exit356"   --->   Operation 31 'br' 'br_ln0' <Predicate = true> <Delay = 0.00>


============================================================
+ Verbose Summary: Binding
============================================================
STG Binding: 
---------------- STG Properties BEGIN ----------------
- Is combinational: 0
- Is one-state seq: 0
- Is datapath-only: 0
- Is pipelined: 0
- Is top level: 0
Port [ Return ] is wired: 1; IO mode=ap_ctrl_hs:ce=0
Port [ y_hat]:  wired=1; compound=1; hidden=0; nouse=0; global=0; static=0; extern=0; dir=0; type=1; pingpong=0; private_global=0; MemPort=[13]; IO mode=ap_memory:ce=0
Port [ yy_V]:  wired=1; compound=1; hidden=0; nouse=0; global=0; static=0; extern=0; dir=1; type=1; pingpong=0; private_global=0; MemPort=[03]; IO mode=ap_memory:ce=0
---------------- STG Properties END ------------------

---------------- Datapath Model BEGIN ----------------

<LifeTime>
<method=bitvector/>
i                  (alloca           ) [ 010000]
store_ln0          (store            ) [ 000000]
br_ln0             (br               ) [ 000000]
i_16               (load             ) [ 000000]
specpipeline_ln0   (specpipeline     ) [ 000000]
icmp_ln347         (icmp             ) [ 011110]
empty              (speclooptripcount) [ 000000]
add_ln347          (add              ) [ 000000]
br_ln347           (br               ) [ 000000]
i_cast             (zext             ) [ 011111]
y_hat_addr         (getelementptr    ) [ 011000]
store_ln347        (store            ) [ 000000]
r_V                (load             ) [ 000000]
sext_ln1168        (sext             ) [ 010111]
specloopname_ln336 (specloopname     ) [ 000000]
mul_ln1168         (mul              ) [ 000000]
trunc_ln           (partselect       ) [ 000000]
yy_V_addr          (getelementptr    ) [ 000000]
store_ln348        (store            ) [ 000000]
br_ln0             (br               ) [ 000000]
ret_ln0            (ret              ) [ 000000]
</LifeTime>

<model>

<comp_list>
<comp id="0" class="1000" name="y_hat">
<pin_list>
<pin id="1" dir="1" index="0" bw="1" slack="0"/>
</pin_list>
<bind>
<StgValue><ssdm name="y_hat"/><MemPortTyVec>1 3 </MemPortTyVec>
</StgValue>
</bind>
</comp>

<comp id="2" class="1000" name="yy_V">
<pin_list>
<pin id="3" dir="1" index="0" bw="1" slack="0"/>
</pin_list>
<bind>
<StgValue><ssdm name="yy_V"/><MemPortTyVec>0 3 </MemPortTyVec>
</StgValue>
</bind>
</comp>

<comp id="4" class="1001" name="const_4">
<pin_list>
<pin id="5" dir="1" index="0" bw="1" slack="0"/>
</pin_list>
<bind>
<StgValue><ssdm name=""/></StgValue>
</bind>
</comp>

<comp id="6" class="1001" name="const_6">
<pin_list>
<pin id="7" dir="1" index="0" bw="1" slack="0"/>
</pin_list>
<bind>
<StgValue><ssdm name=""/></StgValue>
</bind>
</comp>

<comp id="8" class="1001" name="const_8">
<pin_list>
<pin id="9" dir="1" index="0" bw="1" slack="2147483647"/>
</pin_list>
<bind>
<StgValue><ssdm name="_ssdm_op_SpecPipeline"/></StgValue>
</bind>
</comp>

<comp id="10" class="1001" name="const_10">
<pin_list>
<pin id="11" dir="1" index="0" bw="1" slack="2147483647"/>
</pin_list>
<bind>
<StgValue><ssdm name=""/></StgValue>
</bind>
</comp>

<comp id="12" class="1001" name="const_12">
<pin_list>
<pin id="13" dir="1" index="0" bw="1" slack="2147483647"/>
</pin_list>
<bind>
<StgValue><ssdm name=""/></StgValue>
</bind>
</comp>

<comp id="14" class="1001" name="const_14">
<pin_list>
<pin id="15" dir="1" index="0" bw="1" slack="2147483647"/>
</pin_list>
<bind>
<StgValue><ssdm name="p_str"/></StgValue>
</bind>
</comp>

<comp id="16" class="1001" name="const_16">
<pin_list>
<pin id="17" dir="1" index="0" bw="1" slack="0"/>
</pin_list>
<bind>
<StgValue><ssdm name=""/></StgValue>
</bind>
</comp>

<comp id="18" class="1001" name="const_18">
<pin_list>
<pin id="19" dir="1" index="0" bw="1" slack="2147483647"/>
</pin_list>
<bind>
<StgValue><ssdm name="_ssdm_op_SpecLoopTripCount"/></StgValue>
</bind>
</comp>

<comp id="20" class="1001" name="const_20">
<pin_list>
<pin id="21" dir="1" index="0" bw="1" slack="2147483647"/>
</pin_list>
<bind>
<StgValue><ssdm name=""/></StgValue>
</bind>
</comp>

<comp id="22" class="1001" name="const_22">
<pin_list>
<pin id="23" dir="1" index="0" bw="1" slack="0"/>
</pin_list>
<bind>
<StgValue><ssdm name=""/></StgValue>
</bind>
</comp>

<comp id="24" class="1001" name="const_24">
<pin_list>
<pin id="25" dir="1" index="0" bw="1" slack="0"/>
</pin_list>
<bind>
<StgValue><ssdm name=""/></StgValue>
</bind>
</comp>

<comp id="26" class="1001" name="const_26">
<pin_list>
<pin id="27" dir="1" index="0" bw="1" slack="0"/>
</pin_list>
<bind>
<StgValue><ssdm name=""/></StgValue>
</bind>
</comp>

<comp id="28" class="1001" name="const_28">
<pin_list>
<pin id="29" dir="1" index="0" bw="1" slack="2147483647"/>
</pin_list>
<bind>
<StgValue><ssdm name="_ssdm_op_SpecLoopName"/></StgValue>
</bind>
</comp>

<comp id="30" class="1001" name="const_30">
<pin_list>
<pin id="31" dir="1" index="0" bw="1" slack="2147483647"/>
</pin_list>
<bind>
<StgValue><ssdm name="empty_42"/></StgValue>
</bind>
</comp>

<comp id="32" class="1001" name="const_32">
<pin_list>
<pin id="33" dir="1" index="0" bw="1" slack="0"/>
</pin_list>
<bind>
<StgValue><ssdm name="_ssdm_op_PartSelect.i16.i24.i32.i32"/></StgValue>
</bind>
</comp>

<comp id="34" class="1001" name="const_34">
<pin_list>
<pin id="35" dir="1" index="0" bw="1" slack="0"/>
</pin_list>
<bind>
<StgValue><ssdm name=""/></StgValue>
</bind>
</comp>

<comp id="36" class="1001" name="const_36">
<pin_list>
<pin id="37" dir="1" index="0" bw="1" slack="0"/>
</pin_list>
<bind>
<StgValue><ssdm name=""/></StgValue>
</bind>
</comp>

<comp id="38" class="1004" name="i_fu_38">
<pin_list>
<pin id="39" dir="0" index="0" bw="1" slack="0"/>
<pin id="40" dir="1" index="1" bw="4" slack="0"/>
</pin_list>
<bind>
<opcode="alloca(26) " fcode="alloca"/>
<opset="i/1 "/>
</bind>
</comp>

<comp id="42" class="1004" name="y_hat_addr_gep_fu_42">
<pin_list>
<pin id="43" dir="0" index="0" bw="16" slack="0"/>
<pin id="44" dir="0" index="1" bw="1" slack="0"/>
<pin id="45" dir="0" index="2" bw="4" slack="0"/>
<pin id="46" dir="1" index="3" bw="3" slack="0"/>
</pin_list>
<bind>
<opcode="getelementptr(29) " fcode="getelementptr"/>
<opset="y_hat_addr/1 "/>
</bind>
</comp>

<comp id="49" class="1004" name="grp_access_fu_49">
<pin_list>
<pin id="50" dir="0" index="0" bw="3" slack="0"/>
<pin id="51" dir="0" index="1" bw="16" slack="2147483647"/>
<pin id="52" dir="0" index="2" bw="0" slack="2147483647"/>
<pin id="53" dir="1" index="3" bw="16" slack="0"/>
</pin_list>
<bind>
<opcode="load(27) " fcode="load"/>
<opset="r_V/1 "/>
</bind>
</comp>

<comp id="55" class="1004" name="yy_V_addr_gep_fu_55">
<pin_list>
<pin id="56" dir="0" index="0" bw="16" slack="0"/>
<pin id="57" dir="0" index="1" bw="1" slack="0"/>
<pin id="58" dir="0" index="2" bw="4" slack="4"/>
<pin id="59" dir="1" index="3" bw="3" slack="0"/>
</pin_list>
<bind>
<opcode="getelementptr(29) " fcode="getelementptr"/>
<opset="yy_V_addr/5 "/>
</bind>
</comp>

<comp id="62" class="1004" name="store_ln348_access_fu_62">
<pin_list>
<pin id="63" dir="0" index="0" bw="3" slack="0"/>
<pin id="64" dir="0" index="1" bw="16" slack="0"/>
<pin id="65" dir="0" index="2" bw="0" slack="2147483647"/>
<pin id="66" dir="1" index="3" bw="16" slack="2147483647"/>
</pin_list>
<bind>
<opcode="store(28) " fcode="store"/>
<opset="store_ln348/5 "/>
</bind>
</comp>

<comp id="68" class="1004" name="store_ln0_store_fu_68">
<pin_list>
<pin id="69" dir="0" index="0" bw="1" slack="0"/>
<pin id="70" dir="0" index="1" bw="4" slack="0"/>
<pin id="71" dir="1" index="2" bw="0" slack="2147483647"/>
</pin_list>
<bind>
<opcode="store(28) " fcode="store"/>
<opset="store_ln0/1 "/>
</bind>
</comp>

<comp id="73" class="1004" name="i_16_load_fu_73">
<pin_list>
<pin id="74" dir="0" index="0" bw="4" slack="0"/>
<pin id="75" dir="1" index="1" bw="4" slack="0"/>
</pin_list>
<bind>
<opcode="load(27) " fcode="load"/>
<opset="i_16/1 "/>
</bind>
</comp>

<comp id="76" class="1004" name="icmp_ln347_fu_76">
<pin_list>
<pin id="77" dir="0" index="0" bw="4" slack="0"/>
<pin id="78" dir="0" index="1" bw="4" slack="0"/>
<pin id="79" dir="1" index="2" bw="1" slack="3"/>
</pin_list>
<bind>
<opcode="icmp(45) " fcode="icmp"/>
<opset="icmp_ln347/1 "/>
</bind>
</comp>

<comp id="82" class="1004" name="add_ln347_fu_82">
<pin_list>
<pin id="83" dir="0" index="0" bw="4" slack="0"/>
<pin id="84" dir="0" index="1" bw="1" slack="0"/>
<pin id="85" dir="1" index="2" bw="4" slack="0"/>
</pin_list>
<bind>
<opcode="add(8) " fcode="add"/>
<opset="add_ln347/1 "/>
</bind>
</comp>

<comp id="88" class="1004" name="i_cast_fu_88">
<pin_list>
<pin id="89" dir="0" index="0" bw="4" slack="0"/>
<pin id="90" dir="1" index="1" bw="64" slack="0"/>
</pin_list>
<bind>
<opcode="zext(34) " fcode="zext"/>
<opset="i_cast/1 "/>
</bind>
</comp>

<comp id="93" class="1004" name="store_ln347_store_fu_93">
<pin_list>
<pin id="94" dir="0" index="0" bw="4" slack="0"/>
<pin id="95" dir="0" index="1" bw="4" slack="0"/>
<pin id="96" dir="1" index="2" bw="0" slack="2147483647"/>
</pin_list>
<bind>
<opcode="store(28) " fcode="store"/>
<opset="store_ln347/1 "/>
</bind>
</comp>

<comp id="98" class="1004" name="sext_ln1168_fu_98">
<pin_list>
<pin id="99" dir="0" index="0" bw="16" slack="0"/>
<pin id="100" dir="1" index="1" bw="24" slack="0"/>
</pin_list>
<bind>
<opcode="sext(35) " fcode="sext"/>
<opset="sext_ln1168/2 "/>
</bind>
</comp>

<comp id="102" class="1004" name="trunc_ln_fu_102">
<pin_list>
<pin id="103" dir="0" index="0" bw="16" slack="0"/>
<pin id="104" dir="0" index="1" bw="24" slack="0"/>
<pin id="105" dir="0" index="2" bw="5" slack="0"/>
<pin id="106" dir="0" index="3" bw="6" slack="0"/>
<pin id="107" dir="1" index="4" bw="16" slack="0"/>
</pin_list>
<bind>
<opcode="partselect(1002) " fcode="partselect"/>
<opset="trunc_ln/5 "/>
</bind>
</comp>

<comp id="112" class="1007" name="grp_fu_112">
<pin_list>
<pin id="113" dir="0" index="0" bw="16" slack="0"/>
<pin id="114" dir="0" index="1" bw="9" slack="0"/>
<pin id="115" dir="1" index="2" bw="24" slack="0"/>
</pin_list>
<bind>
<opcode="mul(12) " fcode="mul"/>
<opset="mul_ln1168/2 "/>
</bind>
</comp>

<comp id="119" class="1005" name="i_reg_119">
<pin_list>
<pin id="120" dir="0" index="0" bw="4" slack="0"/>
<pin id="121" dir="1" index="1" bw="4" slack="0"/>
</pin_list>
<bind>
<opset="i "/>
</bind>
</comp>

<comp id="126" class="1005" name="icmp_ln347_reg_126">
<pin_list>
<pin id="127" dir="0" index="0" bw="1" slack="3"/>
<pin id="128" dir="1" index="1" bw="1" slack="2147483647"/>
</pin_list>
<bind>
<opset="icmp_ln347 "/>
</bind>
</comp>

<comp id="130" class="1005" name="i_cast_reg_130">
<pin_list>
<pin id="131" dir="0" index="0" bw="64" slack="4"/>
<pin id="132" dir="1" index="1" bw="64" slack="4"/>
</pin_list>
<bind>
<opset="i_cast "/>
</bind>
</comp>

<comp id="135" class="1005" name="y_hat_addr_reg_135">
<pin_list>
<pin id="136" dir="0" index="0" bw="3" slack="1"/>
<pin id="137" dir="1" index="1" bw="3" slack="1"/>
</pin_list>
<bind>
<opset="y_hat_addr "/>
</bind>
</comp>

<comp id="140" class="1005" name="sext_ln1168_reg_140">
<pin_list>
<pin id="141" dir="0" index="0" bw="24" slack="1"/>
<pin id="142" dir="1" index="1" bw="24" slack="1"/>
</pin_list>
<bind>
<opset="sext_ln1168 "/>
</bind>
</comp>

</comp_list>

<net_list>
<net id="41"><net_src comp="4" pin="0"/><net_sink comp="38" pin=0"/></net>

<net id="47"><net_src comp="0" pin="0"/><net_sink comp="42" pin=0"/></net>

<net id="48"><net_src comp="24" pin="0"/><net_sink comp="42" pin=1"/></net>

<net id="54"><net_src comp="42" pin="3"/><net_sink comp="49" pin=0"/></net>

<net id="60"><net_src comp="2" pin="0"/><net_sink comp="55" pin=0"/></net>

<net id="61"><net_src comp="24" pin="0"/><net_sink comp="55" pin=1"/></net>

<net id="67"><net_src comp="55" pin="3"/><net_sink comp="62" pin=0"/></net>

<net id="72"><net_src comp="6" pin="0"/><net_sink comp="68" pin=0"/></net>

<net id="80"><net_src comp="73" pin="1"/><net_sink comp="76" pin=0"/></net>

<net id="81"><net_src comp="16" pin="0"/><net_sink comp="76" pin=1"/></net>

<net id="86"><net_src comp="73" pin="1"/><net_sink comp="82" pin=0"/></net>

<net id="87"><net_src comp="22" pin="0"/><net_sink comp="82" pin=1"/></net>

<net id="91"><net_src comp="73" pin="1"/><net_sink comp="88" pin=0"/></net>

<net id="92"><net_src comp="88" pin="1"/><net_sink comp="42" pin=2"/></net>

<net id="97"><net_src comp="82" pin="2"/><net_sink comp="93" pin=0"/></net>

<net id="101"><net_src comp="49" pin="3"/><net_sink comp="98" pin=0"/></net>

<net id="108"><net_src comp="32" pin="0"/><net_sink comp="102" pin=0"/></net>

<net id="109"><net_src comp="34" pin="0"/><net_sink comp="102" pin=2"/></net>

<net id="110"><net_src comp="36" pin="0"/><net_sink comp="102" pin=3"/></net>

<net id="111"><net_src comp="102" pin="4"/><net_sink comp="62" pin=1"/></net>

<net id="116"><net_src comp="98" pin="1"/><net_sink comp="112" pin=0"/></net>

<net id="117"><net_src comp="26" pin="0"/><net_sink comp="112" pin=1"/></net>

<net id="118"><net_src comp="112" pin="2"/><net_sink comp="102" pin=1"/></net>

<net id="122"><net_src comp="38" pin="1"/><net_sink comp="119" pin=0"/></net>

<net id="123"><net_src comp="119" pin="1"/><net_sink comp="68" pin=1"/></net>

<net id="124"><net_src comp="119" pin="1"/><net_sink comp="73" pin=0"/></net>

<net id="125"><net_src comp="119" pin="1"/><net_sink comp="93" pin=1"/></net>

<net id="129"><net_src comp="76" pin="2"/><net_sink comp="126" pin=0"/></net>

<net id="133"><net_src comp="88" pin="1"/><net_sink comp="130" pin=0"/></net>

<net id="134"><net_src comp="130" pin="1"/><net_sink comp="55" pin=2"/></net>

<net id="138"><net_src comp="42" pin="3"/><net_sink comp="135" pin=0"/></net>

<net id="139"><net_src comp="135" pin="1"/><net_sink comp="49" pin=0"/></net>

<net id="143"><net_src comp="98" pin="1"/><net_sink comp="140" pin=0"/></net>

<net id="144"><net_src comp="140" pin="1"/><net_sink comp="112" pin=0"/></net>

</net_list>

</model> 
---------------- Datapath Model END ------------------

* FSMD analyzer results:
  - Output states:
	Port: yy_V | {5 }
 - Input state : 
	Port: KBEST_Pipeline_VITIS_LOOP_347_1 : y_hat | {1 2 }
  - Chain level:
	State 1
		store_ln0 : 1
		i_16 : 1
		icmp_ln347 : 2
		add_ln347 : 2
		br_ln347 : 3
		i_cast : 2
		y_hat_addr : 3
		r_V : 4
		store_ln347 : 3
	State 2
		sext_ln1168 : 1
		mul_ln1168 : 2
	State 3
	State 4
	State 5
		trunc_ln : 1
		store_ln348 : 2


============================================================
+ Verbose Summary: Datapath Resource usage 
============================================================

* Functional unit list:
|----------|-------------------|---------|---------|---------|
| Operation|  Functional Unit  |   DSP   |    FF   |   LUT   |
|----------|-------------------|---------|---------|---------|
|    add   |  add_ln347_fu_82  |    0    |    0    |    12   |
|----------|-------------------|---------|---------|---------|
|   icmp   |  icmp_ln347_fu_76 |    0    |    0    |    9    |
|----------|-------------------|---------|---------|---------|
|    mul   |     grp_fu_112    |    1    |    0    |    0    |
|----------|-------------------|---------|---------|---------|
|   zext   |    i_cast_fu_88   |    0    |    0    |    0    |
|----------|-------------------|---------|---------|---------|
|   sext   | sext_ln1168_fu_98 |    0    |    0    |    0    |
|----------|-------------------|---------|---------|---------|
|partselect|  trunc_ln_fu_102  |    0    |    0    |    0    |
|----------|-------------------|---------|---------|---------|
|   Total  |                   |    1    |    0    |    21   |
|----------|-------------------|---------|---------|---------|

Memories:
N/A

* Register list:
+-------------------+--------+
|                   |   FF   |
+-------------------+--------+
|   i_cast_reg_130  |   64   |
|     i_reg_119     |    4   |
| icmp_ln347_reg_126|    1   |
|sext_ln1168_reg_140|   24   |
| y_hat_addr_reg_135|    3   |
+-------------------+--------+
|       Total       |   96   |
+-------------------+--------+

* Multiplexer (MUX) list: 
|------------------|------|------|------|--------||---------||---------|
|       Comp       |  Pin | Size |  BW  | S x BW ||  Delay  ||   LUT   |
|------------------|------|------|------|--------||---------||---------|
| grp_access_fu_49 |  p0  |   2  |   3  |    6   ||    9    |
|    grp_fu_112    |  p0  |   2  |  16  |   32   ||    9    |
|------------------|------|------|------|--------||---------||---------|
|       Total      |      |      |      |   38   ||  0.854  ||    18   |
|------------------|------|------|------|--------||---------||---------|



* Summary:
+-----------+--------+--------+--------+--------+
|           |   DSP  |  Delay |   FF   |   LUT  |
+-----------+--------+--------+--------+--------+
|  Function |    1   |    -   |    0   |   21   |
|   Memory  |    -   |    -   |    -   |    -   |
|Multiplexer|    -   |    0   |    -   |   18   |
|  Register |    -   |    -   |   96   |    -   |
+-----------+--------+--------+--------+--------+
|   Total   |    1   |    0   |   96   |   39   |
+-----------+--------+--------+--------+--------+
