

================================================================
== Vitis HLS Report for 'Rayleigh'
================================================================
* Date:           Wed May 25 23:55:44 2022

* Version:        2021.2 (Build 3367213 on Tue Oct 19 02:48:09 MDT 2021)
* Project:        MIMO
* Solution:       solution1 (Vivado IP Flow Target)
* Product family: zynquplus
* Target device:  xczu9eg-ffvb1156-2-e


================================================================
== Performance Estimates
================================================================
+ Timing: 
    * Summary: 
    +--------+----------+-----------+------------+
    |  Clock |  Target  | Estimated | Uncertainty|
    +--------+----------+-----------+------------+
    |ap_clk  |  30.00 ns|  21.664 ns|     8.10 ns|
    +--------+----------+-----------+------------+

+ Latency: 
    * Summary: 
    +---------+---------+-----------+-----------+-----+-----+---------+
    |  Latency (cycles) |   Latency (absolute)  |  Interval | Pipeline|
    |   min   |   max   |    min    |    max    | min | max |   Type  |
    +---------+---------+-----------+-----------+-----+-----+---------+
    |      809|      809|  24.270 us|  24.270 us|  809|  809|       no|
    +---------+---------+-----------+-----------+-----+-----+---------+

    + Detail: 
        * Instance: 
        +-------------------------------------------------------------+---------------------------------------------------+---------+---------+-----------+-----------+-----+-----+---------+
        |                                                             |                                                   |  Latency (cycles) |   Latency (absolute)  |  Interval | Pipeline|
        |                           Instance                          |                       Module                      |   min   |   max   |    min    |    max    | min | max |   Type  |
        +-------------------------------------------------------------+---------------------------------------------------+---------+---------+-----------+-----------+-----+-----+---------+
        |grp_seedInitialization_fu_40                                 |seedInitialization                                 |      629|      629|  18.870 us|  18.870 us|  629|  629|       no|
        |grp_Rayleigh_Pipeline_VITIS_LOOP_28_1_VITIS_LOOP_29_2_fu_54  |Rayleigh_Pipeline_VITIS_LOOP_28_1_VITIS_LOOP_29_2  |       89|       89|   2.670 us|   2.670 us|   89|   89|       no|
        |grp_Rayleigh_Pipeline_VITIS_LOOP_39_3_VITIS_LOOP_40_4_fu_66  |Rayleigh_Pipeline_VITIS_LOOP_39_3_VITIS_LOOP_40_4  |       34|       34|   1.020 us|   1.020 us|   34|   34|       no|
        |grp_Rayleigh_Pipeline_VITIS_LOOP_67_6_fu_74                  |Rayleigh_Pipeline_VITIS_LOOP_67_6                  |       50|       50|   1.500 us|   1.500 us|   50|   50|       no|
        +-------------------------------------------------------------+---------------------------------------------------+---------+---------+-----------+-----------+-----+-----+---------+

        * Loop: 
        N/A



================================================================
== Utilization Estimates
================================================================
* Summary: 
+-----------------+---------+------+--------+--------+-----+
|       Name      | BRAM_18K|  DSP |   FF   |   LUT  | URAM|
+-----------------+---------+------+--------+--------+-----+
|DSP              |        -|     -|       -|       -|    -|
|Expression       |        -|     -|       -|       -|    -|
|FIFO             |        -|     -|       -|       -|    -|
|Instance         |        -|    28|    7996|    9365|    -|
|Memory           |       10|     -|       0|       0|    0|
|Multiplexer      |        -|     -|       -|     616|    -|
|Register         |        -|     -|     140|       -|    -|
+-----------------+---------+------+--------+--------+-----+
|Total            |       10|    28|    8136|    9981|    0|
+-----------------+---------+------+--------+--------+-----+
|Available        |     1824|  2520|  548160|  274080|    0|
+-----------------+---------+------+--------+--------+-----+
|Utilization (%)  |       ~0|     1|       1|       3|    0|
+-----------------+---------+------+--------+--------+-----+

+ Detail: 
    * Instance: 
    +-------------------------------------------------------------+---------------------------------------------------+---------+----+------+------+-----+
    |                           Instance                          |                       Module                      | BRAM_18K| DSP|  FF  |  LUT | URAM|
    +-------------------------------------------------------------+---------------------------------------------------+---------+----+------+------+-----+
    |grp_Rayleigh_Pipeline_VITIS_LOOP_28_1_VITIS_LOOP_29_2_fu_54  |Rayleigh_Pipeline_VITIS_LOOP_28_1_VITIS_LOOP_29_2  |        0|   0|  5479|  7050|    0|
    |grp_Rayleigh_Pipeline_VITIS_LOOP_39_3_VITIS_LOOP_40_4_fu_66  |Rayleigh_Pipeline_VITIS_LOOP_39_3_VITIS_LOOP_40_4  |        0|   0|   157|   302|    0|
    |grp_Rayleigh_Pipeline_VITIS_LOOP_67_6_fu_74                  |Rayleigh_Pipeline_VITIS_LOOP_67_6                  |        0|  25|  2162|  1610|    0|
    |grp_seedInitialization_fu_40                                 |seedInitialization                                 |        0|   3|   198|   403|    0|
    +-------------------------------------------------------------+---------------------------------------------------+---------+----+------+------+-----+
    |Total                                                        |                                                   |        0|  28|  7996|  9365|    0|
    +-------------------------------------------------------------+---------------------------------------------------+---------+----+------+------+-----+

    * DSP: 
    N/A

    * Memory: 
    +----------------------------------------+------------------------------------------------------------+---------+---+----+-----+------+-----+------+-------------+
    |                 Memory                 |                           Module                           | BRAM_18K| FF| LUT| URAM| Words| Bits| Banks| W*Bits*Banks|
    +----------------------------------------+------------------------------------------------------------+---------+---+----+-----+------+-----+------+-------------+
    |Hr_U                                    |Rayleigh_Hr_RAM_AUTO_1R1W                                   |        2|  0|   0|    0|    16|   64|     1|         1024|
    |Hi_U                                    |Rayleigh_Hr_RAM_AUTO_1R1W                                   |        2|  0|   0|    0|    16|   64|     1|         1024|
    |rngMT19937ICN_1_U                       |Rayleigh_rngMT19937ICN_1_RAM_AUTO_0R0W                      |        1|  0|   0|    0|   512|   32|     1|        16384|
    |rngMT19937ICN_3_U                       |Rayleigh_rngMT19937ICN_1_RAM_AUTO_0R0W                      |        1|  0|   0|    0|   512|   32|     1|        16384|
    |rngMT19937ICN_uniformRNG_mt_odd_0_V_U   |Rayleigh_rngMT19937ICN_uniformRNG_mt_odd_0_V_RAM_AUTO_1R1W  |        2|  0|   0|    0|   512|   32|     1|        16384|
    |rngMT19937ICN_uniformRNG_mt_even_0_V_U  |Rayleigh_rngMT19937ICN_uniformRNG_mt_odd_0_V_RAM_AUTO_1R1W  |        2|  0|   0|    0|   512|   32|     1|        16384|
    +----------------------------------------+------------------------------------------------------------+---------+---+----+-----+------+-----+------+-------------+
    |Total                                   |                                                            |       10|  0|   0|    0|  2080|  256|     6|        67584|
    +----------------------------------------+------------------------------------------------------------+---------+---+----+-----+------+-----+------+-------------+

    * FIFO: 
    N/A

    * Expression: 
    N/A

    * Multiplexer: 
    +-----------------------------------------------+----+-----------+-----+-----------+
    |                      Name                     | LUT| Input Size| Bits| Total Bits|
    +-----------------------------------------------+----+-----------+-----+-----------+
    |H_rvd_address0                                 |  14|          3|    6|         18|
    |H_rvd_address1                                 |  14|          3|    6|         18|
    |H_rvd_ce0                                      |  14|          3|    1|          3|
    |H_rvd_ce1                                      |  14|          3|    1|          3|
    |H_rvd_we0                                      |   9|          2|    1|          2|
    |H_rvd_we1                                      |   9|          2|    1|          2|
    |Hi_address0                                    |  14|          3|    4|         12|
    |Hi_ce0                                         |  14|          3|    1|          3|
    |Hi_we0                                         |   9|          2|    1|          2|
    |Hr_address0                                    |  14|          3|    4|         12|
    |Hr_ce0                                         |  14|          3|    1|          3|
    |Hr_we0                                         |   9|          2|    1|          2|
    |ap_NS_fsm                                      |  49|          9|    1|          9|
    |grp_fu_118_ce                                  |   9|          2|    1|          2|
    |grp_fu_122_ce                                  |   9|          2|    1|          2|
    |grp_fu_126_ce                                  |   9|          2|    1|          2|
    |grp_fu_130_ce                                  |   9|          2|    1|          2|
    |grp_fu_134_ce                                  |   9|          2|    1|          2|
    |grp_fu_138_ce                                  |   9|          2|    1|          2|
    |grp_fu_142_ce                                  |   9|          2|    1|          2|
    |grp_fu_146_ce                                  |   9|          2|    1|          2|
    |grp_fu_150_ce                                  |   9|          2|    1|          2|
    |grp_fu_154_ce                                  |   9|          2|    1|          2|
    |grp_fu_158_ce                                  |   9|          2|    1|          2|
    |grp_fu_162_ce                                  |   9|          2|    1|          2|
    |grp_fu_166_ce                                  |   9|          2|    1|          2|
    |grp_fu_170_ce                                  |   9|          2|    1|          2|
    |grp_fu_174_ce                                  |   9|          2|    1|          2|
    |grp_fu_178_ce                                  |   9|          2|    1|          2|
    |grp_fu_182_ce                                  |   9|          2|    1|          2|
    |grp_fu_186_ce                                  |   9|          2|    1|          2|
    |grp_fu_190_ce                                  |   9|          2|    1|          2|
    |grp_fu_194_ce                                  |   9|          2|    1|          2|
    |grp_fu_198_ce                                  |   9|          2|    1|          2|
    |grp_fu_202_ce                                  |   9|          2|    1|          2|
    |grp_fu_206_ce                                  |   9|          2|    1|          2|
    |grp_fu_210_ce                                  |   9|          2|    1|          2|
    |grp_fu_214_ce                                  |   9|          2|    1|          2|
    |grp_fu_218_ce                                  |   9|          2|    1|          2|
    |grp_fu_222_ce                                  |   9|          2|    1|          2|
    |grp_fu_226_ce                                  |   9|          2|    1|          2|
    |grp_fu_230_ce                                  |   9|          2|    1|          2|
    |grp_fu_234_ce                                  |   9|          2|    1|          2|
    |rngMT19937ICN_uniformRNG_mt_even_0_V_address0  |  14|          3|    9|         27|
    |rngMT19937ICN_uniformRNG_mt_even_0_V_ce0       |  14|          3|    1|          3|
    |rngMT19937ICN_uniformRNG_mt_even_0_V_ce1       |   9|          2|    1|          2|
    |rngMT19937ICN_uniformRNG_mt_even_0_V_d0        |  14|          3|   32|         96|
    |rngMT19937ICN_uniformRNG_mt_even_0_V_we0       |  14|          3|    1|          3|
    |rngMT19937ICN_uniformRNG_mt_odd_0_V_address0   |  14|          3|    9|         27|
    |rngMT19937ICN_uniformRNG_mt_odd_0_V_address1   |  14|          3|    9|         27|
    |rngMT19937ICN_uniformRNG_mt_odd_0_V_ce0        |  14|          3|    1|          3|
    |rngMT19937ICN_uniformRNG_mt_odd_0_V_ce1        |  14|          3|    1|          3|
    |rngMT19937ICN_uniformRNG_mt_odd_0_V_d0         |  14|          3|   32|         96|
    |rngMT19937ICN_uniformRNG_mt_odd_0_V_we0        |  14|          3|    1|          3|
    +-----------------------------------------------+----+-----------+-----+-----------+
    |Total                                          | 616|        133|  156|        439|
    +-----------------------------------------------+----+-----------+-----+-----------+

    * Register: 
    +--------------------------------------------------------------------------+----+----+-----+-----------+
    |                                   Name                                   | FF | LUT| Bits| Const Bits|
    +--------------------------------------------------------------------------+----+----+-----+-----------+
    |ap_CS_fsm                                                                 |   8|   0|    8|          0|
    |grp_Rayleigh_Pipeline_VITIS_LOOP_28_1_VITIS_LOOP_29_2_fu_54_ap_start_reg  |   1|   0|    1|          0|
    |grp_Rayleigh_Pipeline_VITIS_LOOP_39_3_VITIS_LOOP_40_4_fu_66_ap_start_reg  |   1|   0|    1|          0|
    |grp_Rayleigh_Pipeline_VITIS_LOOP_67_6_fu_74_ap_start_reg                  |   1|   0|    1|          0|
    |grp_seedInitialization_fu_40_ap_start_reg                                 |   1|   0|    1|          0|
    |rngMT19937ICN_uniformRNG_x_k_p_0_V_reg_98                                 |  32|   0|   32|          0|
    |rngMT19937ICN_uniformRNG_x_k_p_1_V_reg_103                                |  32|   0|   32|          0|
    |rngMT19937ICN_uniformRNG_x_k_p_2_V_reg_108                                |  32|   0|   32|          0|
    |rngMT19937ICN_uniformRNG_x_k_p_m_V_reg_113                                |  32|   0|   32|          0|
    +--------------------------------------------------------------------------+----+----+-----+-----------+
    |Total                                                                     | 140|   0|  140|          0|
    +--------------------------------------------------------------------------+----+----+-----+-----------+



================================================================
== Interface
================================================================
* Summary: 
+----------------------+-----+-----+------------+--------------+--------------+
|       RTL Ports      | Dir | Bits|  Protocol  | Source Object|    C Type    |
+----------------------+-----+-----+------------+--------------+--------------+
|ap_clk                |   in|    1|  ap_ctrl_hs|      Rayleigh|  return value|
|ap_rst                |   in|    1|  ap_ctrl_hs|      Rayleigh|  return value|
|ap_start              |   in|    1|  ap_ctrl_hs|      Rayleigh|  return value|
|ap_done               |  out|    1|  ap_ctrl_hs|      Rayleigh|  return value|
|ap_idle               |  out|    1|  ap_ctrl_hs|      Rayleigh|  return value|
|ap_ready              |  out|    1|  ap_ctrl_hs|      Rayleigh|  return value|
|grp_fu_965_p_din0     |  out|   64|  ap_ctrl_hs|      Rayleigh|  return value|
|grp_fu_965_p_din1     |  out|   64|  ap_ctrl_hs|      Rayleigh|  return value|
|grp_fu_965_p_opcode   |  out|    1|  ap_ctrl_hs|      Rayleigh|  return value|
|grp_fu_965_p_dout0    |   in|   64|  ap_ctrl_hs|      Rayleigh|  return value|
|grp_fu_965_p_ce       |  out|    1|  ap_ctrl_hs|      Rayleigh|  return value|
|grp_fu_969_p_din0     |  out|   64|  ap_ctrl_hs|      Rayleigh|  return value|
|grp_fu_969_p_din1     |  out|   64|  ap_ctrl_hs|      Rayleigh|  return value|
|grp_fu_969_p_opcode   |  out|    1|  ap_ctrl_hs|      Rayleigh|  return value|
|grp_fu_969_p_dout0    |   in|   64|  ap_ctrl_hs|      Rayleigh|  return value|
|grp_fu_969_p_ce       |  out|    1|  ap_ctrl_hs|      Rayleigh|  return value|
|grp_fu_973_p_din0     |  out|   64|  ap_ctrl_hs|      Rayleigh|  return value|
|grp_fu_973_p_din1     |  out|   64|  ap_ctrl_hs|      Rayleigh|  return value|
|grp_fu_973_p_opcode   |  out|    2|  ap_ctrl_hs|      Rayleigh|  return value|
|grp_fu_973_p_dout0    |   in|   64|  ap_ctrl_hs|      Rayleigh|  return value|
|grp_fu_973_p_ce       |  out|    1|  ap_ctrl_hs|      Rayleigh|  return value|
|grp_fu_977_p_din0     |  out|   64|  ap_ctrl_hs|      Rayleigh|  return value|
|grp_fu_977_p_din1     |  out|   64|  ap_ctrl_hs|      Rayleigh|  return value|
|grp_fu_977_p_opcode   |  out|    2|  ap_ctrl_hs|      Rayleigh|  return value|
|grp_fu_977_p_dout0    |   in|   64|  ap_ctrl_hs|      Rayleigh|  return value|
|grp_fu_977_p_ce       |  out|    1|  ap_ctrl_hs|      Rayleigh|  return value|
|grp_fu_981_p_din0     |  out|   64|  ap_ctrl_hs|      Rayleigh|  return value|
|grp_fu_981_p_din1     |  out|   64|  ap_ctrl_hs|      Rayleigh|  return value|
|grp_fu_981_p_opcode   |  out|    2|  ap_ctrl_hs|      Rayleigh|  return value|
|grp_fu_981_p_dout0    |   in|   64|  ap_ctrl_hs|      Rayleigh|  return value|
|grp_fu_981_p_ce       |  out|    1|  ap_ctrl_hs|      Rayleigh|  return value|
|grp_fu_985_p_din0     |  out|   64|  ap_ctrl_hs|      Rayleigh|  return value|
|grp_fu_985_p_din1     |  out|   64|  ap_ctrl_hs|      Rayleigh|  return value|
|grp_fu_985_p_opcode   |  out|    2|  ap_ctrl_hs|      Rayleigh|  return value|
|grp_fu_985_p_dout0    |   in|   64|  ap_ctrl_hs|      Rayleigh|  return value|
|grp_fu_985_p_ce       |  out|    1|  ap_ctrl_hs|      Rayleigh|  return value|
|grp_fu_989_p_din0     |  out|   64|  ap_ctrl_hs|      Rayleigh|  return value|
|grp_fu_989_p_din1     |  out|   64|  ap_ctrl_hs|      Rayleigh|  return value|
|grp_fu_989_p_opcode   |  out|    2|  ap_ctrl_hs|      Rayleigh|  return value|
|grp_fu_989_p_dout0    |   in|   64|  ap_ctrl_hs|      Rayleigh|  return value|
|grp_fu_989_p_ce       |  out|    1|  ap_ctrl_hs|      Rayleigh|  return value|
|grp_fu_993_p_din0     |  out|   64|  ap_ctrl_hs|      Rayleigh|  return value|
|grp_fu_993_p_din1     |  out|   64|  ap_ctrl_hs|      Rayleigh|  return value|
|grp_fu_993_p_opcode   |  out|    2|  ap_ctrl_hs|      Rayleigh|  return value|
|grp_fu_993_p_dout0    |   in|   64|  ap_ctrl_hs|      Rayleigh|  return value|
|grp_fu_993_p_ce       |  out|    1|  ap_ctrl_hs|      Rayleigh|  return value|
|grp_fu_997_p_din0     |  out|   64|  ap_ctrl_hs|      Rayleigh|  return value|
|grp_fu_997_p_din1     |  out|   64|  ap_ctrl_hs|      Rayleigh|  return value|
|grp_fu_997_p_opcode   |  out|    2|  ap_ctrl_hs|      Rayleigh|  return value|
|grp_fu_997_p_dout0    |   in|   64|  ap_ctrl_hs|      Rayleigh|  return value|
|grp_fu_997_p_ce       |  out|    1|  ap_ctrl_hs|      Rayleigh|  return value|
|grp_fu_1001_p_din0    |  out|   64|  ap_ctrl_hs|      Rayleigh|  return value|
|grp_fu_1001_p_din1    |  out|   64|  ap_ctrl_hs|      Rayleigh|  return value|
|grp_fu_1001_p_opcode  |  out|    2|  ap_ctrl_hs|      Rayleigh|  return value|
|grp_fu_1001_p_dout0   |   in|   64|  ap_ctrl_hs|      Rayleigh|  return value|
|grp_fu_1001_p_ce      |  out|    1|  ap_ctrl_hs|      Rayleigh|  return value|
|grp_fu_1005_p_din0    |  out|   64|  ap_ctrl_hs|      Rayleigh|  return value|
|grp_fu_1005_p_din1    |  out|   64|  ap_ctrl_hs|      Rayleigh|  return value|
|grp_fu_1005_p_opcode  |  out|    2|  ap_ctrl_hs|      Rayleigh|  return value|
|grp_fu_1005_p_dout0   |   in|   64|  ap_ctrl_hs|      Rayleigh|  return value|
|grp_fu_1005_p_ce      |  out|    1|  ap_ctrl_hs|      Rayleigh|  return value|
|grp_fu_1009_p_din0    |  out|   64|  ap_ctrl_hs|      Rayleigh|  return value|
|grp_fu_1009_p_din1    |  out|   64|  ap_ctrl_hs|      Rayleigh|  return value|
|grp_fu_1009_p_opcode  |  out|    2|  ap_ctrl_hs|      Rayleigh|  return value|
|grp_fu_1009_p_dout0   |   in|   64|  ap_ctrl_hs|      Rayleigh|  return value|
|grp_fu_1009_p_ce      |  out|    1|  ap_ctrl_hs|      Rayleigh|  return value|
|grp_fu_1013_p_din0    |  out|   64|  ap_ctrl_hs|      Rayleigh|  return value|
|grp_fu_1013_p_din1    |  out|   64|  ap_ctrl_hs|      Rayleigh|  return value|
|grp_fu_1013_p_dout0   |   in|   64|  ap_ctrl_hs|      Rayleigh|  return value|
|grp_fu_1013_p_ce      |  out|    1|  ap_ctrl_hs|      Rayleigh|  return value|
|grp_fu_1017_p_din0    |  out|   64|  ap_ctrl_hs|      Rayleigh|  return value|
|grp_fu_1017_p_din1    |  out|   64|  ap_ctrl_hs|      Rayleigh|  return value|
|grp_fu_1017_p_dout0   |   in|   64|  ap_ctrl_hs|      Rayleigh|  return value|
|grp_fu_1017_p_ce      |  out|    1|  ap_ctrl_hs|      Rayleigh|  return value|
|grp_fu_1021_p_din0    |  out|   64|  ap_ctrl_hs|      Rayleigh|  return value|
|grp_fu_1021_p_din1    |  out|   64|  ap_ctrl_hs|      Rayleigh|  return value|
|grp_fu_1021_p_dout0   |   in|   64|  ap_ctrl_hs|      Rayleigh|  return value|
|grp_fu_1021_p_ce      |  out|    1|  ap_ctrl_hs|      Rayleigh|  return value|
|grp_fu_1025_p_din0    |  out|   64|  ap_ctrl_hs|      Rayleigh|  return value|
|grp_fu_1025_p_din1    |  out|   64|  ap_ctrl_hs|      Rayleigh|  return value|
|grp_fu_1025_p_dout0   |   in|   64|  ap_ctrl_hs|      Rayleigh|  return value|
|grp_fu_1025_p_ce      |  out|    1|  ap_ctrl_hs|      Rayleigh|  return value|
|grp_fu_1029_p_din0    |  out|   64|  ap_ctrl_hs|      Rayleigh|  return value|
|grp_fu_1029_p_din1    |  out|   64|  ap_ctrl_hs|      Rayleigh|  return value|
|grp_fu_1029_p_dout0   |   in|   64|  ap_ctrl_hs|      Rayleigh|  return value|
|grp_fu_1029_p_ce      |  out|    1|  ap_ctrl_hs|      Rayleigh|  return value|
|grp_fu_1033_p_din0    |  out|   64|  ap_ctrl_hs|      Rayleigh|  return value|
|grp_fu_1033_p_din1    |  out|   64|  ap_ctrl_hs|      Rayleigh|  return value|
|grp_fu_1033_p_dout0   |   in|   64|  ap_ctrl_hs|      Rayleigh|  return value|
|grp_fu_1033_p_ce      |  out|    1|  ap_ctrl_hs|      Rayleigh|  return value|
|grp_fu_1037_p_din0    |  out|   64|  ap_ctrl_hs|      Rayleigh|  return value|
|grp_fu_1037_p_din1    |  out|   64|  ap_ctrl_hs|      Rayleigh|  return value|
|grp_fu_1037_p_dout0   |   in|   64|  ap_ctrl_hs|      Rayleigh|  return value|
|grp_fu_1037_p_ce      |  out|    1|  ap_ctrl_hs|      Rayleigh|  return value|
|grp_fu_1041_p_din0    |  out|   64|  ap_ctrl_hs|      Rayleigh|  return value|
|grp_fu_1041_p_din1    |  out|   64|  ap_ctrl_hs|      Rayleigh|  return value|
|grp_fu_1041_p_dout0   |   in|   64|  ap_ctrl_hs|      Rayleigh|  return value|
|grp_fu_1041_p_ce      |  out|    1|  ap_ctrl_hs|      Rayleigh|  return value|
|grp_fu_1045_p_din0    |  out|   64|  ap_ctrl_hs|      Rayleigh|  return value|
|grp_fu_1045_p_din1    |  out|   64|  ap_ctrl_hs|      Rayleigh|  return value|
|grp_fu_1045_p_dout0   |   in|   64|  ap_ctrl_hs|      Rayleigh|  return value|
|grp_fu_1045_p_ce      |  out|    1|  ap_ctrl_hs|      Rayleigh|  return value|
|grp_fu_1049_p_din0    |  out|   64|  ap_ctrl_hs|      Rayleigh|  return value|
|grp_fu_1049_p_din1    |  out|   64|  ap_ctrl_hs|      Rayleigh|  return value|
|grp_fu_1049_p_dout0   |   in|   64|  ap_ctrl_hs|      Rayleigh|  return value|
|grp_fu_1049_p_ce      |  out|    1|  ap_ctrl_hs|      Rayleigh|  return value|
|grp_fu_1053_p_din0    |  out|   64|  ap_ctrl_hs|      Rayleigh|  return value|
|grp_fu_1053_p_din1    |  out|   64|  ap_ctrl_hs|      Rayleigh|  return value|
|grp_fu_1053_p_dout0   |   in|   64|  ap_ctrl_hs|      Rayleigh|  return value|
|grp_fu_1053_p_ce      |  out|    1|  ap_ctrl_hs|      Rayleigh|  return value|
|grp_fu_1057_p_din0    |  out|   64|  ap_ctrl_hs|      Rayleigh|  return value|
|grp_fu_1057_p_din1    |  out|   64|  ap_ctrl_hs|      Rayleigh|  return value|
|grp_fu_1057_p_dout0   |   in|   64|  ap_ctrl_hs|      Rayleigh|  return value|
|grp_fu_1057_p_ce      |  out|    1|  ap_ctrl_hs|      Rayleigh|  return value|
|grp_fu_1061_p_din0    |  out|   64|  ap_ctrl_hs|      Rayleigh|  return value|
|grp_fu_1061_p_din1    |  out|   64|  ap_ctrl_hs|      Rayleigh|  return value|
|grp_fu_1061_p_dout0   |   in|   64|  ap_ctrl_hs|      Rayleigh|  return value|
|grp_fu_1061_p_ce      |  out|    1|  ap_ctrl_hs|      Rayleigh|  return value|
|grp_fu_1065_p_din0    |  out|   64|  ap_ctrl_hs|      Rayleigh|  return value|
|grp_fu_1065_p_din1    |  out|   64|  ap_ctrl_hs|      Rayleigh|  return value|
|grp_fu_1065_p_dout0   |   in|   64|  ap_ctrl_hs|      Rayleigh|  return value|
|grp_fu_1065_p_ce      |  out|    1|  ap_ctrl_hs|      Rayleigh|  return value|
|grp_fu_1069_p_din0    |  out|   64|  ap_ctrl_hs|      Rayleigh|  return value|
|grp_fu_1069_p_din1    |  out|   64|  ap_ctrl_hs|      Rayleigh|  return value|
|grp_fu_1069_p_dout0   |   in|   64|  ap_ctrl_hs|      Rayleigh|  return value|
|grp_fu_1069_p_ce      |  out|    1|  ap_ctrl_hs|      Rayleigh|  return value|
|grp_fu_1073_p_din0    |  out|   64|  ap_ctrl_hs|      Rayleigh|  return value|
|grp_fu_1073_p_din1    |  out|   64|  ap_ctrl_hs|      Rayleigh|  return value|
|grp_fu_1073_p_dout0   |   in|   64|  ap_ctrl_hs|      Rayleigh|  return value|
|grp_fu_1073_p_ce      |  out|    1|  ap_ctrl_hs|      Rayleigh|  return value|
|grp_fu_1077_p_din0    |  out|   64|  ap_ctrl_hs|      Rayleigh|  return value|
|grp_fu_1077_p_din1    |  out|   64|  ap_ctrl_hs|      Rayleigh|  return value|
|grp_fu_1077_p_dout0   |   in|   64|  ap_ctrl_hs|      Rayleigh|  return value|
|grp_fu_1077_p_ce      |  out|    1|  ap_ctrl_hs|      Rayleigh|  return value|
|grp_fu_1081_p_din0    |  out|   64|  ap_ctrl_hs|      Rayleigh|  return value|
|grp_fu_1081_p_din1    |  out|   64|  ap_ctrl_hs|      Rayleigh|  return value|
|grp_fu_1081_p_opcode  |  out|    2|  ap_ctrl_hs|      Rayleigh|  return value|
|grp_fu_1081_p_dout0   |   in|   64|  ap_ctrl_hs|      Rayleigh|  return value|
|grp_fu_1081_p_ce      |  out|    1|  ap_ctrl_hs|      Rayleigh|  return value|
|H_rvd_address0        |  out|    6|   ap_memory|         H_rvd|         array|
|H_rvd_ce0             |  out|    1|   ap_memory|         H_rvd|         array|
|H_rvd_we0             |  out|    1|   ap_memory|         H_rvd|         array|
|H_rvd_d0              |  out|   64|   ap_memory|         H_rvd|         array|
|H_rvd_q0              |   in|   64|   ap_memory|         H_rvd|         array|
|H_rvd_address1        |  out|    6|   ap_memory|         H_rvd|         array|
|H_rvd_ce1             |  out|    1|   ap_memory|         H_rvd|         array|
|H_rvd_we1             |  out|    1|   ap_memory|         H_rvd|         array|
|H_rvd_d1              |  out|   64|   ap_memory|         H_rvd|         array|
|H_rvd_q1              |   in|   64|   ap_memory|         H_rvd|         array|
|H_mul_x_address0      |  out|    3|   ap_memory|       H_mul_x|         array|
|H_mul_x_ce0           |  out|    1|   ap_memory|       H_mul_x|         array|
|H_mul_x_we0           |  out|    1|   ap_memory|       H_mul_x|         array|
|H_mul_x_d0            |  out|   64|   ap_memory|       H_mul_x|         array|
+----------------------+-----+-----+------------+--------------+--------------+

============================================================
+ Verbose Summary: Synthesis Manager
============================================================
InlineROM: 1
ExposeGlobal: 0
============================================================
+ Verbose Summary: CDFG Model
============================================================
IsTopModel: 0
ResetActiveHigh: 1
IsCombinational: 2
IsDatapathOnly: 2
HasWiredReturn: 1
HasMFsm: 0
HasVarLatency: 1
IsPipeline: 0
IsRtlPipelined: 0
IsInstanceOverlapped: 0
IsDontTouch: 0
HasImplIP: 0
IsGatedGlobalClock: 0


============================================================
+ Verbose Summary: Schedule
============================================================
* Number of FSM states : 8
* Pipeline : 0
* Dataflow Pipeline: 0

* FSM state transitions: 
1 --> 2 
2 --> 3 
3 --> 4 
4 --> 5 
5 --> 6 
6 --> 7 
7 --> 8 
8 --> 

* FSM state operations: 

State 1 <SV = 0> <Delay = 3.33>
ST_1 : Operation 9 [1/1] (1.23ns)   --->   "%rngMT19937ICN_uniformRNG_mt_odd_0_V = alloca i64 1" [src/Rayleigh.cpp:20]   --->   Operation 9 'alloca' 'rngMT19937ICN_uniformRNG_mt_odd_0_V' <Predicate = true> <Delay = 1.23>
ST_1 : Operation 10 [1/1] (1.23ns)   --->   "%rngMT19937ICN_1 = alloca i64 1"   --->   Operation 10 'alloca' 'rngMT19937ICN_1' <Predicate = true> <Delay = 1.23>
ST_1 : Operation 11 [1/1] (1.23ns)   --->   "%rngMT19937ICN_uniformRNG_mt_even_0_V = alloca i64 1" [src/Rayleigh.cpp:20]   --->   Operation 11 'alloca' 'rngMT19937ICN_uniformRNG_mt_even_0_V' <Predicate = true> <Delay = 1.23>
ST_1 : Operation 12 [1/1] (1.23ns)   --->   "%rngMT19937ICN_3 = alloca i64 1"   --->   Operation 12 'alloca' 'rngMT19937ICN_3' <Predicate = true> <Delay = 1.23>
ST_1 : Operation 13 [1/1] (1.23ns)   --->   "%Hr = alloca i64 1" [src/Rayleigh.cpp:25]   --->   Operation 13 'alloca' 'Hr' <Predicate = true> <Delay = 1.23>
ST_1 : Operation 14 [1/1] (1.23ns)   --->   "%Hi = alloca i64 1" [src/Rayleigh.cpp:26]   --->   Operation 14 'alloca' 'Hi' <Predicate = true> <Delay = 1.23>
ST_1 : Operation 15 [2/2] (2.10ns)   --->   "%call_ret = call i128 @seedInitialization, i32 %rngMT19937ICN_uniformRNG_mt_odd_0_V, i32 %rngMT19937ICN_1, i32 %rngMT19937ICN_uniformRNG_mt_even_0_V, i32 %rngMT19937ICN_3, i6 37" [src/rng.hpp:1143]   --->   Operation 15 'call' 'call_ret' <Predicate = true> <Delay = 2.10> <CoreType = "Generic">   --->   Core 0 '' <Latency = 0> <II = 1> <Delay = 1.00> <Generic> <Opcode : >

State 2 <SV = 1> <Delay = 1.23>
ST_2 : Operation 16 [1/2] (1.23ns)   --->   "%call_ret = call i128 @seedInitialization, i32 %rngMT19937ICN_uniformRNG_mt_odd_0_V, i32 %rngMT19937ICN_1, i32 %rngMT19937ICN_uniformRNG_mt_even_0_V, i32 %rngMT19937ICN_3, i6 37" [src/rng.hpp:1143]   --->   Operation 16 'call' 'call_ret' <Predicate = true> <Delay = 1.23> <CoreType = "Generic">   --->   Core 0 '' <Latency = 0> <II = 1> <Delay = 1.00> <Generic> <Opcode : >
ST_2 : Operation 17 [1/1] (0.00ns)   --->   "%rngMT19937ICN_uniformRNG_x_k_p_0_V = extractvalue i128 %call_ret" [src/rng.hpp:1143]   --->   Operation 17 'extractvalue' 'rngMT19937ICN_uniformRNG_x_k_p_0_V' <Predicate = true> <Delay = 0.00>
ST_2 : Operation 18 [1/1] (0.00ns)   --->   "%rngMT19937ICN_uniformRNG_x_k_p_1_V = extractvalue i128 %call_ret" [src/rng.hpp:1143]   --->   Operation 18 'extractvalue' 'rngMT19937ICN_uniformRNG_x_k_p_1_V' <Predicate = true> <Delay = 0.00>
ST_2 : Operation 19 [1/1] (0.00ns)   --->   "%rngMT19937ICN_uniformRNG_x_k_p_2_V = extractvalue i128 %call_ret" [src/rng.hpp:1143]   --->   Operation 19 'extractvalue' 'rngMT19937ICN_uniformRNG_x_k_p_2_V' <Predicate = true> <Delay = 0.00>
ST_2 : Operation 20 [1/1] (0.00ns)   --->   "%rngMT19937ICN_uniformRNG_x_k_p_m_V = extractvalue i128 %call_ret" [src/rng.hpp:1143]   --->   Operation 20 'extractvalue' 'rngMT19937ICN_uniformRNG_x_k_p_m_V' <Predicate = true> <Delay = 0.00>

State 3 <SV = 2> <Delay = 0.42>
ST_3 : Operation 21 [2/2] (0.42ns)   --->   "%call_ln1143 = call void @Rayleigh_Pipeline_VITIS_LOOP_28_1_VITIS_LOOP_29_2, i32 %rngMT19937ICN_uniformRNG_x_k_p_0_V, i32 %rngMT19937ICN_uniformRNG_x_k_p_1_V, i32 %rngMT19937ICN_uniformRNG_x_k_p_m_V, i32 %rngMT19937ICN_uniformRNG_x_k_p_2_V, i64 %Hr, i64 %Hi, i32 %rngMT19937ICN_uniformRNG_mt_even_0_V, i32 %rngMT19937ICN_uniformRNG_mt_odd_0_V" [src/rng.hpp:1143]   --->   Operation 21 'call' 'call_ln1143' <Predicate = true> <Delay = 0.42> <CoreType = "Generic">   --->   Core 0 '' <Latency = 0> <II = 1> <Delay = 1.00> <Generic> <Opcode : >

State 4 <SV = 3> <Delay = 0.00>
ST_4 : Operation 22 [1/2] (0.00ns)   --->   "%call_ln1143 = call void @Rayleigh_Pipeline_VITIS_LOOP_28_1_VITIS_LOOP_29_2, i32 %rngMT19937ICN_uniformRNG_x_k_p_0_V, i32 %rngMT19937ICN_uniformRNG_x_k_p_1_V, i32 %rngMT19937ICN_uniformRNG_x_k_p_m_V, i32 %rngMT19937ICN_uniformRNG_x_k_p_2_V, i64 %Hr, i64 %Hi, i32 %rngMT19937ICN_uniformRNG_mt_even_0_V, i32 %rngMT19937ICN_uniformRNG_mt_odd_0_V" [src/rng.hpp:1143]   --->   Operation 22 'call' 'call_ln1143' <Predicate = true> <Delay = 0.00> <CoreType = "Generic">   --->   Core 0 '' <Latency = 0> <II = 1> <Delay = 1.00> <Generic> <Opcode : >

State 5 <SV = 4> <Delay = 0.00>
ST_5 : Operation 23 [2/2] (0.00ns)   --->   "%call_ln0 = call void @Rayleigh_Pipeline_VITIS_LOOP_39_3_VITIS_LOOP_40_4, i64 %Hr, i64 %Hi, i64 %H_rvd"   --->   Operation 23 'call' 'call_ln0' <Predicate = true> <Delay = 0.00> <CoreType = "Generic">   --->   Core 0 '' <Latency = 0> <II = 1> <Delay = 1.00> <Generic> <Opcode : >

State 6 <SV = 5> <Delay = 0.00>
ST_6 : Operation 24 [1/2] (0.00ns)   --->   "%call_ln0 = call void @Rayleigh_Pipeline_VITIS_LOOP_39_3_VITIS_LOOP_40_4, i64 %Hr, i64 %Hi, i64 %H_rvd"   --->   Operation 24 'call' 'call_ln0' <Predicate = true> <Delay = 0.00> <CoreType = "Generic">   --->   Core 0 '' <Latency = 0> <II = 1> <Delay = 1.00> <Generic> <Opcode : >

State 7 <SV = 6> <Delay = 0.00>
ST_7 : Operation 25 [2/2] (0.00ns)   --->   "%call_ln0 = call void @Rayleigh_Pipeline_VITIS_LOOP_67_6, i64 %H_rvd, i64 %H_mul_x"   --->   Operation 25 'call' 'call_ln0' <Predicate = true> <Delay = 0.00> <CoreType = "Generic">   --->   Core 0 '' <Latency = 0> <II = 1> <Delay = 1.00> <Generic> <Opcode : >

State 8 <SV = 7> <Delay = 0.00>
ST_8 : Operation 26 [1/2] (0.00ns)   --->   "%call_ln0 = call void @Rayleigh_Pipeline_VITIS_LOOP_67_6, i64 %H_rvd, i64 %H_mul_x"   --->   Operation 26 'call' 'call_ln0' <Predicate = true> <Delay = 0.00> <CoreType = "Generic">   --->   Core 0 '' <Latency = 0> <II = 1> <Delay = 1.00> <Generic> <Opcode : >
ST_8 : Operation 27 [1/1] (0.00ns)   --->   "%ret_ln78 = ret" [src/Rayleigh.cpp:78]   --->   Operation 27 'ret' 'ret_ln78' <Predicate = true> <Delay = 0.00>


============================================================
+ Verbose Summary: Binding
============================================================
STG Binding: 
---------------- STG Properties BEGIN ----------------
- Is combinational: 0
- Is one-state seq: 0
- Is datapath-only: 0
- Is pipelined: 0
- Is top level: 0
Port [ Return ] is wired: 1; IO mode=ap_ctrl_hs:ce=0
Port [ H_rvd]:  wired=1; compound=1; hidden=0; nouse=0; global=0; static=0; extern=0; dir=2; type=1; pingpong=0; private_global=0; MemPort=[22]; IO mode=ap_memory:ce=0
Port [ H_mul_x]:  wired=1; compound=1; hidden=0; nouse=0; global=0; static=0; extern=0; dir=1; type=1; pingpong=0; private_global=0; MemPort=[03]; IO mode=ap_memory:ce=0
---------------- STG Properties END ------------------

---------------- Datapath Model BEGIN ----------------

<LifeTime>
<method=bitvector/>
rngMT19937ICN_uniformRNG_mt_odd_0_V  (alloca      ) [ 001110000]
rngMT19937ICN_1                      (alloca      ) [ 001000000]
rngMT19937ICN_uniformRNG_mt_even_0_V (alloca      ) [ 001110000]
rngMT19937ICN_3                      (alloca      ) [ 001000000]
Hr                                   (alloca      ) [ 001111100]
Hi                                   (alloca      ) [ 001111100]
call_ret                             (call        ) [ 000000000]
rngMT19937ICN_uniformRNG_x_k_p_0_V   (extractvalue) [ 000110000]
rngMT19937ICN_uniformRNG_x_k_p_1_V   (extractvalue) [ 000110000]
rngMT19937ICN_uniformRNG_x_k_p_2_V   (extractvalue) [ 000110000]
rngMT19937ICN_uniformRNG_x_k_p_m_V   (extractvalue) [ 000110000]
call_ln1143                          (call        ) [ 000000000]
call_ln0                             (call        ) [ 000000000]
call_ln0                             (call        ) [ 000000000]
ret_ln78                             (ret         ) [ 000000000]
</LifeTime>

<model>

<comp_list>
<comp id="0" class="1000" name="H_rvd">
<pin_list>
<pin id="1" dir="1" index="0" bw="1" slack="0"/>
</pin_list>
<bind>
<StgValue><ssdm name="H_rvd"/><MemPortTyVec>2 2 </MemPortTyVec>
</StgValue>
</bind>
</comp>

<comp id="2" class="1000" name="H_mul_x">
<pin_list>
<pin id="3" dir="1" index="0" bw="1" slack="0"/>
</pin_list>
<bind>
<StgValue><ssdm name="H_mul_x"/><MemPortTyVec>0 3 </MemPortTyVec>
</StgValue>
</bind>
</comp>

<comp id="4" class="1001" name="const_4">
<pin_list>
<pin id="5" dir="1" index="0" bw="1" slack="0"/>
</pin_list>
<bind>
<StgValue><ssdm name=""/></StgValue>
</bind>
</comp>

<comp id="6" class="1001" name="const_6">
<pin_list>
<pin id="7" dir="1" index="0" bw="1" slack="0"/>
</pin_list>
<bind>
<StgValue><ssdm name="seedInitialization"/></StgValue>
</bind>
</comp>

<comp id="8" class="1001" name="const_8">
<pin_list>
<pin id="9" dir="1" index="0" bw="1" slack="0"/>
</pin_list>
<bind>
<StgValue><ssdm name=""/></StgValue>
</bind>
</comp>

<comp id="10" class="1001" name="const_10">
<pin_list>
<pin id="11" dir="1" index="0" bw="1" slack="0"/>
</pin_list>
<bind>
<StgValue><ssdm name="Rayleigh_Pipeline_VITIS_LOOP_28_1_VITIS_LOOP_29_2"/></StgValue>
</bind>
</comp>

<comp id="12" class="1001" name="const_12">
<pin_list>
<pin id="13" dir="1" index="0" bw="1" slack="0"/>
</pin_list>
<bind>
<StgValue><ssdm name="Rayleigh_Pipeline_VITIS_LOOP_39_3_VITIS_LOOP_40_4"/></StgValue>
</bind>
</comp>

<comp id="14" class="1001" name="const_14">
<pin_list>
<pin id="15" dir="1" index="0" bw="1" slack="0"/>
</pin_list>
<bind>
<StgValue><ssdm name="Rayleigh_Pipeline_VITIS_LOOP_67_6"/></StgValue>
</bind>
</comp>

<comp id="16" class="1004" name="rngMT19937ICN_uniformRNG_mt_odd_0_V_alloca_fu_16">
<pin_list>
<pin id="17" dir="0" index="0" bw="1" slack="0"/>
<pin id="18" dir="1" index="1" bw="32" slack="0"/>
</pin_list>
<bind>
<opcode="alloca(26) " fcode="alloca"/>
<opset="rngMT19937ICN_uniformRNG_mt_odd_0_V/1 "/>
</bind>
</comp>

<comp id="20" class="1004" name="rngMT19937ICN_1_alloca_fu_20">
<pin_list>
<pin id="21" dir="0" index="0" bw="1" slack="0"/>
<pin id="22" dir="1" index="1" bw="32" slack="0"/>
</pin_list>
<bind>
<opcode="alloca(26) " fcode="alloca"/>
<opset="rngMT19937ICN_1/1 "/>
</bind>
</comp>

<comp id="24" class="1004" name="rngMT19937ICN_uniformRNG_mt_even_0_V_alloca_fu_24">
<pin_list>
<pin id="25" dir="0" index="0" bw="1" slack="0"/>
<pin id="26" dir="1" index="1" bw="32" slack="0"/>
</pin_list>
<bind>
<opcode="alloca(26) " fcode="alloca"/>
<opset="rngMT19937ICN_uniformRNG_mt_even_0_V/1 "/>
</bind>
</comp>

<comp id="28" class="1004" name="rngMT19937ICN_3_alloca_fu_28">
<pin_list>
<pin id="29" dir="0" index="0" bw="1" slack="0"/>
<pin id="30" dir="1" index="1" bw="32" slack="0"/>
</pin_list>
<bind>
<opcode="alloca(26) " fcode="alloca"/>
<opset="rngMT19937ICN_3/1 "/>
</bind>
</comp>

<comp id="32" class="1004" name="Hr_alloca_fu_32">
<pin_list>
<pin id="33" dir="0" index="0" bw="1" slack="0"/>
<pin id="34" dir="1" index="1" bw="64" slack="2147483647"/>
</pin_list>
<bind>
<opcode="alloca(26) " fcode="alloca"/>
<opset="Hr/1 "/>
</bind>
</comp>

<comp id="36" class="1004" name="Hi_alloca_fu_36">
<pin_list>
<pin id="37" dir="0" index="0" bw="1" slack="0"/>
<pin id="38" dir="1" index="1" bw="64" slack="2147483647"/>
</pin_list>
<bind>
<opcode="alloca(26) " fcode="alloca"/>
<opset="Hi/1 "/>
</bind>
</comp>

<comp id="40" class="1004" name="grp_seedInitialization_fu_40">
<pin_list>
<pin id="41" dir="0" index="0" bw="128" slack="0"/>
<pin id="42" dir="0" index="1" bw="32" slack="0"/>
<pin id="43" dir="0" index="2" bw="32" slack="0"/>
<pin id="44" dir="0" index="3" bw="32" slack="0"/>
<pin id="45" dir="0" index="4" bw="32" slack="0"/>
<pin id="46" dir="0" index="5" bw="6" slack="0"/>
<pin id="47" dir="1" index="6" bw="128" slack="0"/>
</pin_list>
<bind>
<opcode="call(48) " fcode="call"/>
<opset="call_ret/1 "/>
</bind>
</comp>

<comp id="54" class="1004" name="grp_Rayleigh_Pipeline_VITIS_LOOP_28_1_VITIS_LOOP_29_2_fu_54">
<pin_list>
<pin id="55" dir="0" index="0" bw="0" slack="0"/>
<pin id="56" dir="0" index="1" bw="32" slack="1"/>
<pin id="57" dir="0" index="2" bw="32" slack="1"/>
<pin id="58" dir="0" index="3" bw="32" slack="1"/>
<pin id="59" dir="0" index="4" bw="32" slack="1"/>
<pin id="60" dir="0" index="5" bw="64" slack="2147483647"/>
<pin id="61" dir="0" index="6" bw="64" slack="2147483647"/>
<pin id="62" dir="0" index="7" bw="32" slack="2147483647"/>
<pin id="63" dir="0" index="8" bw="32" slack="2147483647"/>
<pin id="64" dir="1" index="9" bw="0" slack="2147483647"/>
</pin_list>
<bind>
<opcode="call(48) " fcode="call"/>
<opset="call_ln1143/3 "/>
</bind>
</comp>

<comp id="66" class="1004" name="grp_Rayleigh_Pipeline_VITIS_LOOP_39_3_VITIS_LOOP_40_4_fu_66">
<pin_list>
<pin id="67" dir="0" index="0" bw="0" slack="0"/>
<pin id="68" dir="0" index="1" bw="64" slack="2147483647"/>
<pin id="69" dir="0" index="2" bw="64" slack="2147483647"/>
<pin id="70" dir="0" index="3" bw="64" slack="0"/>
<pin id="71" dir="1" index="4" bw="0" slack="2147483647"/>
</pin_list>
<bind>
<opcode="call(48) " fcode="call"/>
<opset="call_ln0/5 "/>
</bind>
</comp>

<comp id="74" class="1004" name="grp_Rayleigh_Pipeline_VITIS_LOOP_67_6_fu_74">
<pin_list>
<pin id="75" dir="0" index="0" bw="0" slack="0"/>
<pin id="76" dir="0" index="1" bw="64" slack="0"/>
<pin id="77" dir="0" index="2" bw="64" slack="0"/>
<pin id="78" dir="1" index="3" bw="0" slack="2147483647"/>
</pin_list>
<bind>
<opcode="call(48) " fcode="call"/>
<opset="call_ln0/7 "/>
</bind>
</comp>

<comp id="82" class="1004" name="rngMT19937ICN_uniformRNG_x_k_p_0_V_fu_82">
<pin_list>
<pin id="83" dir="0" index="0" bw="128" slack="0"/>
<pin id="84" dir="1" index="1" bw="32" slack="1"/>
</pin_list>
<bind>
<opcode="extractvalue(56) " fcode="extractvalue"/>
<opset="rngMT19937ICN_uniformRNG_x_k_p_0_V/2 "/>
</bind>
</comp>

<comp id="86" class="1004" name="rngMT19937ICN_uniformRNG_x_k_p_1_V_fu_86">
<pin_list>
<pin id="87" dir="0" index="0" bw="128" slack="0"/>
<pin id="88" dir="1" index="1" bw="32" slack="1"/>
</pin_list>
<bind>
<opcode="extractvalue(56) " fcode="extractvalue"/>
<opset="rngMT19937ICN_uniformRNG_x_k_p_1_V/2 "/>
</bind>
</comp>

<comp id="90" class="1004" name="rngMT19937ICN_uniformRNG_x_k_p_2_V_fu_90">
<pin_list>
<pin id="91" dir="0" index="0" bw="128" slack="0"/>
<pin id="92" dir="1" index="1" bw="32" slack="1"/>
</pin_list>
<bind>
<opcode="extractvalue(56) " fcode="extractvalue"/>
<opset="rngMT19937ICN_uniformRNG_x_k_p_2_V/2 "/>
</bind>
</comp>

<comp id="94" class="1004" name="rngMT19937ICN_uniformRNG_x_k_p_m_V_fu_94">
<pin_list>
<pin id="95" dir="0" index="0" bw="128" slack="0"/>
<pin id="96" dir="1" index="1" bw="32" slack="1"/>
</pin_list>
<bind>
<opcode="extractvalue(56) " fcode="extractvalue"/>
<opset="rngMT19937ICN_uniformRNG_x_k_p_m_V/2 "/>
</bind>
</comp>

<comp id="98" class="1005" name="rngMT19937ICN_uniformRNG_x_k_p_0_V_reg_98">
<pin_list>
<pin id="99" dir="0" index="0" bw="32" slack="1"/>
<pin id="100" dir="1" index="1" bw="32" slack="1"/>
</pin_list>
<bind>
<opset="rngMT19937ICN_uniformRNG_x_k_p_0_V "/>
</bind>
</comp>

<comp id="103" class="1005" name="rngMT19937ICN_uniformRNG_x_k_p_1_V_reg_103">
<pin_list>
<pin id="104" dir="0" index="0" bw="32" slack="1"/>
<pin id="105" dir="1" index="1" bw="32" slack="1"/>
</pin_list>
<bind>
<opset="rngMT19937ICN_uniformRNG_x_k_p_1_V "/>
</bind>
</comp>

<comp id="108" class="1005" name="rngMT19937ICN_uniformRNG_x_k_p_2_V_reg_108">
<pin_list>
<pin id="109" dir="0" index="0" bw="32" slack="1"/>
<pin id="110" dir="1" index="1" bw="32" slack="1"/>
</pin_list>
<bind>
<opset="rngMT19937ICN_uniformRNG_x_k_p_2_V "/>
</bind>
</comp>

<comp id="113" class="1005" name="rngMT19937ICN_uniformRNG_x_k_p_m_V_reg_113">
<pin_list>
<pin id="114" dir="0" index="0" bw="32" slack="1"/>
<pin id="115" dir="1" index="1" bw="32" slack="1"/>
</pin_list>
<bind>
<opset="rngMT19937ICN_uniformRNG_x_k_p_m_V "/>
</bind>
</comp>

<comp id="118" class="1004" name="grp_fu_118">
<pin_list>
<pin id="119" dir="0" index="0" bw="64" slack="2147483647"/>
<pin id="120" dir="0" index="1" bw="64" slack="2147483647"/>
<pin id="121" dir="1" index="2" bw="64" slack="2147483647"/>
</pin_list>
<bind>
<opcode="dadd(508) " fcode="dadd"/>
<opset="z/3 z_3/4 "/>
</bind>
</comp>

<comp id="122" class="1004" name="grp_fu_122">
<pin_list>
<pin id="123" dir="0" index="0" bw="64" slack="2147483647"/>
<pin id="124" dir="0" index="1" bw="64" slack="2147483647"/>
<pin id="125" dir="1" index="2" bw="64" slack="2147483647"/>
</pin_list>
<bind>
<opcode="dsub(509) " fcode="dadd"/>
<opset="tmp_6/3 tmp_4/4 "/>
</bind>
</comp>

<comp id="126" class="1004" name="grp_fu_126">
<pin_list>
<pin id="127" dir="0" index="0" bw="64" slack="2147483647"/>
<pin id="128" dir="0" index="1" bw="64" slack="2147483647"/>
<pin id="129" dir="1" index="2" bw="64" slack="2147483647"/>
</pin_list>
<bind>
<opcode="dadd(508) " fcode="dadd"/>
<opset="t5/22 t5_1/23 "/>
</bind>
</comp>

<comp id="130" class="1004" name="grp_fu_130">
<pin_list>
<pin id="131" dir="0" index="0" bw="64" slack="2147483647"/>
<pin id="132" dir="0" index="1" bw="64" slack="2147483647"/>
<pin id="133" dir="1" index="2" bw="64" slack="2147483647"/>
</pin_list>
<bind>
<opcode="dadd(508) " fcode="dadd"/>
<opset="t14/22 t14_1/23 "/>
</bind>
</comp>

<comp id="134" class="1004" name="grp_fu_134">
<pin_list>
<pin id="135" dir="0" index="0" bw="64" slack="2147483647"/>
<pin id="136" dir="0" index="1" bw="64" slack="2147483647"/>
<pin id="137" dir="1" index="2" bw="64" slack="2147483647"/>
</pin_list>
<bind>
<opcode="dadd(508) " fcode="dadd"/>
<opset="t7/26 t7_1/27 "/>
</bind>
</comp>

<comp id="138" class="1004" name="grp_fu_138">
<pin_list>
<pin id="139" dir="0" index="0" bw="64" slack="2147483647"/>
<pin id="140" dir="0" index="1" bw="64" slack="2147483647"/>
<pin id="141" dir="1" index="2" bw="64" slack="2147483647"/>
</pin_list>
<bind>
<opcode="dadd(508) " fcode="dadd"/>
<opset="t16/26 t16_1/27 "/>
</bind>
</comp>

<comp id="142" class="1004" name="grp_fu_142">
<pin_list>
<pin id="143" dir="0" index="0" bw="64" slack="2147483647"/>
<pin id="144" dir="0" index="1" bw="64" slack="2147483647"/>
<pin id="145" dir="1" index="2" bw="64" slack="2147483647"/>
</pin_list>
<bind>
<opcode="dadd(508) " fcode="dadd"/>
<opset="t9/30 t9_1/31 "/>
</bind>
</comp>

<comp id="146" class="1004" name="grp_fu_146">
<pin_list>
<pin id="147" dir="0" index="0" bw="64" slack="2147483647"/>
<pin id="148" dir="0" index="1" bw="64" slack="2147483647"/>
<pin id="149" dir="1" index="2" bw="64" slack="2147483647"/>
</pin_list>
<bind>
<opcode="dadd(508) " fcode="dadd"/>
<opset="f2/30 f2_4/31 "/>
</bind>
</comp>

<comp id="150" class="1004" name="grp_fu_150">
<pin_list>
<pin id="151" dir="0" index="0" bw="64" slack="2147483647"/>
<pin id="152" dir="0" index="1" bw="64" slack="2147483647"/>
<pin id="153" dir="1" index="2" bw="64" slack="2147483647"/>
</pin_list>
<bind>
<opcode="dadd(508) " fcode="dadd"/>
<opset="t11/34 t11_1/35 "/>
</bind>
</comp>

<comp id="154" class="1004" name="grp_fu_154">
<pin_list>
<pin id="155" dir="0" index="0" bw="64" slack="2147483647"/>
<pin id="156" dir="0" index="1" bw="64" slack="2147483647"/>
<pin id="157" dir="1" index="2" bw="64" slack="2147483647"/>
</pin_list>
<bind>
<opcode="dadd(508) " fcode="dadd"/>
<opset="f2_1/34 f2_5/35 "/>
</bind>
</comp>

<comp id="158" class="1004" name="grp_fu_158">
<pin_list>
<pin id="159" dir="0" index="0" bw="64" slack="2147483647"/>
<pin id="160" dir="0" index="1" bw="64" slack="2147483647"/>
<pin id="161" dir="1" index="2" bw="64" slack="2147483647"/>
</pin_list>
<bind>
<opcode="dadd(508) " fcode="dadd"/>
<opset="f1_1/38 f1_1_1/39 "/>
</bind>
</comp>

<comp id="162" class="1004" name="grp_fu_162">
<pin_list>
<pin id="163" dir="0" index="0" bw="64" slack="2147483647"/>
<pin id="164" dir="0" index="1" bw="64" slack="2147483647"/>
<pin id="165" dir="1" index="2" bw="64" slack="2147483647"/>
</pin_list>
<bind>
<opcode="dadd(508) " fcode="dadd"/>
<opset="f2_3/38 f2_7/39 "/>
</bind>
</comp>

<comp id="166" class="1004" name="grp_fu_166">
<pin_list>
<pin id="167" dir="0" index="0" bw="64" slack="2147483647"/>
<pin id="168" dir="0" index="1" bw="64" slack="2147483647"/>
<pin id="169" dir="1" index="2" bw="64" slack="2147483647"/>
</pin_list>
<bind>
<opcode="dmul(510) " fcode="dmul"/>
<opset="r_5/5 r_10/6 "/>
</bind>
</comp>

<comp id="170" class="1004" name="grp_fu_170">
<pin_list>
<pin id="171" dir="0" index="0" bw="64" slack="2147483647"/>
<pin id="172" dir="0" index="1" bw="64" slack="2147483647"/>
<pin id="173" dir="1" index="2" bw="64" slack="2147483647"/>
</pin_list>
<bind>
<opcode="dmul(510) " fcode="dmul"/>
<opset="t2/11 t2_1/12 "/>
</bind>
</comp>

<comp id="174" class="1004" name="grp_fu_174">
<pin_list>
<pin id="175" dir="0" index="0" bw="64" slack="2147483647"/>
<pin id="176" dir="0" index="1" bw="64" slack="2147483647"/>
<pin id="177" dir="1" index="2" bw="64" slack="2147483647"/>
</pin_list>
<bind>
<opcode="dmul(510) " fcode="dmul"/>
<opset="t4/20 t4_1/21 "/>
</bind>
</comp>

<comp id="178" class="1004" name="grp_fu_178">
<pin_list>
<pin id="179" dir="0" index="0" bw="64" slack="2147483647"/>
<pin id="180" dir="0" index="1" bw="64" slack="2147483647"/>
<pin id="181" dir="1" index="2" bw="64" slack="2147483647"/>
</pin_list>
<bind>
<opcode="dmul(510) " fcode="dmul"/>
<opset="t13/20 t13_1/21 "/>
</bind>
</comp>

<comp id="182" class="1004" name="grp_fu_182">
<pin_list>
<pin id="183" dir="0" index="0" bw="64" slack="2147483647"/>
<pin id="184" dir="0" index="1" bw="64" slack="2147483647"/>
<pin id="185" dir="1" index="2" bw="64" slack="2147483647"/>
</pin_list>
<bind>
<opcode="dmul(510) " fcode="dmul"/>
<opset="t6/24 t6_1/25 "/>
</bind>
</comp>

<comp id="186" class="1004" name="grp_fu_186">
<pin_list>
<pin id="187" dir="0" index="0" bw="64" slack="2147483647"/>
<pin id="188" dir="0" index="1" bw="64" slack="2147483647"/>
<pin id="189" dir="1" index="2" bw="64" slack="2147483647"/>
</pin_list>
<bind>
<opcode="dmul(510) " fcode="dmul"/>
<opset="t15/24 t15_1/25 "/>
</bind>
</comp>

<comp id="190" class="1004" name="grp_fu_190">
<pin_list>
<pin id="191" dir="0" index="0" bw="64" slack="2147483647"/>
<pin id="192" dir="0" index="1" bw="64" slack="2147483647"/>
<pin id="193" dir="1" index="2" bw="64" slack="2147483647"/>
</pin_list>
<bind>
<opcode="dmul(510) " fcode="dmul"/>
<opset="t8/28 t8_1/29 "/>
</bind>
</comp>

<comp id="194" class="1004" name="grp_fu_194">
<pin_list>
<pin id="195" dir="0" index="0" bw="64" slack="2147483647"/>
<pin id="196" dir="0" index="1" bw="64" slack="2147483647"/>
<pin id="197" dir="1" index="2" bw="64" slack="2147483647"/>
</pin_list>
<bind>
<opcode="dmul(510) " fcode="dmul"/>
<opset="t17/28 t17_1/29 "/>
</bind>
</comp>

<comp id="198" class="1004" name="grp_fu_198">
<pin_list>
<pin id="199" dir="0" index="0" bw="64" slack="2147483647"/>
<pin id="200" dir="0" index="1" bw="64" slack="2147483647"/>
<pin id="201" dir="1" index="2" bw="64" slack="2147483647"/>
</pin_list>
<bind>
<opcode="dmul(510) " fcode="dmul"/>
<opset="t10/32 t10_1/33 "/>
</bind>
</comp>

<comp id="202" class="1004" name="grp_fu_202">
<pin_list>
<pin id="203" dir="0" index="0" bw="64" slack="2147483647"/>
<pin id="204" dir="0" index="1" bw="64" slack="2147483647"/>
<pin id="205" dir="1" index="2" bw="64" slack="2147483647"/>
</pin_list>
<bind>
<opcode="dmul(510) " fcode="dmul"/>
<opset="t18/32 t18_1/33 "/>
</bind>
</comp>

<comp id="206" class="1004" name="grp_fu_206">
<pin_list>
<pin id="207" dir="0" index="0" bw="64" slack="2147483647"/>
<pin id="208" dir="0" index="1" bw="64" slack="2147483647"/>
<pin id="209" dir="1" index="2" bw="64" slack="2147483647"/>
</pin_list>
<bind>
<opcode="dmul(510) " fcode="dmul"/>
<opset="t12/36 t12_1/37 "/>
</bind>
</comp>

<comp id="210" class="1004" name="grp_fu_210">
<pin_list>
<pin id="211" dir="0" index="0" bw="64" slack="2147483647"/>
<pin id="212" dir="0" index="1" bw="64" slack="2147483647"/>
<pin id="213" dir="1" index="2" bw="64" slack="2147483647"/>
</pin_list>
<bind>
<opcode="dmul(510) " fcode="dmul"/>
<opset="t19/36 t19_1/37 "/>
</bind>
</comp>

<comp id="214" class="1004" name="grp_fu_214">
<pin_list>
<pin id="215" dir="0" index="0" bw="64" slack="2147483647"/>
<pin id="216" dir="0" index="1" bw="64" slack="2147483647"/>
<pin id="217" dir="1" index="2" bw="64" slack="2147483647"/>
</pin_list>
<bind>
<opcode="dmul(510) " fcode="dmul"/>
<opset="f1/40 f1_2/41 "/>
</bind>
</comp>

<comp id="218" class="1004" name="grp_fu_218">
<pin_list>
<pin id="219" dir="0" index="0" bw="64" slack="2147483647"/>
<pin id="220" dir="0" index="1" bw="64" slack="2147483647"/>
<pin id="221" dir="1" index="2" bw="64" slack="2147483647"/>
</pin_list>
<bind>
<opcode="ddiv(511) " fcode="ddiv"/>
<opset="standard_value/42 standard_value_1/43 "/>
</bind>
</comp>

<comp id="222" class="1004" name="grp_fu_222">
<pin_list>
<pin id="223" dir="0" index="0" bw="64" slack="2147483647"/>
<pin id="224" dir="0" index="1" bw="64" slack="2147483647"/>
<pin id="225" dir="1" index="2" bw="64" slack="2147483647"/>
</pin_list>
<bind>
<opcode="ddiv(511) " fcode="ddiv"/>
<opset="div/50 div7/51 "/>
</bind>
</comp>

<comp id="226" class="1004" name="grp_fu_226">
<pin_list>
<pin id="227" dir="0" index="0" bw="64" slack="2147483647"/>
<pin id="228" dir="0" index="1" bw="64" slack="2147483647"/>
<pin id="229" dir="1" index="2" bw="64" slack="2147483647"/>
</pin_list>
<bind>
<opcode="dsqrt(518) " fcode="dsqrt"/>
<opset="z_6/13 z_7/14 "/>
</bind>
</comp>

<comp id="230" class="1004" name="grp_fu_230">
<pin_list>
<pin id="231" dir="0" index="0" bw="64" slack="2147483647"/>
<pin id="232" dir="0" index="1" bw="64" slack="2147483647"/>
<pin id="233" dir="1" index="2" bw="64" slack="2147483647"/>
</pin_list>
<bind>
<opcode="dlog(521) " fcode="dlog"/>
<opset="t1/5 t1_1/6 "/>
</bind>
</comp>

<comp id="234" class="1004" name="grp_fu_234">
<pin_list>
<pin id="235" dir="0" index="0" bw="64" slack="2147483647"/>
<pin id="236" dir="0" index="1" bw="64" slack="2147483647"/>
<pin id="237" dir="1" index="2" bw="64" slack="2147483647"/>
</pin_list>
<bind>
<opcode="dadd(508) " fcode="dadd"/>
<opset="add/5 add_1/7 add_4/14 add_5/16 "/>
</bind>
</comp>

</comp_list>

<net_list>
<net id="19"><net_src comp="4" pin="0"/><net_sink comp="16" pin=0"/></net>

<net id="23"><net_src comp="4" pin="0"/><net_sink comp="20" pin=0"/></net>

<net id="27"><net_src comp="4" pin="0"/><net_sink comp="24" pin=0"/></net>

<net id="31"><net_src comp="4" pin="0"/><net_sink comp="28" pin=0"/></net>

<net id="35"><net_src comp="4" pin="0"/><net_sink comp="32" pin=0"/></net>

<net id="39"><net_src comp="4" pin="0"/><net_sink comp="36" pin=0"/></net>

<net id="48"><net_src comp="6" pin="0"/><net_sink comp="40" pin=0"/></net>

<net id="49"><net_src comp="16" pin="1"/><net_sink comp="40" pin=1"/></net>

<net id="50"><net_src comp="20" pin="1"/><net_sink comp="40" pin=2"/></net>

<net id="51"><net_src comp="24" pin="1"/><net_sink comp="40" pin=3"/></net>

<net id="52"><net_src comp="28" pin="1"/><net_sink comp="40" pin=4"/></net>

<net id="53"><net_src comp="8" pin="0"/><net_sink comp="40" pin=5"/></net>

<net id="65"><net_src comp="10" pin="0"/><net_sink comp="54" pin=0"/></net>

<net id="72"><net_src comp="12" pin="0"/><net_sink comp="66" pin=0"/></net>

<net id="73"><net_src comp="0" pin="0"/><net_sink comp="66" pin=3"/></net>

<net id="79"><net_src comp="14" pin="0"/><net_sink comp="74" pin=0"/></net>

<net id="80"><net_src comp="0" pin="0"/><net_sink comp="74" pin=1"/></net>

<net id="81"><net_src comp="2" pin="0"/><net_sink comp="74" pin=2"/></net>

<net id="85"><net_src comp="40" pin="6"/><net_sink comp="82" pin=0"/></net>

<net id="89"><net_src comp="40" pin="6"/><net_sink comp="86" pin=0"/></net>

<net id="93"><net_src comp="40" pin="6"/><net_sink comp="90" pin=0"/></net>

<net id="97"><net_src comp="40" pin="6"/><net_sink comp="94" pin=0"/></net>

<net id="101"><net_src comp="82" pin="1"/><net_sink comp="98" pin=0"/></net>

<net id="102"><net_src comp="98" pin="1"/><net_sink comp="54" pin=1"/></net>

<net id="106"><net_src comp="86" pin="1"/><net_sink comp="103" pin=0"/></net>

<net id="107"><net_src comp="103" pin="1"/><net_sink comp="54" pin=2"/></net>

<net id="111"><net_src comp="90" pin="1"/><net_sink comp="108" pin=0"/></net>

<net id="112"><net_src comp="108" pin="1"/><net_sink comp="54" pin=4"/></net>

<net id="116"><net_src comp="94" pin="1"/><net_sink comp="113" pin=0"/></net>

<net id="117"><net_src comp="113" pin="1"/><net_sink comp="54" pin=3"/></net>

</net_list>

</model> 
---------------- Datapath Model END ------------------

* FSMD analyzer results:
  - Output states:
	Port: H_rvd | {5 6 }
	Port: H_mul_x | {7 8 }
 - Input state : 
	Port: Rayleigh : H_rvd | {7 8 }
  - Chain level:
	State 1
		call_ret : 1
	State 2
		rngMT19937ICN_uniformRNG_x_k_p_0_V : 1
		rngMT19937ICN_uniformRNG_x_k_p_1_V : 1
		rngMT19937ICN_uniformRNG_x_k_p_2_V : 1
		rngMT19937ICN_uniformRNG_x_k_p_m_V : 1
	State 3
	State 4
	State 5
	State 6
	State 7
	State 8


============================================================
+ Verbose Summary: Datapath Resource usage 
============================================================

* Functional unit list:
|----------|-------------------------------------------------------------|---------|---------|---------|---------|
| Operation|                       Functional Unit                       |   DSP   |  Delay  |    FF   |   LUT   |
|----------|-------------------------------------------------------------|---------|---------|---------|---------|
|          |                 grp_seedInitialization_fu_40                |    3    |   1.33  |   118   |   175   |
|   call   | grp_Rayleigh_Pipeline_VITIS_LOOP_28_1_VITIS_LOOP_29_2_fu_54 |   140   |  25.284 |  12754  |  19840  |
|          | grp_Rayleigh_Pipeline_VITIS_LOOP_39_3_VITIS_LOOP_40_4_fu_66 |    0    |  2.562  |   161   |   185   |
|          |         grp_Rayleigh_Pipeline_VITIS_LOOP_67_6_fu_74         |    28   |  5.348  |   2348  |   1949  |
|----------|-------------------------------------------------------------|---------|---------|---------|---------|
|          |                          grp_fu_118                         |    0    |    0    |   256   |   724   |
|          |                          grp_fu_122                         |    0    |    0    |   256   |   724   |
|          |                          grp_fu_126                         |    0    |    0    |   256   |   724   |
|          |                          grp_fu_130                         |    0    |    0    |   256   |   724   |
|          |                          grp_fu_134                         |    0    |    0    |   256   |   724   |
|          |                          grp_fu_138                         |    0    |    0    |   256   |   724   |
|   dadd   |                          grp_fu_142                         |    0    |    0    |   256   |   724   |
|          |                          grp_fu_146                         |    0    |    0    |   256   |   724   |
|          |                          grp_fu_150                         |    0    |    0    |   256   |   724   |
|          |                          grp_fu_154                         |    0    |    0    |   256   |   724   |
|          |                          grp_fu_158                         |    0    |    0    |   256   |   724   |
|          |                          grp_fu_162                         |    0    |    0    |   256   |   724   |
|          |                          grp_fu_234                         |    3    |    0    |   342   |   688   |
|----------|-------------------------------------------------------------|---------|---------|---------|---------|
|          |                          grp_fu_166                         |    9    |    0    |   256   |   230   |
|          |                          grp_fu_170                         |    9    |    0    |   256   |   230   |
|          |                          grp_fu_174                         |    9    |    0    |   256   |   230   |
|          |                          grp_fu_178                         |    9    |    0    |   256   |   230   |
|          |                          grp_fu_182                         |    9    |    0    |   256   |   230   |
|          |                          grp_fu_186                         |    9    |    0    |   256   |   230   |
|   dmul   |                          grp_fu_190                         |    9    |    0    |   256   |   230   |
|          |                          grp_fu_194                         |    9    |    0    |   256   |   230   |
|          |                          grp_fu_198                         |    9    |    0    |   256   |   230   |
|          |                          grp_fu_202                         |    9    |    0    |   256   |   230   |
|          |                          grp_fu_206                         |    9    |    0    |   256   |   230   |
|          |                          grp_fu_210                         |    9    |    0    |   256   |   230   |
|          |                          grp_fu_214                         |    9    |    0    |   256   |   230   |
|----------|-------------------------------------------------------------|---------|---------|---------|---------|
|   dlog   |                          grp_fu_230                         |    23   |    0    |   648   |   2612  |
|----------|-------------------------------------------------------------|---------|---------|---------|---------|
|          |           rngMT19937ICN_uniformRNG_x_k_p_0_V_fu_82          |    0    |    0    |    0    |    0    |
|extractvalue|           rngMT19937ICN_uniformRNG_x_k_p_1_V_fu_86          |    0    |    0    |    0    |    0    |
|          |           rngMT19937ICN_uniformRNG_x_k_p_2_V_fu_90          |    0    |    0    |    0    |    0    |
|          |           rngMT19937ICN_uniformRNG_x_k_p_m_V_fu_94          |    0    |    0    |    0    |    0    |
|----------|-------------------------------------------------------------|---------|---------|---------|---------|
|   ddiv   |                          grp_fu_218                         |    0    |    0    |    0    |    0    |
|          |                          grp_fu_222                         |    0    |    0    |    0    |    0    |
|----------|-------------------------------------------------------------|---------|---------|---------|---------|
|   dsqrt  |                          grp_fu_226                         |    0    |    0    |    0    |    0    |
|----------|-------------------------------------------------------------|---------|---------|---------|---------|
|   Total  |                                                             |   314   |  34.524 |  22771  |  37127  |
|----------|-------------------------------------------------------------|---------|---------|---------|---------|

Memories:
+------------------------------------+--------+--------+--------+--------+
|                                    |  BRAM  |   FF   |   LUT  |  URAM  |
+------------------------------------+--------+--------+--------+--------+
|                 Hi                 |    2   |    0   |    0   |    0   |
|                 Hr                 |    2   |    0   |    0   |    0   |
|           rngMT19937ICN_1          |    1   |    0   |    0   |    0   |
|           rngMT19937ICN_3          |    1   |    0   |    0   |    0   |
|rngMT19937ICN_uniformRNG_mt_even_0_V|    2   |    0   |    0   |    0   |
| rngMT19937ICN_uniformRNG_mt_odd_0_V|    2   |    0   |    0   |    0   |
+------------------------------------+--------+--------+--------+--------+
|                Total               |   10   |    0   |    0   |    0   |
+------------------------------------+--------+--------+--------+--------+

* Register list:
+------------------------------------------+--------+
|                                          |   FF   |
+------------------------------------------+--------+
| rngMT19937ICN_uniformRNG_x_k_p_0_V_reg_98|   32   |
|rngMT19937ICN_uniformRNG_x_k_p_1_V_reg_103|   32   |
|rngMT19937ICN_uniformRNG_x_k_p_2_V_reg_108|   32   |
|rngMT19937ICN_uniformRNG_x_k_p_m_V_reg_113|   32   |
+------------------------------------------+--------+
|                   Total                  |   128  |
+------------------------------------------+--------+

* Multiplexer (MUX) list: 
|--------|------|------|------|--------|
|  Comp  |  Pin | Size |  BW  | S x BW |
|--------|------|------|------|--------|
|  Total |      |      |      |    0   |
|--------|------|------|------|--------|



* Summary:
+-----------+--------+--------+--------+--------+--------+--------+
|           |  BRAM  |   DSP  |  Delay |   FF   |   LUT  |  URAM  |
+-----------+--------+--------+--------+--------+--------+--------+
|  Function |    -   |   314  |   34   |  22771 |  37127 |    -   |
|   Memory  |   10   |    -   |    -   |    0   |    0   |    0   |
|Multiplexer|    -   |    -   |    -   |    -   |    -   |    -   |
|  Register |    -   |    -   |    -   |   128  |    -   |    -   |
+-----------+--------+--------+--------+--------+--------+--------+
|   Total   |   10   |   314  |   34   |  22899 |  37127 |    0   |
+-----------+--------+--------+--------+--------+--------+--------+
