

================================================================
== Vitis HLS Report for 'TOP_Pipeline_VITIS_LOOP_461_1'
================================================================
* Date:           Wed May 25 23:55:11 2022

* Version:        2021.2 (Build 3367213 on Tue Oct 19 02:48:09 MDT 2021)
* Project:        MIMO
* Solution:       solution1 (Vivado IP Flow Target)
* Product family: zynquplus
* Target device:  xczu9eg-ffvb1156-2-e


================================================================
== Performance Estimates
================================================================
+ Timing: 
    * Summary: 
    +--------+----------+----------+------------+
    |  Clock |  Target  | Estimated| Uncertainty|
    +--------+----------+----------+------------+
    |ap_clk  |  30.00 ns|  7.104 ns|     8.10 ns|
    +--------+----------+----------+------------+

+ Latency: 
    * Summary: 
    +---------+---------+----------+----------+-----+-----+---------+
    |  Latency (cycles) |  Latency (absolute) |  Interval | Pipeline|
    |   min   |   max   |    min   |    max   | min | max |   Type  |
    +---------+---------+----------+----------+-----+-----+---------+
    |        6|        6|  0.180 us|  0.180 us|    6|    6|       no|
    +---------+---------+----------+----------+-----+-----+---------+

    + Detail: 
        * Instance: 
        N/A

        * Loop: 
        +--------------------+---------+---------+----------+-----------+-----------+------+----------+
        |                    |  Latency (cycles) | Iteration|  Initiation Interval  | Trip |          |
        |      Loop Name     |   min   |   max   |  Latency |  achieved |   target  | Count| Pipelined|
        +--------------------+---------+---------+----------+-----------+-----------+------+----------+
        |- VITIS_LOOP_461_1  |        4|        4|         1|          1|          1|     4|       yes|
        +--------------------+---------+---------+----------+-----------+-----------+------+----------+

============================================================
+ Verbose Summary: Synthesis Manager
============================================================
InlineROM: 1
ExposeGlobal: 0
============================================================
+ Verbose Summary: CDFG Model
============================================================
IsTopModel: 0
ResetActiveHigh: 1
IsCombinational: 0
IsDatapathOnly: 0
HasWiredReturn: 1
HasMFsm: 2
HasVarLatency: 1
IsPipeline: 0
IsRtlPipelined: 0
IsInstanceOverlapped: 0
IsDontTouch: 0
HasImplIP: 0
IsGatedGlobalClock: 0

+ Individual pipeline summary: 
  * Pipeline-0: initiation interval (II) = 1, depth = 1


============================================================
+ Verbose Summary: Schedule
============================================================
* Number of FSM states : 1
* Pipeline : 1
  Pipeline-0 : II = 1, D = 1, States = { 1 }
* Dataflow Pipeline: 0

* FSM state transitions: 
1 --> 

* FSM state operations: 

State 1 <SV = 0> <Delay = 7.10>
ST_1 : Operation 4 [1/1] (0.00ns)   --->   "%i = alloca i32 1"   --->   Operation 4 'alloca' 'i' <Predicate = true> <Delay = 0.00>
ST_1 : Operation 5 [1/1] (0.00ns)   --->   "%specinterface_ln0 = specinterface void @_ssdm_op_SpecInterface, i16 %xxi, void @empty_7, i32 0, i32 0, void @empty_8, i32 4294967295, i32 0, void @empty_8, void @empty_8, void @empty_8, i32 0, i32 0, i32 0, i32 0, void @empty_8, void @empty_8"   --->   Operation 5 'specinterface' 'specinterface_ln0' <Predicate = true> <Delay = 0.00>
ST_1 : Operation 6 [1/1] (0.00ns)   --->   "%specinterface_ln0 = specinterface void @_ssdm_op_SpecInterface, i16 %xxr, void @empty_7, i32 0, i32 0, void @empty_8, i32 4294967295, i32 0, void @empty_8, void @empty_8, void @empty_8, i32 0, i32 0, i32 0, i32 0, void @empty_8, void @empty_8"   --->   Operation 6 'specinterface' 'specinterface_ln0' <Predicate = true> <Delay = 0.00>
ST_1 : Operation 7 [1/1] (0.42ns)   --->   "%store_ln0 = store i3 0, i3 %i"   --->   Operation 7 'store' 'store_ln0' <Predicate = true> <Delay = 0.42>
ST_1 : Operation 8 [1/1] (0.00ns)   --->   "%br_ln0 = br void"   --->   Operation 8 'br' 'br_ln0' <Predicate = true> <Delay = 0.00>
ST_1 : Operation 9 [1/1] (0.00ns)   --->   "%i_2 = load i3 %i" [src/QRD.cpp:462]   --->   Operation 9 'load' 'i_2' <Predicate = true> <Delay = 0.00>
ST_1 : Operation 10 [1/1] (0.00ns)   --->   "%specpipeline_ln0 = specpipeline void @_ssdm_op_SpecPipeline, i32 4294967295, i32 0, i32 1, i32 0, void @p_str"   --->   Operation 10 'specpipeline' 'specpipeline_ln0' <Predicate = true> <Delay = 0.00>
ST_1 : Operation 11 [1/1] (0.58ns)   --->   "%icmp_ln461 = icmp_eq  i3 %i_2, i3 4" [src/QRD.cpp:461]   --->   Operation 11 'icmp' 'icmp_ln461' <Predicate = true> <Delay = 0.58> <CoreInst = "Cmp">   --->   Core 9 'Cmp' <Latency = 0> <II = 1> <Delay = 0.84> <FuncUnit> <Opcode : 'icmp'> <InPorts = 2> <OutPorts = 1>
ST_1 : Operation 12 [1/1] (0.00ns)   --->   "%empty = speclooptripcount i32 @_ssdm_op_SpecLoopTripCount, i64 4, i64 4, i64 4"   --->   Operation 12 'speclooptripcount' 'empty' <Predicate = true> <Delay = 0.00>
ST_1 : Operation 13 [1/1] (0.67ns)   --->   "%add_ln461 = add i3 %i_2, i3 1" [src/QRD.cpp:461]   --->   Operation 13 'add' 'add_ln461' <Predicate = true> <Delay = 0.67> <CoreInst = "Adder">   --->   Core 1 'Adder' <Latency = 0> <II = 1> <Delay = 0.80> <FuncUnit> <Opcode : 'add' 'sub'> <InPorts = 2> <OutPorts = 1>
ST_1 : Operation 14 [1/1] (0.00ns)   --->   "%br_ln461 = br i1 %icmp_ln461, void %.split13_ifconv, void %.exitStub" [src/QRD.cpp:461]   --->   Operation 14 'br' 'br_ln461' <Predicate = true> <Delay = 0.00>
ST_1 : Operation 15 [1/1] (0.00ns)   --->   "%i_cast = zext i3 %i_2" [src/QRD.cpp:462]   --->   Operation 15 'zext' 'i_cast' <Predicate = (!icmp_ln461)> <Delay = 0.00>
ST_1 : Operation 16 [1/1] (0.00ns)   --->   "%specloopname_ln448 = specloopname void @_ssdm_op_SpecLoopName, void @empty_23" [src/QRD.cpp:448]   --->   Operation 16 'specloopname' 'specloopname_ln448' <Predicate = (!icmp_ln461)> <Delay = 0.00>
ST_1 : Operation 17 [1/1] (0.00ns)   --->   "%trunc_ln462 = trunc i3 %i_2" [src/QRD.cpp:462]   --->   Operation 17 'trunc' 'trunc_ln462' <Predicate = (!icmp_ln461)> <Delay = 0.00>
ST_1 : Operation 18 [1/1] (0.52ns)   --->   "%LD = mux i64 @_ssdm_op_Mux.ap_auto.4double.i2, i64 -0.710938, i64 -0.710938, i64 -0.710938, i64 0.707031, i2 %trunc_ln462" [src/QRD.cpp:462]   --->   Operation 18 'mux' 'LD' <Predicate = (!icmp_ln461)> <Delay = 0.52> <CoreInst = "Multiplexer">   --->   Core 76 'Multiplexer' <Latency = 0> <II = 1> <Delay = 0.52> <FuncUnit> <Opcode : 'mux'> <InPorts = 2> <OutPorts = 1>
ST_1 : Operation 19 [1/1] (0.00ns)   --->   "%ireg = bitcast i64 %LD"   --->   Operation 19 'bitcast' 'ireg' <Predicate = (!icmp_ln461)> <Delay = 0.00>
ST_1 : Operation 20 [1/1] (0.00ns)   --->   "%trunc_ln564 = trunc i64 %ireg"   --->   Operation 20 'trunc' 'trunc_ln564' <Predicate = (!icmp_ln461)> <Delay = 0.00>
ST_1 : Operation 21 [1/1] (0.00ns)   --->   "%p_Result_s = bitselect i1 @_ssdm_op_BitSelect.i1.i64.i32, i64 %ireg, i32 63"   --->   Operation 21 'bitselect' 'p_Result_s' <Predicate = (!icmp_ln461)> <Delay = 0.00>
ST_1 : Operation 22 [1/1] (0.00ns)   --->   "%exp_tmp = partselect i11 @_ssdm_op_PartSelect.i11.i64.i32.i32, i64 %ireg, i32 52, i32 62"   --->   Operation 22 'partselect' 'exp_tmp' <Predicate = (!icmp_ln461)> <Delay = 0.00>
ST_1 : Operation 23 [1/1] (0.00ns)   --->   "%zext_ln501 = zext i11 %exp_tmp"   --->   Operation 23 'zext' 'zext_ln501' <Predicate = (!icmp_ln461)> <Delay = 0.00>
ST_1 : Operation 24 [1/1] (0.00ns)   --->   "%trunc_ln574 = trunc i64 %ireg"   --->   Operation 24 'trunc' 'trunc_ln574' <Predicate = (!icmp_ln461)> <Delay = 0.00>
ST_1 : Operation 25 [1/1] (0.00ns)   --->   "%p_Result_4 = bitconcatenate i53 @_ssdm_op_BitConcatenate.i53.i1.i52, i1 1, i52 %trunc_ln574"   --->   Operation 25 'bitconcatenate' 'p_Result_4' <Predicate = (!icmp_ln461)> <Delay = 0.00>
ST_1 : Operation 26 [1/1] (0.00ns)   --->   "%zext_ln578 = zext i53 %p_Result_4"   --->   Operation 26 'zext' 'zext_ln578' <Predicate = (!icmp_ln461)> <Delay = 0.00>
ST_1 : Operation 27 [1/1] (1.10ns)   --->   "%man_V_7 = sub i54 0, i54 %zext_ln578"   --->   Operation 27 'sub' 'man_V_7' <Predicate = (!icmp_ln461)> <Delay = 1.10> <CoreInst = "Adder">   --->   Core 1 'Adder' <Latency = 0> <II = 1> <Delay = 0.80> <FuncUnit> <Opcode : 'add' 'sub'> <InPorts = 2> <OutPorts = 1>
ST_1 : Operation 28 [1/1] (0.40ns)   --->   "%man_V_8 = select i1 %p_Result_s, i54 %man_V_7, i54 %zext_ln578"   --->   Operation 28 'select' 'man_V_8' <Predicate = (!icmp_ln461)> <Delay = 0.40> <CoreInst = "Sel">   --->   Core 73 'Sel' <Latency = 0> <II = 1> <Delay = 0.35> <FuncUnit> <Opcode : 'select'> <InPorts = 3> <OutPorts = 1>
ST_1 : Operation 29 [1/1] (1.13ns)   --->   "%icmp_ln580 = icmp_eq  i63 %trunc_ln564, i63 0"   --->   Operation 29 'icmp' 'icmp_ln580' <Predicate = (!icmp_ln461)> <Delay = 1.13> <CoreInst = "Cmp">   --->   Core 9 'Cmp' <Latency = 0> <II = 1> <Delay = 0.84> <FuncUnit> <Opcode : 'icmp'> <InPorts = 2> <OutPorts = 1>
ST_1 : Operation 30 [1/1] (0.80ns)   --->   "%F2 = sub i12 1075, i12 %zext_ln501"   --->   Operation 30 'sub' 'F2' <Predicate = (!icmp_ln461)> <Delay = 0.80> <CoreInst = "Adder">   --->   Core 1 'Adder' <Latency = 0> <II = 1> <Delay = 0.80> <FuncUnit> <Opcode : 'add' 'sub'> <InPorts = 2> <OutPorts = 1>
ST_1 : Operation 31 [1/1] (0.97ns)   --->   "%icmp_ln590 = icmp_sgt  i12 %F2, i12 8"   --->   Operation 31 'icmp' 'icmp_ln590' <Predicate = (!icmp_ln461)> <Delay = 0.97> <CoreInst = "Cmp">   --->   Core 9 'Cmp' <Latency = 0> <II = 1> <Delay = 0.84> <FuncUnit> <Opcode : 'icmp'> <InPorts = 2> <OutPorts = 1>
ST_1 : Operation 32 [1/1] (0.80ns)   --->   "%add_ln590 = add i12 %F2, i12 4088"   --->   Operation 32 'add' 'add_ln590' <Predicate = (!icmp_ln461)> <Delay = 0.80> <CoreInst = "Adder">   --->   Core 1 'Adder' <Latency = 0> <II = 1> <Delay = 0.80> <FuncUnit> <Opcode : 'add' 'sub'> <InPorts = 2> <OutPorts = 1>
ST_1 : Operation 33 [1/1] (0.80ns)   --->   "%sub_ln590 = sub i12 8, i12 %F2"   --->   Operation 33 'sub' 'sub_ln590' <Predicate = (!icmp_ln461)> <Delay = 0.80> <CoreInst = "Adder">   --->   Core 1 'Adder' <Latency = 0> <II = 1> <Delay = 0.80> <FuncUnit> <Opcode : 'add' 'sub'> <InPorts = 2> <OutPorts = 1>
ST_1 : Operation 34 [1/1] (0.37ns)   --->   "%sh_amt = select i1 %icmp_ln590, i12 %add_ln590, i12 %sub_ln590"   --->   Operation 34 'select' 'sh_amt' <Predicate = (!icmp_ln461)> <Delay = 0.37> <CoreInst = "Sel">   --->   Core 73 'Sel' <Latency = 0> <II = 1> <Delay = 0.35> <FuncUnit> <Opcode : 'select'> <InPorts = 3> <OutPorts = 1>
ST_1 : Operation 35 [1/1] (0.00ns)   --->   "%sext_ln590 = sext i12 %sh_amt"   --->   Operation 35 'sext' 'sext_ln590' <Predicate = (!icmp_ln461)> <Delay = 0.00>
ST_1 : Operation 36 [1/1] (0.97ns)   --->   "%icmp_ln591 = icmp_eq  i12 %F2, i12 8"   --->   Operation 36 'icmp' 'icmp_ln591' <Predicate = (!icmp_ln461)> <Delay = 0.97> <CoreInst = "Cmp">   --->   Core 9 'Cmp' <Latency = 0> <II = 1> <Delay = 0.84> <FuncUnit> <Opcode : 'icmp'> <InPorts = 2> <OutPorts = 1>
ST_1 : Operation 37 [1/1] (0.00ns)   --->   "%trunc_ln592 = trunc i54 %man_V_8"   --->   Operation 37 'trunc' 'trunc_ln592' <Predicate = (!icmp_ln461)> <Delay = 0.00>
ST_1 : Operation 38 [1/1] (0.97ns)   --->   "%icmp_ln594 = icmp_ult  i12 %sh_amt, i12 54"   --->   Operation 38 'icmp' 'icmp_ln594' <Predicate = (!icmp_ln461)> <Delay = 0.97> <CoreInst = "Cmp">   --->   Core 9 'Cmp' <Latency = 0> <II = 1> <Delay = 0.84> <FuncUnit> <Opcode : 'icmp'> <InPorts = 2> <OutPorts = 1>
ST_1 : Operation 39 [1/1] (0.00ns)   --->   "%tmp = partselect i8 @_ssdm_op_PartSelect.i8.i12.i32.i32, i12 %sh_amt, i32 4, i32 11"   --->   Operation 39 'partselect' 'tmp' <Predicate = (!icmp_ln461)> <Delay = 0.00>
ST_1 : Operation 40 [1/1] (0.84ns)   --->   "%icmp_ln612 = icmp_eq  i8 %tmp, i8 0"   --->   Operation 40 'icmp' 'icmp_ln612' <Predicate = (!icmp_ln461)> <Delay = 0.84> <CoreInst = "Cmp">   --->   Core 9 'Cmp' <Latency = 0> <II = 1> <Delay = 0.84> <FuncUnit> <Opcode : 'icmp'> <InPorts = 2> <OutPorts = 1>
ST_1 : Operation 41 [1/1] (0.00ns) (grouped into LUT with out node select_ln580_1)   --->   "%zext_ln595 = zext i32 %sext_ln590"   --->   Operation 41 'zext' 'zext_ln595' <Predicate = (!icmp_ln461)> <Delay = 0.00>
ST_1 : Operation 42 [1/1] (0.00ns) (grouped into LUT with out node select_ln580_1)   --->   "%ashr_ln595 = ashr i54 %man_V_8, i54 %zext_ln595"   --->   Operation 42 'ashr' 'ashr_ln595' <Predicate = (!icmp_ln461)> <Delay = 0.00> <CoreInst = "Shifter">   --->   Core 75 'Shifter' <Latency = 0> <II = 1> <Delay = 0.90> <FuncUnit> <Opcode : 'shl' 'lshr' 'ashr'> <InPorts = 2> <OutPorts = 1>
ST_1 : Operation 43 [1/1] (0.00ns) (grouped into LUT with out node select_ln580_1)   --->   "%trunc_ln595 = trunc i54 %ashr_ln595"   --->   Operation 43 'trunc' 'trunc_ln595' <Predicate = (!icmp_ln461)> <Delay = 0.00>
ST_1 : Operation 44 [1/1] (0.00ns) (grouped into LUT with out node select_ln580_1)   --->   "%tmp_4 = bitselect i1 @_ssdm_op_BitSelect.i1.i64.i32, i64 %ireg, i32 63"   --->   Operation 44 'bitselect' 'tmp_4' <Predicate = (!icmp_ln461)> <Delay = 0.00>
ST_1 : Operation 45 [1/1] (0.00ns) (grouped into LUT with out node select_ln580_1)   --->   "%select_ln597 = select i1 %tmp_4, i16 65535, i16 0"   --->   Operation 45 'select' 'select_ln597' <Predicate = (!icmp_ln461)> <Delay = 0.00> <CoreInst = "Sel">   --->   Core 73 'Sel' <Latency = 0> <II = 1> <Delay = 0.35> <FuncUnit> <Opcode : 'select'> <InPorts = 3> <OutPorts = 1>
ST_1 : Operation 46 [1/1] (0.00ns) (grouped into LUT with out node select_ln580_3)   --->   "%sext_ln590cast = trunc i32 %sext_ln590"   --->   Operation 46 'trunc' 'sext_ln590cast' <Predicate = (!icmp_ln461)> <Delay = 0.00>
ST_1 : Operation 47 [1/1] (0.00ns) (grouped into LUT with out node select_ln580_3)   --->   "%shl_ln613 = shl i16 %trunc_ln592, i16 %sext_ln590cast"   --->   Operation 47 'shl' 'shl_ln613' <Predicate = (!icmp_ln461)> <Delay = 0.00> <CoreInst = "Shifter">   --->   Core 75 'Shifter' <Latency = 0> <II = 1> <Delay = 0.90> <FuncUnit> <Opcode : 'shl' 'lshr' 'ashr'> <InPorts = 2> <OutPorts = 1>
ST_1 : Operation 48 [1/1] (0.00ns) (grouped into LUT with out node select_ln580_2)   --->   "%xor_ln580 = xor i1 %icmp_ln580, i1 1"   --->   Operation 48 'xor' 'xor_ln580' <Predicate = (!icmp_ln461)> <Delay = 0.00> <CoreInst = "LogicGate">   --->   Core 74 'LogicGate' <Latency = 0> <II = 1> <Delay = 0.28> <FuncUnit> <Opcode : 'and' 'or' 'xor'> <InPorts = 2> <OutPorts = 1>
ST_1 : Operation 49 [1/1] (0.00ns) (grouped into LUT with out node select_ln580_2)   --->   "%and_ln591 = and i1 %icmp_ln591, i1 %xor_ln580"   --->   Operation 49 'and' 'and_ln591' <Predicate = (!icmp_ln461)> <Delay = 0.00> <CoreInst = "LogicGate">   --->   Core 74 'LogicGate' <Latency = 0> <II = 1> <Delay = 0.28> <FuncUnit> <Opcode : 'and' 'or' 'xor'> <InPorts = 2> <OutPorts = 1>
ST_1 : Operation 50 [1/1] (0.28ns)   --->   "%or_ln591 = or i1 %icmp_ln580, i1 %icmp_ln591"   --->   Operation 50 'or' 'or_ln591' <Predicate = (!icmp_ln461)> <Delay = 0.28> <CoreInst = "LogicGate">   --->   Core 74 'LogicGate' <Latency = 0> <II = 1> <Delay = 0.28> <FuncUnit> <Opcode : 'and' 'or' 'xor'> <InPorts = 2> <OutPorts = 1>
ST_1 : Operation 51 [1/1] (0.00ns) (grouped into LUT with out node and_ln590)   --->   "%xor_ln591 = xor i1 %or_ln591, i1 1"   --->   Operation 51 'xor' 'xor_ln591' <Predicate = (!icmp_ln461)> <Delay = 0.00> <CoreInst = "LogicGate">   --->   Core 74 'LogicGate' <Latency = 0> <II = 1> <Delay = 0.28> <FuncUnit> <Opcode : 'and' 'or' 'xor'> <InPorts = 2> <OutPorts = 1>
ST_1 : Operation 52 [1/1] (0.28ns) (out node of the LUT)   --->   "%and_ln590 = and i1 %icmp_ln590, i1 %xor_ln591"   --->   Operation 52 'and' 'and_ln590' <Predicate = (!icmp_ln461)> <Delay = 0.28> <CoreInst = "LogicGate">   --->   Core 74 'LogicGate' <Latency = 0> <II = 1> <Delay = 0.28> <FuncUnit> <Opcode : 'and' 'or' 'xor'> <InPorts = 2> <OutPorts = 1>
ST_1 : Operation 53 [1/1] (0.00ns) (grouped into LUT with out node select_ln580_1)   --->   "%and_ln594 = and i1 %and_ln590, i1 %icmp_ln594"   --->   Operation 53 'and' 'and_ln594' <Predicate = (!icmp_ln461)> <Delay = 0.00> <CoreInst = "LogicGate">   --->   Core 74 'LogicGate' <Latency = 0> <II = 1> <Delay = 0.28> <FuncUnit> <Opcode : 'and' 'or' 'xor'> <InPorts = 2> <OutPorts = 1>
ST_1 : Operation 54 [1/1] (0.00ns) (grouped into LUT with out node or_ln580)   --->   "%or_ln590 = or i1 %or_ln591, i1 %icmp_ln590"   --->   Operation 54 'or' 'or_ln590' <Predicate = (!icmp_ln461)> <Delay = 0.00> <CoreInst = "LogicGate">   --->   Core 74 'LogicGate' <Latency = 0> <II = 1> <Delay = 0.28> <FuncUnit> <Opcode : 'and' 'or' 'xor'> <InPorts = 2> <OutPorts = 1>
ST_1 : Operation 55 [1/1] (0.00ns) (grouped into LUT with out node or_ln580)   --->   "%xor_ln590 = xor i1 %or_ln590, i1 1"   --->   Operation 55 'xor' 'xor_ln590' <Predicate = (!icmp_ln461)> <Delay = 0.00> <CoreInst = "LogicGate">   --->   Core 74 'LogicGate' <Latency = 0> <II = 1> <Delay = 0.28> <FuncUnit> <Opcode : 'and' 'or' 'xor'> <InPorts = 2> <OutPorts = 1>
ST_1 : Operation 56 [1/1] (0.00ns) (grouped into LUT with out node or_ln580)   --->   "%and_ln612 = and i1 %icmp_ln612, i1 %xor_ln590"   --->   Operation 56 'and' 'and_ln612' <Predicate = (!icmp_ln461)> <Delay = 0.00> <CoreInst = "LogicGate">   --->   Core 74 'LogicGate' <Latency = 0> <II = 1> <Delay = 0.28> <FuncUnit> <Opcode : 'and' 'or' 'xor'> <InPorts = 2> <OutPorts = 1>
ST_1 : Operation 57 [1/1] (0.00ns) (grouped into LUT with out node select_ln580_3)   --->   "%select_ln580 = select i1 %icmp_ln580, i16 0, i16 %shl_ln613"   --->   Operation 57 'select' 'select_ln580' <Predicate = (!icmp_ln461)> <Delay = 0.00> <CoreInst = "Sel">   --->   Core 73 'Sel' <Latency = 0> <II = 1> <Delay = 0.35> <FuncUnit> <Opcode : 'select'> <InPorts = 3> <OutPorts = 1>
ST_1 : Operation 58 [1/1] (0.28ns) (out node of the LUT)   --->   "%or_ln580 = or i1 %icmp_ln580, i1 %and_ln612"   --->   Operation 58 'or' 'or_ln580' <Predicate = (!icmp_ln461)> <Delay = 0.28> <CoreInst = "LogicGate">   --->   Core 74 'LogicGate' <Latency = 0> <II = 1> <Delay = 0.28> <FuncUnit> <Opcode : 'and' 'or' 'xor'> <InPorts = 2> <OutPorts = 1>
ST_1 : Operation 59 [1/1] (1.50ns) (out node of the LUT)   --->   "%select_ln580_1 = select i1 %and_ln594, i16 %trunc_ln595, i16 %select_ln597"   --->   Operation 59 'select' 'select_ln580_1' <Predicate = (!icmp_ln461)> <Delay = 1.50> <CoreInst = "Sel">   --->   Core 73 'Sel' <Latency = 0> <II = 1> <Delay = 0.35> <FuncUnit> <Opcode : 'select'> <InPorts = 3> <OutPorts = 1>
ST_1 : Operation 60 [1/1] (0.35ns) (out node of the LUT)   --->   "%select_ln580_2 = select i1 %and_ln591, i16 %trunc_ln592, i16 0"   --->   Operation 60 'select' 'select_ln580_2' <Predicate = (!icmp_ln461)> <Delay = 0.35> <CoreInst = "Sel">   --->   Core 73 'Sel' <Latency = 0> <II = 1> <Delay = 0.35> <FuncUnit> <Opcode : 'select'> <InPorts = 3> <OutPorts = 1>
ST_1 : Operation 61 [1/1] (0.90ns) (out node of the LUT)   --->   "%select_ln580_3 = select i1 %or_ln580, i16 %select_ln580, i16 %select_ln580_1"   --->   Operation 61 'select' 'select_ln580_3' <Predicate = (!icmp_ln461)> <Delay = 0.90> <CoreInst = "Sel">   --->   Core 73 'Sel' <Latency = 0> <II = 1> <Delay = 0.35> <FuncUnit> <Opcode : 'select'> <InPorts = 3> <OutPorts = 1>
ST_1 : Operation 62 [1/1] (0.00ns) (grouped into LUT with out node select_ln580_4)   --->   "%or_ln580_1 = or i1 %or_ln580, i1 %and_ln590"   --->   Operation 62 'or' 'or_ln580_1' <Predicate = (!icmp_ln461)> <Delay = 0.00> <CoreInst = "LogicGate">   --->   Core 74 'LogicGate' <Latency = 0> <II = 1> <Delay = 0.28> <FuncUnit> <Opcode : 'and' 'or' 'xor'> <InPorts = 2> <OutPorts = 1>
ST_1 : Operation 63 [1/1] (0.35ns) (out node of the LUT)   --->   "%select_ln580_4 = select i1 %or_ln580_1, i16 %select_ln580_3, i16 %select_ln580_2"   --->   Operation 63 'select' 'select_ln580_4' <Predicate = (!icmp_ln461)> <Delay = 0.35> <CoreInst = "Sel">   --->   Core 73 'Sel' <Latency = 0> <II = 1> <Delay = 0.35> <FuncUnit> <Opcode : 'select'> <InPorts = 3> <OutPorts = 1>
ST_1 : Operation 64 [1/1] (0.00ns)   --->   "%xxr_addr = getelementptr i16 %xxr, i64 0, i64 %i_cast" [src/QRD.cpp:462]   --->   Operation 64 'getelementptr' 'xxr_addr' <Predicate = (!icmp_ln461)> <Delay = 0.00>
ST_1 : Operation 65 [1/1] (0.67ns)   --->   "%store_ln462 = store i16 %select_ln580_4, i2 %xxr_addr" [src/QRD.cpp:462]   --->   Operation 65 'store' 'store_ln462' <Predicate = (!icmp_ln461)> <Delay = 0.67> <CoreInst = "RAM">   --->   Core 83 'RAM' <Latency = 1> <II = 1> <Delay = 0.67> <Storage> <Opcode : 'load' 'store'> <Ports = 2> <Width = 16> <Depth = 4> <RAM>
ST_1 : Operation 66 [1/1] (0.52ns)   --->   "%LD_1 = mux i64 @_ssdm_op_Mux.ap_auto.4double.i2, i64 0.707031, i64 -0.710938, i64 -0.710938, i64 -0.710938, i2 %trunc_ln462" [src/QRD.cpp:463]   --->   Operation 66 'mux' 'LD_1' <Predicate = (!icmp_ln461)> <Delay = 0.52> <CoreInst = "Multiplexer">   --->   Core 76 'Multiplexer' <Latency = 0> <II = 1> <Delay = 0.52> <FuncUnit> <Opcode : 'mux'> <InPorts = 2> <OutPorts = 1>
ST_1 : Operation 67 [1/1] (0.00ns)   --->   "%ireg_1 = bitcast i64 %LD_1"   --->   Operation 67 'bitcast' 'ireg_1' <Predicate = (!icmp_ln461)> <Delay = 0.00>
ST_1 : Operation 68 [1/1] (0.00ns)   --->   "%trunc_ln564_1 = trunc i64 %ireg_1"   --->   Operation 68 'trunc' 'trunc_ln564_1' <Predicate = (!icmp_ln461)> <Delay = 0.00>
ST_1 : Operation 69 [1/1] (0.00ns)   --->   "%p_Result_5 = bitselect i1 @_ssdm_op_BitSelect.i1.i64.i32, i64 %ireg_1, i32 63"   --->   Operation 69 'bitselect' 'p_Result_5' <Predicate = (!icmp_ln461)> <Delay = 0.00>
ST_1 : Operation 70 [1/1] (0.00ns)   --->   "%exp_tmp_1 = partselect i11 @_ssdm_op_PartSelect.i11.i64.i32.i32, i64 %ireg_1, i32 52, i32 62"   --->   Operation 70 'partselect' 'exp_tmp_1' <Predicate = (!icmp_ln461)> <Delay = 0.00>
ST_1 : Operation 71 [1/1] (0.00ns)   --->   "%zext_ln501_1 = zext i11 %exp_tmp_1"   --->   Operation 71 'zext' 'zext_ln501_1' <Predicate = (!icmp_ln461)> <Delay = 0.00>
ST_1 : Operation 72 [1/1] (0.00ns)   --->   "%trunc_ln574_1 = trunc i64 %ireg_1"   --->   Operation 72 'trunc' 'trunc_ln574_1' <Predicate = (!icmp_ln461)> <Delay = 0.00>
ST_1 : Operation 73 [1/1] (0.00ns)   --->   "%p_Result_6 = bitconcatenate i53 @_ssdm_op_BitConcatenate.i53.i1.i52, i1 1, i52 %trunc_ln574_1"   --->   Operation 73 'bitconcatenate' 'p_Result_6' <Predicate = (!icmp_ln461)> <Delay = 0.00>
ST_1 : Operation 74 [1/1] (0.00ns)   --->   "%zext_ln578_1 = zext i53 %p_Result_6"   --->   Operation 74 'zext' 'zext_ln578_1' <Predicate = (!icmp_ln461)> <Delay = 0.00>
ST_1 : Operation 75 [1/1] (1.10ns)   --->   "%man_V_10 = sub i54 0, i54 %zext_ln578_1"   --->   Operation 75 'sub' 'man_V_10' <Predicate = (!icmp_ln461)> <Delay = 1.10> <CoreInst = "Adder">   --->   Core 1 'Adder' <Latency = 0> <II = 1> <Delay = 0.80> <FuncUnit> <Opcode : 'add' 'sub'> <InPorts = 2> <OutPorts = 1>
ST_1 : Operation 76 [1/1] (0.40ns)   --->   "%man_V_11 = select i1 %p_Result_5, i54 %man_V_10, i54 %zext_ln578_1"   --->   Operation 76 'select' 'man_V_11' <Predicate = (!icmp_ln461)> <Delay = 0.40> <CoreInst = "Sel">   --->   Core 73 'Sel' <Latency = 0> <II = 1> <Delay = 0.35> <FuncUnit> <Opcode : 'select'> <InPorts = 3> <OutPorts = 1>
ST_1 : Operation 77 [1/1] (1.13ns)   --->   "%icmp_ln580_1 = icmp_eq  i63 %trunc_ln564_1, i63 0"   --->   Operation 77 'icmp' 'icmp_ln580_1' <Predicate = (!icmp_ln461)> <Delay = 1.13> <CoreInst = "Cmp">   --->   Core 9 'Cmp' <Latency = 0> <II = 1> <Delay = 0.84> <FuncUnit> <Opcode : 'icmp'> <InPorts = 2> <OutPorts = 1>
ST_1 : Operation 78 [1/1] (0.80ns)   --->   "%F2_1 = sub i12 1075, i12 %zext_ln501_1"   --->   Operation 78 'sub' 'F2_1' <Predicate = (!icmp_ln461)> <Delay = 0.80> <CoreInst = "Adder">   --->   Core 1 'Adder' <Latency = 0> <II = 1> <Delay = 0.80> <FuncUnit> <Opcode : 'add' 'sub'> <InPorts = 2> <OutPorts = 1>
ST_1 : Operation 79 [1/1] (0.97ns)   --->   "%icmp_ln590_1 = icmp_sgt  i12 %F2_1, i12 8"   --->   Operation 79 'icmp' 'icmp_ln590_1' <Predicate = (!icmp_ln461)> <Delay = 0.97> <CoreInst = "Cmp">   --->   Core 9 'Cmp' <Latency = 0> <II = 1> <Delay = 0.84> <FuncUnit> <Opcode : 'icmp'> <InPorts = 2> <OutPorts = 1>
ST_1 : Operation 80 [1/1] (0.80ns)   --->   "%add_ln590_1 = add i12 %F2_1, i12 4088"   --->   Operation 80 'add' 'add_ln590_1' <Predicate = (!icmp_ln461)> <Delay = 0.80> <CoreInst = "Adder">   --->   Core 1 'Adder' <Latency = 0> <II = 1> <Delay = 0.80> <FuncUnit> <Opcode : 'add' 'sub'> <InPorts = 2> <OutPorts = 1>
ST_1 : Operation 81 [1/1] (0.80ns)   --->   "%sub_ln590_1 = sub i12 8, i12 %F2_1"   --->   Operation 81 'sub' 'sub_ln590_1' <Predicate = (!icmp_ln461)> <Delay = 0.80> <CoreInst = "Adder">   --->   Core 1 'Adder' <Latency = 0> <II = 1> <Delay = 0.80> <FuncUnit> <Opcode : 'add' 'sub'> <InPorts = 2> <OutPorts = 1>
ST_1 : Operation 82 [1/1] (0.37ns)   --->   "%sh_amt_1 = select i1 %icmp_ln590_1, i12 %add_ln590_1, i12 %sub_ln590_1"   --->   Operation 82 'select' 'sh_amt_1' <Predicate = (!icmp_ln461)> <Delay = 0.37> <CoreInst = "Sel">   --->   Core 73 'Sel' <Latency = 0> <II = 1> <Delay = 0.35> <FuncUnit> <Opcode : 'select'> <InPorts = 3> <OutPorts = 1>
ST_1 : Operation 83 [1/1] (0.00ns)   --->   "%sext_ln590_1 = sext i12 %sh_amt_1"   --->   Operation 83 'sext' 'sext_ln590_1' <Predicate = (!icmp_ln461)> <Delay = 0.00>
ST_1 : Operation 84 [1/1] (0.97ns)   --->   "%icmp_ln591_1 = icmp_eq  i12 %F2_1, i12 8"   --->   Operation 84 'icmp' 'icmp_ln591_1' <Predicate = (!icmp_ln461)> <Delay = 0.97> <CoreInst = "Cmp">   --->   Core 9 'Cmp' <Latency = 0> <II = 1> <Delay = 0.84> <FuncUnit> <Opcode : 'icmp'> <InPorts = 2> <OutPorts = 1>
ST_1 : Operation 85 [1/1] (0.00ns)   --->   "%trunc_ln592_1 = trunc i54 %man_V_11"   --->   Operation 85 'trunc' 'trunc_ln592_1' <Predicate = (!icmp_ln461)> <Delay = 0.00>
ST_1 : Operation 86 [1/1] (0.97ns)   --->   "%icmp_ln594_1 = icmp_ult  i12 %sh_amt_1, i12 54"   --->   Operation 86 'icmp' 'icmp_ln594_1' <Predicate = (!icmp_ln461)> <Delay = 0.97> <CoreInst = "Cmp">   --->   Core 9 'Cmp' <Latency = 0> <II = 1> <Delay = 0.84> <FuncUnit> <Opcode : 'icmp'> <InPorts = 2> <OutPorts = 1>
ST_1 : Operation 87 [1/1] (0.00ns)   --->   "%tmp_6 = partselect i8 @_ssdm_op_PartSelect.i8.i12.i32.i32, i12 %sh_amt_1, i32 4, i32 11"   --->   Operation 87 'partselect' 'tmp_6' <Predicate = (!icmp_ln461)> <Delay = 0.00>
ST_1 : Operation 88 [1/1] (0.84ns)   --->   "%icmp_ln612_1 = icmp_eq  i8 %tmp_6, i8 0"   --->   Operation 88 'icmp' 'icmp_ln612_1' <Predicate = (!icmp_ln461)> <Delay = 0.84> <CoreInst = "Cmp">   --->   Core 9 'Cmp' <Latency = 0> <II = 1> <Delay = 0.84> <FuncUnit> <Opcode : 'icmp'> <InPorts = 2> <OutPorts = 1>
ST_1 : Operation 89 [1/1] (0.00ns) (grouped into LUT with out node select_ln580_6)   --->   "%zext_ln595_1 = zext i32 %sext_ln590_1"   --->   Operation 89 'zext' 'zext_ln595_1' <Predicate = (!icmp_ln461)> <Delay = 0.00>
ST_1 : Operation 90 [1/1] (0.00ns) (grouped into LUT with out node select_ln580_6)   --->   "%ashr_ln595_1 = ashr i54 %man_V_11, i54 %zext_ln595_1"   --->   Operation 90 'ashr' 'ashr_ln595_1' <Predicate = (!icmp_ln461)> <Delay = 0.00> <CoreInst = "Shifter">   --->   Core 75 'Shifter' <Latency = 0> <II = 1> <Delay = 0.90> <FuncUnit> <Opcode : 'shl' 'lshr' 'ashr'> <InPorts = 2> <OutPorts = 1>
ST_1 : Operation 91 [1/1] (0.00ns) (grouped into LUT with out node select_ln580_6)   --->   "%trunc_ln595_2 = trunc i54 %ashr_ln595_1"   --->   Operation 91 'trunc' 'trunc_ln595_2' <Predicate = (!icmp_ln461)> <Delay = 0.00>
ST_1 : Operation 92 [1/1] (0.00ns) (grouped into LUT with out node select_ln580_6)   --->   "%tmp_7 = bitselect i1 @_ssdm_op_BitSelect.i1.i64.i32, i64 %ireg_1, i32 63"   --->   Operation 92 'bitselect' 'tmp_7' <Predicate = (!icmp_ln461)> <Delay = 0.00>
ST_1 : Operation 93 [1/1] (0.00ns) (grouped into LUT with out node select_ln580_6)   --->   "%select_ln597_1 = select i1 %tmp_7, i16 65535, i16 0"   --->   Operation 93 'select' 'select_ln597_1' <Predicate = (!icmp_ln461)> <Delay = 0.00> <CoreInst = "Sel">   --->   Core 73 'Sel' <Latency = 0> <II = 1> <Delay = 0.35> <FuncUnit> <Opcode : 'select'> <InPorts = 3> <OutPorts = 1>
ST_1 : Operation 94 [1/1] (0.00ns) (grouped into LUT with out node select_ln580_8)   --->   "%sext_ln590_1cast = trunc i32 %sext_ln590_1"   --->   Operation 94 'trunc' 'sext_ln590_1cast' <Predicate = (!icmp_ln461)> <Delay = 0.00>
ST_1 : Operation 95 [1/1] (0.00ns) (grouped into LUT with out node select_ln580_8)   --->   "%shl_ln613_1 = shl i16 %trunc_ln592_1, i16 %sext_ln590_1cast"   --->   Operation 95 'shl' 'shl_ln613_1' <Predicate = (!icmp_ln461)> <Delay = 0.00> <CoreInst = "Shifter">   --->   Core 75 'Shifter' <Latency = 0> <II = 1> <Delay = 0.90> <FuncUnit> <Opcode : 'shl' 'lshr' 'ashr'> <InPorts = 2> <OutPorts = 1>
ST_1 : Operation 96 [1/1] (0.00ns) (grouped into LUT with out node select_ln580_7)   --->   "%xor_ln580_1 = xor i1 %icmp_ln580_1, i1 1"   --->   Operation 96 'xor' 'xor_ln580_1' <Predicate = (!icmp_ln461)> <Delay = 0.00> <CoreInst = "LogicGate">   --->   Core 74 'LogicGate' <Latency = 0> <II = 1> <Delay = 0.28> <FuncUnit> <Opcode : 'and' 'or' 'xor'> <InPorts = 2> <OutPorts = 1>
ST_1 : Operation 97 [1/1] (0.00ns) (grouped into LUT with out node select_ln580_7)   --->   "%and_ln591_1 = and i1 %icmp_ln591_1, i1 %xor_ln580_1"   --->   Operation 97 'and' 'and_ln591_1' <Predicate = (!icmp_ln461)> <Delay = 0.00> <CoreInst = "LogicGate">   --->   Core 74 'LogicGate' <Latency = 0> <II = 1> <Delay = 0.28> <FuncUnit> <Opcode : 'and' 'or' 'xor'> <InPorts = 2> <OutPorts = 1>
ST_1 : Operation 98 [1/1] (0.28ns)   --->   "%or_ln591_1 = or i1 %icmp_ln580_1, i1 %icmp_ln591_1"   --->   Operation 98 'or' 'or_ln591_1' <Predicate = (!icmp_ln461)> <Delay = 0.28> <CoreInst = "LogicGate">   --->   Core 74 'LogicGate' <Latency = 0> <II = 1> <Delay = 0.28> <FuncUnit> <Opcode : 'and' 'or' 'xor'> <InPorts = 2> <OutPorts = 1>
ST_1 : Operation 99 [1/1] (0.00ns) (grouped into LUT with out node and_ln590_1)   --->   "%xor_ln591_1 = xor i1 %or_ln591_1, i1 1"   --->   Operation 99 'xor' 'xor_ln591_1' <Predicate = (!icmp_ln461)> <Delay = 0.00> <CoreInst = "LogicGate">   --->   Core 74 'LogicGate' <Latency = 0> <II = 1> <Delay = 0.28> <FuncUnit> <Opcode : 'and' 'or' 'xor'> <InPorts = 2> <OutPorts = 1>
ST_1 : Operation 100 [1/1] (0.28ns) (out node of the LUT)   --->   "%and_ln590_1 = and i1 %icmp_ln590_1, i1 %xor_ln591_1"   --->   Operation 100 'and' 'and_ln590_1' <Predicate = (!icmp_ln461)> <Delay = 0.28> <CoreInst = "LogicGate">   --->   Core 74 'LogicGate' <Latency = 0> <II = 1> <Delay = 0.28> <FuncUnit> <Opcode : 'and' 'or' 'xor'> <InPorts = 2> <OutPorts = 1>
ST_1 : Operation 101 [1/1] (0.00ns) (grouped into LUT with out node select_ln580_6)   --->   "%and_ln594_1 = and i1 %and_ln590_1, i1 %icmp_ln594_1"   --->   Operation 101 'and' 'and_ln594_1' <Predicate = (!icmp_ln461)> <Delay = 0.00> <CoreInst = "LogicGate">   --->   Core 74 'LogicGate' <Latency = 0> <II = 1> <Delay = 0.28> <FuncUnit> <Opcode : 'and' 'or' 'xor'> <InPorts = 2> <OutPorts = 1>
ST_1 : Operation 102 [1/1] (0.00ns) (grouped into LUT with out node or_ln580_2)   --->   "%or_ln590_1 = or i1 %or_ln591_1, i1 %icmp_ln590_1"   --->   Operation 102 'or' 'or_ln590_1' <Predicate = (!icmp_ln461)> <Delay = 0.00> <CoreInst = "LogicGate">   --->   Core 74 'LogicGate' <Latency = 0> <II = 1> <Delay = 0.28> <FuncUnit> <Opcode : 'and' 'or' 'xor'> <InPorts = 2> <OutPorts = 1>
ST_1 : Operation 103 [1/1] (0.00ns) (grouped into LUT with out node or_ln580_2)   --->   "%xor_ln590_1 = xor i1 %or_ln590_1, i1 1"   --->   Operation 103 'xor' 'xor_ln590_1' <Predicate = (!icmp_ln461)> <Delay = 0.00> <CoreInst = "LogicGate">   --->   Core 74 'LogicGate' <Latency = 0> <II = 1> <Delay = 0.28> <FuncUnit> <Opcode : 'and' 'or' 'xor'> <InPorts = 2> <OutPorts = 1>
ST_1 : Operation 104 [1/1] (0.00ns) (grouped into LUT with out node or_ln580_2)   --->   "%and_ln612_1 = and i1 %icmp_ln612_1, i1 %xor_ln590_1"   --->   Operation 104 'and' 'and_ln612_1' <Predicate = (!icmp_ln461)> <Delay = 0.00> <CoreInst = "LogicGate">   --->   Core 74 'LogicGate' <Latency = 0> <II = 1> <Delay = 0.28> <FuncUnit> <Opcode : 'and' 'or' 'xor'> <InPorts = 2> <OutPorts = 1>
ST_1 : Operation 105 [1/1] (0.00ns) (grouped into LUT with out node select_ln580_8)   --->   "%select_ln580_5 = select i1 %icmp_ln580_1, i16 0, i16 %shl_ln613_1"   --->   Operation 105 'select' 'select_ln580_5' <Predicate = (!icmp_ln461)> <Delay = 0.00> <CoreInst = "Sel">   --->   Core 73 'Sel' <Latency = 0> <II = 1> <Delay = 0.35> <FuncUnit> <Opcode : 'select'> <InPorts = 3> <OutPorts = 1>
ST_1 : Operation 106 [1/1] (0.28ns) (out node of the LUT)   --->   "%or_ln580_2 = or i1 %icmp_ln580_1, i1 %and_ln612_1"   --->   Operation 106 'or' 'or_ln580_2' <Predicate = (!icmp_ln461)> <Delay = 0.28> <CoreInst = "LogicGate">   --->   Core 74 'LogicGate' <Latency = 0> <II = 1> <Delay = 0.28> <FuncUnit> <Opcode : 'and' 'or' 'xor'> <InPorts = 2> <OutPorts = 1>
ST_1 : Operation 107 [1/1] (1.50ns) (out node of the LUT)   --->   "%select_ln580_6 = select i1 %and_ln594_1, i16 %trunc_ln595_2, i16 %select_ln597_1"   --->   Operation 107 'select' 'select_ln580_6' <Predicate = (!icmp_ln461)> <Delay = 1.50> <CoreInst = "Sel">   --->   Core 73 'Sel' <Latency = 0> <II = 1> <Delay = 0.35> <FuncUnit> <Opcode : 'select'> <InPorts = 3> <OutPorts = 1>
ST_1 : Operation 108 [1/1] (0.35ns) (out node of the LUT)   --->   "%select_ln580_7 = select i1 %and_ln591_1, i16 %trunc_ln592_1, i16 0"   --->   Operation 108 'select' 'select_ln580_7' <Predicate = (!icmp_ln461)> <Delay = 0.35> <CoreInst = "Sel">   --->   Core 73 'Sel' <Latency = 0> <II = 1> <Delay = 0.35> <FuncUnit> <Opcode : 'select'> <InPorts = 3> <OutPorts = 1>
ST_1 : Operation 109 [1/1] (0.90ns) (out node of the LUT)   --->   "%select_ln580_8 = select i1 %or_ln580_2, i16 %select_ln580_5, i16 %select_ln580_6"   --->   Operation 109 'select' 'select_ln580_8' <Predicate = (!icmp_ln461)> <Delay = 0.90> <CoreInst = "Sel">   --->   Core 73 'Sel' <Latency = 0> <II = 1> <Delay = 0.35> <FuncUnit> <Opcode : 'select'> <InPorts = 3> <OutPorts = 1>
ST_1 : Operation 110 [1/1] (0.00ns) (grouped into LUT with out node select_ln580_9)   --->   "%or_ln580_3 = or i1 %or_ln580_2, i1 %and_ln590_1"   --->   Operation 110 'or' 'or_ln580_3' <Predicate = (!icmp_ln461)> <Delay = 0.00> <CoreInst = "LogicGate">   --->   Core 74 'LogicGate' <Latency = 0> <II = 1> <Delay = 0.28> <FuncUnit> <Opcode : 'and' 'or' 'xor'> <InPorts = 2> <OutPorts = 1>
ST_1 : Operation 111 [1/1] (0.35ns) (out node of the LUT)   --->   "%select_ln580_9 = select i1 %or_ln580_3, i16 %select_ln580_8, i16 %select_ln580_7"   --->   Operation 111 'select' 'select_ln580_9' <Predicate = (!icmp_ln461)> <Delay = 0.35> <CoreInst = "Sel">   --->   Core 73 'Sel' <Latency = 0> <II = 1> <Delay = 0.35> <FuncUnit> <Opcode : 'select'> <InPorts = 3> <OutPorts = 1>
ST_1 : Operation 112 [1/1] (0.00ns)   --->   "%xxi_addr = getelementptr i16 %xxi, i64 0, i64 %i_cast" [src/QRD.cpp:463]   --->   Operation 112 'getelementptr' 'xxi_addr' <Predicate = (!icmp_ln461)> <Delay = 0.00>
ST_1 : Operation 113 [1/1] (0.67ns)   --->   "%store_ln463 = store i16 %select_ln580_9, i2 %xxi_addr" [src/QRD.cpp:463]   --->   Operation 113 'store' 'store_ln463' <Predicate = (!icmp_ln461)> <Delay = 0.67> <CoreInst = "RAM">   --->   Core 83 'RAM' <Latency = 1> <II = 1> <Delay = 0.67> <Storage> <Opcode : 'load' 'store'> <Ports = 2> <Width = 16> <Depth = 4> <RAM>
ST_1 : Operation 114 [1/1] (0.42ns)   --->   "%store_ln461 = store i3 %add_ln461, i3 %i" [src/QRD.cpp:461]   --->   Operation 114 'store' 'store_ln461' <Predicate = (!icmp_ln461)> <Delay = 0.42>
ST_1 : Operation 115 [1/1] (0.00ns)   --->   "%br_ln0 = br void"   --->   Operation 115 'br' 'br_ln0' <Predicate = (!icmp_ln461)> <Delay = 0.00>
ST_1 : Operation 116 [1/1] (0.00ns)   --->   "%ret_ln0 = ret"   --->   Operation 116 'ret' 'ret_ln0' <Predicate = (icmp_ln461)> <Delay = 0.00>


============================================================
+ Verbose Summary: Timing violations
============================================================
Target clock period: 30ns, clock uncertainty: 8.1ns.

 <State 1>: 7.1ns
The critical path consists of the following:
	'alloca' operation ('i') [3]  (0 ns)
	'load' operation ('i', src/QRD.cpp:462) on local variable 'i' [9]  (0 ns)
	'mux' operation ('v', src/QRD.cpp:462) [19]  (0.525 ns)
	'sub' operation ('F2') [31]  (0.809 ns)
	'icmp' operation ('icmp_ln590') [32]  (0.976 ns)
	'select' operation ('sh_amt') [35]  (0.375 ns)
	'icmp' operation ('icmp_ln594') [39]  (0.976 ns)
	'and' operation ('and_ln594') [54]  (0 ns)
	'select' operation ('select_ln580_1') [60]  (1.51 ns)
	'select' operation ('select_ln580_3') [62]  (0.904 ns)
	'select' operation ('select_ln580_4') [64]  (0.357 ns)
	'store' operation ('store_ln462', src/QRD.cpp:462) of variable 'select_ln580_4' on array 'xxr' [66]  (0.677 ns)


============================================================
+ Verbose Summary: Binding
============================================================
N/A
* FSMD analyzer results:
  - Output states:
 - Input state : 
  - Chain level:
	State 1


============================================================
+ Verbose Summary: Datapath Resource usage 
============================================================
N/A
